{"all": [{"target": 0.6492740493822446, "params": {"ta": 0.43225250030715456, "tb": -0.5810439554554386, "tc": -0.1824855128807933, "td": 0.5758221935926943}}, {"target": 0.4956822253124489, "params": {"ta": 0.04125287928169785, "tb": -0.24364844250762507, "tc": -0.715889434385815, "td": 0.02708647470046399}}, {"target": 0.5723741420053123, "params": {"ta": 0.44527684211664853, "tb": -0.8867007083029773, "tc": -0.35387554205880056, "td": 0.051779862837388224}}, {"target": 0.747655765503032, "params": {"ta": 0.6375048874129708, "tb": -0.41094389090230443, "tc": -0.4146268415008818, "td": 0.023730447268828003}}, {"target": 0.5902522529431191, "params": {"ta": -0.10907479111000684, "tb": -0.5165969163425075, "tc": -0.6167772900122359, "td": 0.2758375505249505}}, {"target": 0.5623599290339699, "params": {"ta": -0.06271202520027863, "tb": -0.07510988106700278, "tc": -0.35885687807739686, "td": -0.0345146458822696}}, {"target": 0.772185220281838, "params": {"ta": 0.8561890479104136, "tb": -0.5668523205385453, "tc": -0.6660902334640496, "td": 0.033310449824171195}}, {"target": 0.7498497318498336, "params": {"ta": 0.6842021094213219, "tb": -0.2761777932601519, "tc": -0.5040633327046782, "td": -0.08130509148703458}}, {"target": 0.3156125933250946, "params": {"ta": 0.6780076647637304, "tb": -0.07086328860205626, "tc": -0.5014222067525729, "td": 0.7470336072538138}}, {"target": 0.4521077992557249, "params": {"ta": 0.11901267936141902, "tb": -0.28231483596395124, "tc": -0.7965316820559508, "td": -0.09181638384113888}}, {"target": 0.5033884408720574, "params": {"ta": 0.3362388821835549, "tb": -0.9036739818636494, "tc": -0.9689352693387641, "td": -0.00520012397916092}}, {"target": 0.7876970263615525, "params": {"ta": 0.7884008057602915, "tb": -0.4867765594837339, "tc": -0.6171163558786428, "td": 0.011187096091544335}}, {"target": 0.7283000666013943, "params": {"ta": 0.41298967355154603, "tb": -0.8186637181022812, "tc": -0.3435040224644109, "td": 0.41926326950844495}}, {"target": 0.2699334027839951, "params": {"ta": 0.011600124188640093, "tb": -0.05020247669750755, "tc": -0.9966241112151842, "td": 0.1268805031319722}}, {"target": 0.5853052518666528, "params": {"ta": -0.014784950804335506, "tb": -0.34742169768000597, "tc": -0.7852082275965175, "td": 0.4053658262918195}}, {"target": 0.582821580806226, "params": {"ta": 0.6338619144643005, "tb": -0.8105510632775877, "tc": -0.32946748108252877, "td": -0.02947890443418333}}, {"target": 0.7065053365031926, "params": {"ta": 0.6489664577370812, "tb": -0.4954343829196951, "tc": -0.49330354866558246, "td": 0.4056299796172741}}, {"target": 0.6784523639040406, "params": {"ta": 0.1630814544479977, "tb": -0.4263515413702721, "tc": -0.10752891055218561, "td": 0.1497356077069013}}, {"target": 0.6017923757000156, "params": {"ta": -0.113955769615115, "tb": -0.08914321084984467, "tc": -0.35196053941283767, "td": 0.33300369682783615}}, {"target": 0.4793345538828326, "params": {"ta": 0.6619430683677555, "tb": -0.4359250264426766, "tc": -0.43265237862076533, "td": 0.7131430322797571}}, {"target": 0.5254725594800365, "params": {"ta": 0.5242242834997751, "tb": -0.6386973870987537, "tc": -0.670338204193303, "td": 0.850680595982388}}, {"target": 0.6302362773866783, "params": {"ta": 0.32439304080464615, "tb": -0.19371088860330177, "tc": -0.8731240162659747, "td": 0.4043644221924616}}, {"target": 0.6685104700681848, "params": {"ta": 0.37619258189679505, "tb": -0.791409140419235, "tc": -0.5530368121781422, "td": 0.8145833971253361}}, {"target": 0.7200417036306238, "params": {"ta": 0.27839294719886853, "tb": -0.544565928599412, "tc": -0.5217411044248198, "td": 0.05626290242589915}}, {"target": 0.7024467143749789, "params": {"ta": 0.3081252152655234, "tb": -0.30828988559096326, "tc": -0.24044465673075777, "td": 0.40171576783299057}}, {"target": 0.4724823404362992, "params": {"ta": 0.11320219219139804, "tb": -0.6308918429633197, "tc": -0.6814675654441741, "td": -0.08638624140139228}}, {"target": 0.7541173778278731, "params": {"ta": 0.28016704684005544, "tb": -0.4100803931287126, "tc": -0.26677630408681574, "td": 0.21849134085825217}}, {"target": 0.7074116617605607, "params": {"ta": 0.3148618283351331, "tb": -0.9123778251229165, "tc": -0.2824761657127256, "td": 0.7885774701266924}}, {"target": 0.6905462523018784, "params": {"ta": 0.20115219187443245, "tb": -0.31212604463288673, "tc": -0.26224076254851647, "td": 0.5430324684737282}}, {"target": 0.7783895814737978, "params": {"ta": 0.6179653651234198, "tb": -0.5181907118432316, "tc": -0.6977397350330967, "td": 0.3246352571599129}}, {"target": 0.7006326138117921, "params": {"ta": 0.11812720029511081, "tb": -0.48622387175062487, "tc": -0.7012195498684154, "td": 0.27978438854122767}}, {"target": 0.6906139778196145, "params": {"ta": 0.7015628285958273, "tb": -0.3159396605017176, "tc": -0.5098317772487616, "td": 0.30775359151150217}}, {"target": 0.28797403445398884, "params": {"ta": 0.8596058361333062, "tb": -0.28076010295181375, "tc": -0.3756247433895873, "td": 0.6879077620871354}}, {"target": 0.5719266238450038, "params": {"ta": 0.3480774528867736, "tb": -0.7184708891031746, "tc": -0.9516155629171597, "td": 0.7446519891911046}}, {"target": 0.5639984226472592, "params": {"ta": 0.09595702754656821, "tb": -0.5341577388131094, "tc": -0.44857337386560425, "td": -0.04585785646731344}}, {"target": 0.6314151498952478, "params": {"ta": -0.04620255680229424, "tb": -1.0202568926976447, "tc": -0.46854300532743043, "td": 0.47339292216975704}}, {"target": 0.5067329501301859, "params": {"ta": -0.12724108905018927, "tb": -0.09469306832176727, "tc": -0.4657632198785142, "td": 0.6874291885552651}}, {"target": 0.5804914176045597, "params": {"ta": 0.7678869646776589, "tb": -0.6653593148562021, "tc": -0.9387692424941183, "td": 0.4622810932467223}}, {"target": 0.7687720591157415, "params": {"ta": 0.2765324292507453, "tb": -0.3390922998220801, "tc": -0.3517273467949019, "td": 0.21626081206269898}}, {"target": 0.48093504439377455, "params": {"ta": 0.09473435218943949, "tb": -1.0083112017913085, "tc": -0.606680172895821, "td": 0.15529141646530487}}, {"target": 0.7190302242821465, "params": {"ta": 0.14269667763282567, "tb": -0.8680910330455875, "tc": -0.744219287366612, "td": 0.5493098228700963}}, {"target": 0.7527784964984967, "params": {"ta": 0.25699826037107665, "tb": -0.34039470438885544, "tc": -0.5649928934429983, "td": 0.1539535539276874}}, {"target": 0.345216224193227, "params": {"ta": 0.6704650736249892, "tb": -0.12123161323105114, "tc": -0.6411896701565861, "td": 0.8080608805645714}}, {"target": 0.5199805933710107, "params": {"ta": -0.10897495847578886, "tb": -0.6840710094257385, "tc": -0.3834368810704093, "td": 0.14246801079616633}}, {"target": 0.6871464344000912, "params": {"ta": 0.5987871544851677, "tb": -0.8683584858706552, "tc": -0.610128287242063, "td": 0.344701581045776}}, {"target": 0.3129519595637685, "params": {"ta": 0.008421410245479266, "tb": -1.0065439937189922, "tc": -0.8561274576894945, "td": 0.008042378363166125}}, {"target": 0.6218597799879803, "params": {"ta": 0.4371667651711588, "tb": -0.07505562917960096, "tc": -0.6547583927474797, "td": 0.42604880158176894}}, {"target": 0.42008867163584157, "params": {"ta": 0.0823144161679269, "tb": -0.6983847710497372, "tc": -0.4155864731429443, "td": -0.1274210589306306}}, {"target": 0.6111052587310855, "params": {"ta": 0.3155148542853816, "tb": -0.08829083876170651, "tc": -0.16061382632440746, "td": 0.27840284706478}}, {"target": 0.3732604947103364, "params": {"ta": 0.7309175556493925, "tb": -0.6142778327101015, "tc": -0.8151058927363297, "td": 0.832164828991835}}, {"target": 0.3184563738252535, "params": {"ta": 0.814464857140669, "tb": -0.6992859574860858, "tc": -0.5100109039557381, "td": 0.8529407615804325}}, {"target": 0.7036554725724903, "params": {"ta": -0.07739927157503712, "tb": -0.5026001677446672, "tc": -0.14196423021466031, "td": 0.7177433104209424}}, {"target": 0.7096881940102245, "params": {"ta": 0.7007608176090558, "tb": -0.3678055846499997, "tc": -0.37772447302609924, "td": 0.010920762364367897}}, {"target": 0.6930675813322745, "params": {"ta": 0.5585546312493269, "tb": -0.5327895799388779, "tc": -0.2577881873118427, "td": 0.18258759644577316}}, {"target": 0.6946459466011177, "params": {"ta": 0.40147836751526134, "tb": -0.8447275682266409, "tc": -0.33575165000575613, "td": 0.7181644410985577}}, {"target": 0.4918136670143233, "params": {"ta": 0.37304735576106585, "tb": -0.34671790323008067, "tc": -0.9502171650411224, "td": 0.8522208491556467}}, {"target": 0.7409613260947492, "params": {"ta": 0.04972656258127062, "tb": -0.37141005857442544, "tc": -0.4983182957078053, "td": 0.5484766783606515}}, {"target": 0.7860678662654059, "params": {"ta": 0.5586293210887247, "tb": -0.6117691504105289, "tc": -0.527688898127123, "td": 0.1560990126217453}}, {"target": 0.353722028453174, "params": {"ta": 0.4861426677576356, "tb": -0.06656612159064479, "tc": -0.4160909229640125, "td": 0.7610827627419815}}, {"target": 0.7557288666297206, "params": {"ta": 0.45873829771144525, "tb": -0.6200132129394378, "tc": -0.5059110571166855, "td": 0.5342618266694321}}, {"target": 0.22505089745256773, "params": {"ta": 0.04586190145011515, "tb": -0.887054054746069, "tc": -0.044277591446785336, "td": -0.12522711022843058}}, {"target": 0.7737367307866926, "params": {"ta": 0.7448138441364017, "tb": -0.3453651720311649, "tc": -0.611960503490905, "td": 0.12349936482697776}}, {"target": 0.5486237669502521, "params": {"ta": 0.28255904802455056, "tb": -0.5567110013411322, "tc": -1.0387826733483854, "td": 0.7350567255639804}}, {"target": 0.7032135241073735, "params": {"ta": 0.33886236538348413, "tb": -0.7706160947185303, "tc": -0.23176799008925908, "td": 0.3477014435115555}}, {"target": 0.7868978161578533, "params": {"ta": 0.8622490064169186, "tb": -0.381443642555801, "tc": -1.001146359099252, "td": -0.1377509935830814}}, {"target": 0.8149460730973347, "params": {"ta": 0.1611501812764172, "tb": -0.6569040286964023, "tc": -0.460316520484474, "td": 0.5466195891495235}}, {"target": 0.8144164794567277, "params": {"ta": 0.34629916824452084, "tb": -0.5127315200829834, "tc": -0.5468057761684136, "td": 0.3481029154594788}}, {"target": 0.8103514885584723, "params": {"ta": 0.680550074255319, "tb": -0.4634677539293798, "tc": -0.7939519479660917, "td": 0.023861600341758687}}, {"target": 0.8144640103714065, "params": {"ta": -0.10203977747459037, "tb": -0.8266613773157409, "tc": -0.4378641887775323, "td": 0.8622490064169186}}, {"target": 0.7297919184671405, "params": {"ta": -0.1377509935830814, "tb": -1.0127925807587208, "tc": -0.18583303345095165, "td": 0.8622490064169186}}, {"target": 0.7773849559090793, "params": {"ta": -0.1377509935830814, "tb": -0.9842090434979429, "tc": -0.6200859516028182, "td": 0.8622490064169186}}, {"target": 0.8111253165229871, "params": {"ta": 0.8622490064169186, "tb": -0.4375550960606515, "tc": -0.7987817423857885, "td": -0.1377509935830814}}, {"target": 0.8124282286238232, "params": {"ta": 0.024966567530231083, "tb": -0.7332909716726357, "tc": -0.48674324815625436, "td": 0.747099511211499}}, {"target": 0.8142802456840668, "params": {"ta": 0.525720183669265, "tb": -0.44596689107949905, "tc": -0.6419605104130932, "td": 0.16553374266023585}}, {"target": 0.7660318760372433, "params": {"ta": 0.8622490064169186, "tb": -0.21288498900855937, "tc": -0.8428029130266319, "td": -0.1377509935830814}}, {"target": 0.7880359093119687, "params": {"ta": 0.8622490064169186, "tb": -0.6164532579767003, "tc": -0.9211423418526045, "td": -0.1377509935830814}}, {"target": 0.8082587837819073, "params": {"ta": -0.0014878758304570064, "tb": -0.8847349962671791, "tc": -0.4498507144314739, "td": 0.8622490064169186}}, {"target": 0.8111916486672037, "params": {"ta": 0.02778264668895929, "tb": -0.759785197764731, "tc": -0.3774439047597024, "td": 0.7235295093600269}}, {"target": 0.8138571769087293, "params": {"ta": 0.8349930757858476, "tb": -0.4405477987954839, "tc": -0.8485876715318542, "td": -0.03206181281318565}}, {"target": 0.8138253692649319, "params": {"ta": 0.23685019485144662, "tb": -0.5631203443481676, "tc": -0.46959488643665953, "td": 0.43664216422281327}}, {"target": 0.8120275236300581, "params": {"ta": 0.24804206371391502, "tb": -0.6097732300891924, "tc": -0.553849903920237, "td": 0.4804639124771503}}, {"target": 0.8146578078392959, "params": {"ta": 0.45252246605543384, "tb": -0.5215545409311886, "tc": -0.6013561433410087, "td": 0.2579781509939269}}, {"target": 0.8033659381157263, "params": {"ta": -0.020255321058330524, "tb": -0.7492831406611731, "tc": -0.40558334230805393, "td": 0.8622490064169186}}, {"target": 0.8143494821029811, "params": {"ta": 0.6371101647761302, "tb": -0.48213173919156327, "tc": -0.6859364498657606, "td": 0.09738021652812891}}, {"target": 0.8130139846221273, "params": {"ta": 0.7719824166097977, "tb": -0.4546278776168523, "tc": -0.78342805771341, "td": -0.06329458105027254}}, {"target": 0.8141162753909327, "params": {"ta": -0.048022542001284294, "tb": -0.811199578390314, "tc": -0.45932285149835617, "td": 0.7827562582467819}}, {"target": 0.8126815408622892, "params": {"ta": 0.11026551454846871, "tb": -0.7575445398869739, "tc": -0.46107004087518877, "td": 0.6587374681430657}}, {"target": 0.813655593470913, "params": {"ta": 0.0567682618006428, "tb": -0.6814775378296895, "tc": -0.44746008201849025, "td": 0.6343875636563516}}, {"target": 0.8134053450990475, "params": {"ta": 0.3241282435438369, "tb": -0.5995491201576739, "tc": -0.5242417791835009, "td": 0.3759715122732787}}, {"target": 0.8143811177086437, "params": {"ta": 0.7169834515456098, "tb": -0.4191868893057252, "tc": -0.7474231979333903, "td": 0.03812993292500589}}, {"target": 0.8132383789747457, "params": {"ta": 0.4467973704840896, "tb": -0.47404845203015494, "tc": -0.548060434459629, "td": 0.23627978669496424}}, {"target": 0.813106740479278, "params": {"ta": 0.13379708708280977, "tb": -0.6584313320060037, "tc": -0.4481972506926059, "td": 0.6253535982457183}}, {"target": 0.814480178843004, "params": {"ta": 0.8622490064169186, "tb": -0.4762668379162149, "tc": -0.8419899392963652, "td": -0.07935190323595206}}, {"target": 0.8146045877976043, "params": {"ta": 0.5391490996936187, "tb": -0.49191691983172764, "tc": -0.6271492082295868, "td": 0.18821934395392897}}, {"target": 0.811130282734926, "params": {"ta": -0.031023306337929157, "tb": -0.8100927250674125, "tc": -0.4972720007375593, "td": 0.8477167692003369}}, {"target": 0.8140316426247935, "params": {"ta": 0.7580386185802337, "tb": -0.47241019349772007, "tc": -0.7766515796172827, "td": 0.02256814049066224}}, {"target": 0.8139903301306821, "params": {"ta": 0.6168685552935081, "tb": -0.4427714986030002, "tc": -0.7092302623038549, "td": 0.13276264771739185}}, {"target": 0.814467406115576, "params": {"ta": 0.23950906055724638, "tb": -0.6255481101410766, "tc": -0.4782229059142993, "td": 0.48743907932588165}}, {"target": 0.8140833912880099, "params": {"ta": 0.6161604631701494, "tb": -0.4345284672229793, "tc": -0.6700675156986597, "td": 0.08339288414414545}}, {"target": 0.8136940510285453, "params": {"ta": 0.8622490064169186, "tb": -0.43268179830168074, "tc": -0.8086316288532014, "td": -0.062008031768218355}}, {"target": 0.8144693301592454, "params": {"ta": 0.18008317705039073, "tb": -0.609468378949029, "tc": -0.48703164173435504, "td": 0.5222706684151628}}, {"target": 0.8150701012200732, "params": {"ta": 0.029588022586184076, "tb": -0.7582014706685815, "tc": -0.44598166158754843, "td": 0.7167139680272864}}, {"target": 0.8141254614745153, "params": {"ta": 0.47047978074750557, "tb": -0.4708309919186956, "tc": -0.6147208134712295, "td": 0.2506731762132803}}, {"target": 0.8148188133782293, "params": {"ta": 0.295976134691592, "tb": -0.5618186763699156, "tc": -0.5183411405002654, "td": 0.41723570303359403}}, {"target": 0.8144507003902985, "params": {"ta": 0.12716325998188235, "tb": -0.6811438414164084, "tc": -0.488986321017032, "td": 0.5985769734994875}}, {"target": 0.8148015786379041, "params": {"ta": 0.40155725110524126, "tb": -0.5310724031304523, "tc": -0.5567057112815548, "td": 0.31400969161559533}}, {"target": 0.8150605185560529, "params": {"ta": 0.6825803624889557, "tb": -0.4536124564141851, "tc": -0.7231301314039501, "td": 0.05308018102810406}}, {"target": 0.8148507910993428, "params": {"ta": 0.8290017191558218, "tb": -0.44307414935952333, "tc": -0.830478595108688, "td": -0.07144582367081889}}, {"target": 0.8144771063833088, "params": {"ta": -0.09394563826387801, "tb": -0.8663706587466289, "tc": -0.46132314137235114, "td": 0.8622490064169186}}, {"target": 0.8149674863257015, "params": {"ta": -0.05272713671292358, "tb": -0.8281658623476157, "tc": -0.43608986121331006, "td": 0.8299727310790398}}, {"target": 0.8150580165365624, "params": {"ta": 0.07062938836411671, "tb": -0.718841344179298, "tc": -0.447301862566, "td": 0.6719099838844225}}, {"target": 0.8148392663532118, "params": {"ta": 0.5674287280538575, "tb": -0.47687310477358896, "tc": -0.6707122395077031, "td": 0.14319663350104783}}, {"target": 0.8148521322831365, "params": {"ta": 0.24426059194272337, "tb": -0.5968515048766067, "tc": -0.5047984650811693, "td": 0.442755052250817}}, {"target": 0.8149830276947672, "params": {"ta": -0.013831710824717128, "tb": -0.7745439487130046, "tc": -0.43998137392065245, "td": 0.7708571694052953}}, {"target": 0.8150860849761983, "params": {"ta": 0.7888904300597114, "tb": -0.4424893147314785, "tc": -0.7959090920185982, "td": -0.02244372443250276}}, {"target": 0.8146236450897073, "params": {"ta": 0.3297313789761002, "tb": -0.5395535208376065, "tc": -0.5117708454455482, "td": 0.34895953323081436}}, {"target": 0.8148263240879952, "params": {"ta": 0.39688393367801217, "tb": -0.5097819470745565, "tc": -0.5701836882838688, "td": 0.2815266104883396}}, {"target": 0.8149481113057707, "params": {"ta": 0.4860738953766446, "tb": -0.4878295520554165, "tc": -0.6111375820423441, "td": 0.20492873097551018}}, {"target": 0.81476217835536, "params": {"ta": 0.007393309777344136, "tb": -0.795092821912891, "tc": -0.44639600692484693, "td": 0.7682866508105531}}, {"target": 0.8149066328181196, "params": {"ta": 0.34303890863448067, "tb": -0.549626244099286, "tc": -0.5512812965545332, "td": 0.3539334680113274}}, {"target": 0.8148638699384847, "params": {"ta": 0.18667272337381213, "tb": -0.6515931915467851, "tc": -0.48450575852568084, "td": 0.5383714090371416}}, {"target": 0.8149652265225562, "params": {"ta": 0.11183430681415255, "tb": -0.694511637767751, "tc": -0.4472868019908524, "td": 0.6117192511338327}}, {"target": 0.815066736242563, "params": {"ta": 0.6573433968397614, "tb": -0.4502665766957671, "tc": -0.7178089980993186, "td": 0.08074949590995267}}, {"target": 0.8149402432236705, "params": {"ta": 0.5820793190797122, "tb": -0.4604300143592682, "tc": -0.6532940684238708, "td": 0.14007653842673645}}, {"target": 0.81505776939835, "params": {"ta": 0.7377387716412863, "tb": -0.4441511215637056, "tc": -0.7584375314285426, "td": 0.006976635373463587}}, {"target": 0.8149476133728024, "params": {"ta": -0.07499448542526155, "tb": -0.824581779492736, "tc": -0.45869217051954514, "td": 0.8407544131216143}}, {"target": 0.8149604464484173, "params": {"ta": 0.2939984880331903, "tb": -0.558491584611875, "tc": -0.5215065743171439, "td": 0.3905113827014206}}, {"target": 0.8150477766404662, "params": {"ta": -0.07494693886771295, "tb": -0.842319980882758, "tc": -0.44629998032316265, "td": 0.8622490064169186}}, {"target": 0.8149601524378891, "params": {"ta": 0.8216884044233325, "tb": -0.45923549866504165, "tc": -0.812070859482104, "td": -0.049469149457411474}}, {"target": 0.8150371275569726, "params": {"ta": 0.2037573246690157, "tb": -0.6220586704796175, "tc": -0.4816004863748189, "td": 0.4941081345037792}}, {"target": 0.8150614330642674, "params": {"ta": 0.1364324813034572, "tb": -0.6602320431028696, "tc": -0.4619219506020493, "td": 0.5766819986376199}}, {"target": 0.8150927365166105, "params": {"ta": 0.43893083742443423, "tb": -0.5029287440342138, "tc": -0.5808949697288097, "td": 0.2623693090688799}}, {"target": 0.8150299780965464, "params": {"ta": 0.23715093721465683, "tb": -0.5946338778230195, "tc": -0.4958447535258385, "td": 0.4696624808742249}}, {"target": 0.8149829550679797, "params": {"ta": 0.5259191679434078, "tb": -0.47779242841520725, "tc": -0.6441546732466528, "td": 0.19114439587745555}}, {"target": 0.8150499538570297, "params": {"ta": 0.03635707909296468, "tb": -0.7389598475672704, "tc": -0.4432557865120607, "td": 0.7084798604559328}}, {"target": 0.8150685595197297, "params": {"ta": 0.0880409050513402, "tb": -0.7059651204007433, "tc": -0.4603832794064754, "td": 0.6444505840140585}}, {"target": 0.8150870402730277, "params": {"ta": 0.7083316545244911, "tb": -0.45014494394532845, "tc": -0.7452817284975021, "td": 0.04073870023216588}}, {"target": 0.8150789463634609, "params": {"ta": 0.27412475866249125, "tb": -0.5844274820132925, "tc": -0.5028846955115929, "td": 0.4281852835199928}}, {"target": 0.8150959640040767, "params": {"ta": 0.6102049723028075, "tb": -0.45947799925589905, "tc": -0.6859349489169291, "td": 0.11126423298645974}}, {"target": 0.8150715282917564, "params": {"ta": 0.4789730018852814, "tb": -0.4926215516616488, "tc": -0.6011569356836169, "td": 0.2279101579914364}}, {"target": 0.8150220142534248, "params": {"ta": 0.8622490064169186, "tb": -0.44617888155226465, "tc": -0.8493269668122866, "td": -0.08853345725524579}}, {"target": 0.8150700925922145, "params": {"ta": 0.7610195738127894, "tb": -0.44207787346199745, "tc": -0.7830220196479143, "td": -0.003012421363967659}}, {"target": 0.814997235168456, "params": {"ta": 0.5412413308271901, "tb": -0.47306512944000295, "tc": -0.635371595834385, "td": 0.16223277859114588}}, {"target": 0.8150448029767681, "params": {"ta": 0.05252631862233257, "tb": -0.7342885504116932, "tc": -0.4552918074395955, "td": 0.6826899068343384}}, {"target": 0.8150588544012061, "params": {"ta": 0.37015570397235625, "tb": -0.5312511119633779, "tc": -0.5466892940762654, "td": 0.3195822406451913}}, {"target": 0.8150661726990479, "p