{"all": [{"target": 0.5588456664067111, "params": {"ta": 0.6113210753692297, "tb": -0.0356579461980745, "tc": 0.08672746085462468, "td": -0.2188839495081915}}, {"target": 0.9193381112414589, "params": {"ta": 0.2613317753691821, "tb": 0.0584719999411516, "tc": -0.09061883872712917, "td": 0.1604843231760032}}, {"target": 0.5872481061897831, "params": {"ta": 0.648780220564456, "tb": 0.2470324041908637, "tc": -0.5385307524086056, "td": 0.5396933638000301}}, {"target": 0.4183513895192592, "params": {"ta": 0.10491799699210408, "tb": 0.2476119057542996, "tc": -0.5469031823705696, "td": 0.5535613545862903}}, {"target": 0.9296832550833257, "params": {"ta": 0.41369336652733063, "tb": 0.05897352517251597, "tc": -0.15864517407472023, "td": -0.10904462693522327}}, {"target": 0.5922312702629748, "params": {"ta": 0.04359430022600724, "tb": -0.30693381908471884, "tc": 0.3119944717479085, "td": -0.2965174981453204}}, {"target": 0.5277442179946218, "params": {"ta": 0.145959063828984, "tb": 0.13483674849263827, "tc": -0.3696990134829511, "td": 0.6118501098789821}}, {"target": 0.7761392117587848, "params": {"ta": -0.0012807816879463751, "tb": 0.0334645022353689, "tc": -0.2789948243316024, "td": 0.3869336197141408}}, {"target": 0.6260089326047868, "params": {"ta": -0.11357856112455328, "tb": -0.36770102333553023, "tc": -0.1412936994685502, "td": -0.23512116503126396}}, {"target": 0.8963521763943214, "params": {"ta": 0.388413439664599, "tb": 0.12395993172577058, "tc": -0.14365382657233583, "td": -0.3213522667706727}}, {"target": 0.7439801695237679, "params": {"ta": -0.038796178620522814, "tb": -0.13828336384062478, "tc": -0.4481510416355666, "td": 0.41616855924569013}}, {"target": 0.5474610734885077, "params": {"ta": 0.4048317493409625, "tb": 0.31269944884504963, "tc": 0.23675301161121132, "td": 0.05366515312597525}}, {"target": 0.7374632946130492, "params": {"ta": 0.35557113670279045, "tb": 0.17191724387847207, "tc": 0.1763322507990016, "td": -0.07589398726639568}}, {"target": 0.9720943494215599, "params": {"ta": 0.4166626990006825, "tb": -0.01249493535847268, "tc": -0.5716043466129467, "td": 0.06782219799679529}}, {"target": 0.5843864556870999, "params": {"ta": 0.577106272674689, "tb": 0.16715457830047276, "tc": 0.0693025753656551, "td": 0.08490115714832219}}, {"target": 0.6619590142686416, "params": {"ta": 0.550599398369984, "tb": -0.29871305645325963, "tc": -0.04808881588956515, "td": 0.6253256984985351}}, {"target": 0.7748997561026976, "params": {"ta": 0.1425740313617035, "tb": -0.25845701132685617, "tc": -0.5759542310143221, "td": -0.02004509762674528}}, {"target": 0.968780314052228, "params": {"ta": 0.5736567296191306, "tb": -0.06468595976166203, "tc": -0.48292940483834956, "td": 0.1793585826099789}}, {"target": 0.6948371316918139, "params": {"ta": -0.21546377785831322, "tb": -0.3282030070394881, "tc": -0.32879790685942356, "td": 0.07284501511593594}}, {"target": 0.5821729240886344, "params": {"ta": 0.30956026960724276, "tb": -0.4100325528328276, "tc": -0.5326350433199136, "td": -0.3424065492756662}}, {"target": 0.870267545753467, "params": {"ta": 0.14996711678384783, "tb": 0.21684810826016854, "tc": 0.22901361652182972, "td": -0.1656156287568778}}, {"target": 0.4255007633628207, "params": {"ta": 0.023130443162071856, "tb": -0.5570201273888878, "tc": -0.631133212995628, "td": -0.12274440032436124}}, {"target": 0.8683346578961169, "params": {"ta": -0.3106863117657415, "tb": 0.2981202657653924, "tc": 0.09832493649874974, "td": 0.026669352171645178}}, {"target": 0.9402338004385481, "params": {"ta": -0.2907858733815744, "tb": -0.2287929084763456, "tc": 0.06249355930549905, "td": 0.24004889342142705}}, {"target": 0.7578312451908067, "params": {"ta": -0.15028594691716451, "tb": 0.1843718116076336, "tc": -0.3254887487596714, "td": 0.004060017005665106}}, {"target": 0.8017215064380987, "params": {"ta": 0.14035562222659742, "tb": 0.2621509157666937, "tc": -0.5375127358779178, "td": -0.30814398752292854}}, {"target": 0.6522144701325228, "params": {"ta": 0.6467167505853948, "tb": 0.25861644213431323, "tc": -0.23691353261897496, "td": 0.23979304185745393}}, {"target": 0.984264633404072, "params": {"ta": 0.3732200510335671, "tb": 0.012876487362114553, "tc": -0.262559751867969, "td": -0.036198111837597524}}, {"target": 0.6718629526455526, "params": {"ta": 0.30554514002528793, "tb": -0.43974137377258804, "tc": 0.18343277555925253, "td": 0.05062620297868442}}, {"target": 0.4588415648505706, "params": {"ta": 0.13306996562548362, "tb": -0.5437822203208067, "tc": 0.1650295632142177, "td": -0.23356606718700162}}, {"target": 0.7148412791891002, "params": {"ta": 0.6521238669923826, "tb": 0.33819315933250427, "tc": -0.1301172783721377, "td": -0.3193774228114456}}, {"target": 0.40847559686002016, "params": {"ta": 0.6020598944295228, "tb": -0.16275957855078926, "tc": 0.2675073909132085, "td": 0.005525010516927942}}, {"target": 0.46972023947434577, "params": {"ta": -0.1663625209238389, "tb": -0.6336216308288446, "tc": -0.5382987436412053, "td": 0.11368088816846139}}, {"target": 0.796788905196319, "params": {"ta": 0.5032630562775062, "tb": -0.3337341943273856, "tc": -0.5824220018128347, "td": -0.2347255475445013}}, {"target": 0.4588779241892077, "params": {"ta": 0.1187029900238063, "tb": 0.33511052308148515, "tc": -0.36484257359941663, "td": 0.47734492894211616}}, {"target": 0.8082124050052518, "params": {"ta": -0.3198522223783123, "tb": -0.18986002778758904, "tc": -0.13876798688800907, "td": 0.3113281714747676}}, {"target": 0.9519783209764907, "params": {"ta": 0.4681382239331798, "tb": 0.07417611047079486, "tc": -0.5613731571459178, "td": -0.19852688271565128}}, {"target": 0.6064542967389154, "params": {"ta": -0.03671661382156172, "tb": 0.15753782098096436, "tc": -0.6238788420127956, "td": -0.20415572313183755}}, {"target": 0.5543700058517897, "params": {"ta": 0.5720603389481265, "tb": -0.4349459898560555, "tc": 0.01707064781088541, "td": -0.055463959210572955}}, {"target": 0.8321592329576789, "params": {"ta": -0.025157773877812983, "tb": 0.24111759359783658, "tc": -0.2721836851207512, "td": 0.05057540705179059}}, {"target": 0.5605998124953236, "params": {"ta": 0.4677519634619591, "tb": -0.057878498073128504, "tc": 0.24023055175410502, "td": -0.12908135995072495}}, {"target": 0.8229590716441959, "params": {"ta": 0.31145262926569045, "tb": -0.272031672793857, "tc": -0.36033493684096685, "td": -0.20135693022035311}}, {"target": 0.4748870216778436, "params": {"ta": 0.028892983673449224, "tb": -0.5667037737751671, "tc": -0.16799774996220507, "td": -0.2402262369042703}}, {"target": 0.5131387488558128, "params": {"ta": 0.5462689524540696, "tb": 0.003731181538369488, "tc": 0.18394981324146464, "td": -0.32744394775079105}}, {"target": 0.402135854497782, "params": {"ta": -0.3271156100172275, "tb": -0.5842680723053119, "tc": -0.17896167714749167, "td": -0.14678552785578597}}, {"target": 0.5183662489000992, "params": {"ta": -0.19657944741387495, "tb": -0.036262166369451454, "tc": -0.5678473680901034, "td": -0.014725603824701616}}, {"target": 0.9246149764384394, "params": {"ta": -0.06385926613360776, "tb": -0.20677053513437005, "tc": -0.2257802736084018, "td": 0.28161946883339767}}, {"target": 0.8100204137957701, "params": {"ta": 0.17924476631455127, "tb": 0.005198251404511023, "tc": -0.48477665957485516, "td": -0.3216856173142347}}, {"target": 0.7710122903276618, "params": {"ta": 0.11787565576365949, "tb": -0.6502840055693606, "tc": -0.05101741231014845, "td": 0.15028488710965932}}, {"target": 0.3089399676442107, "params": {"ta": 0.333353765805349, "tb": -0.6589601604658165, "tc": -0.011048240107366158, "td": -0.3041487004413907}}, {"target": 0.8879813260880044, "params": {"ta": 0.29286263784097727, "tb": -0.1537116053420292, "tc": -0.4920418682074048, "td": 0.39880579326188986}}, {"target": 0.5618248990515503, "params": {"ta": 0.5238107494835802, "tb": -0.3455314306729286, "tc": 0.16176667856895766, "td": 0.06122698933952314}}, {"target": 0.6522540510340551, "params": {"ta": -0.07313391985821321, "tb": 0.09310312838678736, "tc": -0.4664243358390925, "td": 0.25876724209345875}}, {"target": 0.31831553289184966, "params": {"ta": -0.23489136973701924, "tb": 0.2195574546091874, "tc": -0.2888820258966507, "td": 0.6357888211643663}}, {"target": 0.6800693773589342, "params": {"ta": 0.4256568665677261, "tb": -0.45319757534129923, "tc": -0.16789937425268775, "td": -0.136246151175683}}, {"target": 0.37493082032639424, "params": {"ta": 0.300528954403074, "tb": -0.3952688434419931, "tc": 0.336381986574532, "td": -0.281008186238114}}, {"target": 0.6937541414948551, "params": {"ta": 0.3440523043133839, "tb": 0.3322555682016458, "tc": 0.0031043447229696097, "td": 0.13024272906945084}}, {"target": 0.8458225860284347, "params": {"ta": 0.3926636379650567, "tb": 0.263040600817237, "tc": -0.5061255869627409, "td": 0.13032514266092682}}, {"target": 0.9080037424015523, "params": {"ta": 0.005343447040144389, "tb": -0.31938153409364534, "tc": -0.3403659452947666, "td": 0.32956638155556367}}, {"target": 0.5049661628331298, "params": {"ta": 0.04558704896869609, "tb": -0.36661718934139853, "tc": -0.548056044424672, "td": -0.27270116088684265}}, {"target": 0.5799007954825532, "params": {"ta": 0.2186112670788663, "tb": -0.6389392316451649, "tc": -0.46436336212361806, "td": -0.06997721833081777}}, {"target": 0.8158868631854348, "params": {"ta": 0.37750205290574407, "tb": 0.29571124032138574, "tc": -0.6592401792470652, "td": 0.013685337286243382}}, {"target": 0.9505607763458598, "params": {"ta": -0.18437141124692685, "tb": -0.12604595300011778, "tc": 0.0327829287358673, "td": -0.02229830501914437}}, {"target": 0.5798677160934245, "params": {"ta": 0.5909294092869684, "tb": -0.28988643671722536, "tc": 0.02043427567663325, "td": -0.11599209745392886}}, {"target": 0.8162116434626229, "params": {"ta": -0.3292034457280986, "tb": -0.6588153988428321, "tc": 0.3392635936967972, "td": 0.6530189022447508}}, {"target": 0.9660833014725723, "params": {"ta": -0.34698109775524916, "tb": 0.3392635936967972, "tc": 0.3392635936967972, "td": -0.34698109775524916}}, {"target": 0.9944984946516011, "params": {"ta": -0.10057331341820516, "tb": 0.3392635936967972, "tc": 0.04062236260228426, "td": -0.34698109775524916}}, {"target": 0.9969158499757858, "params": {"ta": 0.23180576777600348, "tb": -0.2279998477161595, "tc": -0.23047580093482223, "td": 0.1878279686820088}}, {"target": 0.5881798522893498, "params": {"ta": 0.6530189022447508, "tb": -0.6607364063032029, "tc": -0.6607364063032029, "td": 0.5893965446770957}}, {"target": 0.9956435607748552, "params": {"ta": 0.023894947532760457, "tb": 0.11377710881478928, "tc": -0.021054765701805762, "td": -0.15064777493101708}}, {"target": 0.988417488725018, "params": {"ta": -0.33297838892653814, "tb": -0.03890740670401904, "tc": 0.3235021755777907, "td": 0.10970759162527605}}, {"target": 0.9754768764296329, "params": {"ta": -0.09582714814045154, "tb": -0.13753408570969378, "tc": 0.1887394612163515, "td": 0.2137035093987049}}, {"target": 0.9922983537607396, "params": {"ta": -0.23278381834978779, "tb": 0.1497385040240901, "tc": 0.2081516361591989, "td": -0.2149810260458475}}, {"target": 0.9958495609308846, "params": {"ta": 0.4204835773859963, "tb": -0.1529624282495928, "tc": -0.413869816051109, "td": 0.10084860193254662}}, {"target": 0.9968645508632364, "params": {"ta": 0.6446122968020642, "tb": -0.08403819676226465, "tc": -0.6606724667213243, "td": -0.02134878115249922}}, {"target": 0.998521820233184, "params": {"ta": 0.05233014142742459, "tb": -0.3377661795558666, "tc": -0.038907418010044936, "td": 0.35385000083170803}}, {"target": 0.9984560834427166, "params": {"ta": -0.34698109775524916, "tb": 0.0810959636892804, "tc": 0.3392635936967972, "td": -0.10000919389269092}}, {"target": 0.9985668040981893, "params": {"ta": 0.06350494349268733, "tb": -0.162382250391983, "tc": -0.055180777442651575, "td": 0.14464099767714397}}, {"target": 0.9930214185220821, "params": {"ta": 0.5878807050507403, "tb": -0.03949423569360829, "tc": -0.5172172251691698, "td": -0.026833315777558292}}, {"target": 0.9898962963046016, "params": {"ta": 0.08659838891956094, "tb": 0.3392635936967972, "tc": -0.0729738546780471, "td": -0.34698109775524916}}, {"target": 0.9979151657084501, "params": {"ta": -0.20410063264209538, "tb": 0.04517718210757841, "tc": 0.23539751529500316, "td": -0.02537936563708689}}, {"target": 0.9980151924961794, "params": {"ta": 0.17138550864206611, "tb": -0.03198195631379974, "tc": -0.18490118233738617, "td": 0.012323313659527314}}, {"target": 0.9858745908628846, "params": {"ta": 0.014868728605393844, "tb": 0.2311561935919798, "tc": 0.011284558860971683, "td": -0.3399952228312803}}, {"target": 0.9995918425089965, "params": {"ta": 0.11613668097801629, "tb": -0.27966732237697106, "tc": -0.1236934769044953, "td": 0.27964877178233644}}, {"target": 0.9910397865136159, "params": {"ta": 0.5825162582668758, "tb": -0.15025179836991015, "tc": -0.6073190473751883, "td": 0.0795412658488114}}, {"target": 0.9971975639917244, "params": {"ta": -0.04410022227267532, "tb": 0.27422047033995384, "tc": 0.04482808915209008, "td": -0.227494569138929}}, {"target": 0.9955140677136677, "params": {"ta": -0.025193714327346864, "tb": -0.2975615341966808, "tc": 0.013646070728831538, "td": 0.2667930478698999}}, {"target": 0.9865278006821947, "params": {"ta": -0.34698109775524916, "tb": -0.06875979960127551, "tc": 0.3392635936967972, "td": -0.015433935195759928}}, {"target": 0.9991875436611779, "params": {"ta": 0.2784335736259487, "tb": -0.09435228769237877, "tc": -0.30215218660188947, "td": 0.1005311588700109}}, {"target": 0.9971246404523803, "params": {"ta": -0.03213188302690044, "tb": 0.013882194348747065, "tc": 0.03775879842878494, "td": 0.007100748290944552}}, {"target": 0.9904094552399038, "params": {"ta": -0.34698109775524916, "tb": 0.04209861660972591, "tc": 0.25474954209080847, "td": -0.042510426194110745}}, {"target": 0.9962517334482839, "params": {"ta": 0.6530189022447508, "tb": 0.005147245404053093, "tc": -0.6607364063032029, "td": 0.02497483392335914}}, {"target": 0.9995014222269432, "params": {"ta": -0.11162375675727126, "tb": 0.12595678475654395, "tc": 0.112867498044478, "td": -0.12513326352693474}}, {"target": 0.9962916027105547, "params": {"ta": -0.0964788988720369, "tb": 0.3392635936967972, "tc": 0.16143497188084674, "td": -0.34698109775524916}}, {"target": 0.9938525446994326, "params": {"ta": -0.24743052704820678, "tb": 0.20217201020795514, "tc": 0.30425580873569025, "td": -0.147021364607783}}, {"target": 0.9904101055700899, "params": {"ta": 0.17810145227929916, "tb": 0.14163857677250188, "tc": -0.17090382109082086, "td": -0.14071554448300672}}, {"target": 0.999837433438602, "params": {"ta": 0.1553454532963627, "tb": -0.1463829278404917, "tc": -0.1715908845152656, "td": 0.14769776801530315}}, {"target": 0.999812124492646, "params": {"ta": 0.42626841870097465, "tb": -0.05013255441249679, "tc": -0.42643994317940553, "td": 0.02692829786833889}}, {"target": 0.9979821484978101, "params": {"ta": -0.3004276986369747, "tb": 0.0572448078474627, "tc": 0.3392635936967972, "td": -0.02676169344405363}}, {"target": 0.9970847264221466, "params": {"ta": 0.036954798968510075, "tb": -0.24109997405049058, "tc": -0.03882657368557049, "td": 0.28375607918482726}}, {"target": 0.9992847379115039, "params": {"ta": 0.569770824151131, "tb": -0.05046698865753302, "tc": -0.597305741248771, "td": 0.019829271965859145}}, {"target": 0.9978161651237679, "params": {"ta": 0.07640467301053006, "tb": -0.02713431210579986, "tc": -0.07208102928874545, "td": 0.020260998653750213}}, {"target": 0.9989173531257284, "params": {"ta": 0.045100396522713956, "tb": -0.32895691148190975, "tc": -0.08568196148633757, "td": 0.30413210176368166}}, {"target": 0.9944839102538712, "params": {"ta": -0.04546484917524044, "tb": -0.39692083339231893, "tc": 0.01852664216013163, "td": 0.41985676919775994}}, {"target": 0.9993681411474666, "params": {"ta": -0.137621243595207, "tb": 0.26189091117311525, "tc": 0.15018313107561995, "td": -0.25063850487577505}}, {"target": 0.9994838232598352, "params": {"ta": 0.05039640498561231, "tb": -0.4524503787705298, "tc": -0.08245512090816845, "td": 0.4665058549037117}}, {"target": 0.9986069673365654, "params": {"ta": -0.020118794182734046, "tb": -0.6088636674730749, "tc": -0.033677750915262816, "td": 0.6038790381390178}}, {"target": 0.9831735097252975, "params": {"ta": 0.06916328476865434, "tb": -0.6091256748037163, "tc": 0.04152303253392934, "td": 0.6530189022447508}}, {"target": 0.9839147129408943, "params": {"ta": -0.00996677885740586, "tb": -0.5292194937088285, "tc": -0.057310367557848435, "td": 0.6530189022447508}}, {"target": 0.9952652274611489, "params": {"ta": 0.06571515838581807, "tb": -0.6607364063032029, "tc": -0.11136756014822109, "td": 0.6530189022447508}}, {"target": 0.9985883205744721, "params": {"ta": 0.0590208989644204, "tb": -0.5779213738077195, "tc": -0.06428481489169784, "td": 0.5566854514570574}}, {"target": 0.9998509847850521, "params": {"ta": 0.010786690066932576, "tb": -0.6607364063032029, "tc": -0.04148352312630618, "td": 0.6530189022447508}}, {"target": 0.9991903503448627, "params": {"ta": -0.024734118622925037, "tb": 0.3392635936967972, "tc": 0.062078634930354294, "td": -0.32808424994373436}}, {"target": 0.9983870385091183, "params": {"ta": 0.6530189022447508, "tb": -0.06666918657739887, "tc": -0.6208763537760571, "td": 0.036164313668544806}}, {"target": 0.9987778783682066, "params": {"ta": 0.24385368419426331, "tb": -0.11361569219324241, "tc": -0.21996268842751923, "td": 0.08045087400529911}}, {"target": 0.9999392088340558, "params": {"ta": -0.20141755292491867, "tb": 0.12880789334596568, "tc": 0.21371613165416978, "td": -0.11424929523551419}}, {"target": 0.9988788513027914, "params": {"ta": 0.014732449890877394, "tb": -0.49794026753592835, "tc": -0.0250411730936095, "td": 0.480836874036703}}, {"target": 0.9995560560954639, "params": {"ta": 0.4998139307181415, "tb": -0.08283346956470938, "tc": -0.5018088528359579, "td": 0.051860151907443815}}, {"target": 0.9997761678106974, "params": {"ta": 0.3454131495215222, "tb": -0.07915504788057293, "tc": -0.34817961247247087, "td": 0.04595850362264012}}, {"target": 0.9963004495208523, "params": {"ta": -0.04844003158410973, "tb": -0.11949738753526629, "tc": 0.030600838050111975, "td": 0.12896589317941073}}, {"target": 0.9994096774994451, "params": {"ta": -0.09281580597844878, "tb": 0.19859364931482834, "tc": 0.12428760240956503, "td": -0.20520271501761134}}, {"target": 0.9997567144953764, "params": {"ta": 0.10735602807287832, "tb": -0.22327967663371728, "tc": -0.12841681565520002, "td": 0.2059721120215391}}, {"target": 0.9987208999168259, "params": {"ta": 0.00980968048268805, "tb": -0.5399760014094301, "tc": -0.07924882426891552, "td": 0.5294701810074055}}, {"target": 0.9996053860223131, "params": {"ta": 0.026499972645329845, "tb": -0.4130643377242891, "tc": -0.06272615132157097, "td": 0.4016287403868819}}, {"target": 0.9979839098774814, "params": {"ta": -0.123533393194689, "tb": 0.05059638258453485, "tc": 0.14520653325055477, "td": -0.06765195400569132}}, {"target": 0.9990106707362311, "params": {"ta": 0.3915944522597544, "tb": -0.07528349240565099, "tc": -0.38550187133058933, "td": 0.08336466454332361}}, {"target": 0.9998725380707186, "params": {"ta": -0.07939260228762343, "tb": 0.288435464172106, "tc": 0.09679232731897963, "td": -0.29515886140476516}}, {"target": 0.9991817221566793, "params": {"ta": -0.2683733428943397, "tb": 0.0879816072441419, "tc": 0.2882848523827587, "td": -0.09899923502382378}}, {"target": 0.9990586610235361, "params": {"ta": 0.2689299403071941, "tb": -0.037662045775998014, "tc": -0.2735695461115303, "td": 0.03194172712932625}}, {"target": 0.9987223420649531, "params": {"ta": 0.10094191810320996, "tb": -0.3762152112356726, "tc": -0.1240380659196322, "td": 0.370752704669892}}, {"target": 0.9990395514350164, "params": {"ta": 0.09885280936626666, "tb": -0.10210883635380982, "tc": -0.11624543769190095, "td": 0.10565115050304415}}, {"target": 0.9989267844084608, "params": {"ta": 0.05394209343483294, "tb": -0.3468824177497445, "tc": -0.09247205773641416, "td": 0.3708643676681397}}, {"target": 0.9994377575227669, "params": {"ta": 0.20825958148650256, "tb": -0.13619426735094478, "tc": -0.23563451449223594, "td": 0.11733053146604006}}, {"target": 0.9999148489195643, "params": {"ta": 0.025163168573666846, "tb": -0.6194293447767125, "tc": -0.06066669821126963, "td": 0.6158647991348208}}, {"target": 0.9989475079388157, "params": {"ta": -0.17861698600212386, "tb": 0.07900562221218593, "tc": 0.16260095546277126, "td": -0.062785689200767}}, {"target": 0.9970281781603778, "params": {"ta": 0.6530189022447508, "tb": -0.01591979629788915, "tc": -0.6386410814236648, "td": -0.03582431356488363}}, {"target": 0.9993309132722493, "params": {"ta": 0.6383893030413975, "tb": -0.05657342180226803, "tc": -0.6607364063032029, "td": 0.0298954082521584}}, {"target": 0.9978172848422346, "params": {"ta": 0.023393370673038677, "tb": -0.6607364063032029, "tc": -0.051417874602568074, "td": 0.6135222508767199}}, {"target": 0.9980218856040896, "params": {"ta": -0.011972004697802232, "tb": -0.6607364063032029, "tc": -0.0816784808513808, "td": 0.6530189022447508}}, {"target": 0.9998885957814939, "params": {"ta": -0.15416551567906225, "tb": 0.1798566564094602, "tc": 0.16870313333737433, "td": -0.1663900638886124}}, {"target": 0.999040102243828, "params": {"ta": 0.15996584960857904, "tb": -0.2107090315055073, "tc": -0.18012104326357986, "td": 0.2200246815562983}}, {"target": 0.9995616810945691, "params": {"ta": -0.11420953316659611, "tb": 0.21342394821753183, "tc": 0.10362124102444133, "td": -0.20868617979462697}}, {"target": 0.9992002348153087, "params": {"ta": -0.3429738140296312, "tb": 0.11774043184621008, "tc": 0.3392635936967972, "td": -0.07922253489139236}}, {"target": 0.9995102557582369, "params": {"ta": 0.06218054343395191, "tb": -0.20709838096375466, "tc": -0.08266581618593846, "td": 0.21038024679822814}}, {"target": 0.99956178903