{"all": [{"target": 0.5072019051557299, "params": {"ta": -0.0943282577459661, "tb": -1.0874166693807328, "tc": -0.571687585932526, "td": 0.25193389090158014}}, {"target": 0.5583440628619681, "params": {"ta": 0.7215362772778091, "tb": -1.0954438216427946, "tc": -0.37025464120569784, "td": -0.10287681459588605}}, {"target": 0.5829115566200471, "params": {"ta": 0.8291683617700227, "tb": -0.7704144201559808, "tc": -0.7549828960158577, "td": 0.6342299648738962}}, {"target": 0.9611230827828687, "params": {"ta": -0.02523377094736179, "tb": -0.8394401328792326, "tc": -0.5014957634849683, "td": 0.6450402371676498}}, {"target": 0.5118615436681849, "params": {"ta": 0.0708200394512607, "tb": -0.6414113552477756, "tc": -0.23158649831651046, "td": -0.08850952012593916}}, {"target": 0.6250599131263941, "params": {"ta": 0.28640803048923014, "tb": -0.3584562785391673, "tc": -0.2561186362261797, "td": 0.8092844612709481}}, {"target": 0.8365330911396424, "params": {"ta": 0.37075569539855957, "tb": -0.2998108486283301, "tc": -0.4024318576535507, "td": 0.4533700012082207}}, {"target": 0.6137298190237885, "params": {"ta": 0.6091056396090087, "tb": -0.4773445287665792, "tc": -0.15035986725011619, "td": 0.4852401693514311}}, {"target": 0.6272373818333861, "params": {"ta": -0.03572747568804546, "tb": -0.40704499858123344, "tc": -0.9670417061652855, "td": 0.4487545843622186}}, {"target": 0.4541862767429353, "params": {"ta": 0.8535848229787543, "tb": -0.5939308923473604, "tc": -0.20270650062830664, "td": 0.5672522055790925}}, {"target": 0.9500289624476626, "params": {"ta": 0.2412204696265906, "tb": -0.830022441887017, "tc": -0.39520067788078195, "td": 0.6040075524056606}}, {"target": 0.795043071056142, "params": {"ta": 0.34681559496265935, "tb": -0.7347494178782688, "tc": -1.0250336014117643, "td": 0.20812145468501997}}, {"target": 0.7746455071204802, "params": {"ta": 0.32927920977159564, "tb": -0.19144359433770108, "tc": -0.18931194185159006, "td": 0.11720762223987713}}, {"target": 0.6874928555773703, "params": {"ta": -0.08623083155029354, "tb": -1.0269414711881828, "tc": -0.9673882493410908, "td": 0.49908729912432415}}, {"target": 0.7089493243806595, "params": {"ta": 0.214613922962253, "tb": -0.2394164918908549, "tc": -0.15142479095958816, "td": 0.49072962252876673}}, {"target": 0.8545458380833172, "params": {"ta": 0.23422683739283512, "tb": -1.0947010781659126, "tc": -0.536329241483952, "td": 0.8248453119596957}}, {"target": 0.45095882514405106, "params": {"ta": 0.8320203541242923, "tb": -0.12537172986172174, "tc": -0.8428393139850603, "td": 0.7357366844764199}}, {"target": 0.6874913882975501, "params": {"ta": 0.4706350190663754, "tb": -0.351211190093381, "tc": -0.8046221321881517, "td": 0.7883090779822903}}, {"target": 0.6157674316840739, "params": {"ta": 0.17791870051298186, "tb": -0.9075934348200947, "tc": -0.3480075697975309, "td": 0.10148343156520423}}, {"target": 0.9247383434098642, "params": {"ta": 0.2526085610615755, "tb": -0.9680759891992794, "tc": -0.5396223469424065, "td": 0.6059843798078652}}, {"target": 0.40113170327562836, "params": {"ta": -0.0053024533643257765, "tb": -0.3568263730242127, "tc": -1.0492659938281355, "td": 0.15288440025619432}}, {"target": 0.8672794927700486, "params": {"ta": 0.2052206667940344, "tb": -0.47130208089039904, "tc": -0.2658046217709643, "td": 0.24998593309574124}}, {"target": 0.8162290351705047, "params": {"ta": 0.5127220527265809, "tb": -0.9215186578954373, "tc": -0.7314763999406567, "td": 0.5963058795917277}}, {"target": 0.6804711181632753, "params": {"ta": 0.0479667384658774, "tb": -0.4860793584737215, "tc": -1.0099480100194211, "td": 0.4306574022747909}}, {"target": 0.6170115272851646, "params": {"ta": 0.6133597308779386, "tb": -0.7083618364009162, "tc": -0.7116354788722536, "td": 0.83042892186684}}, {"target": 0.8368663358722785, "params": {"ta": 0.1400434729227551, "tb": -0.3384321426599781, "tc": -0.22605739902530864, "td": 0.3956543404711078}}, {"target": 0.5895737903452396, "params": {"ta": 0.5266296915012855, "tb": -1.097403727994766, "tc": -0.26948975587972546, "td": 0.14221460165184607}}, {"target": 0.7686572640760274, "params": {"ta": 0.7554154401968108, "tb": -0.5313617342989511, "tc": -0.61490044368721, "td": 0.5014814894965626}}, {"target": 0.36860692378175075, "params": {"ta": 0.8775292486866392, "tb": -0.8623084548574393, "tc": -0.4415223417032281, "td": 0.8371851780335849}}, {"target": 0.8565503484094017, "params": {"ta": 0.5882318324343718, "tb": -0.8234468203409825, "tc": -0.9844674626581726, "td": 0.074207905237203}}, {"target": 0.7794621806640483, "params": {"ta": 0.30209894811528537, "tb": -0.8332270163469484, "tc": -0.2022193119621717, "td": 0.8738097565668376}}, {"target": 0.40792483603486046, "params": {"ta": -0.11558894888488946, "tb": -0.13521660880033082, "tc": -1.0955248488824436, "td": 0.7782774276337299}}, {"target": 0.7216735178988151, "params": {"ta": 0.5590342032543926, "tb": -0.7767877786943366, "tc": -0.27905833680741887, "td": 0.690259087342085}}, {"target": 0.5225540407521716, "params": {"ta": 0.7453995188813751, "tb": -0.7598267187999654, "tc": -0.23343812934515606, "td": 0.7210302990120084}}, {"target": 0.4886391160079766, "params": {"ta": 0.14001884409976606, "tb": -0.14647754204010022, "tc": -1.0906543401020894, "td": 0.4063192959953502}}, {"target": 0.9843008787003584, "params": {"ta": 0.22460608893245748, "tb": -0.7453485460934423, "tc": -0.5336094624013876, "td": 0.6697412657409969}}, {"target": 0.7186661496028945, "params": {"ta": 0.27379647868486867, "tb": -1.1165097177040502, "tc": -0.8919568288118785, "td": 0.40017525957516886}}, {"target": 0.6242227460143475, "params": {"ta": 0.25653046289657955, "tb": -0.920582937117154, "tc": -0.4788382955619235, "td": 0.013377890454165042}}, {"target": 0.5176463713597486, "params": {"ta": 0.3618957365994795, "tb": -0.13438887598931448, "tc": -0.5534443546008855, "td": 0.8334587217282681}}, {"target": 0.7725855569439463, "params": {"ta": 0.3039026780137686, "tb": -0.4620733799021379, "tc": -0.36870864792406766, "td": 0.7699961938056382}}, {"target": 0.9085361502760737, "params": {"ta": 0.8187049594355592, "tb": -0.30091786161678036, "tc": -0.9685480919387939, "td": 0.10604102773697222}}, {"target": 0.934050401712311, "params": {"ta": 0.4262709127530018, "tb": -0.6690100897089967, "tc": -0.8444069178704801, "td": 0.4753578968967632}}, {"target": 0.3929460975015715, "params": {"ta": 0.8710012075505097, "tb": -0.3649255782908518, "tc": -0.44949555372484495, "td": 0.6807388459024539}}, {"target": 0.5218616467363181, "params": {"ta": 0.19963789924824538, "tb": -0.16905417259551758, "tc": -0.33420651527223577, "td": 0.8527204192295397}}, {"target": 0.8661196058460008, "params": {"ta": 0.6529143141002783, "tb": -0.8974794899992025, "tc": -0.8810194952026742, "td": 0.1452618057102837}}, {"target": 0.4377546070300179, "params": {"ta": 0.15033544077668537, "tb": -0.9703061791709605, "tc": -1.0371847767308484, "td": -0.08207725053079307}}, {"target": 0.6380757961393934, "params": {"ta": 0.6448812749114258, "tb": -0.6061792693092928, "tc": -0.7343047054052465, "td": 0.7752818506205285}}, {"target": 0.453605180407741, "params": {"ta": 0.8444713710101224, "tb": -0.15258852000606338, "tc": -0.7400716382866944, "td": 0.6879090158956286}}, {"target": 0.7960170617134013, "params": {"ta": 0.8005517230352733, "tb": -0.7350840053781916, "tc": -0.36883650363365583, "td": 0.1922210640683325}}, {"target": 0.5746399511644892, "params": {"ta": 0.8259434644039781, "tb": -0.604839789189829, "tc": -0.7344164887891946, "td": 0.6715766578660836}}, {"target": 0.7939387898947088, "params": {"ta": 0.7047716399499039, "tb": -0.5300779550417569, "tc": -0.7958214104109653, "td": 0.5399128188150616}}, {"target": 0.7522831533893426, "params": {"ta": 0.07911441606253689, "tb": -0.8346081468222358, "tc": -0.918225001847954, "td": 0.3359497694215212}}, {"target": 0.774796328784437, "params": {"ta": 0.5337805427280233, "tb": -0.6029694903046011, "tc": -1.0972698975855786, "td": -0.04223766600038947}}, {"target": 0.8255552737709895, "params": {"ta": 0.2600978839424608, "tb": -0.6123752709501314, "tc": -0.5498577821968436, "td": 0.05141126094892523}}, {"target": 0.6935733447462854, "params": {"ta": 0.1619892855777515, "tb": -0.27267765216402473, "tc": -0.2730402031901765, "td": 0.7181845516490052}}, {"target": 0.883070356690764, "params": {"ta": 0.33299058647259927, "tb": -0.7518226636389158, "tc": -0.5044809821307229, "td": 0.796353390694371}}, {"target": 0.8689387678658096, "params": {"ta": 0.4380402471003153, "tb": -0.3422943795965184, "tc": -0.7734302123560234, "td": 0.03931705256782059}}, {"target": 0.6332203581939211, "params": {"ta": -0.056310478204043335, "tb": -0.7965708524264639, "tc": -0.16553081734785202, "td": 0.29692205307081454}}, {"target": 0.7527917243973576, "params": {"ta": 0.8188963199646649, "tb": -0.8275937683307655, "tc": -0.4150041750513561, "td": 0.33004410897099423}}, {"target": 0.6788613181684197, "params": {"ta": 0.43313061830211774, "tb": -0.9148884259023725, "tc": -1.1101512657571626, "td": 0.4987781903307853}}, {"target": 0.7271121536400365, "params": {"ta": -0.06813589204602144, "tb": -1.0231934899637913, "tc": -1.0559085150631486, "td": 0.7431321924140433}}, {"target": 0.7717808861735563, "params": {"ta": -0.0670220700547629, "tb": -0.5486366661041104, "tc": -0.774606620594977, "td": 0.4224220758802987}}, {"target": 0.7777288602018811, "params": {"ta": 0.803910278527228, "tb": -0.5644775543495377, "tc": -0.8350585887573234, "td": 0.47182051265959946}}, {"target": 0.8514214502763173, "params": {"ta": 0.7679425032463958, "tb": -0.2609934142138257, "tc": -0.7196717983104745, "td": 0.2625411838158952}}, {"target": 0.9859138285944907, "params": {"ta": 0.8783097642953105, "tb": -0.4691426462366189, "tc": -0.7532108898405722, "td": -0.12169023570468951}}, {"target": 0.9993548738684148, "params": {"ta": 0.5354591078498291, "tb": -0.5917833683065921, "tc": -0.656748600034769, "td": 0.2251947188665027}}, {"target": 0.9991660969616908, "params": {"ta": 0.3172978004862049, "tb": -0.6177220750703314, "tc": -0.5808753725568372, "td": 0.4201158769354099}}, {"target": 0.8131629316790279, "params": {"ta": 0.8783097642953105, "tb": -0.1207110367561666, "tc": -0.7137165696678749, "td": -0.12169023570468951}}, {"target": 0.9997279430388558, "params": {"ta": 0.747130784341571, "tb": -0.5574064664069699, "tc": -0.7712966574930574, "td": 0.04900108763668443}}, {"target": 0.994192164763438, "params": {"ta": -0.12169023570468951, "tb": -0.7861621610035454, "tc": -0.5038425682740457, "td": 0.8783097642953105}}, {"target": 0.9857300239200876, "params": {"ta": 0.8783097642953105, "tb": -0.6195255407599326, "tc": -0.926679496579308, "td": -0.11163264417404542}}, {"target": 0.9481179660691498, "params": {"ta": -0.12169023570468951, "tb": -0.9664618656670653, "tc": -0.3825158306651957, "td": 0.8783097642953105}}, {"target": 0.9912600310429197, "params": {"ta": 0.8783097642953105, "tb": -0.5413971880621812, "tc": -0.8411516763272483, "td": 0.010002032550609854}}, {"target": 0.9876639961335945, "params": {"ta": 0.0007493490928864837, "tb": -0.687765377859277, "tc": -0.4777765286538205, "td": 0.7505026446176004}}, {"target": 0.9944233875087144, "params": {"ta": -0.01210547485100789, "tb": -0.8276968731361897, "tc": -0.6087941242659616, "td": 0.845822472349866}}, {"target": 0.9930596188806025, "params": {"ta": 0.8321260715330943, "tb": -0.6260668067467907, "tc": -0.7921423155100311, "td": -0.07697861466503186}}, {"target": 0.9945770051109674, "params": {"ta": 0.43102964164466695, "tb": -0.5364651923507352, "tc": -0.672264593612812, "td": 0.3235491737017328}}, {"target": 0.9976195330041651, "params": {"ta": 0.16930495476306817, "tb": -0.6508671191189075, "tc": -0.5765061958833521, "td": 0.5658627887531963}}, {"target": 0.9902495545433879, "params": {"ta": 0.6376482238703303, "tb": -0.5058934784499856, "tc": -0.6442360795148718, "td": 0.08285362052482081}}, {"target": 0.9932634065091007, "params": {"ta": 0.8001259426824542, "tb": -0.5159006463363393, "tc": -0.8352921643531607, "td": -0.07221346247781107}}, {"target": 0.9969496868063922, "params": {"ta": 0.607470487574726, "tb": -0.5427649978078314, "tc": -0.7551030210576676, "td": 0.17355501563227999}}, {"target": 0.9884826301682884, "params": {"ta": -0.12169023570468951, "tb": -0.7806450268384071, "tc": -0.6129400849439983, "td": 0.826027950436348}}, {"target": 0.9975071716914776, "params": {"ta": 0.06624056736643603, "tb": -0.746289222680022, "tc": -0.601889874111438, "td": 0.7106358432005058}}, {"target": 0.9966746759337419, "params": {"ta": 0.4193128957040584, "tb": -0.6632345231204334, "tc": -0.6440032830342854, "td": 0.3577859252144838}}, {"target": 0.999221072185099, "params": {"ta": -0.017787474620956468, "tb": -0.8080577238790418, "tc": -0.5272190912809052, "td": 0.8013522810552574}}, {"target": 0.9980046739331697, "params": {"ta": 0.26739543704630925, "tb": -0.6984577880744897, "tc": -0.6094265601415485, "td": 0.5108251201396119}}, {"target": 0.9945763368577292, "params": {"ta": 0.6467692236343843, "tb": -0.6056854042806811, "tc": -0.7089651827306055, "td": 0.07620006658335998}}, {"target": 0.9968530847782344, "params": {"ta": 0.234940997792817, "tb": -0.6716518183129256, "tc": -0.5220332121369103, "td": 0.5159687588902114}}, {"target": 0.9968898438938819, "params": {"ta": 0.43413913477230126, "tb": -0.5859148040445845, "tc": -0.5824932265479152, "td": 0.3181769787185435}}, {"target": 0.9950085856869447, "params": {"ta": -0.12169023570468951, "tb": -0.8855630851823696, "tc": -0.571065768133871, "td": 0.8783097642953105}}, {"target": 0.9994267462730377, "params": {"ta": 0.11300417984260804, "tb": -0.731384730192157, "tc": -0.5376339375633424, "td": 0.6458154570616897}}, {"target": 0.998058482509829, "params": {"ta": 0.6600120035680167, "tb": -0.5679242334557394, "tc": -0.7035515586336023, "td": 0.14794250145472504}}, {"target": 0.998502419642698, "params": {"ta": 0.8783097642953105, "tb": -0.5545594725188936, "tc": -0.8300574937633648, "td": -0.12169023570468951}}, {"target": 0.9974314771655307, "params": {"ta": 0.3465817909293605, "tb": -0.6239699693482347, "tc": -0.6087175310952496, "td": 0.45933200360561666}}, {"target": 0.9990518937978797, "params": {"ta": 0.7946239362597205, "tb": -0.552482297430023, "tc": -0.7592949605088429, "td": -0.0031609907472185395}}, {"target": 0.9992341698270623, "params": {"ta": 0.685991158424968, "tb": -0.5280270033715476, "tc": -0.7413234492072314, "td": 0.07671212860592945}}, {"target": 0.9996413796722708, "params": {"ta": 0.057424557414151915, "tb": -0.7695546975561548, "tc": -0.5409341262878591, "td": 0.737357442966258}}, {"target": 0.9995174074197819, "params": {"ta": -0.06728588174612732, "tb": -0.8120536793147216, "tc": -0.5541412659845688, "td": 0.8783097642953105}}, {"target": 0.9992656799803773, "params": {"ta": 0.49148267429391523, "tb": -0.5960897968863311, "tc": -0.6767015325064144, "td": 0.28727111602047156}}, {"target": 0.9990754420698501, "params": {"ta": 0.5507662468911221, "tb": -0.5415431298393784, "tc": -0.678141589499801, "td": 0.20413413813607562}}, {"target": 0.9995849487254259, "params": {"ta": 0.17674675060140596, "tb": -0.7157543834563725, "tc": -0.5770743552742323, "td": 0.5910630021353771}}, {"target": 0.999533669253672, "params": {"ta": -0.009788888188829583, "tb": -0.768937794886559, "tc": -0.5596010337605126, "td": 0.7842972860332565}}, {"target": 0.9996015608652447, "params": {"ta": 0.3803881486129994, "tb": -0.6091832826917488, "tc": -0.6341467021443978, "td": 0.36450428664145895}}, {"target": 0.9991266854758932, "params": {"ta": 0.46043517040432436, "tb": -0.589576090450614, "tc": -0.6500451045636602, "td": 0.26764311284032516}}, {"target": 0.9995446360063212, "params": {"ta": 0.2597898908509773, "tb": -0.6407442936840478, "tc": -0.5915252083104006, "td": 0.4955353104067923}}, {"target": 0.9997543436692085, "params": {"ta": 0.5879147474225195, "tb": -0.5742379736607789, "tc": -0.7032221255148728, "td": 0.16720322387309805}}, {"target": 0.9998066083247589, "params": {"ta": 0.8783097642953105, "tb": -0.5587049887646586, "tc": -0.819299976390646, "td": -0.07331483566323263}}, {"target": 0.9995562042550503, "params": {"ta": -0.06855674114251971, "tb": -0.8220877469892551, "tc": -0.5525984130832013, "td": 0.8420869129957756}}, {"target": 0.9993538916191707, "params": {"ta": 0.12978055474221933, "tb": -0.7036086478262985, "tc": -0.56404472775833, "td": 0.6529243294315382}}, {"target": 0.9997793625660308, "params": {"ta": 0.22032959485611817, "tb": -0.6775764402743386, "tc": -0.5724154078275554, "td": 0.5564070027671089}}, {"target": 0.9997204787678396, "params": {"ta": 0.32156426745498934, "tb": -0.6494998142359448, "tc": -0.6095151920387011, "td": 0.43293071382072945}}, {"target": 0.999744994226006, "params": {"ta": 0.6725552779052222, "tb": -0.5651321214277482, "tc": -0.7469957100228082, "td": 0.10305289005278084}}, {"target": 0.999736076427716, "params": {"ta": 0.05844686880458241, "tb": -0.7416483591194043, "tc": -0.5504629099395636, "td": 0.7033262554949228}}, {"target": 0.9998312056092149, "params": {"ta": 0.8130624975087053, "tb": -0.5599888318935812, "tc": -0.8065817277295779, "td": -0.025739902359234235}}, {"target": 0.9999401937957741, "params": {"ta": 0.4408648974458757, "tb": -0.5989325237921729, "tc": -0.6390849895699141, "td": 0.3245443685430165}}, {"target": 0.9995418115907101, "params": {"ta": 0.7444040221371918, "tb": -0.5557692854017541, "tc": -0.7686289900310393, "td": 0.016015884304908606}}, {"target": 0.9998132863962237, "params": {"ta": 0.3722975674596075, "tb": -0.6270824358233104, "tc": -0.6038955098613749, "td": 0.3885153175628524}}, {"target": 0.9998495087904472, "params": {"ta": 0.628770158030393, "tb": -0.5500123391590596, "tc": -0.7128743188766256, "td": 0.13216277436374915}}, {"target": 0.9997383494607566, "params": {"ta": 0.1050872349003118, "tb": -0.7486617751332679, "tc": -0.5626802733514781, "td": 0.6746055921323554}}, {"target": 0.9997120802666853, "params": {"ta": 0.019390243549865436, "tb": -0.7865658297636295, "tc": -0.5575788602473131, "td": 0.7569125531981773}}, {"target": 0.9995371012206324, "params": {"ta": -0.07204351264818502, "tb": -0.8412972386012343, "tc": -0.540191329589449, "td": 0.8783097642953105}}, {"target": 0.9998232746007223, "params": {"ta": 0.5392890018405332, "tb": -0.5776374501589864, "tc": -0.6903157555846474, "td": 0.22414797648394935}}, {"target": 0.9998259650756599, "params": {"ta": 0.2910421600358309, "tb": -0.6568912747924591, "tc": -0.5804014821241114, "td": 0.47298543823235}}, {"target": 0.999801788684745, "params": {"ta": 0.7097400213342198, "tb": -0.5582490209507366, "tc": -0.7385350202992148, "td": 0.06621145401991416}}, {"target": 0.999828074662341, "params": {"ta": 0.16797224531306956, "tb": -0.6977943550934789, "tc": -0.5518082710875108, "td": 0.5987107447555794}}, {"target": 0.9998353923194113, "params": {"ta": 0.49906520074463107, "tb": -0.5736477056989214, "tc": -0.6541145182083888, "td": 0.2635154639261373}}, {"target": 0.9997812265964829, "params": {"ta": 0.7802429971032426, "tb": -0.5359156861866243, "tc": -0.7863505996737842, "td": 0.007622987970346226}}, {"target": 0.9996718212040272, "params": {"ta": 0.8783097642953105, "tb": -0.538649141526886, "tc": -0.8378248401305283, "td": -0.08122768223226619}}, {"target": 0.9998854508152601, "params": {"ta": 0.22608462331215748, "tb": -0.6776208107342255, "tc": -0.5759020879084382, "td": 0.5259741168997454}}, {"target": 0.9998909537223036, "params": {"ta": -0.027229716619231827, "tb": -0.8010650244436416, "tc": -0.5490363278859819, "td": 0.8269985627637312}}, {"target": 0.999992546377912, "params": {"ta": 0.4086705495893569, "tb": -0.6064297468798037, "tc": -0.62604298924146, "td": 0.3496517892557199}}, {"target": 0.9998807808432842, "params": {"ta": 0.8444762639195434, "tb": -0.547278662534417, "tc": -0.8045739445565223, "td": -0.05920799922768701}}, {"target": 0.9999137624436069, "params": {"ta": 0.5827548079051488, "tb": -0.5670026741358087, "tc": -0.6924263233476405, "td": 0.19142882748860432}}, {"target": 0.9999415010716066, "params": {"ta": 0.3533346569478864, "tb": -0.6222168626793408, "tc": -0.6156411099453589, "td": 0.4048143967005283}}, {"target": 0.9999811354092675, "params": {"ta": 0.46213358610548744, "tb": -0.5947781667669723, "tc": -0.6436639399540994, "td": 0.29834295620720047}}, {"target": 0.9999185713249029, "params": {"ta": 0.02345480397799673, "tb": -0.7689020575647167, "tc": -0.5474261665543358, "td": 0.7645400394969193}}, {"target": 0.9999536119143161, "params": {"ta": 0.13803382140068443, "tb": -0.7176221776690427, "tc": -0.5650843116184028, "td": 0.6281136369485862}}, {"target": 0.9999465750295911, "params": {"ta": 0.08783711672673074, "tb": -0.7382829671961266, "tc": -0.5510964378890634, "td": 0.6921421433987929}}, {"target": 0.9998800719535752, "params": {"ta": 0.8579460512117802, "tb": -0.5592938785014526, "tc": -0.826243510812724, "td": -0.06737183235179625}}, {"target": 0.9999534920706487, "params": {"ta": 0.7195728226510886, "tb": -0.5481345372271038, "tc": -0.761190025816615, "td": 0.060057381051682526}}, {"target": 0.9999857314216674, "params": {"ta": 0.663232011664028, "tb": -0.5537921871752894, "tc": -0.7274649040320895, "td": 0.10833795177093508}}, {"target": 0.9999633227096715, "params": {"ta": 0.29706819222945674, "tb": -0.6434318237457796, "tc": -0.5979165936902633, "td": 0.45887373018511235}}, {"target": 0.9999851421031688, "params": {"ta": 0.2536441883920985, "tb": -0.6646658352708544, "tc": -0.578892554814837, "td": 0.5095165020392031}}, {"target": 0.9999883683028582, "params": {"ta": 0.19691800471847315, "tb": -0.6904975589177629, "tc": -0.567197743428319, "td": 0.5655977948484217}}, {"target": 0.9999206108217602, "params": {"ta": 0.7823177620898296, "tb": -0.558166276713566, "tc": -0.7873344543946197, "td": 0.004026824703595221}}, {"target": 0.9999878863348942, "params": {"ta": 0.6199559382336504, "tb": -0.5639359889286427, "tc": -0.71