{"all": [{"target": 0.720048911373844, "params": {"ta": 0.49428487873816, "tb": -0.41856393734515307, "tc": -0.17077872434108254, "td": 0.1020686171040745}}, {"target": 0.6621613875408461, "params": {"ta": 0.16362147434181323, "tb": -0.2751625551078831, "tc": -0.7090910068876058, "td": 0.3674308523352861}}, {"target": 0.4723976252077306, "params": {"ta": 0.6716894600680454, "tb": -0.5295902461925618, "tc": 0.02472097930247652, "td": 0.1986982052357798}}, {"target": 0.7183467373024641, "params": {"ta": 0.38262077183858584, "tb": -0.2461817153923409, "tc": -0.3285953516033403, "td": 0.6049436217112958}}, {"target": 0.7258362545896895, "params": {"ta": 0.3601018156785551, "tb": -0.5310871490166749, "tc": -0.02739792030605237, "td": 0.7109887094406979}}, {"target": 0.4194586306362967, "params": {"ta": 0.5674503976071388, "tb": -0.09908246947505728, "tc": 0.2132739299726969, "td": -0.08194063210550523}}, {"target": 0.6595462723089383, "params": {"ta": 0.37039862811655017, "tb": 0.14868641421214135, "tc": -0.1618051392723293, "td": 0.298526796448454}}, {"target": 0.6477332849965931, "params": {"ta": 0.03897840419549842, "tb": -0.39325278325658597, "tc": -0.5313693723990118, "td": 0.06991748467248987}}, {"target": 0.43814234954498854, "params": {"ta": 0.7014600007624112, "tb": -0.5681159949929773, "tc": 0.020916786077234906, "td": 0.18024039561823552}}, {"target": 0.8376251141457104, "params": {"ta": 0.05987826039936589, "tb": 0.188064361024866, "tc": -0.20943741517586867, "td": -0.15892527332639278}}, {"target": 0.5038993387596139, "params": {"ta": 0.2823649967081448, "tb": 0.04844313619687912, "tc": -0.07951745970395585, "td": 0.6090180798838509}}, {"target": 0.3688554087729228, "params": {"ta": 0.42249843832104333, "tb": -0.5711626986921255, "tc": -0.01535222481580556, "td": -0.2512557277165472}}, {"target": 0.6153587127515328, "params": {"ta": 0.6978342791671988, "tb": -0.6258919049114033, "tc": -0.6000467356948223, "td": -0.1011862453011822}}, {"target": 0.8006619141893732, "params": {"ta": 0.07437125704521258, "tb": 0.08642780791268934, "tc": 0.054677060003797795, "td": 0.1480717655324582}}, {"target": 0.7560705752912185, "params": {"ta": -0.125354181583259, "tb": -0.5294452347809692, "tc": -0.38278676845147075, "td": 0.5241324966698451}}, {"target": 0.5850889533254209, "params": {"ta": -0.17998101831674768, "tb": -0.35943751381067135, "tc": -0.5011034312274292, "td": 0.7110620774775362}}, {"target": 0.8295168816543962, "params": {"ta": 0.06640153067809335, "tb": 0.21371425695315394, "tc": -0.1719417402911514, "td": -0.05510095050967706}}, {"target": 0.7004190717768501, "params": {"ta": 0.19343025666964236, "tb": 0.10517970307419544, "tc": -0.5860976565337009, "td": 0.1686839678359941}}, {"target": 0.7865030846830358, "params": {"ta": 0.29337473783271234, "tb": -0.7192455246347613, "tc": -0.3292177674200012, "td": 0.5643081304734703}}, {"target": 0.48181131218551976, "params": {"ta": 0.5727339746084756, "tb": -0.524303751240796, "tc": 0.18375172765674308, "td": 0.7221876126768159}}, {"target": 0.7423457363214008, "params": {"ta": 0.37065192164044475, "tb": 0.0003957401020585616, "tc": -0.26687328570212787, "td": 0.3626954176076586}}, {"target": 0.41449005990129584, "params": {"ta": 0.3576304619361796, "tb": -0.5543812896912106, "tc": -0.03897192608595823, "td": -0.2394497626383149}}, {"target": 0.8743109930166958, "params": {"ta": 0.6700920097256844, "tb": -0.12185602003110141, "tc": -0.6650150004695414, "td": 0.060741682484079795}}, {"target": 0.31958066353138226, "params": {"ta": 0.7178557588459564, "tb": -0.40770633024333525, "tc": 0.13743025206676296, "td": -0.022703008009169745}}, {"target": 0.8216863690587513, "params": {"ta": 0.6528120785373592, "tb": -0.09973721170255079, "tc": -0.4187527634561631, "td": 0.030594036465244}}, {"target": 0.6482488003041974, "params": {"ta": 0.6195062084786824, "tb": -0.6004518672612085, "tc": -0.31542034100124505, "td": 0.5554571471212693}}, {"target": 0.786243815669746, "params": {"ta": 0.2145125287339255, "tb": 0.015829159056843456, "tc": -0.411075709051853, "td": -0.24286076399741757}}, {"target": 0.7427499127394922, "params": {"ta": -0.07873298227528608, "tb": -0.21827783574764115, "tc": -0.09982344016451294, "td": -0.1293715306024275}}, {"target": 0.831483158431819, "params": {"ta": -0.05903010279176396, "tb": -0.5065397242344037, "tc": 0.020143249051649326, "td": 0.7056600234118584}}, {"target": 0.685249808050335, "params": {"ta": 0.11254199434760043, "tb": -0.7189397636306777, "tc": -0.5936554290955017, "td": 0.6087069495926862}}, {"target": 0.6497633701433998, "params": {"ta": 0.506075984237883, "tb": -0.7260233448227978, "tc": -0.537243218911906, "td": 0.30092416276367656}}, {"target": 0.6701784434969118, "params": {"ta": 0.37953118293763305, "tb": 0.04965504797487752, "tc": -0.22267239920514204, "td": 0.40836208204239205}}, {"target": 0.4499281220703877, "params": {"ta": -0.21062849721706473, "tb": -0.3348772657621909, "tc": -0.44037353154002257, "td": -0.11243791306890888}}, {"target": 0.7269760877686733, "params": {"ta": -0.08629861159070656, "tb": -0.738769831807065, "tc": -0.47237240438856554, "td": 0.6037277113088744}}, {"target": 0.8445232142839073, "params": {"ta": 0.3454381083341917, "tb": -0.16591304096742698, "tc": -0.19356745263008968, "td": 0.1970420226069684}}, {"target": 0.4434908755828158, "params": {"ta": 0.25837127109765406, "tb": 0.19741465011836634, "tc": -0.33626982403933303, "td": 0.5973806329491214}}, {"target": 0.4152833690012799, "params": {"ta": 0.38402127545997805, "tb": 0.228226068206567, "tc": 0.20139261542296039, "td": 0.28228165067026284}}, {"target": 0.8739817704509623, "params": {"ta": 0.4880225917721979, "tb": -0.06052393366662745, "tc": -0.5110316586427843, "td": 0.0500678244298412}}, {"target": 0.4507270086515329, "params": {"ta": 0.16901115620513701, "tb": -0.6117563762863415, "tc": -0.3186977522921782, "td": -0.19624484603299147}}, {"target": 0.4442021332258724, "params": {"ta": 0.0303169915116967, "tb": 0.16686942864399956, "tc": -0.4808447648957199, "td": 0.5277093139894877}}, {"target": 0.4117057395474172, "params": {"ta": -0.10503419857717272, "tb": -0.16471713170793356, "tc": -0.7103782824503262, "td": -0.035063098638685786}}, {"target": 0.5676758771086767, "params": {"ta": -0.24361763100189354, "tb": 0.20910541465784127, "tc": -0.3410143336457826, "td": 0.07362994762717318}}, {"target": 0.3814175070229239, "params": {"ta": 0.00395268717137115, "tb": -0.6519410214585545, "tc": -0.5116301860817797, "td": -0.11078995262458596}}, {"target": 0.6878430873739854, "params": {"ta": -0.05172736134056216, "tb": -0.098008994193995, "tc": -0.4541270611445979, "td": 0.08891980329606125}}, {"target": 0.6892591749080961, "params": {"ta": 0.2531081923236132, "tb": 0.20515710047903946, "tc": -0.2836707718717286, "td": 0.263515479920812}}, {"target": 0.33310818871088704, "params": {"ta": 0.5381294835535657, "tb": -0.006412342071629884, "tc": -0.006122090965285931, "td": 0.7097085207245437}}, {"target": 0.6503171909036919, "params": {"ta": 0.39455159301967485, "tb": 0.08583239615304583, "tc": -0.527266978567259, "td": 0.45718353931477246}}, {"target": 0.46726051614152914, "params": {"ta": 0.24162050672834873, "tb": -0.04022142017108954, "tc": 0.22817638570655407, "td": 0.5874851856045913}}, {"target": 0.6355715863638027, "params": {"ta": -0.09837666901507042, "tb": -0.19924467169608073, "tc": -0.50341327725742, "td": 0.3365246460410591}}, {"target": 0.4078005573423579, "params": {"ta": 0.4748170577074832, "tb": -0.2735995351948922, "tc": 0.19959466762755917, "td": -0.22712165470003404}}, {"target": 0.6808151104045916, "params": {"ta": 0.4000536820336093, "tb": -0.08065805958752803, "tc": -0.0650363755645389, "td": 0.38561172560434004}}, {"target": 0.6908056510381407, "params": {"ta": 0.2974207397397481, "tb": 0.020181993594165393, "tc": -0.6274040816917388, "td": 0.3710408178988858}}, {"target": 0.515167648065961, "params": {"ta": 0.6548562489478484, "tb": -0.4088891146694268, "tc": -0.06921070225472248, "td": -0.04612781497325619}}, {"target": 0.7823975374538217, "params": {"ta": 0.41204353772410945, "tb": -0.43118302481548954, "tc": -0.1431075827277387, "td": 0.2811251586726448}}, {"target": 0.45698261324381595, "params": {"ta": 0.5469591136886598, "tb": 0.17890082739343005, "tc": 0.22561064507803352, "td": -0.2517858960947727}}, {"target": 0.8213011090239886, "params": {"ta": 0.18122538164254293, "tb": -0.42551659517681717, "tc": -0.24313264924222877, "td": 0.6276869871629249}}, {"target": 0.8066153696958955, "params": {"ta": 0.2680473298368969, "tb": -0.11567708114806474, "tc": -0.4745378822672327, "td": 0.32857253625835475}}, {"target": 0.5809666708991441, "params": {"ta": 0.6406217598887143, "tb": -0.6621169820297728, "tc": -0.17038058559872526, "td": 0.6697441333492447}}, {"target": 0.546897433277733, "params": {"ta": -0.1685506393890865, "tb": -0.20175333141555174, "tc": -0.5447459308191386, "td": 0.21965860706209245}}, {"target": 0.821616789167618, "params": {"ta": 0.6361638998840071, "tb": -0.12964508897937566, "tc": -0.40346317851046387, "td": 0.051907894262659904}}, {"target": 0.7715088577605895, "params": {"ta": -0.05392288317867128, "tb": -0.2581908287840238, "tc": -0.3144304549455331, "td": 0.13478431294569554}}, {"target": 0.454257479743197, "params": {"ta": 0.5327694549171655, "tb": 0.16152957904318088, "tc": 0.1301147417398255, "td": 0.14898624297903157}}, {"target": 0.6705659054922057, "params": {"ta": 0.5248810989016706, "tb": -0.3731775604174915, "tc": -0.11259999671661336, "td": 0.523030597693585}}, {"target": 0.4081196359682982, "params": {"ta": -0.15399672882931031, "tb": -0.16471945902248109, "tc": -0.5936898823102971, "td": -0.19227693851986888}}, {"target": 0.7293663082517448, "params": {"ta": 0.7307815947790512, "tb": 0.23970204909828163, "tc": -0.7602979509017184, "td": -0.2692184052209488}}, {"target": 0.7240772971771863, "params": {"ta": -0.2692184052209488, "tb": -0.7602979509017184, "tc": 0.23970204909828163, "td": 0.5924208980109935}}, {"target": 0.8724860421917142, "params": {"ta": -0.2089664851944975, "tb": 0.22057780935052296, "tc": 0.2158492838296059, "td": -0.2645255460657571}}, {"target": 0.8718471004460864, "params": {"ta": 0.035565376000407954, "tb": -0.4908045655479351, "tc": -0.06580015025423477, "td": 0.43657129197049654}}, {"target": 0.8694327456581474, "params": {"ta": -0.2692184052209488, "tb": 0.027260408725039664, "tc": 0.23970204909828163, "td": -0.011141617358244212}}, {"target": 0.8750904095024581, "params": {"ta": 0.010738609169274143, "tb": -0.7602979509017184, "tc": -0.09983961585287583, "td": 0.7307815947790512}}, {"target": 0.8702845386312772, "params": {"ta": -0.10349889916056021, "tb": 0.10997190111767927, "tc": 0.10528234985132622, "td": -0.13397077954778697}}, {"target": 0.8420755151005743, "params": {"ta": 0.7307815947790512, "tb": -0.058852076619849945, "tc": -0.7602979509017184, "td": 0.20184296730318566}}, {"target": 0.8723750266543666, "params": {"ta": 0.04281050420066127, "tb": -0.6496041349922497, "tc": -0.11180384969073612, "td": 0.5843575012691492}}, {"target": 0.8231770003383476, "params": {"ta": -0.2692184052209488, "tb": 0.04296649688716613, "tc": 0.23970204909828163, "td": -0.2692184052209488}}, {"target": 0.8589986525335996, "params": {"ta": -0.2529782268801219, "tb": 0.198801729611926, "tc": 0.2349535961186554, "td": -0.03428684582971403}}, {"target": 0.8518266281232345, "params": {"ta": -0.1960561339983337, "tb": -0.20650450921808772, "tc": 0.12640156159305616, "td": 0.24868932629634385}}, {"target": 0.8752354798488389, "params": {"ta": 0.104272079299616, "tb": -0.2711448841108493, "tc": -0.14192366789609528, "td": 0.2837422942660213}}, {"target": 0.8707556171994115, "params": {"ta": 0.2016103990599029, "tb": -0.06134909650610426, "tc": -0.2387302904588866, "td": 0.03138823622521652}}, {"target": 0.8737476371225334, "params": {"ta": 0.33640724796195637, "tb": -0.20410645959872792, "tc": -0.39547249528387973, "td": 0.13872519332938513}}, {"target": 0.8599338823019854, "params": {"ta": -0.09330615834605215, "tb": 0.23970204909828163, "tc": 0.23970204909828163, "td": -0.22774155067084234}}, {"target": 0.8693873185993019, "params": {"ta": -0.07088066356350789, "tb": 0.23970204909828163, "tc": 0.04284984670557313, "td": -0.2692184052209488}}, {"target": 0.8671570693631587, "params": {"ta": 0.5467774123059296, "tb": -0.1772254459685922, "tc": -0.6065912874819592, "td": 0.14481365413835648}}, {"target": 0.8728324498601977, "params": {"ta": 0.14870842459706266, "tb": -0.40189223987627665, "tc": -0.22541320982426416, "td": 0.37089770999502675}}, {"target": 0.8712550784280222, "params": {"ta": 0.7307815947790512, "tb": -0.15736396761547014, "tc": -0.7602979509017184, "td": -0.03064834491370304}}, {"target": 0.8656857378947536, "params": {"ta": -0.09854251326196177, "tb": -0.07099604023908529, "tc": 0.07237259692350353, "td": 0.07867402680193643}}, {"target": 0.8570111322439471, "params": {"ta": 0.5740824460629408, "tb": -0.08547766147523239, "tc": -0.7307714882903911, "td": -0.01511968995883789}}, {"target": 0.8561721812566014, "params": {"ta": 0.7307815947790512, "tb": -0.22737779413956125, "tc": -0.7602979509017184, "td": 0.09834370656948378}}, {"target": 0.8618056881847371, "params": {"ta": -0.125609060043575, "tb": -0.7434113747531701, "tc": -0.12831327050669955, "td": 0.7307815947790512}}, {"target": 0.8690834689242961, "params": {"ta": 0.026046321422101497, "tb": -0.6795125375132163, "tc": -0.17268205248627533, "td": 0.7307815947790512}}, {"target": 0.8757593909074577, "params": {"ta": 0.20116723764074285, "tb": -0.2172001331592871, "tc": -0.2572990271392925, "td": 0.1989468635297628}}, {"target": 0.872567307456269, "params": {"ta": -0.17944868218452206, "tb": 0.23970204909828163, "tc": 0.13721688142006924, "td": -0.18927753943567674}}, {"target": 0.8726891655423896, "params": {"ta": 0.02272228727685678, "tb": -0.3991906780414283, "tc": -0.12252505604996189, "td": 0.44288888807244847}}, {"target": 0.8745236646187716, "params": {"ta": 0.34331100508366236, "tb": -0.08668252309109792, "tc": -0.37806734785618135, "td": 0.06022432231325491}}, {"target": 0.8747361582478176, "params": {"ta": 0.7307815947790512, "tb": -0.06199074699961511, "tc": -0.7602979509017184, "td": 0.0162692343431186}}, {"target": 0.8721197775314711, "params": {"ta": 0.08940457882114002, "tb": -0.13571213468105942, "tc": -0.11811177775671719, "td": 0.13530014495014347}}, {"target": 0.8748815386326548, "params": {"ta": -0.2692184052209488, "tb": 0.23970204909828163, "tc": 0.23970204909828163, "td": -0.20725008458553193}}, {"target": 0.8751279447078287, "params": {"ta": 0.0864515561617153, "tb": -0.5078357687236145, "tc": -0.14572903101345622, "td": 0.4963680839974802}}, {"target": 0.8741095683662423, "params": {"ta": 0.4782425829639313, "tb": -0.1469507229314479, "tc": -0.5175349517136926, "td": 0.0452909503013861}}, {"target": 0.8655889159018049, "params": {"ta": 0.07758907812422194, "tb": 0.052155877192343936, "tc": -0.09825674424642594, "td": -0.06391749960204768}}, {"target": 0.8752532681408803, "params": {"ta": 0.08547849754415426, "tb": -0.38896774543542506, "tc": -0.1240933109450187, "td": 0.3546896553511386}}, {"target": 0.8749607510679812, "params": {"ta": 0.4294102227227776, "tb": -0.12953300544914695, "tc": -0.46709737521492634, "td": 0.11711505107993854}}, {"target": 0.8747311740683422, "params": {"ta": -0.00588797616196285, "tb": -0.5515655689047834, "tc": -0.11015797130484925, "td": 0.5535183234845185}}, {"target": 0.875564931617007, "params": {"ta": -0.0098874033186237, "tb": -0.6813562244973635, "tc": -0.0805191240074183, "td": 0.696363591742868}}, {"target": 0.8755639383863132, "params": {"ta": 0.2652352373111426, "tb": -0.1429594303479852, "tc": -0.3092174861991383, "td": 0.12999518163540383}}, {"target": 0.8735092293101137, "params": {"ta": 0.7307815947790512, "tb": -0.08813405012655187, "tc": -0.701193103357795, "td": -0.01886909734521442}}, {"target": 0.8749729631649059, "params": {"ta": -0.21789827175070955, "tb": 0.1617590047368937, "tc": 0.23970204909828163, "td": -0.14311952790354032}}, {"target": 0.8701034854562382, "params": {"ta": -0.0021279594173620854, "tb": -0.2723959865461265, "tc": -0.03466380708839893, "td": 0.2642876983365726}}, {"target": 0.8760424063425856, "params": {"ta": 0.5657579516270422, "tb": -0.1036283565100045, "tc": -0.5873437494042556, "td": 0.052946049441430595}}, {"target": 0.874826663823387, "params": {"ta": 0.20413301112661383, "tb": -0.2947324097994899, "tc": -0.24021184018548908, "td": 0.28370500987651887}}, {"target": 0.8738330595999294, "params": {"ta": -0.012325788861253427, "tb": -0.7140033717941235, "tc": -0.1250016297873404, "td": 0.6754556784424248}}, {"target": 0.8615698301419428, "params": {"ta": -0.17190149596625562, "tb": 0.0009692655949220025, "tc": 0.23970204909828163, "td": 0.008867530120179884}}, {"target": 0.8737390755324146, "params": {"ta": 0.03871261896559328, "tb": -0.4784855262581568, "tc": -0.1439238065576763, "td": 0.4386122221996949}}, {"target": 0.8756447976311481, "params": {"ta": 0.7307815947790512, "tb": -0.11307983500665944, "tc": -0.7478592407649398, "td": 0.030205616283206928}}, {"target": 0.8752305492886414, "params": {"ta": 0.15405089473620134, "tb": -0.2578028317671859, "tc": -0.17924735878547696, "td": 0.21691749647582967}}, {"target": 0.8754200867095183, "params": {"ta": 0.03776635040755634, "tb": -0.5965883038318328, "tc": -0.10472822785992715, "td": 0.617476979344328}}, {"target": 0.8722818954410212, "params": {"ta": -0.21621903131495576, "tb": 0.1066496492684453, "tc": 0.18033778387693583, "td": -0.08428303956200242}}, {"target": 0.875692127219774, "params": {"ta": -0.21450437958728344, "tb": 0.23970204909828163, "tc": 0.23970204909828163, "td": -0.2048924833512487}}, {"target": 0.8755595435220815, "params": {"ta": 0.09892178049778348, "tb": -0.4195900744131127, "tc": -0.13857340568756893, "td": 0.42362079549915943}}, {"target": 0.8758189979345288, "params": {"ta": 0.38942581746924654, "tb": -0.1383399018920855, "tc": -0.40140481055828575, "td": 0.0837401950423778}}, {"target": 0.8759778875273275, "params": {"ta": 0.12432640684041578, "tb": -0.32861150812864687, "tc": -0.18244177305752016, "td": 0.3174848079754462}}, {"target": 0.8756533932669268, "params": {"ta": 0.2757707492905582, "tb": -0.2147446466073278, "tc": -0.3048146438592514, "td": 0.17926571565746705}}, {"target": 0.8759393857899005, "params": {"ta": 0.042341755554709724, "tb": -0.5126611651773371, "tc": -0.10177250503699715, "td": 0.5177247555321246}}, {"target": 0.8759958170665318, "params": {"ta": 0.6795539236382645, "tb": -0.09710256771527695, "tc": -0.7085718796267131, "td": 0.016820505781578315}}, {"target": 0.8753469466491743, "params": {"ta": 0.21268877517825266, "tb": -0.17286450844542287, "tc": -0.23717389364627592, "td": 0.13585766218126574}}, {"target": 0.8756122672423547, "params": {"ta": 0.31109242842820084, "tb": -0.15280961461651665, "tc": -0.3368100167682423, "td": 0.0993005735827412}}, {"target": 0.8758489512620569, "params": {"ta": 0.5110381891289923, "tb": -0.1182548483345331, "tc": -0.5259540465817331, "td": 0.07701215554999759}}, {"target": 0.8756679587278999, "params": {"ta": 0.42023276115022373, "tb": -0.11191850776394113, "tc": -0.45905880013809747, "td": 0.062348787326957714}}, {"target": 0.875748884237338, "params": {"ta": -0.20783084478837313, "tb": 0.20348416051117488, "tc": 0.20265888106597932, "td": -0.1882350568092348}}, {"target": 0.8754022748550092, "params": {"ta": 0.03174777302651126, "tb": -0.6937672125721658, "tc": -0.10281552123200018, "td": 0.6963446130377001}}, {"target": 0.8759350648479187, "params": {"ta": 0.34285478469702635, "tb": -0.14642051859032298, "tc": -0.37336182051074557, "td": 0.1267820723912391}}, {"target": 0.8755396982364771, "params": {"ta": 0.15910795548166615, "tb": -0.2051085176910556, "tc": -0.19579603211595392, "td": 0.20699722073097773}}, {"target": 0.8757545398036997, "params": {"ta": 0.6179277214278651, "tb": -0.11698645869605057, "tc": -0.6318137198122696, "td": 0.02213561982069876}}, {"target": 0.8756629617869991, "params": {"ta": -0.16264154870026482, "tb": 0.23970204909828163, "tc": 0.17075721628407156, "td": -0.23405285025935793}}, {"target": 0.8759589567334622, "params": {"ta": -0.009944278443988938, "tb": -0.7164835771001418, "tc": -0.10033649403134651, "td": 0.7307815947790512}}, {"target": 0.8757536550219102, "params": {"ta": 0.6292366192453489, "tb": -0.08287277841582572, "tc": -0.6455420031612983, "td": 0.034055211193140436}}, {"target": 0.8759214075700412, "params": {"ta": 0.042920443074741944, "tb": -0.5578440778380124, "tc": -0.12714710545124513, "td": 0.5536858816646496}}, {"target": 0.8759989960009991, "params": {"ta": 0.09060698584415429, "tb": -0.36301540614897637, "tc": -0.15058919098907442, "td": 0.36535778242816497}}, {"target": 0.8760981980955038, "params": {"ta": 0.055551415142938536, "tb": -0.46682450363193345, "tc": -0.1171202055872461, "td": 0.4666888657544851}}, {"target": 0.8759773352267983, "params": {"ta": 0.46251944274955653, "tb": -0.11671163793796935, "tc": -0.4721163588089539, "td": 0.06696677422379796}}, {"target": 0.8756133932269661, "params": {"ta": 0.13443435023772862, "tb": -0.3411564772318703, "tc": -0.1604608929272519, "td": 0.33318730354074005}}, {"target": 0.8757954139757212, "params": {"ta": 0.7307815947790512, "tb": -0.09747349161923335, "tc": -0.7602979509017184, "td": -0.004223003874564143}}, {"target": 0.8760992651493495, "params": {"ta": 0.1552117733661551, "tb": -0.2708530168105417, "tc": -0.20045168344774167, "td": 0.2606013862051302}}, {"target": 0.8757231175558419, "params": {"ta": 0.6085728360040252, "tb": -0.11223591350547513, "tc": -0.6439019277345785, "td": 0.04914997832338283}}, {"target": 0.8760097698915217, "params": {"ta": 0.0073476870295449545, "tb": -0.6413922695076043, "tc": -0.10981251365569693, "td": 0.6471209811586003}}, {"target": 0.8759945525204598, "params": {"ta": 0.206517187094