{"all": [{"target": 0.7260475233393636, "params": {"ta": 0.7574405896755083, "tb": -0.13969807601218642, "tc": -0.5455511929853641, "td": 0.5030961925449243}}, {"target": 0.78374131794439, "params": {"ta": 0.11039556903373604, "tb": -0.19627728037216496, "tc": -0.046162434948904485, "td": 0.6266140398029412}}, {"target": 0.9954608874601933, "params": {"ta": 0.5681709990804109, "tb": -0.22352358309815146, "tc": -0.5198556334665961, "td": 0.0816921425741417}}, {"target": 0.705254712301519, "params": {"ta": 0.6128117315332475, "tb": 0.12380875742194819, "tc": -0.17816470192720046, "td": 0.11459540939067436}}, {"target": 0.6925085841169021, "params": {"ta": 0.5679833983174837, "tb": -0.04498915746838672, "tc": -0.055376790607940096, "td": 0.18640583547575096}}, {"target": 0.2830658101993233, "params": {"ta": 0.7763240873435328, "tb": -0.051160208577026856, "tc": 0.16302275164829072, "td": 0.2650580077933212}}, {"target": 0.6786836946072605, "params": {"ta": 0.4772386844913553, "tb": 0.043908647703075676, "tc": -0.22406443576712465, "td": 0.4262574132351947}}, {"target": 0.8766135192055042, "params": {"ta": 0.31931006080557145, "tb": -0.1307918397258827, "tc": -0.5743773119617994, "td": 0.39563532728087936}}, {"target": 0.6797905355706816, "params": {"ta": 0.635476298600132, "tb": -0.6151794118394945, "tc": -0.5616785146348268, "td": 0.6834964094559933}}, {"target": 0.709340437793891, "params": {"ta": 0.4980934405719939, "tb": -0.08105282482117582, "tc": -0.41730875948043555, "td": 0.5812113094048467}}, {"target": 0.9147897245614393, "params": {"ta": -0.05956187798938406, "tb": 0.05539513120806949, "tc": 0.03968426722467877, "td": 0.1719728827536402}}, {"target": 0.8366819763956279, "params": {"ta": 0.6417776710135388, "tb": -0.5301785976905256, "tc": -0.46286828143667036, "td": -0.033992474774198755}}, {"target": 0.847401136114856, "params": {"ta": 0.3685218504020621, "tb": -0.28550230442262237, "tc": -0.8066065149357616, "td": 0.2682890005148232}}, {"target": 0.7044458447814641, "params": {"ta": 0.7485335439690373, "tb": -0.3372889225099004, "tc": -0.25501051938174424, "td": 0.3810639875831192}}, {"target": 0.8536775604720603, "params": {"ta": 0.1299554921972934, "tb": 0.12655601924339888, "tc": -0.16175028481702247, "td": 0.1968669851758259}}, {"target": 0.5525269743553628, "params": {"ta": 0.5090530139223918, "tb": -0.626620047775772, "tc": -0.02789761087611764, "td": -0.04580702990761132}}, {"target": 0.6884471368870645, "params": {"ta": 0.5176527451493623, "tb": -0.7788932378415268, "tc": -0.02354535968381921, "td": 0.3743395905523237}}, {"target": 0.8351397931029895, "params": {"ta": 0.19225500319903666, "tb": -0.2706250303783373, "tc": -0.6694456594152173, "td": 0.36085707389601074}}, {"target": 0.5677246253308211, "params": {"ta": 0.14930885116328774, "tb": 0.0488509454795053, "tc": -0.7720231762604904, "td": -0.20418182480149094}}, {"target": 0.7288989375566798, "params": {"ta": 0.7246496780715963, "tb": -0.6201029474653788, "tc": -0.30455385285288117, "td": 0.16989225734502345}}, {"target": 0.8420731289008553, "params": {"ta": -0.16680774097689655, "tb": -0.253862648682157, "tc": -0.27307642728141734, "td": 0.47272364146335155}}, {"target": 0.7575405188700103, "params": {"ta": 0.09322021770265143, "tb": -0.15616340410052376, "tc": -0.41797933212975935, "td": -0.21265080565667627}}, {"target": 0.6283427804400301, "params": {"ta": 0.6037024727329475, "tb": -0.205049077330548, "tc": -0.09723095899846035, "td": 0.484492832922808}}, {"target": 0.9148346372696081, "params": {"ta": 0.32679363062034783, "tb": -0.006732945330191753, "tc": -0.4186475247259507, "td": -0.18220548586348373}}, {"target": 0.5528561858626515, "params": {"ta": 0.513012563777678, "tb": -0.32520353535919266, "tc": 0.03176016457183428, "td": 0.7060219463796583}}, {"target": 0.8801065134847093, "params": {"ta": 0.40241612833441043, "tb": -0.4709247269764538, "tc": -0.1467694929582578, "td": 0.5338638816573507}}, {"target": 0.9367001071025833, "params": {"ta": 0.057164540098893935, "tb": 0.041905170624917276, "tc": 0.10182800808633907, "td": -0.1406336804485342}}, {"target": 0.8346547151466575, "params": {"ta": 0.2302927963845316, "tb": -0.44730032925287255, "tc": 0.01052602952515358, "td": 0.6857325376586415}}, {"target": 0.642917540246941, "params": {"ta": 0.05606061079854496, "tb": -0.739618510425691, "tc": -0.5898982957947818, "td": 0.1832676950748331}}, {"target": 0.9377245380597384, "params": {"ta": 0.2803088851592368, "tb": -0.01461631642820016, "tc": -0.2978337207606253, "td": 0.17969801505748373}}, {"target": 0.9531022717548406, "params": {"ta": 0.3406250501212491, "tb": -0.5230715409613887, "tc": -0.33569054641219453, "td": 0.24460897914512392}}, {"target": 0.8974428479521527, "params": {"ta": 0.4884653281121497, "tb": -0.19234600048070727, "tc": -0.7902089196487758, "td": -0.05480745152969124}}, {"target": 0.4201014157871661, "params": {"ta": 0.08159033976724794, "tb": 0.04977317064078923, "tc": 0.00941220124506692, "td": 0.7765218867443385}}, {"target": 0.6459804757260171, "params": {"ta": 0.2963280929743505, "tb": 0.13771202450805542, "tc": -0.11743858993805678, "td": 0.4086083134728591}}, {"target": 0.48895293930024236, "params": {"ta": 0.715349684673817, "tb": -0.7165698774620053, "tc": -0.7588675779286999, "td": 0.7175021174326927}}, {"target": 0.7215156781150421, "params": {"ta": 0.18514540934799617, "tb": -0.5672812242155767, "tc": 0.012365508055946606, "td": 0.044028085064908296}}, {"target": 0.9280817338380305, "params": {"ta": 0.3052327069436659, "tb": -0.08445329277215441, "tc": -0.3432725955500384, "td": -0.15260499044150333}}, {"target": 0.834852915538141, "params": {"ta": 0.5411553111258837, "tb": -0.47712016680842395, "tc": -0.49908929728799745, "td": 0.5813401960286336}}, {"target": 0.7024408895213109, "params": {"ta": 0.3307135834376984, "tb": -0.5635637391435918, "tc": -0.5436435477995266, "td": -0.12466992304583291}}, {"target": 0.7763719284630852, "params": {"ta": 0.6626576576892734, "tb": -0.309299088599289, "tc": -0.3830979419474245, "td": 0.4970887135506846}}, {"target": 0.5816138788412565, "params": {"ta": -0.2196271782179665, "tb": -0.5224328111350333, "tc": -0.5362207514811367, "td": 0.2251051235250915}}, {"target": 0.9590594444730399, "params": {"ta": 0.20515027987676693, "tb": -0.2400037164715928, "tc": -0.2848665359738043, "td": 0.4068990247958659}}, {"target": 0.7411201357697685, "params": {"ta": 0.5564025663550467, "tb": -0.6349899746520449, "tc": -0.08115053602402145, "td": 0.35836276683870993}}, {"target": 0.5370687673949683, "params": {"ta": 0.7755076110230011, "tb": -0.4891925128436535, "tc": -0.5446987149667375, "td": 0.750061576477347}}, {"target": 0.8115136378163154, "params": {"ta": 0.5917594728249252, "tb": -0.5530906334371031, "tc": -0.2360800001888156, "td": 0.21758914377622718}}, {"target": 0.555722402093215, "params": {"ta": 0.11282891126094452, "tb": 0.1536298021269803, "tc": -0.16435104640196008, "td": 0.5531140321119744}}, {"target": 0.8341927490154112, "params": {"ta": -0.20801938722520819, "tb": -0.15420101623273108, "tc": -0.20432515949837138, "td": 0.17266874408333943}}, {"target": 0.6403665233783329, "params": {"ta": 0.6986204381588912, "tb": -0.776795335746224, "tc": -0.33009444832213775, "td": 0.6383333441905995}}, {"target": 0.7371880984903978, "params": {"ta": 0.32202038313590475, "tb": -0.2672776825167652, "tc": 0.16255724748410316, "td": 0.2688717645872759}}, {"target": 0.6991604057081774, "params": {"ta": 0.08710463074847463, "tb": -0.4493532224991271, "tc": -0.45497584157369975, "td": -0.06988066996862818}}, {"target": 0.8163028985030161, "params": {"ta": 0.22659922736724158, "tb": -0.31883758331679335, "tc": 0.129901965649441, "td": 0.3895669723608264}}, {"target": 0.3599630930245868, "params": {"ta": -0.15227332991481668, "tb": -0.7358823530157399, "tc": -0.8014779873010985, "td": 0.16500126625447753}}, {"target": 0.9685840978975571, "params": {"ta": 0.1302924210009, "tb": -0.38449123482334446, "tc": -0.06603797065024353, "td": 0.32148128967474543}}, {"target": 0.8526555239365674, "params": {"ta": 0.7088538702633459, "tb": -0.46503002535070825, "tc": -0.5578639299260163, "td": 0.37485948562715754}}, {"target": 0.8183327029944051, "params": {"ta": 0.4362404219901136, "tb": -0.5726483908157851, "tc": -0.5481606518268811, "td": 0.6741765443610453}}, {"target": 0.6833707233280115, "params": {"ta": 0.02842107226651669, "tb": -0.09046810328569055, "tc": -0.6477760434291406, "td": 0.21367969566676648}}, {"target": 0.7416304563502112, "params": {"ta": 0.7338527336626259, "tb": -0.5293378028073152, "tc": -0.27048709519448666, "td": 0.27275372476022786}}, {"target": 0.6453527647484567, "params": {"ta": 0.21910473999320257, "tb": -0.6148065146062154, "tc": -0.6396778697750357, "td": -0.031764475647799606}}, {"target": 0.9738835091255003, "params": {"ta": 0.03967747392088028, "tb": -0.2666373839780216, "tc": -0.1662222257247341, "td": 0.2322182200644637}}, {"target": 0.7418844572584485, "params": {"ta": 0.6346990270326724, "tb": -0.7512037344165684, "tc": -0.4139121327924632, "td": 0.49898842521808295}}, {"target": 0.7079379895938805, "params": {"ta": 0.576352813178613, "tb": -0.6689751290584817, "tc": -0.13566936759195736, "td": 0.21225744760563214}}, {"target": 0.7918397995759178, "params": {"ta": 0.5415516991004363, "tb": -0.6539041464295203, "tc": -0.7805102596357686, "td": 0.2791058826637326}}, {"target": 0.6258251170490763, "params": {"ta": 0.5966458384649769, "tb": 0.060412788941719975, "tc": -0.1632363785266111, "td": 0.3303125127813793}}, {"target": 0.6476424728646963, "params": {"ta": 0.468013084689504, "tb": -0.14583305295044424, "tc": -0.45273604086028163, "td": 0.7136976347951851}}, {"target": 0.873748898868362, "params": {"ta": -0.22104784516907783, "tb": -0.8369472907561628, "tc": 0.07291427839398505, "td": 0.7789521548309222}}, {"target": 0.9280260347192865, "params": {"ta": 0.7789521548309222, "tb": -0.03786878833785166, "tc": -0.7299840308015545, "td": -0.22104784516907783}}, {"target": 0.9990462980329918, "params": {"ta": 0.06773924504607745, "tb": -0.5921609627031844, "tc": -0.21675340089978698, "td": 0.5561951531760361}}, {"target": 0.9674503151047079, "params": {"ta": -0.22104784516907783, "tb": 0.1630527092438372, "tc": 0.1630527092438372, "td": -0.22104784516907783}}, {"target": 0.9963172259712002, "params": {"ta": 0.7789521548309222, "tb": -0.2359240349625881, "tc": -0.8181152271418428, "td": 0.03164913332037051}}, {"target": 0.9206298823969469, "params": {"ta": -0.22104784516907783, "tb": -0.11605272314249739, "tc": 0.1630527092438372, "td": -0.028549915596867037}}, {"target": 0.9539760340143513, "params": {"ta": 0.7789521548309222, "tb": -0.0003213400133417004, "tc": -0.8369472907561628, "td": 0.07297386008815716}}, {"target": 0.9995115584272138, "params": {"ta": 0.3774201302289428, "tb": -0.2808758273901664, "tc": -0.4010932811454964, "td": 0.21350505169115916}}, {"target": 0.956283119295513, "params": {"ta": -0.09384348993705224, "tb": -0.5328264053217215, "tc": -0.02818644365818542, "td": 0.5038288407649831}}, {"target": 0.999480728943153, "params": {"ta": 0.15922322341256948, "tb": -0.47551421839985325, "tc": -0.2752575763170531, "td": 0.44293393413595983}}, {"target": 0.998265068241984, "params": {"ta": 0.7072305199673918, "tb": -0.17890091498164123, "tc": -0.6823663651367589, "td": 0.04219470868270016}}, {"target": 0.9968465003360021, "params": {"ta": 0.004540728350478885, "tb": -0.7481776893641465, "tc": -0.24673700156824593, "td": 0.7789521548309222}}, {"target": 0.9590228355077417, "params": {"ta": -0.11313284585524881, "tb": -0.6196344201143804, "tc": -0.2363541678292285, "td": 0.7789521548309222}}, {"target": 0.9700041915559988, "params": {"ta": -0.046171127284429715, "tb": -0.8369472907561628, "tc": -0.2435569435105965, "td": 0.6837082236627522}}, {"target": 0.9951698652504971, "params": {"ta": 0.054262067513279125, "tb": -0.7301377267495137, "tc": -0.14203661884538582, "td": 0.7059531430085939}}, {"target": 0.9904591044828557, "params": {"ta": 0.12460160118979742, "tb": -0.6992467637345764, "tc": -0.27715914519842305, "td": 0.6671051332842123}}, {"target": 0.9966914125362827, "params": {"ta": 0.2485523889520733, "tb": -0.3127038788000381, "tc": -0.2651801547170585, "td": 0.25461057462018494}}, {"target": 0.9933165209284612, "params": {"ta": 0.6119082763054561, "tb": -0.277416485734855, "tc": -0.658535769441861, "td": 0.12894995474360377}}, {"target": 0.9950577814519366, "params": {"ta": 0.3164900523917225, "tb": -0.3928225088880414, "tc": -0.3742792560953522, "td": 0.34731283832942966}}, {"target": 0.9947896548773446, "params": {"ta": 0.45062871062265325, "tb": -0.15934427533611142, "tc": -0.4830900586566725, "td": 0.10093260965757377}}, {"target": 0.9904308101556422, "params": {"ta": 0.7789521548309222, "tb": -0.26725378707955505, "tc": -0.7478826008002892, "td": -0.05858795151748461}}, {"target": 0.9984856133542848, "params": {"ta": 0.022968845738167647, "tb": -0.6591854492341819, "tc": -0.20900304667134686, "td": 0.6855785790616519}}, {"target": 0.9953167087532896, "params": {"ta": 0.0832383772142936, "tb": -0.4538470043940006, "tc": -0.17756507705073094, "td": 0.461841936660539}}, {"target": 0.9917035439914964, "params": {"ta": 0.07334998132496041, "tb": -0.8369472907561628, "tc": -0.20032536825696765, "td": 0.7789521548309222}}, {"target": 0.9973530619803731, "params": {"ta": 0.48087886373415967, "tb": -0.2772257300252178, "tc": -0.515204445396304, "td": 0.19144716036385512}}, {"target": 0.9993686483376387, "params": {"ta": 0.1859390120103899, "tb": -0.40004405136222354, "tc": -0.25448492134597434, "td": 0.35290096221987505}}, {"target": 0.9965884109667517, "params": {"ta": 0.7157856512803811, "tb": -0.1945165848900086, "tc": -0.77143995020675, "td": -0.002486870896553449}}, {"target": 0.996780825996053, "params": {"ta": 0.16188448756264126, "tb": -0.5505708126254397, "tc": -0.215266799109619, "td": 0.4972122068717072}}, {"target": 0.9969518242976502, "params": {"ta": 0.5839911803133446, "tb": -0.1694684891282056, "tc": -0.6129680236500534, "td": 0.0985588903265585}}, {"target": 0.9983376207713895, "params": {"ta": 0.6247754437581067, "tb": -0.21703831213837585, "tc": -0.6372825582930243, "td": 0.026452557960922603}}, {"target": 0.9969998861601235, "params": {"ta": 0.11127493219154029, "tb": -0.5502516040861973, "tc": -0.23487575403415437, "td": 0.581272590654462}}, {"target": 0.9989428540477703, "params": {"ta": 0.27470371334207666, "tb": -0.31390604665906197, "tc": -0.36132252256362457, "td": 0.26056559554868336}}, {"target": 0.9993553289562344, "params": {"ta": 0.7789521548309222, "tb": -0.18005206325789658, "tc": -0.7638622807914998, "td": 0.00014308566098546795}}, {"target": 0.9989924327760544, "params": {"ta": -0.0023847417102933347, "tb": -0.7628794571184978, "tc": -0.17324689927383055, "td": 0.7789521548309222}}, {"target": 0.9941217708281654, "params": {"ta": 0.05737368217165451, "tb": -0.7258751287173375, "tc": -0.1986938670307198, "td": 0.7789521548309222}}, {"target": 0.9960690793654354, "params": {"ta": 0.3205011117238173, "tb": -0.22215632290713427, "tc": -0.35178575167873216, "td": 0.15603890039059534}}, {"target": 0.9992053920161309, "params": {"ta": 0.5025732941442551, "tb": -0.23815356534836113, "tc": -0.5466799223589756, "td": 0.10430894448351324}}, {"target": 0.9982265090393164, "params": {"ta": 0.7424770933856744, "tb": -0.2369902496504929, "tc": -0.732191878939075, "td": 0.03682446453638505}}, {"target": 0.9991956253327916, "params": {"ta": 0.07647662128824134, "tb": -0.6372705288201849, "tc": -0.18693022717449376, "td": 0.6163660177833974}}, {"target": 0.9994802893601521, "params": {"ta": 0.027986345978832247, "tb": -0.7469731693275786, "tc": -0.20588683632789695, "td": 0.7194138631410796}}, {"target": 0.998922265234377, "params": {"ta": 0.22851935447825542, "tb": -0.4336409048629547, "tc": -0.28911995714652267, "td": 0.39057740459406604}}, {"target": 0.9996456626559241, "params": {"ta": 0.43122631555124386, "tb": -0.2516622484948809, "tc": -0.4543377497491957, "td": 0.14361063780373054}}, {"target": 0.9999749309394939, "params": {"ta": 0.24335515252473797, "tb": -0.36673075689952767, "tc": -0.3142258705976727, "td": 0.31889867217775036}}, {"target": 0.9988401717669896, "params": {"ta": 0.39189561234549675, "tb": -0.24223492205892683, "tc": -0.4508841020270275, "td": 0.1852616975975065}}, {"target": 0.9993449824593056, "params": {"ta": 0.48656982608918725, "tb": -0.22386269256372027, "tc": -0.5015581563906415, "td": 0.1432412573682606}}, {"target": 0.9996687328852008, "params": {"ta": 0.6029082096975112, "tb": -0.22689668019074774, "tc": -0.6091224252913184, "td": 0.08711363270609485}}, {"target": 0.9994279111767006, "params": {"ta": 0.304390311595504, "tb": -0.32665206132946456, "tc": -0.33807048122532196, "td": 0.2745673626225188}}, {"target": 0.9980088331351168, "params": {"ta": 0.13689894210692655, "tb": -0.5705010975017736, "tc": -0.2687050646585149, "td": 0.5276227642924213}}, {"target": 0.9991651749393197, "params": {"ta": 0.3515553163801734, "tb": -0.3211480033432278, "tc": -0.4107647408860391, "td": 0.2275702963128141}}, {"target": 0.9995501361685423, "params": {"ta": 0.6566007528731, "tb": -0.20639652325956065, "tc": -0.6845925140897573, "td": 0.06298870753676267}}, {"target": 0.9999365238155211, "params": {"ta": 0.11545040184895772, "tb": -0.5196000937041542, "tc": -0.2302752058567817, "td": 0.49705627249903384}}, {"target": 0.9994583089863288, "params": {"ta": 0.1628767102939946, "tb": -0.450704767705226, "tc": -0.23725367856178012, "td": 0.4327039248117179}}, {"target": 0.9996632169132367, "params": {"ta": 0.05915791877033106, "tb": -0.6622171537758866, "tc": -0.2215066757002166, "td": 0.6377063748870866}}, {"target": 0.998806036983975, "params": {"ta": 0.02385152694471173, "tb": -0.680142872891423, "tc": -0.1811788022050273, "td": 0.6575509903064419}}, {"target": 0.9992678566038721, "params": {"ta": 0.148931503281819, "tb": -0.4805247180109005, "tc": -0.2404315148851734, "td": 0.42403267438301717}}, {"target": 0.9998435958445986, "params": {"ta": 0.3262482376394827, "tb": -0.28854088329852656, "tc": -0.3714815193763487, "td": 0.218478845721947}}, {"target": 0.9996993484456226, "params": {"ta": 0.0011489651056398906, "tb": -0.7965568349665638, "tc": -0.20258374219498868, "td": 0.7789521548309222}}, {"target": 0.9998737664165529, "params": {"ta": 0.5544624507638528, "tb": -0.2111211965953676, "tc": -0.5761496648389144, "td": 0.08505915228398664}}, {"target": 0.9997329239682822, "params": {"ta": 0.5394901582480831, "tb": -0.23495337531040572, "tc": -0.5613690049957036, "td": 0.12047892245549627}}, {"target": 0.9996844527502852, "params": {"ta": 0.05642687813780666, "tb": -0.6140988788038322, "tc": -0.2062775860727466, "td": 0.6125158760535383}}, {"target": 0.9976324108767014, "params": {"ta": 0.7789521548309222, "tb": -0.19453704824020837, "tc": -0.8195388018677147, "td": -0.024421334361006512}}, {"target": 0.999800712285236, "params": {"ta": 0.18254529470628067, "tb": -0.42010153657319094, "tc": -0.27649005260519777, "td": 0.3925212506092639}}, {"target": 0.9997777142708825, "params": {"ta": 0.41334320624638576, "tb": -0.2795128329250355, "tc": -0.4512984156836904, "td": 0.18396267703978783}}, {"target": 0.9993310298422758, "params": {"ta": 0.2171917638448479, "tb": -0.35053928162914066, "tc": -0.2851716762056871, "td": 0.3217933424359183}}, {"target": 0.9998838987531132, "params": {"ta": 0.09940376230591946, "tb": -0.561481874633759, "tc": -0.21160967759061736, "td": 0.5416861469114576}}, {"target": 0.9998380608773343, "params": {"ta": 0.09201346188753996, "tb": -0.6091841197431807, "tc": -0.22334238120494235, "td": 0.5874043735284057}}, {"target": 0.999815436429698, "params": {"ta": 0.6950768055115235, "tb": -0.20893856125274407, "tc": -0.6976112232632627, "td": 0.025199761350756987}}, {"target": 0.9998527673660793, "params": {"ta": 0.7789521548309222, "tb": -0.21148361715006359, "tc": -0.7764616592491971, "td": 8.433613262170397e-05}}, {"target": 0.9999140237251222, "params": {"ta": 0.04889448209185937, "tb": -0.6921101301695013, "tc": -0.20172586399800652, "td": 0.6832290751136602}}, {"target": 0.9999290179167545, "params": {"ta": 0.6396413884639134, "tb": -0.20341259115122573, "tc": -0.6441886624203627, "td": 0.05732505040114699}}, {"target": 0.9999946961843075, "params": {"ta": 0.01025227944515656, "tb": -0.758052536234434, "tc": -0.198526721775785, "td": 0.755283772152834}}, {"target": 0.9998421261869479, "params": {"ta": 0.37444422760302387, "tb": -0.26940381612189707, "tc": -0.4137738481085556, "td": 0.1818316486267234}}, {"target": 0.9998216808085537, "params": {"ta": 0.27446454145895877, "tb": -0.3503987208530748, "tc": -0.33425250535421414, "td": 0.279420885984493}}, {"target": 0.9997436175289439, "params": {"ta": 0.7480278039020101, "tb": -0.19566143336288058, "tc": -0.7561939998211631, "td": 0.02861771943666283}}, {"target": 0.999947657880741, "params": {"ta": 0.46202758580396297, "tb": -0.24833232087671275, "tc": -0.49648868904514853, "td": 0.14263741090866044}}, {"target": 0.9999004454255419, "params": {"ta": 0.21824592868762355, "tb": -0.4005577781291979, "tc": -0.299128084291677, "td": 0.3494195257057623}}, {"target": 0.9999527870194717, "params": {"ta": 0.14534767046133706, "tb": -0.4997263652122921, "tc": -0.24437622970183445, "td": 0.472376811236343}}, {"target": 0.9999258484575521, "params": {"ta": 0.31932126543919875, "tb": -0.3176856705099777, "tc": -0.37295915241605876, "td": 0.2529428577901836}}, {"target": 0.9999079464025331, "params": {"ta": 0.5988801862406983, "tb": -0.2113843088860448, "tc": -0.6233099027928105, "td": 0.07239018671986905}}, {"target": 0.9999047533350359, "params": {"ta": 0.5080011480294063, "tb": -0.22222147951276708, "tc": -0.5273563113498839, "td": 0.11009967195948582}}, {"target": 0.9999299289029051, "params": {"ta": 0.022018513406356834, "tb": -0.7194496680852391, "tc": -0.1955209929098189, "td": 0.719062132782397}}, 