{"all": [{"target": 0.6189412494431856, "params": {"ta": 0.20958182215932442, "tb": -0.5180508014658642, "tc": 0.16990859807946113, "td": 0.12190509665552074}}, {"target": 0.7626252445646219, "params": {"ta": -0.036549500199892115, "tb": -0.3286348246151495, "tc": 0.18744700630250843, "td": 0.09688048086364731}}, {"target": 0.7730205735071664, "params": {"ta": 0.5460343523113345, "tb": -0.02478827325384647, "tc": -0.2715384335629135, "td": -0.12113065976939974}}, {"target": 0.6937719578547639, "params": {"ta": 0.7118231713330607, "tb": -0.03394474577737994, "tc": -0.281083031136767, "td": -0.09202177851955673}}, {"target": 0.47640322178519645, "params": {"ta": -0.05268785412931176, "tb": 0.11553765155279871, "tc": -0.4510806705190462, "td": 0.4775424826330452}}, {"target": 0.6456087707364916, "params": {"ta": 0.49694039888061603, "tb": -0.39266603693846214, "tc": -0.45573758638177375, "td": 0.6944754751739785}}, {"target": 0.4681435859778275, "params": {"ta": 0.5426146639832333, "tb": -0.09377220988339796, "tc": 0.17849898088508054, "td": -0.018397758636625627}}, {"target": 0.5033148638983278, "params": {"ta": 0.727256152332539, "tb": -0.5696848979239398, "tc": -0.12971195772327193, "td": 0.12275004255246591}}, {"target": 0.7560679045864882, "params": {"ta": -0.049456089187761565, "tb": -0.3012795630406807, "tc": -0.3540468489968859, "td": 0.23447524220624572}}, {"target": 0.7672108096870323, "params": {"ta": 0.3180943058624123, "tb": -0.31561564375416595, "tc": -0.1832398931897693, "td": 0.5391582868887644}}, {"target": 0.34690168315500786, "params": {"ta": 0.6224487426124959, "tb": 0.15082345982603407, "tc": 0.0801074852811019, "td": 0.3044157763102373}}, {"target": 0.6783140285714433, "params": {"ta": 0.04129719755126149, "tb": 0.029943888256643292, "tc": 0.18466103698333725, "td": 0.34069079769003574}}, {"target": 0.683852051262245, "params": {"ta": 0.6682263287020297, "tb": -0.3889495460192415, "tc": -0.4974103249222266, "td": 0.4894116329807303}}, {"target": 0.44775741091825094, "params": {"ta": 0.6804195512692058, "tb": -0.5259937582820302, "tc": -0.776884389558583, "td": 0.7298972505425686}}, {"target": 0.44999547092526454, "params": {"ta": -0.03779652638056197, "tb": -0.7764783542768876, "tc": -0.43647995404194617, "td": 0.08526915758719}}, {"target": 0.7405854736189019, "params": {"ta": 0.44024207550565564, "tb": -0.1743184197006643, "tc": -0.7361411543948491, "td": -0.1655475389053278}}, {"target": 0.45350503666738273, "params": {"ta": -0.08564933455369961, "tb": -0.2777850015667328, "tc": -0.7557035888261474, "td": 0.3255794503988475}}, {"target": 0.6542410105583456, "params": {"ta": 0.43477193827053817, "tb": -0.5946566214801247, "tc": 0.057976590173285825, "td": 0.44224105193800456}}, {"target": 0.5273386863085212, "params": {"ta": 0.6725072218304494, "tb": -0.02723158836274653, "tc": -0.45953240030139164, "td": 0.6124353189375124}}, {"target": 0.5083058840627814, "params": {"ta": -0.012242277601736573, "tb": 0.1981524064653849, "tc": 0.12323748006220725, "td": 0.4682830441441288}}, {"target": 0.8388567688120045, "params": {"ta": 0.22782099909499032, "tb": -0.440928873296228, "tc": -0.13990270138923633, "td": 0.4263662514863248}}, {"target": 0.7019071382054405, "params": {"ta": -0.00479028754864208, "tb": -0.0067467796228509735, "tc": -0.2223617542315095, "td": 0.40347077723301616}}, {"target": 0.8455596030691548, "params": {"ta": 0.33268945361245916, "tb": -0.2502228928748552, "tc": -0.3337611426678636, "td": 0.08054218693317705}}, {"target": 0.5564752031448353, "params": {"ta": 0.49583384689862753, "tb": -0.4002734590232653, "tc": -0.03236943888840438, "td": 0.7436971159221398}}, {"target": 0.2870148659829336, "params": {"ta": -0.13011554711610163, "tb": -0.5576349325212754, "tc": -0.5231302709229698, "td": -0.2014721292045094}}, {"target": 0.46753857315913716, "params": {"ta": -0.16659048770223261, "tb": -0.6098141481574235, "tc": -0.5025898645509832, "td": 0.12526540905301164}}, {"target": 0.5697672050924774, "params": {"ta": 0.42809333613244493, "tb": -0.7556813964567153, "tc": -0.6269555271996102, "td": 0.10107251995360633}}, {"target": 0.5342644268906973, "params": {"ta": 0.689513349039122, "tb": 0.015087191202535988, "tc": -0.5358122235616657, "td": 0.6043950332000982}}, {"target": 0.6365300473912556, "params": {"ta": -0.03413801197017985, "tb": -0.7173650739603394, "tc": -0.6519510601420075, "td": 0.7380696979275928}}, {"target": 0.6717823541144908, "params": {"ta": -0.21644971190904894, "tb": -0.08743058515318236, "tc": -0.27343601043706767, "td": 0.27161258941304767}}, {"target": 0.518867457471023, "params": {"ta": 0.02451717966796685, "tb": -0.7503367891567456, "tc": -0.08498746075352692, "td": 0.06390143245023983}}, {"target": 0.7787362213989059, "params": {"ta": -0.11439762511003415, "tb": -0.7856937887965791, "tc": 0.16635954947438447, "td": 0.7473037651202906}}, {"target": 0.6139200856715165, "params": {"ta": 0.23670187166407253, "tb": -0.6892489136997146, "tc": -0.7237444917240793, "td": 0.4880864030341798}}, {"target": 0.4911528608502742, "params": {"ta": 0.5491571520486372, "tb": 0.19617617033979085, "tc": 0.1526218111642531, "td": -0.15004256268149274}}, {"target": 0.4778860867419565, "params": {"ta": 0.4452766388778967, "tb": -0.11746690263356474, "tc": 0.19214588358574491, "td": 0.3813435032083409}}, {"target": 0.7554926006222156, "params": {"ta": 0.53840332479471, "tb": 0.0011019353635794982, "tc": -0.23181369673402974, "td": -0.14379435673152163}}, {"target": 0.7270116725039542, "params": {"ta": 0.5710343873853921, "tb": -0.3284253658982206, "tc": -0.3263913033553607, "td": 0.4431359888195515}}, {"target": 0.7612613543537686, "params": {"ta": 0.5926142612848797, "tb": 0.20769033278026683, "tc": -0.44221843074002454, "td": -0.1986497147920404}}, {"target": 0.7113520373080325, "params": {"ta": -0.02595139734984042, "tb": -0.13767088220338453, "tc": -0.397671366254181, "td": 0.361493821261883}}, {"target": 0.653770212369601, "params": {"ta": 0.4610775639866813, "tb": -0.09466707151377707, "tc": -0.20097376638892128, "td": 0.46972140166476495}}, {"target": 0.8374746861206985, "params": {"ta": 0.13914477257275015, "tb": -0.6246766099677301, "tc": -0.09927786047305853, "td": 0.6927087479518048}}, {"target": 0.42321713204801975, "params": {"ta": 0.1297389176680599, "tb": 0.04426597149599221, "tc": -0.2970187021972558, "td": 0.7474334806405006}}, {"target": 0.7451308993954304, "params": {"ta": -0.24769845372559374, "tb": -0.31105061178709514, "tc": -0.1455498896782067, "td": 0.5054847846946202}}, {"target": 0.4447710827417118, "params": {"ta": -0.055627985748465725, "tb": 0.019155877373478125, "tc": -0.5237868126822948, "td": 0.5946649994562688}}, {"target": 0.6379667847694926, "params": {"ta": 0.5921015388745686, "tb": 0.1113459667890333, "tc": -0.16175851023069854, "td": 0.10813080555868104}}, {"target": 0.8226297872098264, "params": {"ta": 0.44335084771882105, "tb": -0.05157462605334451, "tc": -0.51913806729795, "td": 0.21409936984664446}}, {"target": 0.7646773814912152, "params": {"ta": 0.10773452246067627, "tb": -0.7830163066242508, "tc": -0.44402793140053476, "td": 0.6778747821987272}}, {"target": 0.7582413194818318, "params": {"ta": 0.07409895186637139, "tb": -0.6620406283166511, "tc": -0.04321554686676754, "td": 0.3175322560673737}}, {"target": 0.6801112643197427, "params": {"ta": 0.16726493836114298, "tb": -0.6801948838723051, "tc": -0.12201560486484042, "td": 0.18845681854661966}}, {"target": 0.6947617183407471, "params": {"ta": 0.6605309591575315, "tb": -0.5477316017085367, "tc": -0.7658897408400916, "td": -0.06840111499876633}}, {"target": 0.6239294529694622, "params": {"ta": -0.2140900911113367, "tb": -0.3201073002165258, "tc": -0.3489225776634296, "td": 0.7158837419324245}}, {"target": 0.6804651062362864, "params": {"ta": -0.13808275875259612, "tb": -0.526055406738485, "tc": -0.12135750326900052, "td": 0.12369612336560964}}, {"target": 0.8177396675257038, "params": {"ta": 0.6480690227166085, "tb": 0.06692233548863291, "tc": -0.5891643041523873, "td": -0.12138539927994085}}, {"target": 0.6897544685992552, "params": {"ta": 0.1719340744087935, "tb": -0.3226022446529859, "tc": -0.5077550210322394, "td": 0.6573102655791447}}, {"target": 0.7762382860539443, "params": {"ta": 0.4060390085864113, "tb": 0.028616328740308616, "tc": -0.5196423665037126, "td": 0.25388539770035246}}, {"target": 0.48556269711148925, "params": {"ta": -0.0007023347311658767, "tb": -0.06717666502864406, "tc": -0.6432078708753899, "td": 0.5465986891069919}}, {"target": 0.5566638692110992, "params": {"ta": -0.15037497039203673, "tb": -0.01974812394551506, "tc": -0.41563583438294416, "td": 0.4194551858934149}}, {"target": 0.2675653398016319, "params": {"ta": -0.22393733139195793, "tb": 0.12107076384540572, "tc": -0.6403426298730205, "td": 0.49371665411341337}}, {"target": 0.4512709747089152, "params": {"ta": 0.7383759500343587, "tb": -0.5846518979479068, "tc": -0.11458593754882918, "td": 0.024483724610938395}}, {"target": 0.5912220983648694, "params": {"ta": 0.6188504634374131, "tb": -0.7798529564951493, "tc": -0.36911387605401247, "td": 0.34569406714568984}}, {"target": 0.5879582845455652, "params": {"ta": -0.17469534028000222, "tb": -0.2387401373724486, "tc": -0.13055133660868112, "td": -0.2491908897585272}}, {"target": 0.5329540003466711, "params": {"ta": -0.20171943906166423, "tb": -0.762926284181012, "tc": 0.10581482319351543, "td": 0.16123250934007705}}, {"target": 0.650075793524413, "params": {"ta": 0.04593363259961647, "tb": -0.7412051792073939, "tc": 0.1658135876433081, "td": 0.3143458973758273}}, {"target": 0.5724389905296359, "params": {"ta": 0.37813480631248475, "tb": -0.6039822172596955, "tc": 0.19065525719417886, "td": 0.31484356595351204}}, {"target": 0.8525349502437156, "params": {"ta": 0.12662095548676958, "tb": -0.18290826737466304, "tc": -0.13142279968816595, "td": 0.16422771836308958}}, {"target": 0.8557677934133552, "params": {"ta": 0.7489649863737327, "tb": -0.09843566167146951, "tc": -0.7873706674159435, "td": 0.03903738836986094}}, {"target": 0.7908776829335735, "params": {"ta": 0.7489649863737327, "tb": 0.0020546060557579417, "tc": -0.7873706674159435, "td": -0.25103501362626734}}, {"target": 0.8525486187202868, "params": {"ta": -0.06775943182773433, "tb": -0.7873706674159435, "tc": -0.1500645421007826, "td": 0.7489649863737327}}, {"target": 0.8535467276296006, "params": {"ta": 0.0011853925027089354, "tb": -0.5951070536900892, "tc": -0.17669299434597838, "td": 0.5713809042309426}}, {"target": 0.8557638721171121, "params": {"ta": 0.24305553535669874, "tb": -0.29030714481428976, "tc": -0.2997619849579926, "td": 0.28501217180086624}}, {"target": 0.8513661393314896, "params": {"ta": 0.01666938131929435, "tb": -0.3302457238895811, "tc": -0.06541075920540508, "td": 0.3429121890352313}}, {"target": 0.848384133139719, "params": {"ta": 0.28434078131286855, "tb": -0.03671738256850769, "tc": -0.32602798984053266, "td": 0.0255900334252016}}, {"target": 0.8550912043314648, "params": {"ta": 0.6367666505962121, "tb": -0.1803477169800971, "tc": -0.6288644954890512, "td": 0.061674718482912685}}, {"target": 0.7847042884965705, "params": {"ta": 0.7489649863737327, "tb": 0.1705677296968514, "tc": -0.7873706674159435, "td": 0.0249684979785413}}, {"target": 0.8546718133636373, "params": {"ta": 0.3107048757276291, "tb": -0.1475741052176686, "tc": -0.30953415098517434, "td": 0.1570694353019897}}, {"target": 0.8450953508824777, "params": {"ta": 0.07491419179313819, "tb": -0.7873706674159435, "tc": -0.12012278075658911, "td": 0.6769563651139092}}, {"target": 0.8554617699415682, "params": {"ta": 0.10332492073357914, "tb": -0.44463817446990284, "tc": -0.220609625244, "td": 0.4254779949519136}}, {"target": 0.8531968146406101, "params": {"ta": -0.03970373742108535, "tb": -0.6609791334218419, "tc": -0.07788852188900935, "td": 0.700548778657206}}, {"target": 0.8430155656582549, "params": {"ta": 0.6245865288322497, "tb": -0.12469183575855243, "tc": -0.7636063618252398, "td": 0.08611285121471485}}, {"target": 0.8560772748822949, "params": {"ta": 0.4586520088020539, "tb": -0.10279152754969563, "tc": -0.4847095659668582, "td": 0.03681985579976253}}, {"target": 0.8574437906684601, "params": {"ta": 0.13420968937634956, "tb": -0.30890132146204674, "tc": -0.18283366068932475, "td": 0.28164946586660006}}, {"target": 0.8539666885960226, "params": {"ta": 0.4280433389334228, "tb": -0.23728174399908752, "tc": -0.46620579275014207, "td": 0.16819503800435223}}, {"target": 0.8549962384965906, "params": {"ta": 0.7489649863737327, "tb": -0.16773110005918743, "tc": -0.7441657959968743, "td": -0.026016223023759104}}, {"target": 0.8558472034621845, "params": {"ta": 0.03888681217643582, "tb": -0.5056603259280602, "tc": -0.09080249304230534, "td": 0.5145735059676815}}, {"target": 0.85570891656288, "params": {"ta": 0.6955022210325251, "tb": -0.08458254525213565, "tc": -0.6813398554339058, "td": 0.023085816550864297}}, {"target": 0.8540596674830541, "params": {"ta": 0.11743498955615057, "tb": -0.5806353474270743, "tc": -0.17666153888430436, "td": 0.5422209114278927}}, {"target": 0.8548117441888912, "params": {"ta": 0.022810529978375085, "tb": -0.717901211428792, "tc": -0.16932350160117407, "td": 0.7489649863737327}}, {"target": 0.8569445648389049, "params": {"ta": 0.3556430614603437, "tb": -0.15318148665893513, "tc": -0.41043131119838216, "td": 0.10440158408555629}}, {"target": 0.8563026107588638, "params": {"ta": 0.20182492332811047, "tb": -0.2033070643264743, "tc": -0.26421908536489247, "td": 0.1658405912800741}}, {"target": 0.8499552189988775, "params": {"ta": 0.7429378000359024, "tb": -0.15923931359072452, "tc": -0.7132383666440194, "td": 0.08901996287738712}}, {"target": 0.857352266956714, "params": {"ta": 0.02022017926630934, "tb": -0.6805473224642199, "tc": -0.13926531124139296, "td": 0.6531763357074108}}, {"target": 0.8561718135871171, "params": {"ta": 0.46066196350294353, "tb": -0.15768231042625838, "tc": -0.4413866173746342, "td": 0.1045596384286965}}, {"target": 0.8575574091182747, "params": {"ta": 0.5596671604015493, "tb": -0.11572582290151211, "tc": -0.5810704774716304, "td": 0.05503538162256564}}, {"target": 0.8573996883596696, "params": {"ta": 0.07345558910193456, "tb": -0.42573594911432916, "tc": -0.1392193405107789, "td": 0.40467238134750233}}, {"target": 0.8572158127967693, "params": {"ta": 0.3203747894132822, "tb": -0.23308175599986974, "tc": -0.356685326243549, "td": 0.19104151092848426}}, {"target": 0.8571969786611158, "params": {"ta": 0.4981485862475532, "tb": -0.16900093638021402, "tc": -0.5378184659925676, "td": 0.08823039758482927}}, {"target": 0.8572379478622505, "params": {"ta": 0.6948013253801681, "tb": -0.1355807692115636, "tc": -0.7332792503117291, "td": 0.010442736097636287}}, {"target": 0.8571865886655705, "params": {"ta": 0.22383682384861808, "tb": -0.2563482961624906, "tc": -0.235581256246972, "td": 0.2226318911094621}}, {"target": 0.8573501391190852, "params": {"ta": 0.03915898188609531, "tb": -0.5860278345585254, "tc": -0.12970507473493656, "td": 0.6038236876974948}}, {"target": 0.8575775427476335, "params": {"ta": 0.07663533912151042, "tb": -0.4903409241136677, "tc": -0.15889268642262624, "td": 0.4954545757211868}}, {"target": 0.8572097648461743, "params": {"ta": -0.0005601866194889716, "tb": -0.7558087449918247, "tc": -0.09637063912098649, "td": 0.7489649863737327}}, {"target": 0.8573806536849291, "params": {"ta": 0.1350291356316905, "tb": -0.35907761183926123, "tc": -0.19351318408958543, "td": 0.364049986361855}}, {"target": 0.8566125655789236, "params": {"ta": 0.18283033245600086, "tb": -0.3679499741130085, "tc": -0.23372328224097597, "td": 0.3156603655742063}}, {"target": 0.8572021561116417, "params": {"ta": 0.04780255161856746, "tb": -0.5669948373627982, "tc": -0.1268638095514304, "td": 0.5319882810177673}}, {"target": 0.857051359634492, "params": {"ta": 0.6162663155538024, "tb": -0.12799327128984217, "tc": -0.627573729072297, "td": 0.0073930605035245275}}, {"target": 0.8570853641695412, "params": {"ta": 0.16754415549790397, "tb": -0.2510037481691273, "tc": -0.22387500165886462, "td": 0.2485537113677527}}, {"target": 0.8558668025675149, "params": {"ta": 0.3637509759746154, "tb": -0.1251642492977542, "tc": -0.367003841165188, "td": 0.06753665121256346}}, {"target": 0.8572099761353418, "params": {"ta": 0.5402520096403244, "tb": -0.14084648800111313, "tc": -0.5358467621697027, "td": 0.047298744538060974}}, {"target": 0.85775153255219, "params": {"ta": -0.0064921138616215734, "tb": -0.723880242225393, "tc": -0.1263657805097043, "td": 0.7152539366437666}}, {"target": 0.8566601508610234, "params": {"ta": 0.7489649863737327, "tb": -0.15169860105840546, "tc": -0.7873706674159435, "td": 0.008897242538718155}}, {"target": 0.8578653765785684, "params": {"ta": 0.26108193294223536, "tb": -0.22712486081645983, "tc": -0.303155898283131, "td": 0.19046474161655813}}, {"target": 0.8577855455181623, "params": {"ta": 0.4255894010928677, "tb": -0.16435542610688939, "tc": -0.4595458675249988, "td": 0.09834984379253368}}, {"target": 0.8577591543195096, "params": {"ta": 0.37202549078409786, "tb": -0.18606606152592978, "tc": -0.39284696593165536, "td": 0.13786682168067152}}, {"target": 0.8575929030047158, "params": {"ta": 0.2983808965846285, "tb": -0.183462302848731, "tc": -0.3326093309277331, "td": 0.13372395233830858}}, {"target": 0.8574992700499471, "params": {"ta": 0.7489649863737327, "tb": -0.10840076663050154, "tc": -0.7509905117503878, "td": -0.006354763169229985}}, {"target": 0.8572121031632336, "params": {"ta": 0.04282177548568373, "tb": -0.4868396964858753, "tc": -0.13915570652628767, "td": 0.47066673357059036}}, {"target": 0.8575935971258313, "params": {"ta": 0.19965300985233556, "tb": -0.28712502951011876, "tc": -0.25502036961373187, "td": 0.24449420109699213}}, {"target": 0.857570816057782, "params": {"ta": 0.09977043995741755, "tb": -0.47081623226405445, "tc": -0.15855719587419304, "td": 0.4431010180961254}}, {"target": 0.8576128318231495, "params": {"ta": 0.112353712136519, "tb": -0.3840333320446789, "tc": -0.17506783436910608, "td": 0.35099802015831505}}, {"target": 0.8578268018835227, "params": {"ta": 0.6380675166943051, "tb": -0.12734041648645478, "tc": -0.6577631627742503, "td": 0.04104951338231087}}, {"target": 0.8575770067420505, "params": {"ta": 0.018610369802847686, "tb": -0.6287262316402635, "tc": -0.11334041367167913, "td": 0.6151353438978452}}, {"target": 0.8576897580810867, "params": {"ta": 0.4862843148714862, "tb": -0.1360508228459842, "tc": -0.5068764564553461, "td": 0.08524666387386656}}, {"target": 0.8578052663626841, "params": {"ta": 0.1782263341078065, "tb": -0.31003135112588465, "tc": -0.22217218744776118, "td": 0.29238395726152766}}, {"target": 0.8576985291354052, "params": {"ta": 0.01920625847682716, "tb": -0.6797146936068091, "tc": -0.11961838902326494, "td": 0.686811098637113}}, {"target": 0.8573791500601154, "params": {"ta": -0.017098033067254007, "tb": -0.7305943363237999, "tc": -0.12092354759469727, "td": 0.7489649863737327}}, {"target": 0.8574035749324361, "params": {"ta": 0.004095564599141361, "tb": -0.7706035885627642, "tc": -0.13578632377682945, "td": 0.7489649863737327}}, {"target": 0.8577913651301798, "params": {"ta": 0.579016483950495, "tb": -0.1438175810854046, "tc": -0.6020459954624365, "td": 0.05354543031627879}}, {"target": 0.8576445826622136, "params": {"ta": 0.6094136209571828, "tb": -0.12562867759249088, "tc": -0.611552334278234, "td": 0.04572731436117373}}, {"target": 0.8575755802631825, "params": {"ta": 0.7489649863737327, "tb": -0.13114877251609816, "tc": -0.7477791790088609, "td": 0.01649571674382051}}, {"target": 0.8578229782048841, "params": {"ta": 0.11437478578303663, "tb": -0.4159128399895893, "tc": -0.17536900172632833, "td": 0.40351056449667544}}, {"target": 0.857753217766601, "params": {"ta": 0.6797808774090147, "tb": -0.13088219548111843, "tc": -0.6843690596184443, "td": 0.017534521840141665}}, {"target": 0.8578711368138467, "params": {"ta": 0.05725850238773145, "tb": -0.5358134016020407, "tc": -0.1453576939472173, "td": 0.5298296365080333}}, {"target": 0.8578287138355994, "params": {"ta": 0.22995552974861766, "tb": -0.2450962048002177, "tc": -0.27306735795819637, "td": 0.22193038360256537}}, {"target": 0.8577329825426478, "params": {"ta": 0.4056371553127342, "tb": -0.15479350241226858, "tc": -0.43192709074262625, "td": 0.11386062051641337}}, {"target": 0.8576395005260516, "params": {"ta": 0.5428631929714466, "tb": -0.1459278700282228, "tc": -0.5584219954364127, "td": 0.07816994089703974}}, {"target": 0.8576934997901302, "params": {"ta": 0.14213132481825624, "tb": -0.3362605537766068, "tc": -0.21121429365045785, "td": 0.31595749776285964}}, {"target": 0.8577537325872662, "params": {"ta": 0.041166510426342555, "tb": -0.6264134198510763, "tc": -0.14106278808728834, "td": 0.6173890247772763}}, {"target": 0.8577825503916777, "params": {"ta": 0.08252168961361689, "tb": -0.44329771913982147, "tc": -0.15737312461356734, "td": 0.4407107105710244}}, {"target": 0.8578016755599049, "params": {"ta": 0.2881801358765021, "tb": -0.21319690819516116, "tc": -0.3116231849243542, "td": 0.1718057313461616}}, {"target": 0.8577721703231858, "params": {"ta": 0.14383831979846776, "tb": -0.3473817022643649, "tc": -0.18584386414613638, "td": 0.3257318995825272}}, {"target": 0.8578522360668872, "params": {"ta": 0.3265791977247437, "tb": -0.19071901723293844, "tc": -0.3623685710787343, "td": 0.1511142285827395}}, {"target": 0.8578183212106976, "params": {"ta": 0.07154176718699082, "tb": -0.51054719391192, "tc": -0.1418777984774274, "td": 0.49409768196315557}}, {"target": 0.8578519855963443, "params": {"ta": 0.46570003105191504, "tb": -0.1536035461320485, "tc": -0.4866468070184684, "td": 0.08061518283404008}}, {"target": 0.8577151165608369, "params": {"ta": 0.012421343649015319, "tb": -0.647306354180022, "tc": -0.1325837718148783, "td": 0.6519456757556473}}, {"target": 0.8578205951775033, "params": {"ta": 0.5169071454441386, "tb": -0.13561500163