{"all": [{"target": 0.6233546453646579, "params": {"ta": 0.7556087297453272, "tb": -0.6254465702852027, "tc": -0.7344387393854865, "td": -0.17726349593384683}}, {"target": 0.5596378449748527, "params": {"ta": -0.09473117350041449, "tb": -0.3167669533039107, "tc": -0.44212518200680617, "td": 0.7742060691567314}}, {"target": 0.44467010749763647, "params": {"ta": -0.12283814674884719, "tb": -0.1696602842221996, "tc": -0.6015166423564434, "td": 0.6330090199042261}}, {"target": 0.6027014626889251, "params": {"ta": 0.22545968973908093, "tb": -0.04388254909012279, "tc": 0.14265981106140158, "td": 0.23140714710000831}}, {"target": 0.4947454412283613, "params": {"ta": 0.036424962738040634, "tb": -0.474625799427295, "tc": -0.8146098185190285, "td": 0.6628060852508673}}, {"target": 0.7581254806490914, "params": {"ta": -0.1245285609535074, "tb": -0.5383534227461529, "tc": -0.07398141292774152, "td": 0.4994871483403046}}, {"target": 0.6018367528479033, "params": {"ta": 0.5518281150986006, "tb": -0.47637895613136494, "tc": -0.10670979169849792, "td": 0.43331446110077243}}, {"target": 0.7051315087338939, "params": {"ta": -0.04706978269655093, "tb": -0.40114366692855374, "tc": -0.010296639891192338, "td": 0.6504999173791103}}, {"target": 0.6862047276683858, "params": {"ta": 0.5107597470310993, "tb": -0.1031122122837459, "tc": -0.18044286277852328, "td": 0.009022538674083869}}, {"target": 0.5143972583356573, "params": {"ta": -0.059371555090889316, "tb": -0.7567648692179987, "tc": -0.3817932222662116, "td": 0.15482072582386486}}, {"target": 0.5755567016350673, "params": {"ta": 0.5382792479601426, "tb": -0.6549174474243236, "tc": -0.32788310869476145, "td": -0.010084447770798421}}, {"target": 0.40774622536840244, "params": {"ta": 0.305617787412803, "tb": -0.054047609078911596, "tc": -0.039416038677943854, "td": 0.6750308042156029}}, {"target": 0.39723218605011884, "params": {"ta": 0.2385683561797054, "tb": 0.13618440486907968, "tc": -0.5893532656132129, "td": 0.5963723758712728}}, {"target": 0.4469205365459385, "params": {"ta": 0.12872436517161412, "tb": 0.03728738298961065, "tc": -0.8197072215331618, "td": 0.2565488309084557}}, {"target": 0.45781305467774663, "params": {"ta": 0.7356719886759581, "tb": -0.37724249841389956, "tc": -0.44356457138508076, "td": 0.6800866558551523}}, {"target": 0.5710013837903585, "params": {"ta": -0.07686571691829369, "tb": -0.14211568888367077, "tc": -0.5022802067699469, "td": 0.08630867387322605}}, {"target": 0.49964317469618164, "params": {"ta": -0.1921835730304906, "tb": -0.4195262950752858, "tc": -0.6569180228891248, "td": 0.6200893627487573}}, {"target": 0.5725553245550534, "params": {"ta": 0.45295905207943654, "tb": -0.09400913651252418, "tc": 0.06343927999949783, "td": -0.021355397687617628}}, {"target": 0.7097969992794729, "params": {"ta": 0.2340137787824188, "tb": -0.02637849919618962, "tc": -0.048344911080833275, "td": 0.13509298700691286}}, {"target": 0.7416979968030231, "params": {"ta": 0.2369327826205322, "tb": -0.5373694387455393, "tc": -0.29693806658671396, "td": 0.640727338882519}}, {"target": 0.6372549535914696, "params": {"ta": 0.3367854568631887, "tb": -0.4994276036828379, "tc": -0.7461479840202875, "td": 0.08062156963607825}}, {"target": 0.4838550445928184, "params": {"ta": 0.2674387673185781, "tb": -0.1348675482222662, "tc": -0.3115448816794496, "td": 0.7460332172372305}}, {"target": 0.5542424322432742, "params": {"ta": 0.15890654802726656, "tb": -0.6799659126372058, "tc": -0.6851077857070543, "td": 0.1887959764917302}}, {"target": 0.5993783220604619, "params": {"ta": 0.6704786202823932, "tb": -0.11648667653658673, "tc": -0.31961693684407444, "td": 0.3210905864013497}}, {"target": 0.7329771104890851, "params": {"ta": 0.36992769086082355, "tb": -0.5345071449646553, "tc": -0.25847393529231133, "td": 0.5067158447336482}}, {"target": 0.6463809164613292, "params": {"ta": 0.30655893680146173, "tb": -0.7348052894463718, "tc": -0.4869143682842879, "td": 0.2340773859047912}}, {"target": 0.6185814531113122, "params": {"ta": -0.008045888662147171, "tb": -0.19850870912490148, "tc": -0.21529870432067266, "td": 0.6346669821077843}}, {"target": 0.5267520984329761, "params": {"ta": 0.5838204770587683, "tb": -0.7303625441618936, "tc": -0.38933618828980177, "td": -0.03798325230463573}}, {"target": 0.5620350492670468, "params": {"ta": -0.09830887949732581, "tb": -0.19135748625531235, "tc": 0.008231730524751013, "td": 0.7027932698440461}}, {"target": 0.6005214805182141, "params": {"ta": 0.15586295699954578, "tb": -0.6685622099821067, "tc": -0.08768240682546047, "td": 0.1131694019252969}}, {"target": 0.6158110587180645, "params": {"ta": 0.39411634823485564, "tb": -0.3959440340758067, "tc": -0.28834620633413655, "td": 0.7017249274495139}}, {"target": 0.5212425131237914, "params": {"ta": 0.479976762237736, "tb": -0.14716727850285538, "tc": -0.5526825106903694, "td": 0.6677062131959939}}, {"target": 0.6239950496882805, "params": {"ta": 0.20630141985971484, "tb": -0.8288505903662952, "tc": -0.5364523078964442, "td": 0.3780284714900334}}, {"target": 0.566600133196273, "params": {"ta": -0.09462672370199843, "tb": -0.15186791758872487, "tc": -0.48514342718980075, "td": 0.06592959596466652}}, {"target": 0.48872998517361566, "params": {"ta": 0.46064063555038637, "tb": -0.7969255688316675, "tc": -0.12922997772252565, "td": 0.10228737782686448}}, {"target": 0.4631659282806042, "params": {"ta": -0.11453447654405347, "tb": -0.7972797292588898, "tc": -0.09867579905646473, "td": 0.10685353828977895}}, {"target": 0.6527900055635769, "params": {"ta": 0.4915164344153492, "tb": -0.6126528966200042, "tc": -0.7150399396331186, "td": 0.3097121290173084}}, {"target": 0.5250116304755664, "params": {"ta": 0.6786627520760752, "tb": -0.6813433617416854, "tc": -0.22149169750272524, "td": 0.14133823149946467}}, {"target": 0.4571516971209761, "params": {"ta": 0.7049825805112505, "tb": -0.18652035657638422, "tc": -0.45128403048611376, "td": 0.65202830066846}}, {"target": 0.7471278963885055, "params": {"ta": 0.5287891758779332, "tb": -0.3408842796823993, "tc": -0.5223548118528196, "td": 0.31863017158395457}}, {"target": 0.3705637206734116, "params": {"ta": 0.7567003668320772, "tb": -0.710445921520188, "tc": 0.08533466227331454, "td": 0.4687562533784876}}, {"target": 0.6042981723746073, "params": {"ta": -0.122835735322955, "tb": -0.06786093595098053, "tc": -0.0717631362932093, "td": 0.5110297956852555}}, {"target": 0.5419334893596773, "params": {"ta": 0.7307528710478128, "tb": -0.27962201852977253, "tc": -0.2880132664017643, "td": 0.4225124657065493}}, {"target": 0.7409340906861146, "params": {"ta": 0.6828443271141472, "tb": -0.24496036096282436, "tc": -0.5936379476116557, "td": -0.19827801926944666}}, {"target": 0.5964725111030422, "params": {"ta": 0.720554864136877, "tb": -0.6081647555274496, "tc": -0.5700831036205858, "td": -0.17836212313432254}}, {"target": 0.30020219905271317, "params": {"ta": 0.0973217097049568, "tb": 0.14889295579101036, "tc": -0.5435423570995157, "td": 0.6985141470097919}}, {"target": 0.6169530936727811, "params": {"ta": 0.7062404005314104, "tb": 0.034620835032603714, "tc": -0.2748571733518105, "td": -0.06160677289262029}}, {"target": 0.5218656655452021, "params": {"ta": 0.4356232939550566, "tb": -0.6160045122233554, "tc": -0.8296439432395354, "td": 0.5971428812651108}}, {"target": 0.7457503181996782, "params": {"ta": 0.20514483903322722, "tb": -0.6461467877194899, "tc": -0.08167138386391215, "td": 0.6480615226068329}}, {"target": 0.4462042344653198, "params": {"ta": 0.6140146852926908, "tb": -0.2214123998078562, "tc": 0.08002746347108525, "td": 0.13974034209480102}}, {"target": 0.366951877314083, "params": {"ta": 0.7714326192219979, "tb": -0.18791714381901803, "tc": -0.3039749050732088, "td": 0.6642347040962127}}, {"target": 0.49224313113285073, "params": {"ta": 0.7733624978237547, "tb": -0.4978530147818032, "tc": -0.1918373860315966, "td": -0.029368077013182337}}, {"target": 0.7420266021327104, "params": {"ta": 0.25245294295083187, "tb": 0.015149551971219699, "tc": -0.34278891157737634, "td": 0.08831629039553324}}, {"target": 0.6673787541772137, "params": {"ta": 0.4072807476749165, "tb": -0.7287185521541927, "tc": -0.09175058644943113, "td": 0.576440341168226}}, {"target": 0.7098351481745884, "params": {"ta": 0.22226098383662773, "tb": 0.13839500057404674, "tc": -0.37378967400783025, "td": -0.20572111822790184}}, {"target": 0.5963284200133786, "params": {"ta": 0.5019656207211514, "tb": -0.2303308532017142, "tc": -0.06742774995105472, "td": 0.3210603853401688}}, {"target": 0.4090843021899845, "params": {"ta": -0.022403760954007534, "tb": -0.780895422292487, "tc": -0.7267146049567045, "td": 0.18733826420916255}}, {"target": 0.6040675890071285, "params": {"ta": 0.08617213931001078, "tb": -0.6172626836231825, "tc": -0.705476032473919, "td": 0.6190996769273459}}, {"target": 0.5043124835332331, "params": {"ta": 0.6115150740035475, "tb": -0.6922885737509318, "tc": -0.020235177496454315, "td": 0.33680338927041276}}, {"target": 0.7287543744356132, "params": {"ta": 0.6688737650699158, "tb": 0.031240769404620727, "tc": -0.5069196658476873, "td": -0.1276300043165698}}, {"target": 0.4214122657668118, "params": {"ta": 0.2734956946385153, "tb": -0.1918944016420333, "tc": 0.1474751894140648, "td": 0.6943130760949869}}, {"target": 0.4945201053906101, "params": {"ta": 0.32620841053760086, "tb": -0.7278872469769224, "tc": -0.5629059597941651, "td": -0.07486574600532403}}, {"target": 0.6547954395102072, "params": {"ta": 0.38102868149840563, "tb": -0.5642925093963151, "tc": -0.054183167691801426, "td": 0.2526075963807778}}, {"target": 0.4215119673789536, "params": {"ta": 0.41200482755410295, "tb": -0.25322123395498, "tc": 0.06328006534034492, "td": 0.70969992028183}}, {"target": 0.7868079084029691, "params": {"ta": 0.24207324698440802, "tb": -0.3253370641713357, "tc": -0.3128414879797699, "td": 0.23150885188936704}}, {"target": 0.769990850472968, "params": {"ta": -0.12682481710959004, "tb": -0.8369472907561628, "tc": -0.09564454312176708, "td": 0.7789521548309222}}, {"target": 0.7227760471410825, "params": {"ta": 0.7789521548309222, "tb": 0.021729894633106855, "tc": -0.8369472907561628, "td": -0.22104784516907783}}, {"target": 0.6590660993904618, "params": {"ta": -0.22104784516907783, "tb": -0.8369472907561628, "tc": 0.1630527092438372, "td": 0.7789521548309222}}, {"target": 0.7759012830226427, "params": {"ta": 0.055448741308274416, "tb": -0.8369472907561628, "tc": -0.26972994094413816, "td": 0.7789521548309222}}, {"target": 0.7847627695122641, "params": {"ta": -0.01213615779077534, "tb": -0.6770269024175114, "tc": -0.20946722255449085, "td": 0.6314020380250054}}, {"target": 0.7849399458836885, "params": {"ta": 0.4460844413867395, "tb": -0.21173491140841774, "tc": -0.48278702864264184, "td": 0.04417421427984386}}, {"target": 0.7864352208139529, "params": {"ta": 0.09798094206958063, "tb": -0.46914764220879196, "tc": -0.2058199157724171, "td": 0.41749429650886344}}, {"target": 0.785436175379888, "params": {"ta": 0.7044073124856003, "tb": -0.20951672443097907, "tc": -0.7269048622367117, "td": 0.03467809992836709}}, {"target": 0.7689326657815394, "params": {"ta": -0.22104784516907783, "tb": 0.1630527092438372, "tc": 0.1630527092438372, "td": -0.22104784516907783}}, {"target": 0.7601407536513254, "params": {"ta": 0.01808419340453832, "tb": 0.1630527092438372, "tc": 0.056301264237912006, "td": -0.22104784516907783}}, {"target": 0.7466628224399793, "params": {"ta": -0.22104784516907783, "tb": 0.1630527092438372, "tc": 0.1630527092438372, "td": 0.002274149982532233}}, {"target": 0.7798930472433478, "params": {"ta": 0.5804109590422588, "tb": -0.14207588773147098, "tc": -0.6699418804471428, "td": -0.01843891523364213}}, {"target": 0.7392502127343563, "params": {"ta": -0.1399635355314999, "tb": -0.04225491750786216, "tc": 0.1630527092438372, "td": -0.14536815232266959}}, {"target": 0.7598248666346564, "params": {"ta": -0.18523509566796437, "tb": -0.8369472907561628, "tc": -0.28406826219949216, "td": 0.7789521548309222}}, {"target": 0.7779247718716307, "params": {"ta": -0.043977883345828396, "tb": -0.7054863107159883, "tc": -0.17618549616024076, "td": 0.7789521548309222}}, {"target": 0.7822188440415172, "params": {"ta": 0.6086739248559269, "tb": -0.26567855573162347, "tc": -0.5880707901096358, "td": 0.0626094969930292}}, {"target": 0.7848519647732235, "params": {"ta": 0.38606811466891316, "tb": -0.30947349049162914, "tc": -0.399663652160919, "td": 0.188329986842477}}, {"target": 0.7829663850835408, "params": {"ta": 0.2271486582596483, "tb": -0.4383749191482855, "tc": -0.3459622305270277, "td": 0.3586401932711497}}, {"target": 0.781565936892698, "params": {"ta": 0.7789521548309222, "tb": -0.2535837013038845, "tc": -0.8369472907561628, "td": -0.04997336416722323}}, {"target": 0.77820132218494, "params": {"ta": 0.28220644511120047, "tb": -0.1961639077141681, "tc": -0.2931968781675672, "td": 0.05916096234202798}}, {"target": 0.7867705933077909, "params": {"ta": 0.07622943885993645, "tb": -0.5814997359871341, "tc": -0.18569268979174852, "td": 0.5281031417493384}}, {"target": 0.735437345510484, "params": {"ta": -0.1781786934355897, "tb": 0.1630527092438372, "tc": -0.010472597310258895, "td": -0.19426194532036112}}, {"target": 0.7780123402794366, "params": {"ta": 0.7789521548309222, "tb": -0.14766609298104458, "tc": -0.8369472907561628, "td": 0.05564402411801502}}, {"target": 0.7633626986337276, "params": {"ta": 0.7789521548309222, "tb": -0.29677193256459605, "tc": -0.8369472907561628, "td": 0.08580503949270435}}, {"target": 0.7819579036345874, "params": {"ta": 0.127546982162778, "tb": -0.318491261331799, "tc": -0.18115048999664712, "td": 0.270162696198494}}, {"target": 0.7850362106406121, "params": {"ta": 0.2151319008759802, "tb": -0.3920081120687856, "tc": -0.24126388619967443, "td": 0.326811680938797}}, {"target": 0.784572354817513, "params": {"ta": 0.010832862078371655, "tb": -0.7898269252126884, "tc": -0.16268702291917297, "td": 0.7026592638065821}}, {"target": 0.7839742977025983, "params": {"ta": 0.7789521548309222, "tb": -0.165141029908741, "tc": -0.7296301544138567, "td": -0.03563910579344772}}, {"target": 0.7847430714653607, "params": {"ta": 0.5249167568201908, "tb": -0.17954150503980795, "tc": -0.5518156359244969, "td": 0.09887593801470698}}, {"target": 0.7843318124076779, "params": {"ta": 0.3356019544032161, "tb": -0.21248096762065666, "tc": -0.3678184024439665, "td": 0.1651894977375838}}, {"target": 0.7862672228110755, "params": {"ta": -0.035419837730475044, "tb": -0.8369472907561628, "tc": -0.1944159258030588, "td": 0.7789521548309222}}, {"target": 0.7841859675750991, "params": {"ta": 0.5728720329233528, "tb": -0.16556884115727183, "tc": -0.5504282148306472, "td": 0.009438808263563124}}, {"target": 0.7834039610562451, "params": {"ta": 0.030240960266011738, "tb": -0.5299865768416105, "tc": -0.20617056827352223, "td": 0.5308593498346702}}, {"target": 0.7850669364476, "params": {"ta": 0.7221027552429226, "tb": -0.1702378899788967, "tc": -0.7763423138376193, "td": -0.0392320076744869}}, {"target": 0.7856818769150095, "params": {"ta": 0.14576957342121874, "tb": -0.38805586515991364, "tc": -0.266196718558269, "td": 0.32336194887128694}}, {"target": 0.7853641132302625, "params": {"ta": 0.13370858558534432, "tb": -0.5440320217589629, "tc": -0.26190413967364357, "td": 0.4633349402203085}}, {"target": 0.7862552077188436, "params": {"ta": 0.45392265449757613, "tb": -0.2613080723870486, "tc": -0.4975518199301747, "td": 0.12983367828936854}}, {"target": 0.7858342362575499, "params": {"ta": 0.07205000667515508, "tb": -0.6808873282670396, "tc": -0.21143746025698223, "td": 0.632178288417531}}, {"target": 0.7857454202320691, "params": {"ta": -0.02434839703883762, "tb": -0.7737405578777746, "tc": -0.21741630449950072, "td": 0.7281413534829129}}, {"target": 0.7853613495785612, "params": {"ta": 0.4448886793942298, "tb": -0.21983252272264148, "tc": -0.4355561837060964, "td": 0.10432898179776438}}, {"target": 0.7849117662602814, "params": {"ta": 0.2254582132714558, "tb": -0.3098278489851963, "tc": -0.2950222588202338, "td": 0.2848391404158332}}, {"target": 0.7856897469314096, "params": {"ta": 0.022006281657649424, "tb": -0.6548158976476628, "tc": -0.15185792906744824, "td": 0.628696251183396}}, {"target": 0.7866253853560943, "params": {"ta": 0.5536917425862987, "tb": -0.21595985467373896, "tc": -0.5975274707011291, "td": 0.046443716245893996}}, {"target": 0.7867136324001276, "params": {"ta": 0.6533504206261926, "tb": -0.17637309714414795, "tc": -0.6577869794299699, "td": 0.013505948372188813}}, {"target": 0.7860632829116923, "params": {"ta": 0.3030921799138114, "tb": -0.3196240489737987, "tc": -0.3855263058585877, "td": 0.23230153547972085}}, {"target": 0.7866443466272213, "params": {"ta": 0.3605689451427283, "tb": -0.25819234420692855, "tc": -0.4164000179481158, "td": 0.13284240231446096}}, {"target": 0.7865379991121806, "params": {"ta": 0.15589421548792895, "tb": -0.45815116614154333, "tc": -0.24484760800802463, "td": 0.4146963724889557}}, {"target": 0.7866362050755726, "params": {"ta": 0.3022104152460554, "tb": -0.28305060739963883, "tc": -0.3382046280677937, "td": 0.18059956543134115}}, {"target": 0.7867895974589076, "params": {"ta": 0.7789521548309222, "tb": -0.1930053013634462, "tc": -0.791537412190075, "td": -0.017809958030594854}}, {"target": 0.7862942244304002, "params": {"ta": 0.6950451563466328, "tb": -0.21118652928924248, "tc": -0.7053260851244632, "td": -0.02093109317960276}}, {"target": 0.7863935656487714, "params": {"ta": 0.15729767593243033, "tb": -0.46443964803775867, "tc": -0.24310998059687974, "td": 0.37082740229442035}}, {"target": 0.7869956321627406, "params": {"ta": 0.05903311798215128, "tb": -0.6219630898596448, "tc": -0.2062077649368628, "td": 0.5750647494351906}}, {"target": 0.7865969161275497, "params": {"ta": 0.2616269754157484, "tb": -0.36295339443019325, "tc": -0.3195034105848876, "td": 0.2704444580019202}}, {"target": 0.7868472629627632, "params": {"ta": 0.5126859346378166, "tb": -0.2243705657662129, "tc": -0.5311301310279409, "td": 0.07223162344975353}}, {"target": 0.7867644167750303, "params": {"ta": 0.11542137133528396, "tb": -0.5209594014853419, "tc": -0.20850018409010546, "td": 0.4725051433455843}}, {"target": 0.7868896497387319, "params": {"ta": 0.017187640201629367, "tb": -0.7333165960629086, "tc": -0.18640097986136875, "td": 0.7067600681466288}}, {"target": 0.7867636347090988, "params": {"ta": 0.41758497299095193, "tb": -0.2224701148929518, "tc": -0.4676466039974432, "td": 0.11900995778323699}}, {"target": 0.7867323151492188, "params": {"ta": 0.20325783882086476, "tb": -0.3555517175615485, "tc": -0.26788981940173695, "td": 0.2730610884838534}}, {"target": 0.7866556156831683, "params": {"ta": 0.04224702283203363, "tb": -0.6637889838910686, "tc": -0.18552136391368484, "td": 0.5991434438891028}}, {"target": 0.7867459938941901, "params": {"ta": -0.004354671537202943, "tb": -0.8013936461843773, "tc": -0.17699171658567706, "td": 0.7789521548309222}}, {"target": 0.7869813474734398, "params": {"ta": 0.6168205910680741, "tb": -0.203127602100328, "tc": -0.6434151547396024, "td": 0.029698743157746788}}, {"target": 0.7869704877150562, "params": {"ta": 0.7335762776193282, "tb": -0.18505529483314398, "tc": -0.744488542915391, "td": -0.00811951304563164}}, {"target": 0.7865229189386789, "params": {"ta": 0.14182036304636936, "tb": -0.41667203551141724, "tc": -0.2198874437870161, "td": 0.3614122283569921}}, {"target": 0.786927869038063, "params": {"ta": 0.5843067296131157, "tb": -0.19392490153412112, "tc": -0.6009453743906388, "td": 0.046847805299901235}}, {"target": 0.7867997623611194, "params": {"ta": -0.022229646574974494, "tb": -0.7771287405805347, "tc": -0.17641239753899696, "td": 0.7439444247773942}}, {"target": 0.7868459231923338, "params": {"ta": 0.3809665972032736, "tb": -0.2596026451403572, "tc": -0.4284016463918062, "td": 0.16161508484211812}}, {"target": 0.7869286685643493, "params": {"ta": 0.0845166521513574, "tb": -0.5490968613798738, "tc": -0.21532541472318154, "td": 0.490337524917542}}, {"target": 0.7869903596898884, "params": {"ta": 0.20203159618057, "tb": -0.3905500810655593, "tc": -0.2850029224952439, "td": 0.316555557361838}}, {"target": 0.7869956293049657, "params": {"ta": 0.47307915907137027, "tb": -0.21203179388747181, "tc": -0.5085399247187705, "td": 0.08673751448724569}}, {"target": 0.7870430679974316, "params": {"ta": 0.3296689359129123, "tb": -0.2783737702974375, "tc": -0.38374083811495907, "td": 0.1787084381598019}}, {"target": 0.7868344312245822, "params": {"ta": 0.09299415245290217, "tb": -0.5754560946986664, "tc": -0.21621922730119628, "td": 0.5293954037409361}}, {"target": 0.7869907346852298, "params": {"ta": 0.6797271055610701, "tb": -0.18432436768108068, "tc": -0.7037911034856954, "td": 0.0019554844965832853}}, {"target": 0.787036491064989, "params": {"ta": 0.021850474703437015, "tb": -0.7046639549449368, "tc": -0.18648286005147716, "td": 0.6613483339388497}}, {"target": 0.7869243682274182, "params": {"ta": 0.040344373716681134, "tb": -0.651456527522535, "tc": -0.19348286502829765, "td": 0.6217821118643254}}, {"target": 0.787014705404027, "params": {"ta": 0.1695917347213094, "tb": -0.42402804914195413, "tc": -0.26126777583213384, "td": 0.3594539500236056}}, {"target": 0.7869780285344714, "params": {"ta": 0.2831632060266459, "tb": -0.31109372750995756, "tc": -0.3345024143707002, "td": 0.22695711364603394}}, {"target": 0.7869853219417284, "params": {"ta": 0.11950647260413477, "tb": -0.49158109337362305, "tc": -0.2341506419064597, "td": 0.4334107401803903}}, {"target": 0.7869433499629049, "params": {"ta": -0.0002870149318078952, "tb": -0.7871690014941544, "tc": -0.19290669974538552, "td": 0.7493236206128765}}, {"target": 0.7869430018162579, "params": {"ta": 0.5250514578020089, "tb": -0.19775836199045962, "tc": -0.5547907711082206, "td": 0.054283828121348764}}, {"target": 0.7869921117086369, "params": {"ta": 0.4130476356276432, "tb": -0.24865725247742945, "tc": -0.4