{"all": [{"target": 0.511072234905954, "params": {"ta": 0.5827119270762983, "tb": -0.537926599748784, "tc": 0.10693022957987053, "td": 0.2820057291115371}}, {"target": 0.8695561029568365, "params": {"ta": 0.5770141359615343, "tb": -0.0793086930895679, "tc": -0.6697644385411096, "td": 0.1642671897920509}}, {"target": 0.5087612076684, "params": {"ta": 0.05809287037398303, "tb": 0.06648745648900445, "tc": -0.137617789041533, "td": 0.6464191649194388}}, {"target": 0.7237815457771164, "params": {"ta": -0.076637932204624, "tb": 0.1633736013779734, "tc": 0.02146121980826743, "td": 0.28068288488097515}}, {"target": 0.6661587652141411, "params": {"ta": 0.6272563145965953, "tb": 0.027478301950518813, "tc": -0.17048640810489957, "td": -0.28726335831130934}}, {"target": 0.5805756390735297, "params": {"ta": 0.052576580509519744, "tb": -0.32312392616006425, "tc": -0.6534589542074327, "td": 0.010087306838120202}}, {"target": 0.6980038608532345, "params": {"ta": 0.12790333893970707, "tb": -0.27753994872430154, "tc": 0.17540243228511498, "td": 0.6182983533434459}}, {"target": 0.8202892349230244, "params": {"ta": -0.21687923174922807, "tb": -0.11595629142873098, "tc": -0.052356117689970505, "td": 0.2554577987990436}}, {"target": 0.731088980733562, "params": {"ta": 0.5035194724296892, "tb": -0.41783968591399223, "tc": -0.26958128192909414, "td": 0.0014140647758981162}}, {"target": 0.7077886642957913, "params": {"ta": -0.020305905852304074, "tb": -0.3567722486978273, "tc": -0.1648301888566417, "td": -0.08387519807859356}}, {"target": 0.6139914811681586, "params": {"ta": 0.5683776437433151, "tb": -0.32957029624044964, "tc": -0.184362422130105, "td": 0.6454732630455142}}, {"target": 0.5000821338385171, "params": {"ta": 0.43710530334914344, "tb": 0.1211482146406615, "tc": 0.2526985765111016, "td": 0.01276131215175802}}, {"target": 0.6598523446481658, "params": {"ta": -0.21155486409623592, "tb": -0.34431676970579705, "tc": -0.39871878237713465, "td": 0.3282185069253648}}, {"target": 0.7538597975638572, "params": {"ta": 0.4406058086008763, "tb": 0.2356236062959267, "tc": -0.5080555345654927, "td": 0.15885252389399496}}, {"target": 0.6248599300707092, "params": {"ta": 0.48923412349232465, "tb": -0.7232302377911943, "tc": -0.04443037904026326, "td": 0.3467648034857711}}, {"target": 0.6447279147285945, "params": {"ta": -0.0740717232964837, "tb": -0.33543856442409115, "tc": 0.03616727323157176, "td": -0.206140273822786}}, {"target": 0.6040701742841834, "params": {"ta": 0.40022472032982037, "tb": -0.3918496722786572, "tc": -0.6774359650804985, "td": -0.28869701998131825}}, {"target": 0.46989336145597627, "params": {"ta": 0.5848415920845544, "tb": -0.47839062850978586, "tc": 0.21035798194552258, "td": 0.5637037142433687}}, {"target": 0.5301212098426495, "params": {"ta": 0.19096179492097154, "tb": 0.2212829737772949, "tc": -0.03128516329963704, "td": 0.43159043941299957}}, {"target": 0.8481097546989116, "params": {"ta": 0.17971856620670057, "tb": 0.048645711356772536, "tc": 0.00963167763624162, "td": -0.05976996212388219}}, {"target": 0.7568554977415953, "params": {"ta": -0.03400759417663446, "tb": -0.6786380378237483, "tc": 0.19312085536710888, "td": 0.37902374533826544}}, {"target": 0.6500852957321543, "params": {"ta": 0.6750475683142443, "tb": 0.04217045015320331, "tc": -0.21237914748974906, "td": 0.18704248375316124}}, {"target": 0.4931520599424112, "params": {"ta": -0.15851445764302297, "tb": -0.24210232044564572, "tc": -0.4085994377443627, "td": -0.2323226076464262}}, {"target": 0.48270382158526226, "params": {"ta": 0.2868590983314959, "tb": -0.5865813697347918, "tc": -0.33995964219546415, "td": -0.22321899580647775}}, {"target": 0.7779837762917705, "params": {"ta": 0.11159680467720845, "tb": -0.08851448820394914, "tc": -0.04240040242378551, "td": 0.4271455084739717}}, {"target": 0.6474269735241733, "params": {"ta": 0.4762787814949633, "tb": -0.470715908401957, "tc": -0.14444233852259103, "td": -0.011727994189240198}}, {"target": 0.8165522791848602, "params": {"ta": 0.25025293823116146, "tb": -0.019050173337962217, "tc": -0.15192022808965566, "td": -0.24988342378994122}}, {"target": 0.5507220814807396, "params": {"ta": 0.5793874901576788, "tb": -0.26033332785856456, "tc": -0.041848283199838576, "td": -0.18717149673355649}}, {"target": 0.7965229289405498, "params": {"ta": 0.13358601105757828, "tb": 0.2232286016809173, "tc": -0.3002920926384216, "td": 0.03616837282306662}}, {"target": 0.7925123086378268, "params": {"ta": 0.12589566428792087, "tb": 0.23716759693917078, "tc": 0.2234729531757622, "td": -0.28103160671040694}}, {"target": 0.7010062137506223, "params": {"ta": -0.011742619866996318, "tb": -0.030839268648603868, "tc": 0.21737528845423582, "td": 0.43260003870458674}}, {"target": 0.8465419137313269, "params": {"ta": 0.3466185281034311, "tb": -0.2844428954623892, "tc": -0.5291799930692025, "td": 0.2870621632286756}}, {"target": 0.30604556353114587, "params": {"ta": -0.25045749797213, "tb": -0.6866278748628488, "tc": -0.31707525183376795, "td": -0.1062147914877668}}, {"target": 0.48170172871320505, "params": {"ta": 0.4747576774986777, "tb": -0.5676523652294441, "tc": -0.030130627771926433, "td": -0.08309936184681233}}, {"target": 0.6924016578337613, "params": {"ta": 0.4647585848989334, "tb": -0.7249065807837671, "tc": -0.010014250821886117, "td": 0.5797075986465916}}, {"target": 0.6371802158424682, "params": {"ta": 0.5159447231613553, "tb": -0.6907158868796621, "tc": 0.06412580134849288, "td": 0.62777254504901}}, {"target": 0.7856604690910534, "params": {"ta": -0.06550771777690312, "tb": -0.21246939759941708, "tc": -0.09052588577947507, "td": -0.0963606464757244}}, {"target": 0.50126891462034, "params": {"ta": 0.18005109716878975, "tb": 0.16550702589586408, "tc": -0.17490863700437664, "td": 0.5547634078673003}}, {"target": 0.5508233208577613, "params": {"ta": -0.26904855959321583, "tb": -0.0381683913620382, "tc": -0.4159892007462598, "td": 0.12906995192805626}}, {"target": 0.47557121048485773, "params": {"ta": -0.10996700749434662, "tb": 0.20159323011474573, "tc": -0.5507596867439432, "td": 0.20435710810672258}}, {"target": 0.7976885206922016, "params": {"ta": 0.08965418821376958, "tb": 0.06276988743852407, "tc": 0.004027880760847591, "td": 0.22891424553252615}}, {"target": 0.3866097908986238, "params": {"ta": 0.6361569776335171, "tb": 0.021311880709236175, "tc": 0.11918321282786304, "td": 0.30523972032673485}}, {"target": 0.4489324722660061, "params": {"ta": -0.021687372143436523, "tb": 0.11149351092968562, "tc": -0.4463740597990353, "td": 0.5739622975024841}}, {"target": 0.6925141170970265, "params": {"ta": 0.49720658032394005, "tb": -0.34684381691897426, "tc": -0.08606713719484604, "td": 0.4986672548204317}}, {"target": 0.7964617683571441, "params": {"ta": 0.43816944074913566, "tb": -0.11464336844504086, "tc": -0.17253468195861943, "td": 0.24112485800990158}}, {"target": 0.7868050442811033, "params": {"ta": 0.5871018974380497, "tb": 0.10307527272409645, "tc": -0.34319308835387474, "td": -0.2601427666867815}}, {"target": 0.5968093740971127, "params": {"ta": 0.6747583114685346, "tb": -0.6761632085616021, "tc": -0.3302063908956355, "td": 0.5298857059041042}}, {"target": 0.8094236598881857, "params": {"ta": 0.5179483971979739, "tb": -0.4015083016138328, "tc": -0.34510663132479125, "td": 0.19749694854564093}}, {"target": 0.6541128153050364, "params": {"ta": 0.5490102019827131, "tb": -0.20287722883953008, "tc": -0.03948287691216035, "td": 0.027710702565874157}}, {"target": 0.6665387457171117, "params": {"ta": 0.04382686713896222, "tb": 0.18788362363997702, "tc": 0.23948277086483616, "td": 0.23404157018381355}}, {"target": 0.4298753468210714, "params": {"ta": 0.2929373291772924, "tb": 0.026251005634776003, "tc": 0.21775985742606196, "td": 0.5599632745708082}}, {"target": 0.8645798064079817, "params": {"ta": 0.35711826850396133, "tb": 0.12550901252728597, "tc": -0.3096163889887773, "td": -0.12726352394624518}}, {"target": 0.8421849271427646, "params": {"ta": 0.47263861717854094, "tb": -0.23083088440649013, "tc": -0.29555006280542584, "td": 0.23908747882932857}}, {"target": 0.6375488756719583, "params": {"ta": 0.5240097514984583, "tb": -0.557489195930006, "tc": -0.053314521471206744, "td": 0.2421257746871157}}, {"target": 0.7036618085730699, "params": {"ta": -0.015067551308273197, "tb": 0.06122678582660912, "tc": -0.4380067689998819, "td": -0.17435428505298023}}, {"target": 0.7065220935979435, "params": {"ta": 0.3144359283237831, "tb": -0.15960536393590163, "tc": 0.10473271943046558, "td": -0.03308058078067455}}, {"target": 0.8628998052025498, "params": {"ta": 0.10278966112149579, "tb": -0.48230635488500584, "tc": 0.020455147483220193, "td": 0.542575147592233}}, {"target": 0.6818939409978548, "params": {"ta": 0.5175734717679283, "tb": -0.6165696181103701, "tc": -0.6064567290598205, "td": 0.11008858680198907}}, {"target": 0.651232608311964, "params": {"ta": 0.48122488282596265, "tb": 0.11203551689711844, "tc": 0.03886676527814392, "td": -0.06526417761834402}}, {"target": 0.6895571820842534, "params": {"ta": -0.0045441248087669805, "tb": -0.2005859518518719, "tc": -0.15465503802098923, "td": 0.6894229142920975}}, {"target": 0.7514646833113257, "params": {"ta": 0.05902205075426603, "tb": -0.030485548277831898, "tc": 0.24174695600504736, "td": -0.23670529305317112}}, {"target": 0.42872972702360385, "params": {"ta": 0.28794255023710413, "tb": -0.6219687299145454, "tc": -0.5332194263847336, "td": -0.25658743621905533}}, {"target": 0.7838419834939426, "params": {"ta": -0.061219214026843605, "tb": 0.20572511845467256, "tc": 0.1371780290871064, "td": 0.13409566399027917}}, {"target": 0.835739440221681, "params": {"ta": 0.1545996776666141, "tb": -0.2175440429102592, "tc": 0.06112562396336396, "td": 0.18094014986777318}}, {"target": 0.8831009372839369, "params": {"ta": -0.2903541005171557, "tb": 0.2690089054001379, "tc": 0.2690089054001379, "td": -0.2903541005171557}}, {"target": 0.7391818816623748, "params": {"ta": 0.7096458994828443, "tb": 0.2690089054001379, "tc": -0.7309910945998621, "td": -0.2791239342313212}}, {"target": 0.8110489597080833, "params": {"ta": -0.2903541005171557, "tb": -0.7309910945998621, "tc": 0.05902624615680315, "td": 0.7096458994828443}}, {"target": 0.8735035741877847, "params": {"ta": -0.12584661937980146, "tb": 0.2690089054001379, "tc": 0.0026300468547363134, "td": -0.2903541005171557}}, {"target": 0.8891726932273425, "params": {"ta": 0.16360576253753628, "tb": -0.28156509232726784, "tc": -0.20452759846103538, "td": 0.24217995250781835}}, {"target": 0.8770980608856503, "params": {"ta": 0.03621708072109721, "tb": -0.7309910945998621, "tc": -0.20003490093419846, "td": 0.7096458994828443}}, {"target": 0.8888352659366707, "params": {"ta": 0.4256709438130897, "tb": -0.0894901166905135, "tc": -0.4699013743027108, "td": 0.029181734599023988}}, {"target": 0.8877666898780173, "params": {"ta": 0.19930380290127933, "tb": -0.0961793544259267, "tc": -0.2095082283297869, "td": 0.05858411856232072}}, {"target": 0.8815146704354667, "params": {"ta": 0.11613923264128129, "tb": -0.5278709295989706, "tc": -0.20270433454082892, "td": 0.49084239193887313}}, {"target": 0.8882241592017185, "params": {"ta": -0.2903541005171557, "tb": 0.07405832632529337, "tc": 0.2690089054001379, "td": -0.04621486577972711}}, {"target": 0.8681766228893388, "params": {"ta": -0.2903541005171557, "tb": 0.2690089054001379, "tc": 0.17919413358849468, "td": -0.12829018870214606}}, {"target": 0.8651561974014927, "params": {"ta": 0.15368289009552086, "tb": 0.2690089054001379, "tc": -0.16103223911704356, "td": -0.2903541005171557}}, {"target": 0.8645684100243042, "params": {"ta": -0.2903541005171557, "tb": -0.16991400850146976, "tc": 0.2690089054001379, "td": 0.1778724154126213}}, {"target": 0.8872934968853905, "params": {"ta": -0.008089259419407175, "tb": -0.3735985699344412, "tc": -0.0487774942285928, "td": 0.36427841124672083}}, {"target": 0.8825253904546004, "params": {"ta": 0.03747908631611745, "tb": -0.7309910945998621, "tc": -0.006297708403938601, "td": 0.7096458994828443}}, {"target": 0.8884610302252985, "params": {"ta": -0.02863343065206636, "tb": -0.6032301543207274, "tc": -0.08474629676381903, "td": 0.6003836008809751}}, {"target": 0.8872935124905039, "params": {"ta": 0.7096458994828443, "tb": -0.13743143895858093, "tc": -0.7309910945998621, "td": 0.006335045429328983}}, {"target": 0.8836520386057376, "params": {"ta": 0.5689099450236257, "tb": -0.010464874420991421, "tc": -0.6134440603502399, "td": -0.031257860833663}}, {"target": 0.8845517990037597, "params": {"ta": 0.59281854023989, "tb": -0.16872573499565116, "tc": -0.5950427621552273, "td": 0.049206731790614126}}, {"target": 0.8863909858304351, "params": {"ta": -0.16158509835924703, "tb": 0.10713627049640712, "tc": 0.12208510899762322, "td": -0.12271053588386821}}, {"target": 0.886437224564848, "params": {"ta": 0.023639233675529413, "tb": -0.16163856669628907, "tc": -0.05829293007632482, "td": 0.1573903530597067}}, {"target": 0.871900147854082, "params": {"ta": 0.5757071315209363, "tb": -0.1271472829997561, "tc": -0.7309910945998621, "td": 0.02253649729364141}}, {"target": 0.8820166905150777, "params": {"ta": -0.17692285823112122, "tb": -0.043322826827638335, "tc": 0.14175866935033196, "td": 0.0546358926339171}}, {"target": 0.8797397038616979, "params": {"ta": 0.06277362363107092, "tb": -0.6230512237070244, "tc": -0.10737903632769834, "td": 0.7096458994828443}}, {"target": 0.884929506795479, "params": {"ta": 0.7096458994828443, "tb": -0.023660055267048365, "tc": -0.7309910945998621, "td": 0.05444681849324708}}, {"target": 0.8818365914353739, "params": {"ta": 0.015564920526082769, "tb": 0.14986153724778198, "tc": -0.04907106350290395, "td": -0.141790375305456}}, {"target": 0.8882689758341298, "params": {"ta": 0.12517955328100597, "tb": -0.38076991927658965, "tc": -0.13061745492620802, "td": 0.3728581466606293}}, {"target": 0.8748748512668332, "params": {"ta": -0.2903541005171557, "tb": 0.12533308574715543, "tc": 0.21808919047263, "td": -0.21735802127527126}}, {"target": 0.885457409230593, "params": {"ta": -0.1894206677221375, "tb": 0.26727253720858746, "tc": 0.2476947324262222, "td": -0.20657174480260354}}, {"target": 0.8889452188220952, "params": {"ta": 0.3118944152037887, "tb": -0.18562302168362077, "tc": -0.3295931745200387, "td": 0.1336587915162398}}, {"target": 0.8831143525484112, "params": {"ta": 0.06578544672410697, "tb": -0.6753948251768666, "tc": -0.0993033934391801, "td": 0.5981590215683275}}, {"target": 0.8720757582049116, "params": {"ta": 0.7096458994828443, "tb": -0.16763913138614486, "tc": -0.7309910945998621, "td": 0.13487587963484235}}, {"target": 0.8898202335067029, "params": {"ta": 0.019533022994386, "tb": -0.4847733034963392, "tc": -0.09517440598063356, "td": 0.4881002953045428}}, {"target": 0.8881046071272309, "params": {"ta": 0.17252369639390736, "tb": -0.18807593065563316, "tc": -0.1568401301455957, "td": 0.16977432936882836}}, {"target": 0.8861326677278092, "params": {"ta": 0.6923333582921298, "tb": -0.07333766814302783, "tc": -0.6422072191332648, "td": 0.012320626623499335}}, {"target": 0.8889589902275683, "params": {"ta": 0.5274216497010238, "tb": -0.07661319938672032, "tc": -0.5158238939540433, "td": 0.05145074255851357}}, {"target": 0.8837924978267562, "params": {"ta": -0.0012913951040701699, "tb": 0.0120166995708475, "tc": -0.02094206539212773, "td": 0.011438407330344513}}, {"target": 0.8891254218675342, "params": {"ta": -0.13636129649084677, "tb": 0.2690089054001379, "tc": 0.15695994664672316, "td": -0.2903541005171557}}, {"target": 0.8877024647157372, "params": {"ta": 0.34250868614834784, "tb": -0.06727004839599161, "tc": -0.3305769531578915, "td": 0.03262540206792212}}, {"target": 0.8862817249525807, "params": {"ta": -0.06326714047491352, "tb": 0.2690089054001379, "tc": 0.07994280232035965, "td": -0.2199863497122475}}, {"target": 0.8885748861866902, "params": {"ta": -0.03844485420034991, "tb": -0.7309910945998621, "tc": -0.08811453446450279, "td": 0.7096458994828443}}, {"target": 0.8837425045400409, "params": {"ta": 0.2550212730282282, "tb": -0.3121861445900578, "tc": -0.2657480077250751, "td": 0.28200251863771153}}, {"target": 0.8892544906259074, "params": {"ta": 0.06390850942876064, "tb": -0.2766060918127049, "tc": -0.09508245754817873, "td": 0.27959505850974176}}, {"target": 0.8885232191805656, "params": {"ta": 0.43047912014076123, "tb": -0.15454090567226916, "tc": -0.45143633109298525, "td": 0.11195333314866698}}, {"target": 0.8896467632611724, "params": {"ta": -0.14690500542428878, "tb": 0.20647746260918548, "tc": 0.15021245066107425, "td": -0.20658529832006495}}, {"target": 0.8875288662587663, "params": {"ta": 0.7096458994828443, "tb": -0.05883784769740092, "tc": -0.7309910945998621, "td": -0.04137330629162727}}, {"target": 0.8891912808596699, "params": {"ta": -0.2401032611878542, "tb": 0.141035074635397, "tc": 0.2552072073934427, "td": -0.10549721945738177}}, {"target": 0.8828969989980128, "params": {"ta": 0.15373155393096188, "tb": 0.02626451186346028, "tc": -0.16313765812821973, "td": -0.03713722087321857}}, {"target": 0.8894568557587287, "params": {"ta": 0.2314070153566094, "tb": -0.16094213075509373, "tc": -0.26652924833192465, "td": 0.16871506074973144}}, {"target": 0.8889827259164436, "params": {"ta": 0.05554026800821326, "tb": -0.38147474587638375, "tc": -0.13177611813369794, "td": 0.4025032843043802}}, {"target": 0.889237643515476, "params": {"ta": 0.34481599105443733, "tb": -0.10375155902648386, "tc": -0.3818824763286326, "td": 0.10490382702149322}}, {"target": 0.8889583316496474, "params": {"ta": 0.060309177997713355, "tb": -0.45179443201450314, "tc": -0.11012254388194846, "td": 0.4097294539658517}}, {"target": 0.8897697289171227, "params": {"ta": 0.04366689002554467, "tb": -0.5566380105933759, "tc": -0.10592008882069633, "td": 0.5607734148099079}}, {"target": 0.8894566181669789, "params": {"ta": -0.010429073066275753, "tb": -0.663505936136272, "tc": -0.05874059189897975, "td": 0.6761683640162114}}, {"target": 0.8894673743056987, "params": {"ta": 0.5211523563975728, "tb": -0.09722141636260724, "tc": -0.5676435858143785, "td": 0.04914808704542205}}, {"target": 0.8817813656758504, "params": {"ta": -0.061627332077429826, "tb": -0.22565903685301933, "tc": 0.034415122405083674, "td": 0.23049916548713836}}, {"target": 0.8899878293595631, "params": {"ta": 0.658331180609547, "tb": -0.08075319725051251, "tc": -0.6884040323221632, "td": 0.02259050032089371}}, {"target": 0.8852926975968409, "params": {"ta": -0.04315854901046738, "tb": 0.2443691533280062, "tc": 0.061648945522265165, "td": -0.2903541005171557}}, {"target": 0.8886424024084636, "params": {"ta": 0.5633838634539987, "tb": -0.09009523079253216, "tc": -0.5670945083385971, "td": -0.0017718512865721242}}, {"target": 0.8893914435667334, "params": {"ta": 0.07365236993522485, "tb": -0.4505749363283066, "tc": -0.1108295973695819, "td": 0.4630391747562097}}, {"target": 0.8874815259743432, "params": {"ta": -0.2146677629007819, "tb": 0.0694781913866246, "tc": 0.21916936625119116, "td": -0.05939220056807086}}, {"target": 0.889724693121516, "params": {"ta": 0.2770378616708497, "tb": -0.12349704084276789, "tc": -0.28347581400395006, "td": 0.10458568703580592}}, {"target": 0.8893109644442736, "params": {"ta": 0.1424512250912826, "tb": -0.2627852786710891, "tc": -0.17342567792958483, "td": 0.2790283566770726}}, {"target": 0.8897742981713478, "params": {"ta": 0.4030949712683217, "tb": -0.10844199197105096, "tc": -0.4040837248104811, "td": 0.0701024874118482}}, {"target": 0.8899932591037929, "params": {"ta": 0.09341259550730364, "tb": -0.3331284144816312, "tc": -0.14418768311277233, "td": 0.31464230425298645}}, {"target": 0.8899261652265018, "params": {"ta": -0.27847094160655284, "tb": 0.18651335499058105, "tc": 0.2690089054001379, "td": -0.16243539925102612}}, {"target": 0.8893684380966792, "params": {"ta": 0.018044114479825474, "tb": -0.7305035115576739, "tc": -0.08890390643387071, "td": 0.7096458994828443}}, {"target": 0.8900637231950249, "params": {"ta": 0.7096458994828443, "tb": -0.08192570963996794, "tc": -0.7309910945998621, "td": 0.019382131349586607}}, {"target": 0.8893851620440032, "params": {"ta": 0.010533978622557751, "tb": -0.5601446516411773, "tc": -0.05858933531826539, "td": 0.5510475213752952}}, {"target": 0.8900262002144752, "params": {"ta": 0.5946391377437692, "tb": -0.08071842506101623, "tc": -0.6097008308027113, "td": 0.03883913887920269}}, {"target": 0.8900894064312139, "params": {"ta": -0.21838357365327302, "tb": 0.20141400172156412, "tc": 0.2187647759417425, "td": -0.19181345217078846}}, {"target": 0.8897027061216363, "params": {"ta": 0.06248026153778154, "tb": -0.35819674091053416, "tc": -0.09232420668112055, "td": 0.35838211970952194}}, {"target": 0.889588653115712, "params": {"ta": 0.1268369736402388, "tb": -0.19865698329974082, "tc": -0.1765304909197478, "td": 0.1897400686230766}}, {"target": 0.8895676523302848, "params": {"ta": 0.32333873249698325, "tb": -0.12227599474961363, "tc": -0.35957600592906946, "td": 0.07340184879542512}}, {"target": 0.8898549359825512, "params": {"ta": 0.21020940575937908, "tb": -0.1906633262603395, "tc": -0.23910422432199185, "td": 0.15383423121744952}}, {"target": 0.8875807344018578, "params": {"ta": 0.11167671628549254, "tb": -0.10479080072759576, "tc": -0.13265332065624952, "td": 0.09868624772924414}}, {"target": 0.8899135404255736, "params": {"ta": 0.004118137526357246, "tb": -0.6681561726603629, "tc": -0.09765145997064056, "td": 0.6591057997682744}}, {"target": 0.8900621981573165, "params": {"ta": 0.47356104509811153, "tb": -0.10914938758064896, "tc": -0.4912829380041191, "td": 0.06188759318103614}}, {"target": 0.8899265970372806, "params": {"ta": 0.11426744520761553, "tb": -0.25594918031766295, "tc": -0.1441882297813585, "td": 0.23608680341624486}}, {"target": 0.889922141192248, "params": {"ta": 0.19535923223156795, "tb": -0.22010101482237981, "tc": -0.22302060491221032, "td": 0.20962099018287883}}, {"target": 0.8897467300088027, "