{"all": [{"target": 0.8658673205100293, "params": {"ta": 0.4186783625992325, "tb": -0.45978508443571675, "tc": -0.6738982053034501, "td": 0.00604291086025166}}, {"target": 0.7270609203754301, "params": {"ta": 0.30152437825156475, "tb": -0.21516671567906231, "tc": -0.3212275923727458, "td": 0.3492636232039419}}, {"target": 0.29210479779536747, "params": {"ta": 0.8040923263779884, "tb": -1.1162416132820037, "tc": -1.019573055493213, "td": 0.7665003399895206}}, {"target": 0.9069833421585579, "params": {"ta": 0.4859790146624299, "tb": -0.5101466732008969, "tc": -0.9165157303939395, "td": 0.4673743866309611}}, {"target": 0.7574206311857291, "params": {"ta": 0.5675577799823956, "tb": -0.362342807335974, "tc": -0.4036272481214406, "td": 0.3835995326726219}}, {"target": 0.4981185465871088, "params": {"ta": 0.6498840305928391, "tb": -0.5939047374661748, "tc": -1.0368449702086795, "td": 0.8862172997924563}}, {"target": 0.43131536744231974, "params": {"ta": -0.062055026009596004, "tb": -0.606363930920388, "tc": -0.6944645924354845, "td": -0.031809996429196574}}, {"target": 0.8358664406538096, "params": {"ta": -0.00785871317611353, "tb": -1.186410293224155, "tc": -0.48394286844098255, "td": 0.8302845585225473}}, {"target": 0.7238965471967997, "params": {"ta": 0.41656782013245586, "tb": -0.6958679095763118, "tc": -0.19892600366868063, "td": 0.11214200002508945}}, {"target": 0.8321252357013994, "params": {"ta": 0.7587446864369816, "tb": -0.8883130046843133, "tc": -0.42162206649819645, "td": 0.04647294728735518}}, {"target": 0.8008326362176619, "params": {"ta": 0.23312760021784507, "tb": -1.1594324764482065, "tc": -0.8208466157254618, "td": 0.6368214699208953}}, {"target": 0.7142156809199053, "params": {"ta": 0.24749232512906538, "tb": -0.28371982094952664, "tc": -0.2167905826829758, "td": 0.39365256909936164}}, {"target": 0.8275126826923249, "params": {"ta": 0.4233485001079109, "tb": -1.0407047936917613, "tc": -0.9301404614545614, "td": 0.2703112942702339}}, {"target": 0.8467853269133059, "params": {"ta": 0.24187792816622455, "tb": -0.9006085346959406, "tc": -1.0283108716054024, "td": 0.5246549792986551}}, {"target": 0.6149637472772961, "params": {"ta": 0.3209679348246852, "tb": -0.9476048412667875, "tc": -0.4816959125145952, "td": -0.052893861292273914}}, {"target": 0.9433542348715793, "params": {"ta": 0.07009103976146425, "tb": -0.7365202882475741, "tc": -0.8481010166751308, "td": 0.5747833365343443}}, {"target": 0.3873323409646451, "params": {"ta": 0.8834508134287918, "tb": -0.7178868211116055, "tc": -0.9926797054494618, "td": 0.7741158759989566}}, {"target": 0.6798941525368286, "params": {"ta": 0.16169780794437572, "tb": -1.1710641829285282, "tc": -0.9086996136484757, "td": 0.26195256635110686}}, {"target": 0.33781610628031705, "params": {"ta": 0.7581986777387805, "tb": -0.6757347100764833, "tc": -0.21460122039319407, "td": 0.8552618985620752}}, {"target": 0.6726409720692865, "params": {"ta": 0.8121765552355269, "tb": -0.6561601259945967, "tc": -0.8669662992324373, "td": 0.5787789422537042}}, {"target": 0.7091460093370775, "params": {"ta": 0.0018218445459400323, "tb": -1.014532324454192, "tc": -0.6266644993234207, "td": 0.32170377159409125}}, {"target": 0.9434714342028285, "params": {"ta": 0.06894770103169079, "tb": -0.6359149895784023, "tc": -0.4448533655067719, "td": 0.6086403901325464}}, {"target": 0.6189420174597747, "params": {"ta": 0.3640886778603626, "tb": -1.1615133197564504, "tc": -1.091158610547335, "td": 0.6070049329748394}}, {"target": 0.4450963081873134, "params": {"ta": 0.8138116273591303, "tb": -0.3384741377988917, "tc": -0.3363350900924035, "td": 0.5093241619509891}}, {"target": 0.757724523500895, "params": {"ta": 0.39884720223710446, "tb": -0.7497633141866603, "tc": -1.1334990401692733, "td": 0.6260701119779717}}, {"target": 0.9500663918867979, "params": {"ta": 0.7764849354215111, "tb": -0.7125382841309903, "tc": -0.9986511977585422, "td": 0.020234359919221845}}, {"target": 0.8685273284580535, "params": {"ta": 0.019273417995022357, "tb": -0.7843937773302325, "tc": -0.8013635076780417, "td": 0.42581839019922907}}, {"target": 0.6331243774365359, "params": {"ta": 0.5412105757916668, "tb": -0.2090519680578924, "tc": -0.8901370275716446, "td": 0.7113417857017592}}, {"target": 0.6256879663031534, "params": {"ta": 0.03320266472026234, "tb": -0.3912588822167866, "tc": -1.0719139493490868, "td": 0.4504464265671595}}, {"target": 0.9540941408604446, "params": {"ta": 0.6704777951109353, "tb": -0.5757993555337034, "tc": -0.569794860673439, "td": 0.1744558694897076}}, {"target": 0.48658674802878815, "params": {"ta": 0.7729669557932495, "tb": -1.0666845390564559, "tc": -0.6109462579139263, "td": 0.7805329503353328}}, {"target": 0.7860099269086441, "params": {"ta": 0.2614765789806147, "tb": -0.4560856767637643, "tc": -0.22293471633504924, "td": 0.35687495853675955}}, {"target": 0.6709685386141669, "params": {"ta": 0.5722387824616029, "tb": -0.19296163034498337, "tc": -1.17116994003289, "td": 0.34125315637697773}}, {"target": 0.8388594487759954, "params": {"ta": 0.4079422515426734, "tb": -0.43539436396737263, "tc": -0.7102492229206737, "td": 0.660014861569832}}, {"target": 0.8748487949619537, "params": {"ta": 0.29447548568151805, "tb": -0.43555956401864093, "tc": -0.8946706539771586, "td": 0.574174114248727}}, {"target": 0.6405168611810498, "params": {"ta": 0.5921728800136202, "tb": -1.0008408151556636, "tc": -0.3312316336571105, "td": 0.804140813846638}}, {"target": 0.7805573663648553, "params": {"ta": 0.22817638777116456, "tb": -0.5069420815587409, "tc": -1.0761003691808444, "td": 0.42667706181978116}}, {"target": 0.8872930944146948, "params": {"ta": 0.46069359635930973, "tb": -0.3478330299021529, "tc": -0.5709250324211035, "td": 0.25701453553555453}}, {"target": 0.8722620829255596, "params": {"ta": 0.36471155028180713, "tb": -1.0573135141943588, "tc": -0.5672844826418001, "td": 0.5753629459477885}}, {"target": 0.865371509356287, "params": {"ta": 0.4652618287796271, "tb": -0.6578429077256408, "tc": -0.9886205138893477, "td": 0.5629284476917499}}, {"target": 0.7254262521681004, "params": {"ta": 0.7736285277807334, "tb": -0.22633674200269138, "tc": -1.1669704001790238, "td": 0.06357475684508762}}, {"target": 0.6981844459643974, "params": {"ta": 0.28848327196065526, "tb": -1.1027975990975243, "tc": -0.9934432641290825, "td": 0.7572450774422136}}, {"target": 0.9211644478908525, "params": {"ta": 0.19982194148246635, "tb": -0.8124975451598636, "tc": -0.9168031913072011, "td": 0.6749004448240725}}, {"target": 0.9443413805754226, "params": {"ta": 0.44528813596933536, "tb": -0.5725129640668206, "tc": -0.7025402668280483, "td": 0.09913665459514165}}, {"target": 0.7341399068723858, "params": {"ta": 0.07741370601583153, "tb": -0.8560279954420973, "tc": -0.24409233042283007, "td": 0.40639580845529066}}, {"target": 0.6902183100562027, "params": {"ta": 0.4313541222318784, "tb": -0.7883542142260709, "tc": -1.1353477924665816, "td": -0.08351572335223778}}, {"target": 0.7580222827534372, "params": {"ta": 0.6405574835048664, "tb": -0.9031922317239365, "tc": -0.7760471904997212, "td": 0.6065894133140414}}, {"target": 0.8190292696618967, "params": {"ta": 0.30054808962811363, "tb": -0.8310870881812561, "tc": -0.907839734868166, "td": 0.11907612004543289}}, {"target": 0.7431074317433665, "params": {"ta": 0.3964823102769578, "tb": -1.0043056274027227, "tc": -0.20402502907190545, "td": 0.5927747355882989}}, {"target": 0.8533714447555453, "params": {"ta": 0.34318013396021063, "tb": -0.43830367423672945, "tc": -0.46760875901979926, "td": 0.5587603077234146}}, {"target": 0.6875605884646208, "params": {"ta": 0.2637919240964992, "tb": -0.5058466323369119, "tc": -0.5919708090427591, "td": -0.10928084407058258}}, {"target": 0.8336965404963786, "params": {"ta": 0.511261284423309, "tb": -0.37630278300053044, "tc": -0.3959856807986376, "td": 0.22939359311007745}}, {"target": 0.613123664609447, "params": {"ta": 0.005743054365822786, "tb": -0.6756132344553952, "tc": -0.5098285229688851, "td": 0.0833087198696425}}, {"target": 0.5527629944314959, "params": {"ta": 0.73028871675768, "tb": -1.0493541483857052, "tc": -0.19270339382837032, "td": -0.05508732611469158}}, {"target": 0.7576562751521934, "params": {"ta": 0.5887408903203518, "tb": -0.4485533582028951, "tc": -1.1531824617533069, "td": 0.025970650016091112}}, {"target": 0.9638909324934501, "params": {"ta": -0.11055690303817889, "tb": -0.9620838358822978, "tc": -0.6000453786282051, "td": 0.8254263379810911}}, {"target": 0.7676129863116999, "params": {"ta": 0.7461015156431664, "tb": -0.3824081906095813, "tc": -0.6339544606906772, "td": 0.4041113283970047}}, {"target": 0.5334778922912409, "params": {"ta": -0.10574023194005078, "tb": -0.6944013175209072, "tc": -0.4637497069376526, "td": 0.11542296811601238}}, {"target": 0.8241996972543483, "params": {"ta": 0.7097995646944264, "tb": -0.2318999323191332, "tc": -0.871949999218653, "td": 0.13950604758085805}}, {"target": 0.6051722928038581, "params": {"ta": 0.1004708041775827, "tb": -1.1857453727301992, "tc": -1.1772516698230617, "td": 0.34134403230315824}}, {"target": 0.7336175523531985, "params": {"ta": 0.867111075283505, "tb": -0.5190897817590552, "tc": -0.2856988263886776, "td": -0.040483573257264927}}, {"target": 0.5446832516239343, "params": {"ta": -0.06345971209014512, "tb": -0.39195805160597785, "tc": -0.3453684505571504, "td": -0.0026474350689578152}}, {"target": 0.8554219751896283, "params": {"ta": 0.15821284125127022, "tb": -0.5996426029870149, "tc": -0.9232617830220753, "td": 0.8744899458769319}}, {"target": 0.8224480836083804, "params": {"ta": -0.02978912054552918, "tb": -0.7988052487893178, "tc": -1.084765210797202, "td": 0.7959199517343882}}, {"target": 0.9993767145890863, "params": {"ta": 0.3586882105976522, "tb": -0.7180150270072865, "tc": -0.6728045001879631, "td": 0.4227847259962348}}, {"target": 0.9951936315359933, "params": {"ta": 0.8880590477064307, "tb": -0.7025269924537944, "tc": -0.7660149449693862, "td": -0.11194095229356926}}, {"target": 0.9705551540091958, "params": {"ta": -0.11194095229356926, "tb": -0.6740567382467912, "tc": -0.5495145979814373, "td": 0.8880590477064307}}, {"target": 0.9881091311884511, "params": {"ta": 0.7323612110845669, "tb": -0.7449174639517153, "tc": -0.7668143450225227, "td": 0.10957473948673978}}, {"target": 0.9921844754170656, "params": {"ta": 0.08907312360651394, "tb": -0.7967841704479383, "tc": -0.6121674124461921, "td": 0.775051734587942}}, {"target": 0.9881697782055805, "params": {"ta": 0.8880590477064307, "tb": -0.5801508707137495, "tc": -0.8155020008914876, "td": -0.013404904141281546}}, {"target": 0.9981187592197803, "params": {"ta": 0.5208807892161267, "tb": -0.6941166431325139, "tc": -0.7396351542482107, "td": 0.2862579975015462}}, {"target": 0.9952050848343261, "params": {"ta": -0.11194095229356926, "tb": -0.8103288323819364, "tc": -0.7214354473186801, "td": 0.8880590477064307}}, {"target": 0.9998661838917483, "params": {"ta": 0.19850348106790555, "tb": -0.724043970152728, "tc": -0.662286409029082, "td": 0.5868018776594713}}, {"target": 0.9671593369012013, "params": {"ta": 0.8880590477064307, "tb": -0.8074020824113637, "tc": -0.8373575283687295, "td": -0.017042255910952323}}, {"target": 0.9947882993924337, "params": {"ta": 0.7524895323946343, "tb": -0.6275787109269628, "tc": -0.7673822102510286, "td": -0.03687985940357555}}, {"target": 0.9949848528896653, "params": {"ta": -0.0383695751065417, "tb": -0.7573140067914955, "tc": -0.6632904565251094, "td": 0.756565025524487}}, {"target": 0.993077010606145, "params": {"ta": 0.8880590477064307, "tb": -0.6293439696041028, "tc": -0.8910859217715771, "td": -0.11194095229356926}}, {"target": 0.9935110521945236, "params": {"ta": 0.3325537384117222, "tb": -0.6535366849156738, "tc": -0.7443996119622924, "td": 0.42623229244711375}}, {"target": 0.9968687861548062, "params": {"ta": -0.048198162274195, "tb": -0.8214855447161274, "tc": -0.6274644558494162, "td": 0.8880590477064307}}, {"target": 0.9978425350392092, "params": {"ta": 0.6475655097090595, "tb": -0.6188048223721369, "tc": -0.7739006272289903, "td": 0.14678121457276064}}, {"target": 0.9946405462036618, "params": {"ta": 0.28468989158335345, "tb": -0.7702416825372347, "tc": -0.7163890316668134, "td": 0.5038401936673144}}, {"target": 0.9976513683483645, "params": {"ta": 0.5957846680206457, "tb": -0.6855115556784405, "tc": -0.701725531458579, "td": 0.16423468971247362}}, {"target": 0.9968687044875124, "params": {"ta": 0.0936090130335905, "tb": -0.7094683921879111, "tc": -0.6644860616681332, "td": 0.7009681469848819}}, {"target": 0.9978196795073793, "params": {"ta": 0.09956899728992243, "tb": -0.7947552466939235, "tc": -0.6647425491139547, "td": 0.6636448146165643}}, {"target": 0.9973852014926533, "params": {"ta": 0.4551934354999974, "tb": -0.6464271340434875, "tc": -0.6620106837827923, "td": 0.31100983550775074}}, {"target": 0.9959756461213245, "params": {"ta": -0.004247497377314546, "tb": -0.8236255767240026, "tc": -0.7007763670533426, "td": 0.8100031907642885}}, {"target": 0.9992731640067429, "params": {"ta": 0.8302116304439371, "tb": -0.6685613017363264, "tc": -0.8143412964790078, "td": -0.03324828039237851}}, {"target": 0.9979707663772733, "params": {"ta": 0.267396544478447, "tb": -0.6921858458839912, "tc": -0.6390878305231714, "td": 0.47876180205322205}}, {"target": 0.9965198946505285, "params": {"ta": 0.8880590477064307, "tb": -0.6031895533633198, "tc": -0.7838234930208247, "td": -0.11194095229356926}}, {"target": 0.9988538654436198, "params": {"ta": 0.7313593602297586, "tb": -0.6456554653503392, "tc": -0.7393530333389075, "td": 0.06278367727565415}}, {"target": 0.9990063196919329, "params": {"ta": -0.11194095229356926, "tb": -0.8096721362966365, "tc": -0.6360798837115824, "td": 0.8740665890407872}}, {"target": 0.9981208114310293, "params": {"ta": 0.41616867851301925, "tb": -0.7086485757894155, "tc": -0.7051549484750358, "td": 0.3296412283705651}}, {"target": 0.9991949385069032, "params": {"ta": 0.5508102224093734, "tb": -0.6356088231516999, "tc": -0.7270377912533468, "td": 0.22574083855251453}}, {"target": 0.999295144777633, "params": {"ta": -0.05035059011821174, "tb": -0.7762302324245236, "tc": -0.6563583274529381, "td": 0.8448374769347753}}, {"target": 0.9985353731325407, "params": {"ta": 0.1420105260061099, "tb": -0.7445424147118845, "tc": -0.617345359320678, "td": 0.636394251709654}}, {"target": 0.9990470791699572, "params": {"ta": 0.6926634383490669, "tb": -0.6646193254379396, "tc": -0.782010913193807, "td": 0.07116528793303734}}, {"target": 0.9992183480810725, "params": {"ta": 0.42937209389786124, "tb": -0.6751230766731577, "tc": -0.7114786311334392, "td": 0.3691234970389153}}, {"target": 0.9997497453806369, "params": {"ta": 0.8880590477064307, "tb": -0.6572667572477786, "tc": -0.813731991032485, "td": -0.08415618103478346}}, {"target": 0.9989515368150655, "params": {"ta": 0.29389264304391116, "tb": -0.7039791979434549, "tc": -0.6707463580980717, "td": 0.513664743210079}}, {"target": 0.9997681240441537, "params": {"ta": 0.029005899911297574, "tb": -0.7769850430353391, "tc": -0.6363035353269394, "td": 0.7490528243142167}}, {"target": 0.9991641630411618, "params": {"ta": 0.5976124135287545, "tb": -0.6720950036765415, "tc": -0.7620385909543643, "td": 0.18119841056205302}}, {"target": 0.9998424980931427, "params": {"ta": 0.654589087182799, "tb": -0.6552774552426592, "tc": -0.7385706201945894, "td": 0.12353494993476112}}, {"target": 0.999482492638025, "params": {"ta": 0.7653147692106717, "tb": -0.6388110587770761, "tc": -0.7957534076320757, "td": 0.03135785790295548}}, {"target": 0.9995346627931592, "params": {"ta": -0.05259146773133603, "tb": -0.8131475343911209, "tc": -0.6451417514891684, "td": 0.8270223019189812}}, {"target": 0.9995839016040836, "params": {"ta": 0.14784031382151572, "tb": -0.7505423215190212, "tc": -0.6691679013010771, "td": 0.6482928807961148}}, {"target": 0.9989648342322005, "params": {"ta": 0.23938970637987314, "tb": -0.7445448460596952, "tc": -0.6424782258133608, "td": 0.548835153974291}}, {"target": 0.9993935654276291, "params": {"ta": 0.8203711401394421, "tb": -0.6527032605563362, "tc": -0.7712287096847199, "td": -0.026778113610538667}}, {"target": 0.9995543129009357, "params": {"ta": 0.37280436257126065, "tb": -0.6749320813157862, "tc": -0.6760879570086881, "td": 0.3927971649388284}}, {"target": 0.999548118796591, "params": {"ta": 0.4779683385253546, "tb": -0.6623262878192903, "tc": -0.7227840536124267, "td": 0.2871131367380646}}, {"target": 0.9995559085073537, "params": {"ta": -0.09902085633450171, "tb": -0.8304666711533105, "tc": -0.6640175691040426, "td": 0.8880590477064307}}, {"target": 0.9997913120048415, "params": {"ta": 0.2413777976642279, "tb": -0.7182675622960762, "tc": -0.6765007661268623, "td": 0.5263816289814636}}, {"target": 0.999949259094839, "params": {"ta": 0.07417569970990276, "tb": -0.7653906711493232, "tc": -0.6580377021330133, "td": 0.7114319626163386}}, {"target": 0.9997529917488173, "params": {"ta": 0.5228243557501329, "tb": -0.6753469145972474, "tc": -0.7056542565992855, "td": 0.2501502675593866}}, {"target": 0.9995995321653122, "params": {"ta": 0.6091784434166748, "tb": -0.6589925457431367, "tc": -0.7308278693868672, "td": 0.1885609328501533}}, {"target": 0.9999264864992184, "params": {"ta": 0.0023467650582466334, "tb": -0.7815729116229748, "tc": -0.6539031837197312, "td": 0.7891199440155011}}, {"target": 0.9999608757929227, "params": {"ta": 0.3156904697888333, "tb": -0.7041698310878107, "tc": -0.6812548855117673, "td": 0.45666005145445976}}, {"target": 0.9996758232712435, "params": {"ta": 0.764910242898957, "tb": -0.6673239586162032, "tc": -0.7769980441436828, "td": 0.01558147999498367}}, {"target": 0.9996508851512312, "params": {"ta": 0.14528908683586556, "tb": -0.7376023239764373, "tc": -0.660069624049349, "td": 0.6164752696591327}}, {"target": 0.9995666426276695, "params": {"ta": 0.8511691673157786, "tb": -0.6617935596432147, "tc": -0.8165608394305132, "td": -0.07550743047550745}}, {"target": 0.9997541557055354, "params": {"ta": -0.09714540655827061, "tb": -0.7982624629634888, "tc": -0.6585073762932538, "td": 0.8880590477064307}}, {"target": 0.9998224206629925, "params": {"ta": 0.4649701627712281, "tb": -0.6854304684380941, "tc": -0.6970653799979354, "td": 0.318205452135828}}, {"target": 0.999764342750113, "params": {"ta": 0.6931318902279076, "tb": -0.6546600339359046, "tc": -0.765691500753072, "td": 0.10344198426675577}}, {"target": 0.9997961637256673, "params": {"ta": 0.6037011750181116, "tb": -0.6483993537886608, "tc": -0.7351464697604583, "td": 0.16479723642841984}}, {"target": 0.99985356767252, "params": {"ta": 0.37179519728009885, "tb": -0.6970268931377319, "tc": -0.6971051780386948, "td": 0.40837304916828066}}, {"target": 0.9998066481306099, "params": {"ta": 0.18614245608415952, "tb": -0.7483183420211166, "tc": -0.6636407309196448, "td": 0.5927620336388774}}, {"target": 0.9999028612933766, "params": {"ta": -0.0762480780912256, "tb": -0.8084754258753646, "tc": -0.6601247604801811, "td": 0.8604256397371658}}, {"target": 0.9999338917567453, "params": {"ta": 0.09881184708996622, "tb": -0.7534118258022365, "tc": -0.6466788348196444, "td": 0.6787032363507055}}, {"target": 0.9997746929653101, "params": {"ta": 0.8880590477064307, "tb": -0.6591686699424866, "tc": -0.8178383287745051, "td": -0.11194095229356926}}, {"target": 0.9999145455623158, "params": {"ta": 0.0379080858433458, "tb": -0.7759811678602191, "tc": -0.6595641002457311, "td": 0.7469214099116471}}, {"target": 0.999961721248937, "params": {"ta": 0.5585049376364102, "tb": -0.6675445178057607, "tc": -0.7292169239977595, "td": 0.2166475931704608}}, {"target": 0.9999234037835141, "params": {"ta": 0.4098972373214762, "tb": -0.6895764249750351, "tc": -0.6859573403714277, "td": 0.367527318762916}}, {"target": 0.9998945208442896, "params": {"ta": 0.341345717434023, "tb": -0.6921856672581628, "tc": -0.6769280693616779, "td": 0.4405824827960798}}, {"target": 0.9999464340847495, "params": {"ta": 0.2848460209802213, "tb": -0.7174453336138231, "tc": -0.6697082241249461, "td": 0.4902190740276538}}, {"target": 0.9999146800775859, "params": {"ta": 0.8405424009233897, "tb": -0.6419089535101346, "tc": -0.8021680464431457, "td": -0.05443819435759205}}, {"target": 0.9999738177133265, "params": {"ta": 0.7968069784275886, "tb": -0.6471794949197391, "tc": -0.7925616044648034, "td": -0.012027314188888277}}, {"target": 0.999954143233595, "params": {"ta": 0.2196573028248088, "tb": -0.72099551629293, "tc": -0.659509326262018, "td": 0.5554368961267319}}, {"target": 0.9999805623850105, "params": {"ta": 0.725622234648671, "tb": -0.6469888898370684, "tc": -0.7712825295269523, "td": 0.056715794772944556}}, {"target": 0.9999687470532233, "params": {"ta": 0.6399883394940997, "tb": -0.6595370865701469, "tc": -0.7504857993975326, "td": 0.14223077373634574}}, {"target": 0.9999044472705593, "params": {"ta": 0.681933405596737, "tb": -0.6446288900979817, "tc": -0.7559479291846747, "td": 0.09424077813740545}}, {"target": 0.9999968841818118, "params": {"ta": -0.019731857590429887, "tb": -0.792216892510404, "tc": -0.6489596664595433, "td": 0.8058829083420973}}, {"target": 0.9999547805631188, "params": {"ta": 0.4369287340037864, "tb": -0.6751504325992423, "tc": -0.7014179569604532, "td": 0.3350064705898966}}, {"target": 0.9999547050958081, "params": {"ta": 0.5045039529320758, "tb": -0.666257779604005, "tc": -0.7109117152684836, "td": 0.27679051884840533}}, {"target": 0.999939306534722, "params": {"ta": 0.06266099885238752, "tb": -0.7627063800642042, "tc": -0.6452477010223474, "td": 0.7186664051584845}}, {"target": 0.9999109434404438, "params": {"ta": 0.22495412494675293, "tb": -0.729006435330612, "tc": -0.6715662411177982, "td": 0.557867072505773}}, {"target": 0.9999528831816901, "params": {"ta": 0.8674173299373958, "tb": -0.6499730825110281, "tc": -0.8017098745231432, "td": -0.082670298000745}}, {"target": 0.9999638663162499, "params": {"ta": 0.1705344895688442, "tb": -0.7362763189258735, "tc":