{"all": [{"target": 0.2556337770595461, "params": {"ta": 0.7747729277570043, "tb": -0.7005022409123399, "tc": -0.34802433236132635, "td": 0.8561578135336618}}, {"target": 0.3548179453051664, "params": {"ta": 0.594781347657316, "tb": -0.5035581556516326, "tc": -0.43324082795927565, "td": 0.823158715705542}}, {"target": 0.3991757151914183, "params": {"ta": 0.630514710665335, "tb": -1.2013638422978432, "tc": -1.0926593470927606, "td": 0.7059882988260144}}, {"target": 0.4620698839003491, "params": {"ta": -0.027538571750606422, "tb": -0.458647531156964, "tc": -0.8300329372519178, "td": 0.13758924202782702}}, {"target": 0.6396972642571951, "params": {"ta": 0.13806694420916527, "tb": -0.5075781037245436, "tc": -0.4727034944637005, "td": 0.8347584819763296}}, {"target": 0.7035442888566381, "params": {"ta": 0.044207128819816865, "tb": -0.9709835184538309, "tc": -1.0814894910452342, "td": 0.3606735648163217}}, {"target": 0.5769917577836358, "params": {"ta": 0.022221954497064378, "tb": -0.8697277172311426, "tc": -1.1663802453179926, "td": 0.2087620921756656}}, {"target": 0.6205242822183847, "params": {"ta": 0.5617756202626563, "tb": -0.319677910671731, "tc": -0.5805504258563507, "td": -0.04961240441031417}}, {"target": 0.7259730295877096, "params": {"ta": 0.04162041273100142, "tb": -0.5022513298616965, "tc": -1.0507917771007047, "td": 0.6456160294767095}}, {"target": 0.4469252061630331, "params": {"ta": 0.438430278337315, "tb": -1.2766791948618763, "tc": -1.0557829644574885, "td": 0.7788198413330958}}, {"target": 0.3693617929822648, "params": {"ta": 0.19086928376798878, "tb": -0.41349926141247983, "tc": -1.256503159768263, "td": 0.08983597214180544}}, {"target": 0.7089688296652861, "params": {"ta": 0.4962971930637409, "tb": -1.18111955275462, "tc": -0.59282778279606, "td": 0.26720907546996747}}, {"target": 0.5195879642634038, "params": {"ta": 0.3871358123868301, "tb": -1.113570360147929, "tc": -0.4657941283114413, "td": -0.05140294467804091}}, {"target": 0.7069780649064058, "params": {"ta": 0.10393327815816494, "tb": -0.46100766553707284, "tc": -1.1125126702739303, "td": 0.7845234970118515}}, {"target": 0.6989135071846384, "params": {"ta": 0.8745810928537179, "tb": -0.6163403936670001, "tc": -1.1752283905168888, "td": -0.048618084197452116}}, {"target": 0.7648214643345657, "params": {"ta": 0.4328315059688241, "tb": -0.6254319800860041, "tc": -1.052186317428716, "td": 0.27370669813761955}}, {"target": 0.1759852398242136, "params": {"ta": 0.8318758516187588, "tb": -1.2826049432838622, "tc": -1.0642708051412777, "td": 0.8195276829155371}}, {"target": 0.6720704102094162, "params": {"ta": 0.6124087713630033, "tb": -1.0732101550933364, "tc": -1.218410475326011, "td": 0.030730262491379723}}, {"target": 0.7595527631346648, "params": {"ta": 0.01700105429264337, "tb": -0.5198419616865417, "tc": -1.0331459795574487, "td": 0.8284423596090642}}, {"target": 0.6229962931272929, "params": {"ta": 0.6118444693857215, "tb": -1.2391521474712341, "tc": -1.1626043785246325, "td": 0.1265245425212153}}, {"target": 0.5935303242596583, "params": {"ta": 0.008284650397312243, "tb": -1.2761732883735932, "tc": -1.2208315016060634, "td": 0.6121830549269975}}, {"target": 0.7945397072894398, "params": {"ta": -0.10487266819305513, "tb": -0.9315196877381, "tc": -0.9686409666631707, "td": 0.6853941484437094}}, {"target": 0.7897014417255717, "params": {"ta": 0.19300317420815877, "tb": -0.8858077127343604, "tc": -0.6327563066508198, "td": 0.7638954208962374}}, {"target": 0.3097523669623469, "params": {"ta": 0.8480660951871719, "tb": -1.2752952316505393, "tc": -1.0479244999527753, "td": 0.601046781788507}}, {"target": 0.3102237269058308, "params": {"ta": 0.6979983079310408, "tb": -0.43575171596655293, "tc": -0.6832031997147278, "td": 0.8893187570775143}}, {"target": 0.7584615620143338, "params": {"ta": 0.0853743272035607, "tb": -1.0892160985903376, "tc": -0.66482309570703, "td": 0.7521116140764781}}, {"target": 0.7011712913237675, "params": {"ta": 0.14296590323107733, "tb": -1.0225172329287007, "tc": -0.8195743183499824, "td": 0.23464575249024483}}, {"target": 0.6525658536730862, "params": {"ta": 0.6555787874362478, "tb": -1.1057403932883565, "tc": -0.390997285481409, "td": 0.40407472640082104}}, {"target": 0.7738558152379604, "params": {"ta": 0.3049431359586345, "tb": -0.6304041957187724, "tc": -0.7320220264369547, "td": 0.21741240571889914}}, {"target": 0.731105829683458, "params": {"ta": 0.054714301822800404, "tb": -0.9302298504083271, "tc": -1.0733564776309497, "td": 0.40494296911332045}}, {"target": 0.7519927171691871, "params": {"ta": 0.19805861147164666, "tb": -0.6489713240719497, "tc": -0.9281362583965024, "td": 0.29818987884966847}}, {"target": 0.4446421710727893, "params": {"ta": 0.8368697448524967, "tb": -0.9742848769502608, "tc": -0.4237606963628633, "td": 0.668039676507977}}, {"target": 0.6424873598594735, "params": {"ta": 0.7609301268879696, "tb": -1.0229494440158744, "tc": -0.9800546118156401, "td": 0.40772607709350356}}, {"target": 0.46256129097810694, "params": {"ta": 0.8099090865399161, "tb": -0.4431547113603689, "tc": -0.894594710477491, "td": 0.6488136477289019}}, {"target": 0.5585677624966687, "params": {"ta": -0.04772031499509949, "tb": -0.9318207081327161, "tc": -1.0327869253047826, "td": 0.19188804049475378}}, {"target": 0.7747542493388136, "params": {"ta": 0.78503294581722, "tb": -0.5735879308146252, "tc": -0.6709848711354713, "td": 0.094199570201902}}, {"target": 0.5794771046544775, "params": {"ta": -0.06433955438011157, "tb": -1.1346561267272424, "tc": -0.38738109218306394, "td": 0.681818206258733}}, {"target": 0.544166957578973, "params": {"ta": 0.398112934647823, "tb": -0.8301726671758065, "tc": -0.3839527158503395, "td": 0.8765803040550395}}, {"target": 0.5479334474288124, "params": {"ta": 0.26167835814391455, "tb": -0.44571285606106936, "tc": -0.31642744821405755, "td": 0.035298289505738045}}, {"target": 0.7140305371815665, "params": {"ta": 0.155388325800961, "tb": -0.8228690923303893, "tc": -0.5511167722901793, "td": 0.2970294306962796}}, {"target": 0.5269991807342309, "params": {"ta": 0.6920747392409461, "tb": -0.6183362544693414, "tc": -0.4390016861005247, "td": 0.5516840661306743}}, {"target": 0.48042117182208943, "params": {"ta": 0.8737175213664514, "tb": -1.0472483715162113, "tc": -0.7400950667425003, "td": 0.5956455715912758}}, {"target": 0.7488544878874701, "params": {"ta": 0.7525768457624431, "tb": -0.8762439440281178, "tc": -0.7230049913976077, "td": 0.3602387935927313}}, {"target": 0.6109369624215246, "params": {"ta": 0.6543041679158581, "tb": -0.4292305239452635, "tc": -1.1999043601531236, "td": 0.4878437905366974}}, {"target": 0.7247202668338716, "params": {"ta": 0.47797727923670724, "tb": -1.053220039106035, "tc": -0.7177458623754921, "td": -0.006687880345130848}}, {"target": 0.6310598575662334, "params": {"ta": 0.42768467221619794, "tb": -0.5685487533326544, "tc": -1.21726609502229, "td": 0.735474782547058}}, {"target": 0.6665756149430604, "params": {"ta": 0.5006341787265487, "tb": -0.3508899996950299, "tc": -0.8552572915801933, "td": 0.16445227931734557}}, {"target": 0.5353085896551824, "params": {"ta": 0.47221181959614594, "tb": -0.49087910563433934, "tc": -0.6897495669776388, "td": 0.8395121809479664}}, {"target": 0.6615512908501981, "params": {"ta": 0.4182766895557484, "tb": -0.8188507215418824, "tc": -1.1012612289321995, "td": -0.055135818652039814}}, {"target": 0.7816521455060874, "params": {"ta": 0.8833441333726604, "tb": -0.612559786572001, "tc": -0.7992011439869149, "td": 0.08665967956173876}}, {"target": 0.5426647163643524, "params": {"ta": 0.6022375752172877, "tb": -0.9759412934442188, "tc": -0.943742018088129, "td": 0.7518746495964579}}, {"target": 0.7830539890169945, "params": {"ta": 0.23818441649204852, "tb": -0.8748949825595455, "tc": -1.086425908356297, "td": 0.44822030523111583}}, {"target": 0.543786371033632, "params": {"ta": 0.6575502886295217, "tb": -0.41165467018108515, "tc": -1.2798046173960878, "td": 0.04828310665729635}}, {"target": 0.20542459269495938, "params": {"ta": 0.8780524308450603, "tb": -0.7662961835452435, "tc": -0.41698263624205467, "td": 0.8893728504115013}}, {"target": 0.6660055214529805, "params": {"ta": 0.2816384869787402, "tb": -1.2113788622744344, "tc": -1.0519393202375897, "td": 0.1725935283151771}}, {"target": 0.787412120920412, "params": {"ta": 0.5875789603608181, "tb": -1.0290235971467236, "tc": -0.6871002111785969, "td": 0.0558465892522077}}, {"target": 0.376560829928557, "params": {"ta": -0.09691052709509113, "tb": -0.8171013681597012, "tc": -0.9343474557593521, "td": 0.017030511783155122}}, {"target": 0.6235200531682508, "params": {"ta": 0.29775121526302234, "tb": -1.1199804011886956, "tc": -1.2614427979910752, "td": 0.47401911794780577}}, {"target": 0.6048059814202805, "params": {"ta": 0.5047782151783478, "tb": -1.2517577133424382, "tc": -0.4674628941947335, "td": 0.18024665213086705}}, {"target": 0.4668044571445193, "params": {"ta": 0.7581495668005507, "tb": -1.0625042641821092, "tc": -0.5243517894910733, "td": 0.738606540715808}}, {"target": 0.8083484972459288, "params": {"ta": 0.45988588552547577, "tb": -1.0154422924507536, "tc": -0.7757748339608884, "td": 0.39574578941960786}}, {"target": 0.6889749295949468, "params": {"ta": 0.4957471199137146, "tb": -1.036386249856909, "tc": -0.4576925759360996, "td": 0.5540030989796889}}, {"target": 0.7623474352607411, "params": {"ta": -0.010944372761341026, "tb": -0.8833640336003951, "tc": -0.6295008202693799, "td": 0.5371591258506832}}, {"target": 0.5468849707120512, "params": {"ta": 0.11936880916991838, "tb": -0.36321555727424126, "tc": -0.33750247240401166, "td": 0.6716148767221841}}, {"target": 0.8459479429684921, "params": {"ta": 0.8926457707126871, "tb": -0.8858655453429854, "tc": -0.7713016581320193, "td": -0.10735422928731281}}, {"target": 0.8496327905481702, "params": {"ta": 0.24887095980474355, "tb": -0.7820176218611582, "tc": -0.807022902915963, "td": 0.5282679950285364}}, {"target": 0.8486846749303699, "params": {"ta": 0.672899256433558, "tb": -0.812665084098931, "tc": -0.8282394008080292, "td": 0.07472279229182656}}, {"target": 0.8492110306588978, "params": {"ta": -0.10735422928731281, "tb": -0.7959642700958752, "tc": -0.7980146603633904, "td": 0.8926457707126871}}, {"target": 0.8499521410490531, "params": {"ta": 0.4666444728169658, "tb": -0.8015993009343433, "tc": -0.8097488737233467, "td": 0.2920263826809106}}, {"target": 0.8484840326962558, "params": {"ta": 0.0462915838396473, "tb": -0.7906978935980435, "tc": -0.840378266930763, "td": 0.7578508668031432}}, {"target": 0.831517770511061, "params": {"ta": 0.8926457707126871, "tb": -0.7897175045847759, "tc": -0.6327845768044051, "td": -0.10735422928731281}}, {"target": 0.8447826629846732, "params": {"ta": 0.8030393795647749, "tb": -0.7837241674429672, "tc": -0.7948199568530545, "td": -0.10735422928731281}}, {"target": 0.8355990843801139, "params": {"ta": -0.07034432947019512, "tb": -0.8328409054275152, "tc": -0.9217247992197255, "td": 0.8926457707126871}}, {"target": 0.8474101751616883, "params": {"ta": 0.7952353880591687, "tb": -0.8450565169937294, "tc": -0.7468690735494322, "td": 0.0065196066616678445}}, {"target": 0.8499019775016883, "params": {"ta": 0.34177840337337106, "tb": -0.8142464019954195, "tc": -0.8128377538480944, "td": 0.40810765746449357}}, {"target": 0.8458268585198001, "params": {"ta": -0.10735422928731281, "tb": -0.7349887334534225, "tc": -0.8362634523832163, "td": 0.8241005520048715}}, {"target": 0.8471000749988025, "params": {"ta": 0.15345107897326407, "tb": -0.8564068093888741, "tc": -0.8214295177017159, "td": 0.6022320804407391}}, {"target": 0.8478239204650947, "params": {"ta": 0.5905413140941372, "tb": -0.8164413675232589, "tc": -0.7458113944523391, "td": 0.16430668175266738}}, {"target": 0.8468302653339084, "params": {"ta": 0.5625112666179714, "tb": -0.8662101716564747, "tc": -0.835295949595395, "td": 0.19062425421855872}}, {"target": 0.8483603967304107, "params": {"ta": 0.10173086982595715, "tb": -0.7627588017225444, "tc": -0.7910090496476967, "td": 0.6443963731639679}}, {"target": 0.8484312668116327, "params": {"ta": 0.8926457707126871, "tb": -0.7936532078942353, "tc": -0.8096590393005644, "td": -0.10735422928731281}}, {"target": 0.8460084501239467, "params": {"ta": 0.8008391863467113, "tb": -0.8551444881152814, "tc": -0.8427296624310278, "td": -0.037087793750199056}}, {"target": 0.8483902692633463, "params": {"ta": -0.04071420555454081, "tb": -0.8203925584051459, "tc": -0.7940070953114818, "td": 0.7945553232110946}}, {"target": 0.8443568908782078, "params": {"ta": -0.05376593850421404, "tb": -0.7407522358099605, "tc": -0.8097036589097999, "td": 0.8926457707126871}}, {"target": 0.8471158568318513, "params": {"ta": 0.39824211260839554, "tb": -0.7987122774857962, "tc": -0.7496734370708188, "td": 0.3726711633250967}}, {"target": 0.8469935971827538, "params": {"ta": 0.3815692581664324, "tb": -0.7557050530034478, "tc": -0.83234598955357, "td": 0.4037386758322763}}, {"target": 0.8486861182828772, "params": {"ta": 0.5790962734249115, "tb": -0.7818293985552359, "tc": -0.8156073723998586, "td": 0.20100342427702922}}, {"target": 0.8488373140754684, "params": {"ta": 0.16353984869794572, "tb": -0.7795138976750708, "tc": -0.8514926983923125, "td": 0.6059841612244102}}, {"target": 0.8490707404886693, "params": {"ta": 0.6762985171567366, "tb": -0.8456976339495169, "tc": -0.7855018364305322, "td": 0.11117658266914263}}, {"target": 0.8495074988754624, "params": {"ta": 0.05752412834254876, "tb": -0.8097250881720345, "tc": -0.8222603742163846, "td": 0.6877575673241}}, {"target": 0.8488165980236597, "params": {"ta": 0.20651323252204468, "tb": -0.8010731371089179, "tc": -0.8181378234167663, "td": 0.519418460405084}}, {"target": 0.8498729889531813, "params": {"ta": 0.8511600846155585, "tb": -0.8161131935124614, "tc": -0.7725115429988337, "td": -0.06932152645105286}}, {"target": 0.8496788277291727, "params": {"ta": 0.1666379754553363, "tb": -0.798628404665036, "tc": -0.7970860903886524, "td": 0.6110734571510886}}, {"target": 0.8496893235603865, "params": {"ta": 0.5255944070463081, "tb": -0.8263263808356026, "tc": -0.7829412799586447, "td": 0.24850471999635773}}, {"target": 0.8499070017698406, "params": {"ta": 0.7315935677684218, "tb": -0.8080572559590262, "tc": -0.7789851645071473, "td": 0.02552363690531811}}, {"target": 0.8497899980275891, "params": {"ta": 0.41909156682749105, "tb": -0.8265281227951833, "tc": -0.8169557913986993, "td": 0.35394833962512606}}, {"target": 0.849550029315182, "params": {"ta": 0.28332979666305497, "tb": -0.8241381972827939, "tc": -0.8257225392775901, "td": 0.4928496598558051}}, {"target": 0.8488281735058245, "params": {"ta": 0.712164427939403, "tb": -0.8465823100413152, "tc": -0.7854668353825269, "td": 0.025850574613631695}}, {"target": 0.8497338467949018, "params": {"ta": 0.012323438815496798, "tb": -0.7712604126828019, "tc": -0.8058154375650768, "td": 0.748370137682804}}, {"target": 0.8498895495635151, "params": {"ta": -0.07731630106734683, "tb": -0.7915628296899522, "tc": -0.8325412217838764, "td": 0.8420396560447874}}, {"target": 0.8496219713905063, "params": {"ta": 0.09102583336938609, "tb": -0.794211360277297, "tc": -0.8042147925544244, "td": 0.6946831611924269}}, {"target": 0.8498955806666662, "params": {"ta": 0.860926602333269, "tb": -0.8294685679897965, "tc": -0.779855674529932, "td": -0.10735422928731281}}, {"target": 0.849997669376704, "params": {"ta": 0.6198449669045508, "tb": -0.8151917092785467, "tc": -0.7962665635165216, "td": 0.13331756166685205}}, {"target": 0.8497317029144185, "params": {"ta": 0.2962767675616375, "tb": -0.8054092465582555, "tc": -0.7907970474314215, "td": 0.46737862455314627}}, {"target": 0.8496668214236427, "params": {"ta": 0.52934416380654, "tb": -0.8113450104670135, "tc": -0.8030961007666175, "td": 0.21311876589499124}}, {"target": 0.8500673818569857, "params": {"ta": 0.7799311296273482, "tb": -0.8169392494561082, "tc": -0.7923314376469358, "td": -0.010592126367745078}}, {"target": 0.849720407873081, "params": {"ta": 0.2904374595231679, "tb": -0.7903198169432804, "tc": -0.8270103507425893, "td": 0.4674543498668012}}, {"target": 0.8497748488673059, "params": {"ta": 0.4044273323563086, "tb": -0.8053873417274032, "tc": -0.8069758680819614, "td": 0.3411491193924396}}, {"target": 0.8499769368799823, "params": {"ta": 0.6779392218345613, "tb": -0.808359432712724, "tc": -0.7822223647810774, "td": 0.0884957892893472}}, {"target": 0.8499250617479259, "params": {"ta": 0.7323577478114837, "tb": -0.8212000239259347, "tc": -0.796031313522083, "td": 0.04646213484400512}}, {"target": 0.8496945064501092, "params": {"ta": 0.8926457707126871, "tb": -0.8142904019406803, "tc": -0.7653597415549167, "td": -0.10735422928731281}}, {"target": 0.8494408412488, "params": {"ta": -0.10735422928731281, "tb": -0.7757493268602258, "tc": -0.8396671013361104, "td": 0.8926457707126871}}, {"target": 0.8501006164550942, "params": {"ta": 0.11693439383040877, "tb": -0.7947466461717003, "tc": -0.8232277271064127, "td": 0.6454880008008013}}, {"target": 0.8500701396923378, "params": {"ta": 0.5844261559294213, "tb": -0.8230182877409081, "tc": -0.7960426453424366, "td": 0.1868889653022135}}, {"target": 0.8500364205037219, "params": {"ta": -0.021064398663353637, "tb": -0.7869301661411698, "tc": -0.8282236466797143, "td": 0.7814798118489097}}, {"target": 0.8500691649002587, "params": {"ta": 0.2089039942545861, "tb": -0.8060866654524409, "tc": -0.8184157510041727, "td": 0.5620198409891871}}, {"target": 0.8498842643317679, "params": {"ta": 0.06203289042098754, "tb": -0.7766298456721218, "tc": -0.8273289548189078, "td": 0.7007386643504677}}, {"target": 0.8498758352919784, "params": {"ta": 0.5084533315812364, "tb": -0.8180857581487154, "tc": -0.8185007533388853, "td": 0.2610060109103447}}, {"target": 0.8498323442972799, "params": {"ta": 0.46032612260048394, "tb": -0.8293252702294519, "tc": -0.7984223680915951, "td": 0.29738639501317876}}, {"target": 0.8500269209903176, "params": {"ta": 0.3469482306809634, "tb": -0.8087675666723976, "tc": -0.8091028733036119, "td": 0.42943748355791284}}, {"target": 0.8500780568924033, "params": {"ta": 0.023535937239063852, "tb": -0.7958456986725945, "tc": -0.8164598605175545, "td": 0.7398337555025021}}, {"target": 0.8500818390280774, "params": {"ta": 0.8067804632328395, "tb": -0.8247157621270719, "tc": -0.7806256232189178, "td": -0.04570060486762361}}, {"target": 0.8500850688435191, "params": {"ta": -0.04928278741487544, "tb": -0.7813068683990864, "tc": -0.8123275541564481, "td": 0.818366927883103}}, {"target": 0.8500429532218091, "params": {"ta": 0.44586522079027463, "tb": -0.8071903896045358, "tc": -0.8020298575987473, "td": 0.32791610371659563}}, {"target": 0.8500082527175894, "params": {"ta": -0.10735422928731281, "tb": -0.7837950509183149, "tc": -0.8147044144257132, "td": 0.8623397695997136}}, {"target": 0.8500773404979098, "params": {"ta": 0.16372806304084744, "tb": -0.7965341408203874, "tc": -0.8168857734717075, "td": 0.5936540536567722}}, {"target": 0.8501229407898234, "params": {"ta": 0.696133106733206, "tb": -0.820261384623036, "tc": -0.7874571045951849, "td": 0.0675560541414736}}, {"target": 0.8501276298321161, "params": {"ta": 0.3825831739905087, "tb": -0.8101965799110799, "tc": -0.8069550420944455, "td": 0.3847112478853329}}, {"target": 0.8500794275892046, "params": {"ta": 0.6364195941136014, "tb": -0.8148579056858747, "tc": -0.7958122646066559, "td": 0.13639643521937014}}, {"target": 0.8500793959477863, "params": {"ta": 0.2488027177230283, "tb": -0.808968051509973, "tc": -0.8093809615686628, "td": 0.516714344275731}}, {"target": 0.8501326059006791, "params": {"ta": 0.13145678308407285, "tb": -0.7966054070255388, "tc": -0.8170208499101695, "td": 0.6337249364279574}}, {"target": 0.850034903702586, "params": {"ta": 0.49957001336499396, "tb": -0.8055632283898354, "tc": -0.7962243794776364, "td": 0.2667369623799214}}, {"target": 0.8500648114109703, "params": {"ta": -0.010707588577294144, "tb": -0.7875723696398579, "tc": -0.8151192679947274, "td": 0.7844340440878188}}, {"target": 0.8501239354368048, "params": {"ta": 0.5552431825717743, "tb": -0.8170880110563516, "tc": -0.7990737888738904, "td": 0.21345350865805285}}, {"target": 0.8497865060536287, "params": {"ta": 0.8840610315196853, "tb": -0.8283260144980736, "tc": -0.7914020664772268, "td": -0.10735422928731281}}, {"target": 0.8500743727988955, "params": {"ta": 0.8382610665915762, "tb": -0.8211663540395421, "tc": -0.7877727415133183, "td": -0.06884260778839976}}, {"target": 0.8501283911331993, "params": {"ta": 0.7628491675636361, "tb": -0.8213147735408831, "tc": -0.7859752425907184, "td": 0.001864776745442276}}, {"target": 0.8500652152852665, "params": {"ta": 0.23209797458741352, "tb": -0.801207045006725, "tc": -0.8235414917134664, "td": 0.5355881813589799}}, {"target": 0.8500999194346167, "params": {"ta": 0.654130051189341, "tb": -0.8213618312419466, "tc": -0.7915335554828387, "td": 0.10606963799315888}}, {"target": 0.8501264015207355, "params": {"ta": 0.5977149178161572, "tb": -0.818629388116917, "tc": -0.79828087905925, "td": 0.16585572735677812}}, {"target": 0.8501204606686131, "params": {"ta": 0.19309089888630004, "tb": -0.7958715557776803, "tc": -0.8139929393736756, "td": 0.5721120212205018}}, {"target": 0.8501259797370899, "params": {"ta": 0.3184517947342035, "tb": -0.8087283809417422, "tc": -0.8137040784990568, "td": 0.4465275180934123}}, {"target": 0.8496057266127648, "params": {"ta": -0.10735422928731281, "tb": -0.8035051206486772, "tc": -0.8256702019465486, "td": 0.8721606535449714}}, {"target": 0.8500975461117839, "params": {"ta": 0.7991027108726771, "tb": -0.8135862772222282, "tc": -0.7802873163322278, "td": -0.03076462616504164}}, {"target": 0.8501326249077437, "params": {"ta": 0.37863514890228206, "tb": -0.8092903846903021, "tc": -0.8101548220586327, "td": 0.3867553909155178}}, {"target": 0.8501281433122594, "params": {"ta": 0.09835271179699132, "tb": -0.7919871243840881, "tc": -0.8203646839087441, "td