{"all": [{"target": 0.689986953348516, "params": {"ta": 0.14120995555097304, "tb": -0.5025152383158944, "tc": -0.5183021439434468, "td": -0.06163169724560458}}, {"target": 0.5761113472784476, "params": {"ta": 0.84636446644393, "tb": -0.39066482426562277, "tc": -1.0162143064968614, "td": 0.6532370294747364}}, {"target": 0.7808494880277727, "params": {"ta": -0.10259716161870103, "tb": -0.14657418547473322, "tc": -0.2804412588607411, "td": 0.2556441079515449}}, {"target": 0.8976860022301378, "params": {"ta": -0.11734716089870312, "tb": -0.6276200491558594, "tc": -0.5992557956672939, "td": 0.6052497830582385}}, {"target": 0.6896110555873777, "params": {"ta": 0.36455616738040597, "tb": -0.24730865358033938, "tc": -0.43830279383398696, "td": 0.7265248282987287}}, {"target": 0.8365502872896452, "params": {"ta": 0.4927514570820446, "tb": -0.0883976880085614, "tc": -0.4809655007258329, "td": -0.13631305049672837}}, {"target": 0.6671124744450322, "params": {"ta": -0.06899623166307933, "tb": -0.8964949799846247, "tc": -0.5750296548242089, "td": 0.29988670070474743}}, {"target": 0.5536436712627972, "params": {"ta": 0.550951541608003, "tb": -0.14627455843123893, "tc": -0.5628956865686778, "td": 0.7370516434829036}}, {"target": 0.9753989287007827, "params": {"ta": 0.38383459856673097, "tb": -0.36299137647319957, "tc": -0.5667017546708915, "td": 0.23268829244669542}}, {"target": 0.9758141944860484, "params": {"ta": 0.7671957671603395, "tb": -0.47240167457938853, "tc": -0.6206950023389339, "td": 0.037762714498067895}}, {"target": 0.8983430866950853, "params": {"ta": 0.11552155680258702, "tb": -0.7436338521243449, "tc": -0.44224529620291975, "td": 0.3474731592132526}}, {"target": 0.8906426454011984, "params": {"ta": 0.6473295950711844, "tb": -0.43658293714376184, "tc": -0.37056208813146063, "td": 0.16624072261083989}}, {"target": 0.6409160654234995, "params": {"ta": -0.056235540362466474, "tb": -0.12119538629035098, "tc": -0.43458835421048003, "td": -0.02284987924681048}}, {"target": 0.7972770591069299, "params": {"ta": 0.5544878526411801, "tb": -0.8288330751289301, "tc": -0.6632916595749766, "td": 0.6074292007703394}}, {"target": 0.8302004894564624, "params": {"ta": 0.05516775286993092, "tb": -0.365782219993223, "tc": -0.6667405469611773, "td": 0.700102861793806}}, {"target": 0.7263277597706156, "params": {"ta": -0.03699226440402936, "tb": -0.23444316573545998, "tc": -0.2624170346533251, "td": 0.7518029156423744}}, {"target": 0.9084259029305098, "params": {"ta": 0.6673969106241635, "tb": -0.48221944237774417, "tc": -0.9802685976216793, "td": 0.24065612510934453}}, {"target": 0.8368079299266623, "params": {"ta": -0.07231223764509187, "tb": -0.7212956028637174, "tc": -0.8303874900622853, "td": 0.6999363240762299}}, {"target": 0.9054154856674159, "params": {"ta": 0.22514840980347528, "tb": -0.585794248446522, "tc": -0.3055822490417389, "td": 0.2312179997743431}}, {"target": 0.9941345823662661, "params": {"ta": 0.326717494090322, "tb": -0.6064699561938367, "tc": -0.5917726665035877, "td": 0.41326778840273104}}, {"target": 0.8667843477942188, "params": {"ta": -0.05705991789398179, "tb": -0.632107772567292, "tc": -0.5452280745238771, "td": 0.4253311461363709}}, {"target": 0.6676901640403228, "params": {"ta": -0.08954447656653275, "tb": -0.4481181497025307, "tc": -0.22762000913438207, "td": 0.04087395882603029}}, {"target": 0.9056644976157322, "params": {"ta": 0.2980273186844842, "tb": -0.4212813836273568, "tc": -0.7428338736199954, "td": 0.22077240610655835}}, {"target": 0.8231561197589341, "params": {"ta": 0.48223449315092737, "tb": -0.676385657029869, "tc": -0.989411877048103, "td": 0.1443803143733432}}, {"target": 0.7087772348251756, "params": {"ta": 0.20988232500077575, "tb": -0.06580830423609318, "tc": -0.5903861496435049, "td": -0.05680007991943725}}, {"target": 0.44292249138005957, "params": {"ta": -0.06448204773237787, "tb": -0.7001698294995862, "tc": -0.3725875253895934, "td": -0.060635586985365975}}, {"target": 0.44932690164831796, "params": {"ta": 0.13200515916129218, "tb": -0.25465320007561965, "tc": -0.9871088289009219, "td": -7.473818610415073e-05}}, {"target": 0.5470318074182259, "params": {"ta": -0.043676151218934756, "tb": -0.47081370357389885, "tc": -0.9313300942097082, "td": 0.27959338420876934}}, {"target": 0.640242265263914, "params": {"ta": -0.11846320151864831, "tb": -0.49799209551523904, "tc": -0.2836779135534909, "td": 0.06949916691310565}}, {"target": 0.8933145671967343, "params": {"ta": 0.8608038076216724, "tb": -0.7721214429685511, "tc": -0.790023288758328, "td": 0.010686047060467385}}, {"target": 0.5728313973609037, "params": {"ta": -0.06818671448264746, "tb": -0.30407196161704186, "tc": -0.9592434166475327, "td": 0.7583540260321351}}, {"target": 0.4435537999241478, "params": {"ta": 0.8312195389127955, "tb": -0.25253939632390954, "tc": -0.40247996639848294, "td": 0.6272169980110699}}, {"target": 0.7328930327105216, "params": {"ta": 0.523483548830234, "tb": -0.871792396460339, "tc": -0.7593675654670602, "td": -0.08842979873598866}}, {"target": 0.8942573963133088, "params": {"ta": 0.46498228620657867, "tb": -0.35912705140500456, "tc": -0.8942247813730153, "td": 0.22979983894414213}}, {"target": 0.5864860008153557, "params": {"ta": 0.17067817889112924, "tb": -0.04612844652123049, "tc": -0.8684164750623845, "td": 0.4716839950090146}}, {"target": 0.9636034876905732, "params": {"ta": 0.27484332532380795, "tb": -0.6678256907563604, "tc": -0.368500987316037, "td": 0.38452926626537753}}, {"target": 0.7204027052055946, "params": {"ta": 0.6759409664042049, "tb": -0.24756792510276948, "tc": -0.725284242468285, "td": 0.5805239044187606}}, {"target": 0.8772609373100049, "params": {"ta": 0.7020466713509566, "tb": -0.4245812031841928, "tc": -1.0323392814818075, "td": 0.26979767326626547}}, {"target": 0.845437585881816, "params": {"ta": 0.40841068227963595, "tb": -0.1380287823541454, "tc": -0.6653581169082902, "td": 0.027355278077615286}}, {"target": 0.8666627271738183, "params": {"ta": 0.07205958492234954, "tb": -0.7615968339736877, "tc": -0.646952964626806, "td": 0.388051010618895}}, {"target": 0.667635358969766, "params": {"ta": 0.6970716199818886, "tb": -1.0326924186926218, "tc": -0.5646570733974597, "td": 0.47617902745153884}}, {"target": 0.7806275157976033, "params": {"ta": 0.4427253531942862, "tb": -0.9993845176434204, "tc": -0.5832213097385524, "td": 0.2899292318069916}}, {"target": 0.7580206932152597, "params": {"ta": 0.44792224147613235, "tb": -0.4910049024826877, "tc": -0.07365999860775951, "td": 0.3115305897357534}}, {"target": 0.91393526689086, "params": {"ta": 0.0567790900901074, "tb": -0.8815736293831694, "tc": -0.18859590888875843, "td": 0.7150437998138228}}, {"target": 0.878598163127593, "params": {"ta": 0.5664544104636922, "tb": -0.6638213135097482, "tc": -0.6392245739541574, "td": -0.07820300213890474}}, {"target": 0.6464621125034984, "params": {"ta": 0.652006899397363, "tb": -0.6059002562671769, "tc": -0.07955971297743214, "td": 0.11526572750957775}}, {"target": 0.8946407176800194, "params": {"ta": -0.12623705017952236, "tb": -0.5410686649254753, "tc": -0.3647084795703742, "td": 0.5090214626090873}}, {"target": 0.6873048533028375, "params": {"ta": 0.3300002015635364, "tb": -0.7225983083710066, "tc": -0.6549319801353369, "td": -0.10586139858011878}}, {"target": 0.7712613605786351, "params": {"ta": 0.09875220295194731, "tb": -0.6869950149849953, "tc": -0.9538570134991651, "td": 0.6088840108706247}}, {"target": 0.940952432975473, "params": {"ta": 0.45211321533865756, "tb": -0.5268580442342748, "tc": -0.8283775009521527, "td": 0.3261322843749359}}, {"target": 0.7042556653575198, "params": {"ta": 0.5560803561534603, "tb": -0.05786934867736737, "tc": -0.5962989062421788, "td": 0.4689633160957848}}, {"target": 0.5962746337617115, "params": {"ta": 0.30140780289668945, "tb": -0.16044985298576164, "tc": -0.520920706976574, "td": 0.8094771180668009}}, {"target": 0.7347254174384078, "params": {"ta": 0.25269913379964004, "tb": -0.2435880250249649, "tc": -0.2883498530742733, "td": 0.6570394540002462}}, {"target": 0.6435724153218895, "params": {"ta": 0.34241626276494985, "tb": -0.10668404503496387, "tc": -0.9953811469700447, "td": 0.2397194965609919}}, {"target": 0.5096946381077805, "params": {"ta": 0.5742342268184011, "tb": -0.23590426330973135, "tc": -0.07837155302787324, "td": 0.49937624798833125}}, {"target": 0.7790058335535559, "params": {"ta": 0.5723818591989277, "tb": -0.761182558021382, "tc": -1.034375813364366, "td": -0.006767313146473719}}, {"target": 0.8230071232663025, "params": {"ta": 0.27996474285133943, "tb": -0.5017063507019461, "tc": -0.6356870752489451, "td": 0.8221946390281766}}, {"target": 0.7315946035593368, "params": {"ta": 0.28140125026445384, "tb": -0.957353026287524, "tc": -0.7055678375902071, "td": 0.20109198464665168}}, {"target": 0.8105199211274594, "params": {"ta": 0.3366496392208591, "tb": -0.3771814028031907, "tc": -0.39071811371672005, "td": -0.1280938742086727}}, {"target": 0.677024823135111, "params": {"ta": 0.17307242058656136, "tb": -0.2676457682429013, "tc": -0.27611202353289643, "td": 0.7970946372506236}}, {"target": 0.9329951696636107, "params": {"ta": 0.5108370321842773, "tb": -0.44891464447804386, "tc": -0.6125836865991683, "td": -0.04863619152496268}}, {"target": 0.45469069771345266, "params": {"ta": -0.014130947713758446, "tb": -0.5663509673787794, "tc": -0.5472721773440782, "td": -0.1325957306954847}}, {"target": 0.9095536976891075, "params": {"ta": 0.6026511807856362, "tb": -0.41440593282964, "tc": -0.9471633902256886, "td": 0.27534488751180286}}, {"target": 0.21554665512112592, "params": {"ta": -0.05907128309381082, "tb": -0.2625070760857151, "tc": -1.01393960644261, "td": -0.08215967393864065}}, {"target": 0.965500470365086, "params": {"ta": 0.8622490064169186, "tb": -0.30571010468648446, "tc": -0.8945131126893322, "td": -0.1377509935830814}}, {"target": 0.9539936096431706, "params": {"ta": -0.10102839954195633, "tb": -1.0433088419360406, "tc": -0.49803014685091346, "td": 0.8622490064169186}}, {"target": 0.9982611972398483, "params": {"ta": 0.12018421215105338, "tb": -0.7363691172709409, "tc": -0.4819423189652326, "td": 0.6650368510334187}}, {"target": 0.9952913855735341, "params": {"ta": 0.18969862982973848, "tb": -0.5591408232579835, "tc": -0.46940098524199964, "td": 0.5100344031100853}}, {"target": 0.9993865769442289, "params": {"ta": 0.5672995393945566, "tb": -0.4897530227944405, "tc": -0.6483053772371975, "td": 0.1981762167510277}}, {"target": 0.9981415551488122, "params": {"ta": -0.07546168719476136, "tb": -0.7975505607852664, "tc": -0.4344760451908582, "td": 0.8622490064169186}}, {"target": 0.9789230808042606, "params": {"ta": 0.06232485268852725, "tb": -0.8751358552470571, "tc": -0.5046648288668468, "td": 0.8622490064169186}}, {"target": 0.9950060997304271, "params": {"ta": 0.751608777212945, "tb": -0.3888490537141869, "tc": -0.7859731421015622, "td": 0.05228598817148607}}, {"target": 0.9916438269036127, "params": {"ta": 0.8622490064169186, "tb": -0.48239542148905595, "tc": -0.7909643972974576, "td": -0.1377509935830814}}, {"target": 0.9595055248516462, "params": {"ta": 0.8622490064169186, "tb": -0.33059589191922356, "tc": -0.6872824239830975, "td": -0.1377509935830814}}, {"target": 0.996948938741486, "params": {"ta": 0.8622490064169186, "tb": -0.46070614493719136, "tc": -0.8474649280942093, "td": -0.008454203981650352}}, {"target": 0.9956361104037122, "params": {"ta": -0.02093151769220498, "tb": -0.81039572804015, "tc": -0.45558703383383176, "td": 0.7517226971690605}}, {"target": 0.9993867823276102, "params": {"ta": 0.40722632325847935, "tb": -0.5155570230354277, "tc": -0.5417053455960112, "td": 0.31055713375927974}}, {"target": 0.9712312759995055, "params": {"ta": -0.1377509935830814, "tb": -0.8753791522092885, "tc": -0.31709415389269535, "td": 0.8622490064169186}}, {"target": 0.9966820650822684, "params": {"ta": 0.030471121631373742, "tb": -0.7062070929189235, "tc": -0.4261186575113861, "td": 0.741750042484825}}, {"target": 0.9977268287474831, "params": {"ta": 0.7591382231087386, "tb": -0.4787190414466732, "tc": -0.7894304426384001, "td": -0.011566546920602612}}, {"target": 0.9976618445460074, "params": {"ta": 0.29579894310068694, "tb": -0.5222003118421333, "tc": -0.5059816152146257, "td": 0.3930414784244252}}, {"target": 0.9987308784541146, "params": {"ta": 0.629275189774039, "tb": -0.42576161161235127, "tc": -0.6875708429590062, "td": 0.11844095006487156}}, {"target": 0.9990721585261395, "params": {"ta": 0.21305332676996633, "tb": -0.6541877704450284, "tc": -0.5044508944275441, "td": 0.5340557782000342}}, {"target": 0.9970346088802272, "params": {"ta": 0.4848834504273386, "tb": -0.4606862178737784, "tc": -0.6232348067252175, "td": 0.2744801406466352}}, {"target": 0.9935461306669583, "params": {"ta": -0.07565452595090046, "tb": -0.8123806380236204, "tc": -0.5302444550033528, "td": 0.8622490064169186}}, {"target": 0.9979643053142309, "params": {"ta": 0.4894494690750663, "tb": -0.47993681741106425, "tc": -0.5914771081402572, "td": 0.19747590975981}}, {"target": 0.9984510276047698, "params": {"ta": 0.11651243323215826, "tb": -0.6743651545469836, "tc": -0.4346882252002659, "td": 0.6005699162989383}}, {"target": 0.9986121991147475, "params": {"ta": 0.7026126992952002, "tb": -0.47525318438359426, "tc": -0.7439298395923601, "td": 0.09567110785330439}}, {"target": 0.9969211643091801, "params": {"ta": 0.10499631462377514, "tb": -0.6691815308313125, "tc": -0.5064450477964197, "td": 0.6303823425613997}}, {"target": 0.998676574104593, "params": {"ta": 0.44115522340715935, "tb": -0.5306644279780549, "tc": -0.6091924176123563, "td": 0.27773445248537826}}, {"target": 0.9988423553707881, "params": {"ta": 0.8367051101848144, "tb": -0.44486237052638405, "tc": -0.784831563121002, "td": -0.03194709787722563}}, {"target": 0.9985880571177084, "params": {"ta": 0.0015495035194483826, "tb": -0.7709476899642307, "tc": -0.4748330847722843, "td": 0.8016274320033864}}, {"target": 0.9998511446850421, "params": {"ta": 0.27696585602082896, "tb": -0.5963389115847003, "tc": -0.4974417386215979, "td": 0.45337812804787103}}, {"target": 0.9997410706250468, "params": {"ta": -0.05068190229291811, "tb": -0.8459291817112106, "tc": -0.4514223251222194, "td": 0.8622490064169186}}, {"target": 0.9996178827600292, "params": {"ta": 0.05697027144858505, "tb": -0.7375294139090615, "tc": -0.45270250583671273, "td": 0.6916713128913948}}, {"target": 0.9996404275072959, "params": {"ta": 0.7090432821038906, "tb": -0.44370134708285364, "tc": -0.7302845684336131, "td": 0.044338047726065796}}, {"target": 0.9989127767739951, "params": {"ta": 0.5766081012031099, "tb": -0.47286254199607725, "tc": -0.6888679596936611, "td": 0.15603051629279036}}, {"target": 0.9987522343771448, "params": {"ta": 0.8622490064169186, "tb": -0.46141592137336784, "tc": -0.8615623430471413, "td": -0.08051495180845548}}, {"target": 0.9994325344080844, "params": {"ta": 0.3686931231069071, "tb": -0.5342574811650788, "tc": -0.5596347850295839, "td": 0.37209858391285355}}, {"target": 0.99917871705833, "params": {"ta": 0.34233845494323645, "tb": -0.5634393377630308, "tc": -0.5324067178678346, "td": 0.3604246736688642}}, {"target": 0.9993757636879106, "params": {"ta": 0.16914760030282766, "tb": -0.6569585670358069, "tc": -0.46496646137323466, "td": 0.5984631529311747}}, {"target": 0.9995417279700866, "params": {"ta": 0.6296602177134365, "tb": -0.47581099060309273, "tc": -0.6748904131180613, "td": 0.11870846206569191}}, {"target": 0.9992490295576002, "params": {"ta": 0.02350583650335449, "tb": -0.7837645431938567, "tc": -0.42768147333015194, "td": 0.7741517932601567}}, {"target": 0.9990871857202122, "params": {"ta": 0.2485808802939952, "tb": -0.5884053986370994, "tc": -0.5227377553930288, "td": 0.46844423701836546}}, {"target": 0.9993697959825097, "params": {"ta": 0.816998042412985, "tb": -0.4399393789212591, "tc": -0.8235431086100451, "td": -0.037456206239227754}}, {"target": 0.9995493361643922, "params": {"ta": 0.2062914434515932, "tb": -0.6271630384433219, "tc": -0.46901776912184934, "td": 0.5121236453302764}}, {"target": 0.9997623867405978, "params": {"ta": 0.10127853193015338, "tb": -0.7019268890795365, "tc": -0.45022575956719274, "td": 0.6673690705451966}}, {"target": 0.9999717647773064, "params": {"ta": -0.035702925320046056, "tb": -0.8096063207180256, "tc": -0.44786531392915335, "td": 0.8255311406798364}}, {"target": 0.9996293490653438, "params": {"ta": 0.5690677489104415, "tb": -0.45738116815946456, "tc": -0.6420026801803331, "td": 0.16723403822069877}}, {"target": 0.9997098522107508, "params": {"ta": 0.4785787030327387, "tb": -0.5070227797386514, "tc": -0.5896083085508202, "td": 0.2627388107687988}}, {"target": 0.999540841435527, "params": {"ta": 0.8622490064169186, "tb": -0.4725790268181649, "tc": -0.8246940868472841, "td": -0.060005715257178904}}, {"target": 0.9998547788892296, "params": {"ta": 0.7701902194714253, "tb": -0.45060126917121535, "tc": -0.7736656640387426, "td": 0.023747903823477204}}, {"target": 0.9998877086023232, "params": {"ta": 0.32173965945848226, "tb": -0.5659614281137645, "tc": -0.5221562064636455, "td": 0.4148286466941035}}, {"target": 0.9997458737791365, "params": {"ta": 0.14830467135514525, "tb": -0.6824965528781851, "tc": -0.47337107661346006, "td": 0.5942922585780837}}, {"target": 0.9997117039941752, "params": {"ta": 0.4295059654042325, "tb": -0.49821589799856697, "tc": -0.5801479574095229, "td": 0.28397409159011333}}, {"target": 0.9998711781762246, "params": {"ta": 0.05160927568823008, "tb": -0.7513760310041333, "tc": -0.45696144995587806, "td": 0.7325805120166385}}, {"target": 0.9999364903796422, "params": {"ta": 0.5135595399122137, "tb": -0.4878583581144788, "tc": -0.6295534931550695, "td": 0.22008826743287035}}, {"target": 0.9998782630899243, "params": {"ta": 0.6651178621967919, "tb": -0.45355438007578364, "tc": -0.7214033678332691, "td": 0.09274975492501052}}, {"target": 0.9993417833981938, "params": {"ta": -0.04051798330632309, "tb": -0.8171937090849918, "tc": -0.45514562855948504, "td": 0.8622490064169186}}, {"target": 0.9997949148661379, "params": {"ta": 0.24139546954650934, "tb": -0.6085457747757665, "tc": -0.49188673489890083, "td": 0.5045165386005218}}, {"target": 0.9992763866218226, "params": {"ta": -0.08577049118314028, "tb": -0.8396240897671788, "tc": -0.4620052144199645, "td": 0.8622490064169186}}, {"target": 0.9998720159826194, "params": {"ta": 0.41250939425138106, "tb": -0.5317936393810005, "tc": -0.5707917764067921, "td": 0.3230934309525938}}, {"target": 0.9998332167227969, "params": {"ta": 0.8622490064169186, "tb": -0.4404998491824316, "tc": -0.829843838897283, "td": -0.061350589274521805}}, {"target": 0.9998678884954887, "params": {"ta": 0.17740895155055672, "tb": -0.6392030468252747, "tc": -0.4806149860595781, "td": 0.556921200810134}}, {"target": 0.9999961824084046, "params": {"ta": 0.12016239400569173, "tb": -0.6920234359875265, "tc": -0.4632051795140663, "td": 0.6333331230535562}}, {"target": 0.9996794003345961, "params": {"ta": 0.6230134818610235, "tb": -0.46164671166472604, "tc": -0.6874444209313236, "td": 0.14642874155888533}}, {"target": 0.9997839694925278, "params": {"ta": 0.7246360052200458, "tb": -0.44957541850983995, "tc": -0.7622076238961433, "td": 0.048004535905652075}}, {"target": 0.9998656337160949, "params": {"ta": 0.009155234808185414, "tb": -0.7651542451080432, "tc": -0.4461354291209095, "td": 0.7615826814329293}}, {"target": 0.9998134738882988, "params": {"ta": 0.694548417393719, "tb": -0.4483496354511107, "tc": -0.7206082528994218, "td": 0.07985432726166965}}, {"target": 0.9998722101972024, "params": {"ta": 0.38167500571600466, "tb": -0.5262591890702065, "tc": -0.5581793590980746, "td": 0.33294280839253876}}, {"target": 0.9998570812800393, "params": {"ta": 0.7717411619564083, "tb": -0.44203971756647015, "tc": -0.7745300287110912, "td": 0.0020301849661802695}}, {"target": 0.9999575215793388, "params": {"ta": 0.29635125571842763, "tb": -0.5742361511156865, "tc": -0.5187268078872465, "td": 0.42452454875337253}}, {"target": 0.9999119496566737, "params": {"ta": 0.3591162308847915, "tb": -0.5445979794823244, "tc": -0.5329996249988964, "td": 0.36840440582575296}}, {"target": 0.9999355136984945, "params": {"ta": 0.24167577682021582, "tb": -0.6103965922642388, "tc": -0.4940224373746339, "td": 0.48322796191823464}}, {"target": 0.999921122671763, "params": {"ta": -0.04830333388324422, "tb": -0.8225885798073813, "tc": -0.45887092709325306, "td": 0.840947575497102}}, {"target": 0.9999308843699451, "params": {"ta": 0.07764695755808342, "tb": -0.7199803118008721, "tc": -0.4612539800979956, "td": 0.6879873866821203}}, {"target": 0.9998202942692532, "params": {"ta": 0.06801173385796896, "tb": -0.7390793131794942, "tc": -0.4415402622491205, "td": 0.7042981741789823}}, {"target": 0.9999606146059141, "params": {"ta": 0.5891219843738087, "tb": -0.4719937805353249, "tc": -0.6609906018568806, "td": 0.15400865957673437}}, {"target": 0.9999900363422736, "params": {"ta": 0.5381069478788417, "tb": -0.47754554253759196, "tc": -0.6346231868747755, "td": 0.19813830870754234}}, {"target": 0.9999879412197269, "params": {"ta": 0.483696885623815, "tb": -0.49317893158392984, "tc": -0.6070132327710795, "td": 0.24525196832721274}}, {"target": 0.9999959887628264, "params": {"ta": -0.009244791879906953, "tb": -0.7951078846213212, "tc": -0.4493461333267098, "td": 0.7988611394680483}}, {"target": 0.9999699712676748, "params": {"ta": 0.8048026983545357, "tb": -0.4531390290320552, "tc": -0.8001561196801565, "td": -0.011537757129633583}}, {"target": 0.9998644236642313, "params": {"ta": 0.270554003479319, "tb": -0.5808235365011163, "tc": -0.4972090894597203, "td": 0.45453623553349004}}, {"target": 0.9999595181031803, "params": {"ta": 0.7379929833789997, "tb": -0.45429246521716277, "tc": -0.7506194086266829, "td": 0.03872545435109094}}, {"target": 0.9999241407947467, "params": {"ta": 0.18498978823898718, "tb": -0.6519550478322104, "tc": -0.46941435780417123, "td": 0.55765286934143