{"all": [{"target": 0.9086347613330276, "params": {"ta": 0.1921552773572538, "tb": -0.4896140434496514, "tc": -0.4368653610482265, "td": 0.5902178338898884}}, {"target": 0.9551904857417226, "params": {"ta": 0.7006997147480236, "tb": 0.11271293867469656, "tc": -0.670174411464174, "td": -0.004979614916797326}}, {"target": 0.9816354731847694, "params": {"ta": 0.3922147347209012, "tb": -0.13485643468146902, "tc": -0.5086791851027714, "td": 0.01079076260006584}}, {"target": 0.8314501648202799, "params": {"ta": 0.04997171060825123, "tb": 0.12214463269108189, "tc": 0.24093519483085368, "td": 0.1632242356076975}}, {"target": 0.875493795101733, "params": {"ta": 0.3668054023367807, "tb": -0.38063915429181294, "tc": -0.6798344287811777, "td": 0.23743016116594784}}, {"target": 0.4306173413706632, "params": {"ta": 0.08450242402101171, "tb": -0.6049021996941528, "tc": -0.2961199540364826, "td": -0.25724199337204456}}, {"target": 0.743982225336651, "params": {"ta": 0.31399678929842356, "tb": 0.10379232456299825, "tc": -0.46159230516787086, "td": 0.42132583564157666}}, {"target": 0.753810052087878, "params": {"ta": 0.5076959800969144, "tb": -0.5210380689081415, "tc": -0.49460448390415146, "td": -0.11529682950530984}}, {"target": 0.7871749643820081, "params": {"ta": -0.0036164600067191133, "tb": 0.26224539468670116, "tc": -0.39885122944558793, "td": -0.07833853206320895}}, {"target": 0.585616935970597, "params": {"ta": -0.24741908511803345, "tb": -0.3479512885978757, "tc": -0.036289403846995416, "td": -0.26626332568995625}}, {"target": 0.9423739083300311, "params": {"ta": 0.18408163990581328, "tb": -0.7164939455791781, "tc": -0.09975421680409868, "td": 0.504466936275616}}, {"target": 0.48900199831255425, "params": {"ta": -0.2626170373294364, "tb": -0.6368880839363148, "tc": -0.6004381682428694, "td": 0.3015244449918054}}, {"target": 0.6053328693424316, "params": {"ta": 0.7015874967944691, "tb": -0.3853637669164518, "tc": -0.07866989624150234, "td": 0.5200799457175496}}, {"target": 0.9285217736659734, "params": {"ta": 0.6420769223338435, "tb": 0.1434954412806395, "tc": -0.6991862908621114, "td": -0.13925305998580229}}, {"target": 0.6547712646259101, "params": {"ta": 0.6356465628648987, "tb": 0.1447218447537063, "tc": -0.6571034251290536, "td": 0.5476643193524968}}, {"target": 0.9398497607772345, "params": {"ta": 0.21309888859206516, "tb": 0.05456334231643811, "tc": -0.35214454576921017, "td": 0.12444841249810656}}, {"target": 0.867707698557546, "params": {"ta": 0.4791592171193074, "tb": -0.08012693989343822, "tc": -0.24832428471288026, "td": 0.3257662862765387}}, {"target": 0.7758335322167441, "params": {"ta": 0.07284058604035071, "tb": -0.6602689468762906, "tc": 0.041763777775625455, "td": 0.1872359105725836}}, {"target": 0.9443263468662461, "params": {"ta": 0.24822973802542014, "tb": -0.6472367415159659, "tc": -0.27146367650701975, "td": 0.48048220136377606}}, {"target": 0.40172031269281994, "params": {"ta": 0.3953001051748357, "tb": -0.03168495124690818, "tc": 0.2653746076992254, "td": 0.595038974968379}}, {"target": 0.6487585596527287, "params": {"ta": 0.4516160377879471, "tb": 0.23569981529736606, "tc": -0.3540842767249781, "td": 0.39921952275811645}}, {"target": 0.5134344132277079, "params": {"ta": 0.14163592685985227, "tb": 0.21961091498182406, "tc": 0.08367060882702848, "td": 0.49826946055247645}}, {"target": 0.587114261589728, "params": {"ta": 0.04821210875779025, "tb": -0.6457224542968514, "tc": 0.1434707456088793, "td": -0.013940817365222902}}, {"target": 0.9367030014513289, "params": {"ta": 0.4281001818254082, "tb": -0.21085257452214845, "tc": -0.6808220412351543, "td": 0.1321497946535819}}, {"target": 0.5716527902130288, "params": {"ta": 0.5984944740651208, "tb": -0.4686742192511093, "tc": -0.18730928034104133, "td": -0.23631141598513394}}, {"target": 0.9576971473967998, "params": {"ta": -0.01824887601691294, "tb": 0.24073527113142557, "tc": 0.15785954600569896, "td": -0.08522315327789753}}, {"target": 0.9655966169344306, "params": {"ta": -0.007649886371153047, "tb": 0.09046341182636541, "tc": -0.12149651122958371, "td": -0.014228003534268563}}, {"target": 0.9346835289320444, "params": {"ta": -0.2778149213276788, "tb": -0.3266196185459145, "tc": 0.24759436633957632, "td": 0.2700994630514162}}, {"target": 0.6969378617942125, "params": {"ta": 0.10547993968912872, "tb": 0.14694552407073125, "tc": -0.6459070663225537, "td": -0.11693806155959308}}, {"target": 0.7935639137788913, "params": {"ta": 0.5063188112923221, "tb": -0.595554976322108, "tc": -0.3532834949460786, "td": 0.6658608078511076}}, {"target": 0.14667867289991054, "params": {"ta": -0.24105743078026487, "tb": 0.25524467153474106, "tc": -0.7194987176379769, "td": 0.5556494024911506}}, {"target": 0.9636357593409781, "params": {"ta": -0.13175875333417475, "tb": -0.20963063945358307, "tc": 0.031791163536690314, "td": 0.1010514761060981}}, {"target": 0.6062823224152555, "params": {"ta": -0.058791432622183115, "tb": 0.21323409582348418, "tc": -0.39972333431655227, "td": 0.3044469455562596}}, {"target": 0.7086567099675387, "params": {"ta": 0.2506657591309833, "tb": -0.2886585090480994, "tc": 0.17267468422573973, "td": 0.6480448341833644}}, {"target": 0.7136810361076513, "params": {"ta": 0.4996921060384798, "tb": 0.19788395994798247, "tc": -0.3347993497233531, "td": 0.3390984161035485}}, {"target": 0.5980601218958448, "params": {"ta": -0.09384785110721827, "tb": 0.05853707435546318, "tc": -0.404838749411089, "td": 0.46823012200457703}}, {"target": 0.6870753147611011, "params": {"ta": 0.6515712676137793, "tb": -0.539310957183765, "tc": -0.3392239310924279, "td": 0.6672514399651867}}, {"target": 0.6329130097730905, "params": {"ta": -0.1896605791602538, "tb": 0.25788393343279203, "tc": -0.16873426866473296, "td": 0.3014924416197672}}, {"target": 0.7442944816047067, "params": {"ta": 0.6327246087085994, "tb": 0.02237563060270864, "tc": -0.25357283567676336, "td": 0.31036670904795616}}, {"target": 0.8870479338279295, "params": {"ta": 0.6897678633572851, "tb": 0.12337079611421153, "tc": -0.41037990553002746, "td": -0.09487131856312692}}, {"target": 0.537484071318416, "params": {"ta": -0.10382941684640234, "tb": -0.19917706456758577, "tc": -0.5723110239392465, "td": -0.12800729686840706}}, {"target": 0.8368680517301805, "params": {"ta": 0.0603163585813139, "tb": -0.012881125358961798, "tc": -0.2840617623041308, "td": 0.37757334191870373}}, {"target": 0.46150637728139093, "params": {"ta": 0.6582268918209774, "tb": 0.18098646602654134, "tc": -0.5575108582453879, "td": 0.7090342999502491}}, {"target": 0.8495573809711859, "params": {"ta": 0.5870873919464216, "tb": -0.43245890479492155, "tc": -0.6635792283928772, "td": -0.10116418775455871}}, {"target": 0.5986367051401895, "params": {"ta": 0.3626213862755331, "tb": -0.6008774263156692, "tc": -0.6128314087356678, "td": -0.16835115204197448}}, {"target": 0.37257240048171963, "params": {"ta": -0.01755024802805294, "tb": 0.18235981300113857, "tc": -0.28885812080151985, "td": 0.7091843304254486}}, {"target": 0.9330706889353607, "params": {"ta": 0.4078104340748008, "tb": -0.45698613226326845, "tc": -0.3262908277755865, "td": 0.2123391197644059}}, {"target": 0.8699587264183535, "params": {"ta": 0.6638848562923719, "tb": -0.46013681938113016, "tc": -0.5219484172104477, "td": 0.25160582499442685}}, {"target": 0.6474205102210443, "params": {"ta": 0.49503690562904834, "tb": 0.004123664631186852, "tc": 0.13336893525241555, "td": 0.002320418929153134}}, {"target": 0.8776198352642193, "params": {"ta": -0.02414097876374921, "tb": -0.584773955485303, "tc": 0.1497174226190714, "td": 0.310554366614738}}, {"target": 0.5582255817800511, "params": {"ta": 0.009201775677634028, "tb": 0.14088562655608217, "tc": -0.6015129704623875, "td": 0.3276944759046012}}, {"target": 0.887806015139108, "params": {"ta": -0.004588233137873821, "tb": -0.3145007902393614, "tc": 0.07781074474202476, "td": 0.6130675724165865}}, {"target": 0.5976320394951042, "params": {"ta": 0.5977744372703859, "tb": 0.233472113116023, "tc": 0.052589427882771544, "td": -0.06324922296589985}}, {"target": 0.9866861523958602, "params": {"ta": 0.00235199697929267, "tb": -0.3650955547221303, "tc": 0.0004914517833506382, "td": 0.30727771689851613}}, {"target": 0.7761173924700681, "params": {"ta": 0.3254004920646233, "tb": -0.27419099766357447, "tc": 0.08446504479548211, "td": 0.5116403180140189}}, {"target": 0.6534516567641996, "params": {"ta": 0.6881690168033773, "tb": -0.7121582257057204, "tc": -0.27446256322286056, "td": 0.5817622885892791}}, {"target": 0.7733452619938943, "params": {"ta": -0.0840783377728157, "tb": -0.4033649630759446, "tc": -0.4990908096622384, "td": 0.5182797374034538}}, {"target": 0.9056122592283118, "params": {"ta": 0.21387516063099732, "tb": -0.462160372709821, "tc": -0.38947652585998327, "td": 0.16124861898972087}}, {"target": 0.854370006046373, "params": {"ta": 0.43593949881407, "tb": 0.22314242398586193, "tc": -0.12978804280568368, "td": -0.058052909433806366}}, {"target": 0.944960016413606, "params": {"ta": 0.47076995962983126, "tb": 0.09778544038011638, "tc": -0.42247916485392956, "td": -0.22060862501780165}}, {"target": 0.6432279715873382, "params": {"ta": -0.15510816402637972, "tb": -0.05027921677395886, "tc": -0.12591593623287878, "td": 0.6594785827615188}}, {"target": 0.7112160939010986, "params": {"ta": -0.019860683747640162, "tb": -0.33489964524466065, "tc": -0.6106648826680647, "td": 0.40647855950555445}}, {"target": 0.9042139236972718, "params": {"ta": 0.38918558316058216, "tb": -0.11583402144361188, "tc": -0.7017141873684876, "td": 0.002502330008443021}}, {"target": 0.6372124670289496, "params": {"ta": -0.2706956717573503, "tb": 0.23545153583629042, "tc": -0.0454513476327042, "td": 0.35643987839307134}}, {"target": 0.9918803821021845, "params": {"ta": -0.2903541005171557, "tb": 0.2690089054001379, "tc": 0.2690089054001379, "td": -0.2903541005171557}}, {"target": 0.8372049874722554, "params": {"ta": -0.2903541005171557, "tb": -0.7309910945998621, "tc": 0.22729074278597375, "td": 0.7096458994828443}}, {"target": 0.9950663135742066, "params": {"ta": -0.2903541005171557, "tb": 0.06649400269411802, "tc": 0.2690089054001379, "td": -0.06140627254811525}}, {"target": 0.9973841608620369, "params": {"ta": 0.1622215240987488, "tb": -0.37190997283226324, "tc": -0.2074265458521344, "td": 0.38225064038872186}}, {"target": 0.9563249410108913, "params": {"ta": -0.11143047089496448, "tb": 0.13569710659553452, "tc": 0.2690089054001379, "td": -0.2903541005171557}}, {"target": 0.9979851619958723, "params": {"ta": 0.20129686198663393, "tb": -0.17970415435832993, "tc": -0.19132796970561194, "td": 0.1437995704799973}}, {"target": 0.9978013266660835, "params": {"ta": 0.7096458994828443, "tb": -0.1359541646005426, "tc": -0.7309910945998621, "td": 0.04442806531576838}}, {"target": 0.9846654053546646, "params": {"ta": -0.12551860487682243, "tb": 0.2690089054001379, "tc": 0.04070843274745155, "td": -0.2903541005171557}}, {"target": 0.9872923720438039, "params": {"ta": -0.2295739762590412, "tb": 0.16436628625852634, "tc": 0.1375784323200588, "td": -0.14919608217579786}}, {"target": 0.998578000129035, "params": {"ta": 0.5895824860758778, "tb": -0.10461900354406886, "tc": -0.5597552352464203, "td": 0.05576141973132112}}, {"target": 0.9988081206123648, "params": {"ta": 0.01737771453998439, "tb": -0.5501799665983335, "tc": -0.110903743571523, "td": 0.5621764646887714}}, {"target": 0.9744145377288489, "params": {"ta": 0.13926283175040294, "tb": 0.2690089054001379, "tc": -0.09510038515525852, "td": -0.2903541005171557}}, {"target": 0.9950707588999967, "params": {"ta": 0.024352545678961453, "tb": -0.7309910945998621, "tc": -0.16910518892489546, "td": 0.7096458994828443}}, {"target": 0.997870219754068, "params": {"ta": 0.3363376595002725, "tb": -0.20762504491650585, "tc": -0.3658760903589304, "td": 0.18760163199832555}}, {"target": 0.9940069338461007, "params": {"ta": 0.3562896106547804, "tb": -0.0663349689847369, "tc": -0.31837563465062857, "td": 0.020281348410628158}}, {"target": 0.9884197568777324, "params": {"ta": 0.0864769364152329, "tb": -0.6287003299457304, "tc": -0.11326738772558169, "td": 0.7096458994828443}}, {"target": 0.9944766095278998, "params": {"ta": 0.05799473708975632, "tb": -0.20353226908393948, "tc": -0.08439774791026922, "td": 0.23012003070923218}}, {"target": 0.986053991239972, "params": {"ta": -0.2903541005171557, "tb": 0.2690089054001379, "tc": 0.2690089054001379, "td": -0.12325639152948556}}, {"target": 0.988746333320647, "params": {"ta": -0.14276709369065313, "tb": -0.013432707851357898, "tc": 0.1605377424731139, "td": 0.022044282086910075}}, {"target": 0.9923660461758016, "params": {"ta": 0.7096458994828443, "tb": -0.09607204972658487, "tc": -0.6721283837371997, "td": -0.06393510995866052}}, {"target": 0.9840036763887116, "params": {"ta": 0.1624826874397189, "tb": 0.05465048429621388, "tc": -0.13188560713881456, "td": -0.10102188887233254}}, {"target": 0.9995262223536427, "params": {"ta": 0.08422515688659137, "tb": -0.4552054132657308, "tc": -0.10951863352197289, "td": 0.45135106061265606}}, {"target": 0.9997411985450757, "params": {"ta": 0.1975169467836461, "tb": -0.2768792853782168, "tc": -0.21330109512009035, "td": 0.2549266728486146}}, {"target": 0.9971049810061938, "params": {"ta": -0.006026081889792089, "tb": -0.7309910945998621, "tc": -0.05297793015435201, "td": 0.7096458994828443}}, {"target": 0.9909998262161624, "params": {"ta": -0.06409484205323175, "tb": -0.6604368885837955, "tc": -0.10602535328050068, "td": 0.7096458994828443}}, {"target": 0.9993418063058727, "params": {"ta": 0.4526667585715264, "tb": -0.12230856568541652, "tc": -0.44876502390035355, "td": 0.09766318431549455}}, {"target": 0.9818482985193807, "params": {"ta": -0.2903541005171557, "tb": -0.04253079212971611, "tc": 0.2690089054001379, "td": 0.09273003352231193}}, {"target": 0.9960785302113845, "params": {"ta": 0.03466969934752913, "tb": -0.36008115448016387, "tc": -0.12557104778510503, "td": 0.37121949270055954}}, {"target": 0.9987161167090517, "params": {"ta": 0.017437893417445328, "tb": -0.6686946782148633, "tc": -0.09962215595832624, "td": 0.6323476661297565}}, {"target": 0.9994806624531243, "params": {"ta": 0.2829093118508363, "tb": -0.14360173098853424, "tc": -0.29974760638807424, "td": 0.12982391378024438}}, {"target": 0.9910915855043387, "params": {"ta": -0.012822200091231603, "tb": 0.1560768551339967, "tc": 0.026688226828670395, "td": -0.1759809560355139}}, {"target": 0.9974058320487716, "params": {"ta": 0.6123158675919651, "tb": -0.10725035106266478, "tc": -0.6667026367322473, "td": 0.03995818602638934}}, {"target": 0.9992639659528236, "params": {"ta": -0.2275885023048001, "tb": 0.1835686524990064, "tc": 0.2690089054001379, "td": -0.16273989542012648}}, {"target": 0.9966122598651116, "params": {"ta": 0.4958271471841807, "tb": -0.05199593812511457, "tc": -0.500445250227245, "td": 0.013878433127987777}}, {"target": 0.9996293255678949, "params": {"ta": -0.16116240454046213, "tb": 0.2690089054001379, "tc": 0.20615545798779983, "td": -0.24828925153523132}}, {"target": 0.9965551359666738, "params": {"ta": 0.7096458994828443, "tb": -0.10372021202852999, "tc": -0.6626289741964104, "td": 0.048642961582885696}}, {"target": 0.9989369300582858, "params": {"ta": 0.12405583973820689, "tb": -0.339909527066039, "tc": -0.12700405516236257, "td": 0.32003734723293475}}, {"target": 0.9914202242134508, "params": {"ta": 0.06680586670427344, "tb": -0.0694427649167465, "tc": -0.056761146390225926, "td": 0.06697756999978928}}, {"target": 0.9971374906215171, "params": {"ta": 0.5177332096533293, "tb": -0.1485401371265281, "tc": -0.5059889519485401, "td": 0.033551396432859495}}, {"target": 0.9982347469857907, "params": {"ta": 0.08674026626719417, "tb": -0.527644579137871, "tc": -0.163795000165663, "td": 0.5146871792587836}}, {"target": 0.9995599995491452, "params": {"ta": 0.3724477561732824, "tb": -0.15861817847869453, "tc": -0.37239798100338106, "td": 0.10027975163121605}}, {"target": 0.9954077596422243, "params": {"ta": -0.04595540483709853, "tb": 0.2690089054001379, "tc": 0.10916833650610476, "td": -0.2903541005171557}}, {"target": 0.9990542819011862, "params": {"ta": 0.2759393829791008, "tb": -0.22566339645991096, "tc": -0.2702117324742803, "td": 0.19242638357007674}}, {"target": 0.9988044995668196, "params": {"ta": 0.18831926082887077, "tb": -0.205706060445873, "tc": -0.23988060979864695, "td": 0.19560655451723452}}, {"target": 0.9982941816853614, "params": {"ta": 0.7096458994828443, "tb": -0.06462691080939656, "tc": -0.7309910945998621, "td": 0.0123785431989821}}, {"target": 0.9983918170245372, "params": {"ta": 0.1018734916452776, "tb": -0.43457787693318123, "tc": -0.16060737403874337, "td": 0.388967152922479}}, {"target": 0.9964304632046744, "params": {"ta": -0.21807627026939846, "tb": 0.12313737049986712, "tc": 0.2459444318631032, "td": -0.07590404405497182}}, {"target": 0.9977993401717241, "params": {"ta": -0.20320635353016053, "tb": 0.2690089054001379, "tc": 0.2690089054001379, "td": -0.23699016658791888}}, {"target": 0.9991264985170487, "params": {"ta": 0.06004437543474918, "tb": -0.5636041927822324, "tc": -0.08856530582358228, "td": 0.5528545780257748}}, {"target": 0.9994156853285591, "params": {"ta": 0.5174873374832984, "tb": -0.11693114284945894, "tc": -0.5430733616467824, "td": 0.07326681706997096}}, {"target": 0.9988986155578093, "params": {"ta": 0.03620428899774359, "tb": -0.509319971369208, "tc": -0.09921658113922142, "td": 0.4834145649186869}}, {"target": 0.9997969662061583, "params": {"ta": 0.018126259385238083, "tb": -0.6972502473160307, "tc": -0.10070997659380648, "td": 0.7096458994828443}}, {"target": 0.9997841040647034, "params": {"ta": -0.21786070994960283, "tb": 0.23584038271067542, "tc": 0.22476602626203393, "td": -0.21086735771688261}}, {"target": 0.9973698658956193, "params": {"ta": -0.10667089040673688, "tb": 0.2690089054001379, "tc": 0.12226575186952342, "td": -0.22755627488701263}}, {"target": 0.9980263964194426, "params": {"ta": 0.20060120309083235, "tb": -0.19638769732253084, "tc": -0.2006416790143233, "td": 0.21393771928224697}}, {"target": 0.9955749902418385, "params": {"ta": 0.19486066423668572, "tb": -0.08508013092275409, "tc": -0.2079480889789017, "td": 0.07901020311276602}}, {"target": 0.9992191886941657, "params": {"ta": 0.37848123139869383, "tb": -0.10731994392666759, "tc": -0.3977782574557709, "td": 0.08484436297535823}}, {"target": 0.999505695411554, "params": {"ta": 0.12539114588488623, "tb": -0.2814279946808006, "tc": -0.16723693719383917, "td": 0.2646365258277152}}, {"target": 0.9993028924970045, "params": {"ta": 0.5927660403280609, "tb": -0.09214482761197322, "tc": -0.5961255766696588, "td": 0.01236460017165463}}, {"target": 0.998990634526681, "params": {"ta": -0.15044818980842392, "tb": 0.20951721333344062, "tc": 0.1796262328048464, "td": -0.2007566220694796}}, {"target": 0.9991041668038086, "params": {"ta": -0.2831675684759232, "tb": 0.17080907711795254, "tc": 0.2690089054001379, "td": -0.14329904094952803}}, {"target": 0.999799119051406, "params": {"ta": 0.6797694349408236, "tb": -0.10862281427000843, "tc": -0.6843908011458469, "td": 0.010129681709688167}}, {"target": 0.9997065767435663, "params": {"ta": 0.14529798968774538, "tb": -0.33390070414759515, "tc": -0.1895780972009584, "td": 0.3141666867962422}}, {"target": 0.9996129052457388, "params": {"ta": 0.061194176992855495, "tb": -0.4990541315092811, "tc": -0.11649656187101537, "td": 0.512669469111481}}, {"target": 0.9996760924043483, "params": {"ta": 0.0470556251413892, "tb": -0.6066777928564887, "tc": -0.12551960371143628, "td": 0.6047677745848049}}, {"target": 0.9991215422023163, "params": {"ta": -0.00571733097033833, "tb": -0.7309910945998621, "tc": -0.10600239644035785, "td": 0.7096458994828443}}, {"target": 0.999864584494874, "params": {"ta": 0.1013629187883522, "tb": -0.3847180039753833, "tc": -0.13949948608584842, "td": 0.3859581235388665}}, {"target": 0.9993403391843436, "params": {"ta": 0.41671911907644943, "tb": -0.1639115444718606, "tc": -0.4367682151745691, "td": 0.11196134033224477}}, {"target": 0.9994233063883873, "params": {"ta": 0.5996407647097873, "tb": -0.13235343581975584, "tc": -0.6044334876135385, "td": 0.04323996400312735}}, {"target": 0.9997365168034854, "params": {"ta": 0.4420411778183507, "tb": -0.11740122043015438, "tc": -0.4491960221526153, "td": 0.06018907490233667}}, {"target": 0.9994833385500637, "params": {"ta": 0.021589311029936314, "tb": -0.6197298200485943, "tc": -0.0871811327824282, "td": 0.6312512658153439}}, {"target": 0.9997256779061273, "params": {"ta": 0.3006326569548797, "tb": -0.18614576635707672, "tc": -0.3234539909062318, "td": 0.14086924415122037}}, {"target": 0.9997782804277944, "params": {"ta": 0.34015309294153495, "tb": -0.15663900322921676, "tc": -0.34558821500603215, "td": 0.1342546202853264}}, {"target": 0.9997659717701062, "params": {"ta": 0.0760274670230158, "tb": -0.448167464503323, "tc": -0.13915194362076955, "td": 0.44601264246318056}}, {"target": 0.9996802883902056, "params": {"ta": 0.1695416299753378, "tb": -0.24201753972508105, "tc": -0.1893309824543415, "td": 0.21549921215052925}}, {"target": 0.9999422487423452, "params": {"ta": 0.2460094766260418, "tb": -0.18875226147621366, "tc": -0.262043040344613, "td": 0.16319280732875582}}, {"target": 0.9994247358662547, "params": {"ta": -0.1471098941385644, "tb": 0.2690089054001379, "tc": 0.1682582550997887, "td": -0.27495774567788844}}, {"target": 0.9996685956283982, "params": {"ta": 0.22738743917368484, "tb": -0.245790003118644, "tc": -0.25787886466697846, "td": 0.22169590905217204}}, {"target": 0.9997625018056181, "params": {"ta": 0.7096458994828443, "tb": -0.10865076761797708, "tc": -0.7163942080702757, "td": 0.0037950823676293844}}, {"target": 0.9999758025707982, "params": {"ta": 0.48726486266834473, "tb": -0.1146942541966963, "tc": -0.4958436091724303, "td": 0.06361654025665969}}, {"target": 0.9997892771530492, "params": {"ta": 0.15106027086266657, "tb": -0.2938325