{"all": [{"target": 0.5461164925924666, "params": {"ta": 0.779386057496251, "tb": -0.7809242565968971, "tc": -0.5106032216264563, "td": 0.695763586268134}}, {"target": 0.6594669888851892, "params": {"ta": -0.026007273244744333, "tb": -0.9662268523894716, "tc": -0.9321435975604514, "td": 0.19456486573083326}}, {"target": 0.5878470116285492, "params": {"ta": 0.27446644109993396, "tb": -1.2025031256815042, "tc": -0.44184013791035814, "td": 0.1691035154237192}}, {"target": 0.9325343191658302, "params": {"ta": 0.5792998376786824, "tb": -0.7181750212589878, "tc": -0.5607471726626354, "td": 0.2882387748202135}}, {"target": 0.19962394108545994, "params": {"ta": 0.8493710554968543, "tb": -0.36884219338861, "tc": -0.4564999968711563, "td": 0.8118016947143261}}, {"target": 0.6725927152153696, "params": {"ta": -0.09930254660579557, "tb": -0.8495660626234479, "tc": -1.295480011784354, "td": 0.48060056903963705}}, {"target": 0.650711656041441, "params": {"ta": 0.07355839651490309, "tb": -0.6045350279151092, "tc": -0.30340090356497385, "td": 0.23765588007729438}}, {"target": 0.8074573110862384, "params": {"ta": 0.3718494931247162, "tb": -0.5433399106577157, "tc": -0.5352719102815569, "td": 0.06112453223515907}}, {"target": 0.5863698081831817, "params": {"ta": 0.2318055795008796, "tb": -1.2507307367292912, "tc": -0.959456443886388, "td": -0.07182553690086718}}, {"target": 0.7344522709411477, "params": {"ta": 0.43003153506041575, "tb": -1.2471228578441913, "tc": -1.022138555150989, "td": -0.010436113089812016}}, {"target": 0.6821674312090877, "params": {"ta": 0.3671646757639349, "tb": -0.8029878644055359, "tc": -0.443864892648278, "td": -0.07404799631608044}}, {"target": 0.36653226134326106, "params": {"ta": 0.6948576016763846, "tb": -1.2434968087727918, "tc": -0.9825533728811708, "td": 0.8175601840763664}}, {"target": 0.9532931912005487, "params": {"ta": 0.8466872345749032, "tb": -0.689349889900146, "tc": -0.7614674663650107, "td": 0.12270113560205848}}, {"target": 0.9808838124079137, "params": {"ta": 0.5568991392212561, "tb": -0.7409623637419838, "tc": -0.8166631699996385, "td": 0.354432363213448}}, {"target": 0.7905245721316602, "params": {"ta": 0.2306046187595781, "tb": -0.7457433115792153, "tc": -0.3246691237261482, "td": 0.5336615936160221}}, {"target": 0.8652264223392513, "params": {"ta": 0.31781688765685795, "tb": -0.8890991522320999, "tc": -1.1037293761398328, "td": 0.23264198823267063}}, {"target": 0.3091019418477621, "params": {"ta": -0.056475178077731, "tb": -1.0986082521350902, "tc": -0.6669430276182385, "td": -0.06428187058339946}}, {"target": 0.5888790025682045, "params": {"ta": 0.11469191564580822, "tb": -0.8894027442234622, "tc": -0.39884481476940137, "td": 0.13153575677801582}}, {"target": 0.5855566424506045, "params": {"ta": 0.1779567018529858, "tb": -0.720754731472469, "tc": -0.6117658251615832, "td": -0.07897950971430695}}, {"target": 0.802173108484599, "params": {"ta": 0.8494555213819259, "tb": -1.0965046963612362, "tc": -1.0666542726229467, "td": 0.08715439031612776}}, {"target": 0.8766193559160681, "params": {"ta": 0.3170976782355404, "tb": -0.44226589460364607, "tc": -0.7325170736808189, "td": 0.4165315247123879}}, {"target": 0.8991130278839156, "params": {"ta": 0.46467491782661935, "tb": -0.7068894085129571, "tc": -0.5990078016811821, "td": 0.5483448235402422}}, {"target": 0.9346338902356064, "params": {"ta": -0.007028395725483139, "tb": -0.625290259814264, "tc": -0.9761370687513176, "td": 0.7170669181705611}}, {"target": 0.818175824346076, "params": {"ta": 0.14078465481430585, "tb": -1.169618596752357, "tc": -0.5681527173929652, "td": 0.65374182248997}}, {"target": 0.8112421689837745, "params": {"ta": 0.7952090792436366, "tb": -0.5885406521774893, "tc": -0.7391416196171419, "td": 0.3774239239405937}}, {"target": 0.7550165048649737, "params": {"ta": 0.7459725361177643, "tb": -1.1119440830078595, "tc": -0.574633108013326, "td": 0.479706856351466}}, {"target": 0.8185883651945838, "params": {"ta": 0.8037563979602134, "tb": -1.2189647188541453, "tc": -0.9383422904476806, "td": -0.07037638931244178}}, {"target": 0.5876632318560517, "params": {"ta": 0.11052176124431506, "tb": -0.4320866101666332, "tc": -0.8882740279826938, "td": 0.10993261824236861}}, {"target": 0.9835213852103206, "params": {"ta": 0.24240569263717365, "tb": -0.7374190935552539, "tc": -0.8294255926981495, "td": 0.43365245737265495}}, {"target": 0.7094935312233713, "params": {"ta": 0.11539422156097706, "tb": -0.784311273533893, "tc": -0.6751109456739619, "td": 0.11262002562991441}}, {"target": 0.48109104561734384, "params": {"ta": 0.45210086377604225, "tb": -1.1072797781556, "tc": -1.2772477704351717, "td": 0.7871863999427138}}, {"target": 0.7834841106029967, "params": {"ta": 0.3285367166379857, "tb": -0.6634023605516491, "tc": -0.6152506150271058, "td": 0.8690560072548403}}, {"target": 0.9057530346941625, "params": {"ta": 0.7025872432882123, "tb": -0.5561305697508075, "tc": -0.9605846171557394, "td": 0.2321145197558953}}, {"target": 0.7493391054275765, "params": {"ta": 0.3307473210835599, "tb": -1.2511402019644495, "tc": -0.8592473074329015, "td": 0.14934525409475957}}, {"target": 0.6173550999191564, "params": {"ta": 0.07238867356017126, "tb": -0.3001987160690762, "tc": -0.32324540892355313, "td": 0.2105908091155398}}, {"target": 0.9772484262227503, "params": {"ta": -0.089860449535961, "tb": -0.8585316182664938, "tc": -0.7282282578972946, "td": 0.7683890724790714}}, {"target": 0.7238454696977195, "params": {"ta": 0.5467337710400568, "tb": -0.6740800175937671, "tc": -1.2781324102707943, "td": 0.05045040768777892}}, {"target": 0.7059245945285292, "params": {"ta": -0.06799468113691226, "tb": -1.1217922680090786, "tc": -1.2267693365351757, "td": 0.41816066143744496}}, {"target": 0.7116476136456455, "params": {"ta": 0.6379017507038545, "tb": -0.3167148482337694, "tc": -0.4274039350307295, "td": -0.025203132479737655}}, {"target": 0.7903180934096968, "params": {"ta": 0.6342718744429263, "tb": -0.7434797109820266, "tc": -1.2625774322907746, "td": 0.20481652741346718}}, {"target": 0.3900727738243809, "params": {"ta": 0.7743594801933815, "tb": -1.15544565587419, "tc": -1.1982370076060807, "td": 0.6199607953282003}}, {"target": 0.8096505381243181, "params": {"ta": 0.12073044933462002, "tb": -1.2025168362229406, "tc": -0.6072911301105355, "td": 0.6821569918195083}}, {"target": 0.9059637958446702, "params": {"ta": 0.12364331126773515, "tb": -0.5880013602745552, "tc": -1.00995381878548, "td": 0.5849267851826927}}, {"target": 0.9883329746075392, "params": {"ta": 0.5849557279308129, "tb": -0.8834320066190385, "tc": -0.7791772168153578, "td": 0.1338787813086379}}, {"target": 0.7175613310590863, "params": {"ta": 0.6515789225753443, "tb": -1.1413621331768202, "tc": -1.0932981417353287, "td": 0.37888281403737895}}, {"target": 0.25298045088394705, "params": {"ta": 0.8410415270335869, "tb": -1.1641532960236023, "tc": -1.010244143908762, "td": 0.8460189529117847}}, {"target": 0.7948724802136611, "params": {"ta": 0.634933660743233, "tb": -0.6749692525653993, "tc": -0.8739126139799336, "td": 0.6093099182086712}}, {"target": 0.9720441662196359, "params": {"ta": 0.3749664465727674, "tb": -0.7946242518291169, "tc": -0.7714870624016607, "td": 0.24412903903704292}}, {"target": 0.8766721725861221, "params": {"ta": -0.04464737750061826, "tb": -0.6332251880403914, "tc": -0.9921103877847235, "td": 0.59591425486012}}, {"target": 0.9674726692971571, "params": {"ta": 0.289140743525044, "tb": -0.8600733389948223, "tc": -0.7949966149251319, "td": 0.3259539576323646}}, {"target": 0.7620356647053245, "params": {"ta": 0.17468286827968366, "tb": -1.189898648103405, "tc": -1.1493576782948176, "td": 0.34863928167026975}}, {"target": 0.9226374672259928, "params": {"ta": 0.2968712427773678, "tb": -1.0612246043193823, "tc": -0.8683916789991777, "td": 0.5227981729256304}}, {"target": 0.8334329501433202, "params": {"ta": 0.5491833422134789, "tb": -0.44980098869540297, "tc": -0.6060803367677842, "td": 0.33777066752052226}}, {"target": 0.7389065646608657, "params": {"ta": -0.09846820622642732, "tb": -0.8013993228293956, "tc": -0.6306221202568598, "td": 0.3754435039050939}}, {"target": 0.45298970071746153, "params": {"ta": 0.23114616178336017, "tb": -1.0607507495799262, "tc": -0.43791452245904405, "td": -0.08329340304216332}}, {"target": 0.7046706091887136, "params": {"ta": -0.04174593746789518, "tb": -0.3315392591030273, "tc": -0.47635919247092495, "td": 0.45001580248957745}}, {"target": 0.8351779560955167, "params": {"ta": 0.4320528149254304, "tb": -1.0651275681457797, "tc": -0.45887683682903935, "td": 0.4583397869075923}}, {"target": 0.38701456258909867, "params": {"ta": 0.7506278381999589, "tb": -1.2694367401320639, "tc": -1.112349107031884, "td": 0.6227915843322216}}, {"target": 0.6860443984608104, "params": {"ta": 0.49212846459289633, "tb": -0.7340164590098645, "tc": -0.35640050624905706, "td": 0.6780475908079413}}, {"target": 0.693379896347176, "params": {"ta": 0.7894502005611044, "tb": -0.755200707297137, "tc": -1.228076949164807, "td": 0.41402242799641725}}, {"target": 0.6929789226170033, "params": {"ta": 0.08114335846960125, "tb": -0.3850761319750411, "tc": -0.4542934319281593, "td": 0.8744528229053024}}, {"target": 0.38019344778929803, "params": {"ta": -0.04240383952841159, "tb": -0.9084669763183032, "tc": -0.36106923209390474, "td": 0.0671316748218091}}, {"target": 0.6843607093822778, "params": {"ta": 0.6224834759762949, "tb": -0.8091427576003628, "tc": -0.3764090689130033, "td": 0.6100374912797981}}, {"target": 0.8906263247856411, "params": {"ta": 0.09933157810190679, "tb": -0.4721489745157449, "tc": -0.8187608471899362, "td": 0.8200559047001359}}, {"target": 0.9991508161868512, "params": {"ta": 0.12351670921397326, "tb": -0.8062703538657199, "tc": -0.7976355730027401, "td": 0.6847555164954816}}, {"target": 0.9899119347423645, "params": {"ta": -0.10735422928731281, "tb": -0.8452813813170873, "tc": -0.8781754700874883, "td": 0.8926457707126871}}, {"target": 0.9956515247722986, "params": {"ta": 0.8926457707126871, "tb": -0.8247132313125921, "tc": -0.72123599042301, "td": -0.10735422928731281}}, {"target": 0.9831115941432583, "params": {"ta": 0.8926457707126871, "tb": -0.7122938427119091, "tc": -0.8790995516202464, "td": -0.10735422928731281}}, {"target": 0.9951414869866784, "params": {"ta": -0.10735422928731281, "tb": -0.723367386242513, "tc": -0.7622918453067897, "td": 0.8926457707126871}}, {"target": 0.9940822639734481, "params": {"ta": 0.7463366462971429, "tb": -0.7777367650890865, "tc": -0.791665531015562, "td": -0.03434622244697907}}, {"target": 0.9975568981514212, "params": {"ta": 0.31792559140762516, "tb": -0.8099737021483833, "tc": -0.7910049852007823, "td": 0.5135143494521586}}, {"target": 0.988733297550093, "params": {"ta": -0.00788782663085332, "tb": -0.8175326597105097, "tc": -0.7820430192822491, "td": 0.8926457707126871}}, {"target": 0.9946083838144054, "params": {"ta": 0.8512396633162089, "tb": -0.8515654886850146, "tc": -0.8170874923309305, "td": -0.027288377295099572}}, {"target": 0.9980094991854949, "params": {"ta": 0.6362852135001897, "tb": -0.7765130971174633, "tc": -0.8280216233424751, "td": 0.15152948827701826}}, {"target": 0.99880952046842, "params": {"ta": -0.021703965218916363, "tb": -0.758909446826675, "tc": -0.8175255126017719, "td": 0.7936070543146819}}, {"target": 0.9968272854098358, "params": {"ta": 0.1858823380158452, "tb": -0.7520497249835851, "tc": -0.7589939144642445, "td": 0.589870640835486}}, {"target": 0.9976914725286894, "params": {"ta": 0.47604865464115387, "tb": -0.842772939058759, "tc": -0.8051924026635228, "td": 0.31871221764556434}}, {"target": 0.9972772005724129, "params": {"ta": 0.7307174944562116, "tb": -0.8261196796140788, "tc": -0.7455080586490117, "td": 0.07352947411321509}}, {"target": 0.9971786804097227, "params": {"ta": 0.20135368260985848, "tb": -0.7845480747642425, "tc": -0.8508305537095733, "td": 0.5932752200104747}}, {"target": 0.9989016730592364, "params": {"ta": 0.5676315345151992, "tb": -0.7893183317337585, "tc": -0.7597497055651213, "td": 0.21793359101290793}}, {"target": 0.9986684347196225, "params": {"ta": 0.3926916933673544, "tb": -0.7751281065705937, "tc": -0.7655886404454958, "td": 0.39263355507028164}}, {"target": 0.9990417320987874, "params": {"ta": 0.8926457707126871, "tb": -0.8176597321930515, "tc": -0.8074884007174424, "td": -0.10735422928731281}}, {"target": 0.9959408687786282, "params": {"ta": -0.10735422928731281, "tb": -0.7405370973988502, "tc": -0.847851830311761, "td": 0.8926457707126871}}, {"target": 0.9991881544020718, "params": {"ta": -0.10735422928731281, "tb": -0.8068655549945679, "tc": -0.78524085596571, "td": 0.8926457707126871}}, {"target": 0.9979651514611322, "params": {"ta": 0.20155952975013466, "tb": -0.8292135325951034, "tc": -0.7840386542393957, "td": 0.5641324495021238}}, {"target": 0.9979501405413107, "params": {"ta": 0.8926457707126871, "tb": -0.7639449271565936, "tc": -0.7701225284406112, "td": -0.08279969646094254}}, {"target": 0.9976056730428714, "params": {"ta": 0.393096247776487, "tb": -0.787482829254038, "tc": -0.8439673675946194, "td": 0.39232499956089384}}, {"target": 0.9987482519533317, "params": {"ta": 0.5334946043264828, "tb": -0.796959058895291, "tc": -0.8267363875428774, "td": 0.24321202039417164}}, {"target": 0.9981265872309794, "params": {"ta": 0.849837648287663, "tb": -0.796593983886267, "tc": -0.7788108648383946, "td": -0.10735422928731281}}, {"target": 0.9991299508426281, "params": {"ta": 0.7309251739762971, "tb": -0.8097346367663639, "tc": -0.8137480708586989, "td": 0.0617546772060514}}, {"target": 0.999084255235882, "params": {"ta": 0.07231224845814, "tb": -0.7617209077718295, "tc": -0.7975318208759135, "td": 0.6980418180011767}}, {"target": 0.9987911163201914, "params": {"ta": 0.03864230519983129, "tb": -0.8085911299341394, "tc": -0.826250164162286, "td": 0.7397938499617212}}, {"target": 0.9987239984493891, "params": {"ta": 0.6220183127001061, "tb": -0.8235179381968315, "tc": -0.7943757052659736, "td": 0.1888358802415249}}, {"target": 0.9996839021766135, "params": {"ta": 0.664253588167041, "tb": -0.7923122345034762, "tc": -0.7764956945823538, "td": 0.11059048505845037}}, {"target": 0.9998531879474105, "params": {"ta": 0.8153965947015144, "tb": -0.7944407697223057, "tc": -0.7795586850059225, "td": -0.020453767952431177}}, {"target": 0.9996669607278608, "params": {"ta": 0.2658432602853529, "tb": -0.7745601143170565, "tc": -0.7973095233801033, "td": 0.5200822234628355}}, {"target": 0.9995369549782538, "params": {"ta": 0.030363143293598176, "tb": -0.78791523499386, "tc": -0.7802566486993381, "td": 0.7634760636370163}}, {"target": 0.9998834203863646, "params": {"ta": -0.07414091941589256, "tb": -0.7858559463513067, "tc": -0.8009544612589948, "td": 0.8490751575758843}}, {"target": 0.9997661738047031, "params": {"ta": 0.4723969691303712, "tb": -0.7833659758042465, "tc": -0.7879440122855865, "td": 0.31071053226554246}}, {"target": 0.9998284529387663, "params": {"ta": 0.3279276040601867, "tb": -0.80498988102619, "tc": -0.7983606631717878, "td": 0.44965443237830016}}, {"target": 0.9987098568848117, "params": {"ta": 0.06822798039782466, "tb": -0.7710233002830239, "tc": -0.8155300329558803, "td": 0.7457683849361526}}, {"target": 0.9999105110625702, "params": {"ta": 0.1526634136072541, "tb": -0.7857249407591141, "tc": -0.8035337046982263, "td": 0.6253689792932614}}, {"target": 0.999786212360778, "params": {"ta": 0.21094988243454577, "tb": -0.7893177576726214, "tc": -0.7964245072919586, "td": 0.5887118434483668}}, {"target": 0.9997701150381427, "params": {"ta": 0.4111679416276242, "tb": -0.8102663588011417, "tc": -0.7920186738080186, "td": 0.37816133458850304}}, {"target": 0.9994665903666499, "params": {"ta": 0.77029578710354, "tb": -0.8203715928792685, "tc": -0.781121209103694, "td": 0.005376350937802726}}, {"target": 0.999800702895627, "params": {"ta": 0.742229932097937, "tb": -0.7867244931308985, "tc": -0.7827412316835684, "td": 0.0461611817546096}}, {"target": 0.9998068083019689, "params": {"ta": 0.5213044473177941, "tb": -0.8065723881929955, "tc": -0.7820556952126004, "td": 0.26629229563647633}}, {"target": 0.9998280447917264, "params": {"ta": 0.8653696335211304, "tb": -0.808000368167277, "tc": -0.78003621657846, "td": -0.07009090752402998}}, {"target": 0.9998472662629768, "params": {"ta": 0.5979307659770416, "tb": -0.7997059445263472, "tc": -0.7926464209042259, "td": 0.1751951956061893}}, {"target": 0.99996831593436, "params": {"ta": -0.10735422928731281, "tb": -0.778556046301573, "tc": -0.8038730301965721, "td": 0.8926457707126871}}, {"target": 0.99959699127289, "params": {"ta": 0.26767653721304846, "tb": -0.8050109269871434, "tc": -0.8131865346922448, "td": 0.5122950454822026}}, {"target": 0.9998940241808754, "params": {"ta": 0.6832454115643114, "tb": -0.808747358520171, "tc": -0.7932008235187907, "td": 0.10121264870415798}}, {"target": 0.9996768055360797, "params": {"ta": 0.3319352525442811, "tb": -0.780380904991791, "tc": -0.8059980049978873, "td": 0.4604563926677207}}, {"target": 0.9999055013009711, "params": {"ta": 0.07094016627463971, "tb": -0.7946744542171046, "tc": -0.7949746138161315, "td": 0.7099265965960649}}, {"target": 0.9996919598888924, "params": {"ta": 0.2938156991388758, "tb": -0.7938818239369553, "tc": -0.7809735264684937, "td": 0.4857241430679357}}, {"target": 0.999908971150741, "params": {"ta": -0.016311724152298628, "tb": -0.7941749058592014, "tc": -0.8021231763919426, "td": 0.8024037578763301}}, {"target": 0.9999771511115809, "params": {"ta": 0.4388150398517231, "tb": -0.7941910166894355, "tc": -0.7985971795694945, "td": 0.34514689788058217}}, {"target": 0.9996662811583548, "params": {"ta": 0.8252733878935217, "tb": -0.79615783186312, "tc": -0.8021016832530764, "td": -0.04016909289006066}}, {"target": 0.9999105082149202, "params": {"ta": 0.21878163671525863, "tb": -0.7870763412198406, "tc": -0.8009233237450163, "td": 0.5586718546008468}}, {"target": 0.9999939528942506, "params": {"ta": 0.8926457707126871, "tb": -0.7976961962193069, "tc": -0.7808240725272809, "td": -0.10735422928731281}}, {"target": 0.9997924741613867, "params": {"ta": -0.07362673405983917, "tb": -0.7763563863762473, "tc": -0.7999726900875801, "td": 0.8719040477478475}}, {"target": 0.9999855040822271, "params": {"ta": 0.5667466272679053, "tb": -0.7994568491767001, "tc": -0.7947278399712973, "td": 0.22053323618515572}}, {"target": 0.9999640229529834, "params": {"ta": 0.6414596999933118, "tb": -0.7988032935256596, "tc": -0.7853641949676232, "td": 0.14814397640773788}}, {"target": 0.9999966613325495, "params": {"ta": 0.3682095917473171, "tb": -0.7968348797159793, "tc": -0.7958821297641518, "td": 0.41780817046046703}}, {"target": 0.9999283875196123, "params": {"ta": 0.11364813715469488, "tb": -0.7858023291904012, "tc": -0.8072914177993146, "td": 0.6696848846814365}}, {"target": 0.999880945513731, "params": {"ta": 0.13930106696048852, "tb": -0.7880639604275546, "tc": -0.7887333270851554, "td": 0.6476982699162119}}, {"target": 0.9998492287089641, "params": {"ta": -0.037003074404594404, "tb": -0.7781763156148518, "tc": -0.7893689252473678, "td": 0.8215826295677294}}, {"target": 0.9999583973881028, "params": {"ta": 0.02136515404868975, "tb": -0.7839968643297283, "tc": -0.8007638596793146, "td": 0.7580099131755865}}, {"target": 0.999967463065143, "params": {"ta": 0.7125747357755166, "tb": -0.8011520941646882, "tc": -0.785605625045533, "td": 0.0675766644623643}}, {"target": 0.9996416263858379, "params": {"ta": -0.10735422928731281, "tb": -0.7787884368337217, "tc": -0.7994617482711927, "td": 0.8742907094794763}}, {"target": 0.9999218623038785, "params": {"ta": 0.7766591969511394, "tb": -0.7981394811397629, "tc": -0.7910788346664281, "td": 0.015473156134404208}}, {"target": 0.9999765343396207, "params": {"ta": 0.4978710026935988, "tb": -0.7955949154587723, "tc": -0.7976712600559158, "td": 0.28678908019584387}}, {"target": 0.9998335296759264, "params": {"ta": 0.45904789495158277, "tb": -0.801689316818942, "tc": -0.7823901332753173, "td": 0.32808103902616004}}, {"target": 0.9999954528532183, "params": {"ta": 0.17843807022562685, "tb": -0.7921996618317074, "tc": -0.7998232842839977, "td": 0.6057891190329175}}, {"target": 0.9999699560240333, "params": {"ta": 0.24519492610550955, "tb": -0.7944394661333575, "tc": -0.7935974383945856, "td": 0.541927579688317}}, {"target": 0.9998738216413972, "params": {"ta": 0.5348863642013298, "tb": -0.7870594711140463, "tc": -0.7913020252027899, "td": 0.24971375728715423}}, {"target": 0.999920555926073, "params": {"ta": 0.6004369437732743, "tb": -0.7910029424457906, "tc": -0.7905116597332639, "td": 0.1888801257402019}}, {"target": 0.9999253487181288, "params": {"ta": 0.6420892732406149, "tb": -0.8056149039683383, "tc": -0.7929757477521407, "td": 0.13826016617066378}}, {"target": 0.99989881277352, "params": {"ta": 0.6949828171175724, "tb": -0.7944930603667043, "tc": -0.7890076733389602, "td": 0.09892296733201753}}, {"target": 0.999999078858158, "params": {"ta": 0.8926457707126871, "tb": -0.8003256416476788, "tc": -0.7816113460274344, "td": -0.10735422928731281}}, {"target": 0.9999971191892754, "params": {"ta": 0.05161669974648585, "tb": -0.7878140313479703, "tc": -0.7993213558040422, "td": 0.7324333102379456}}, {"target": 0.999967786834, "params": {"ta": 0.40448404952590733, "tb": -0.7925892366163734, "tc": -0.797655452440555, "td": 0.37687378871067634}}, {"target": 0.9999312957352675, "params": {"ta": -0.04237727220176242, "tb": -0.7859173761171213, "tc": -0.8075153265291385, "td": 0.830619908787097}}, {"target": 0.9998124628178378, "params": {"ta": 0.15312705277902333, "tb": -0.778842004994098, "tc": -0.8026416353843456, "td": 0.6400696437759893}}, {"target": 0.9999998697511963, "params": {"ta": 0.09378264814573929, "tb": -0.788066953889673, "tc": -0.7994582198196515, "td": 0.6917917333587584}}, {"target": 0.9999877203351333, "params": {"ta": 0.005522821362157885, "tb": -0.7852379461554384, "tc": -0.8018177823975766, "td": 0.78286102235