{"all": [{"target": 0.4539397562919385, "params": {"ta": -0.10681096679995161, "tb": -0.08819857994184055, "tc": -0.7516097963992717, "td": 0.44107860897859774}}, {"target": 0.9313861850131189, "params": {"ta": 0.17087468140250894, "tb": -0.33069245224948474, "tc": -0.1257010487067266, "td": 0.06824492659418291}}, {"target": 0.6218932869168767, "params": {"ta": 0.7583256900363005, "tb": -0.237931790487804, "tc": -0.10500748431654117, "td": -0.03933985045305033}}, {"target": 0.46611104259268554, "params": {"ta": 0.1695618710612865, "tb": -0.635246773817846, "tc": -0.6108527264760376, "td": -0.19442869913769933}}, {"target": 0.6565093234274406, "params": {"ta": 0.10075631584146616, "tb": -0.09398648099598794, "tc": -0.44807905960975236, "td": 0.6796817781799797}}, {"target": 0.5905926840310176, "params": {"ta": -0.015214530530083592, "tb": -0.011711385745297398, "tc": -0.643940702792917, "td": 0.37146398326858643}}, {"target": 0.8901127120335667, "params": {"ta": 0.38855051260408835, "tb": -0.1544086999841996, "tc": -0.08840351843628358, "td": 0.15457169067706733}}, {"target": 0.9644895070835827, "params": {"ta": -0.1306087433790203, "tb": -0.7202683240927438, "tc": -0.09369344714547723, "td": 0.6555760498338469}}, {"target": 0.8876034982963984, "params": {"ta": 0.12007114276338571, "tb": -0.4111379354698651, "tc": -0.515578656026533, "td": 0.25999062355904856}}, {"target": 0.5338288638270886, "params": {"ta": -0.23148803826822428, "tb": -0.2107502917202635, "tc": -0.6013904313004945, "td": 0.5370811964798384}}, {"target": 0.8908984494072544, "params": {"ta": 0.3834869466122286, "tb": 0.029629265968300178, "tc": -0.21564866789370907, "td": 0.17339227713579286}}, {"target": 0.6521199463398197, "params": {"ta": 0.378031443962885, "tb": 0.0565131338260948, "tc": -0.5419071078607398, "td": 0.5692772676929844}}, {"target": 0.7733941602552813, "params": {"ta": 0.6079698907588541, "tb": -0.11153926266323921, "tc": -0.6413414843283716, "td": 0.5315803032584441}}, {"target": 0.4512667304349421, "params": {"ta": 0.5370484561691254, "tb": 0.079289880700944, "tc": -0.005602710365000263, "td": 0.48203823704518556}}, {"target": 0.4099077661164026, "params": {"ta": 0.22845098317548318, "tb": -0.6671046315480168, "tc": -0.04049713590866366, "td": -0.22935389357882408}}, {"target": 0.8331360049321166, "params": {"ta": 0.3186290604445299, "tb": -0.363014905598403, "tc": -0.4423595050920084, "td": -0.1297246548425136}}, {"target": 0.9477010621484073, "params": {"ta": 0.3900083334050096, "tb": -0.1675811857387608, "tc": -0.34814360930581323, "td": 0.3289077762583862}}, {"target": 0.847184151575227, "params": {"ta": 0.1778940154895714, "tb": 0.06487905099260083, "tc": 0.1599175804585221, "td": 0.04553992723570455}}, {"target": 0.6958804937562165, "params": {"ta": 0.2774193705477983, "tb": -0.5117951484856559, "tc": 0.1615292762489936, "td": 0.1302641596216202}}, {"target": 0.8128500138630966, "params": {"ta": 0.5502964864390153, "tb": 0.1261539999600657, "tc": -0.25845631684245585, "td": 0.10030227568555206}}, {"target": 0.6214351217780562, "params": {"ta": 0.1575999625973008, "tb": -0.07698607745955588, "tc": -0.46811733610788675, "td": 0.712237679766811}}, {"target": 0.8270251638397553, "params": {"ta": 0.3442177604561213, "tb": -0.12321562402615804, "tc": -0.625372917880964, "td": -0.21584837603122042}}, {"target": 0.5167499830084069, "params": {"ta": 0.6482070205354648, "tb": -0.04976220362034223, "tc": -0.16997633947764745, "td": 0.5631013054590822}}, {"target": 0.8296452403809073, "params": {"ta": 0.022956981622990646, "tb": -0.25928995724060444, "tc": -0.006679736409045844, "td": 0.6470683748359151}}, {"target": 0.8233782031804471, "params": {"ta": 0.6011509859353403, "tb": -0.6276403806238612, "tc": -0.35783348302375806, "td": 0.31147257621886415}}, {"target": 0.37434837698330264, "params": {"ta": 0.7403692945174397, "tb": -0.0291211071759383, "tc": 0.13575268009241281, "td": 0.13783312115684043}}, {"target": 0.760055827020898, "params": {"ta": 0.2969330678014974, "tb": -0.5501700906568455, "tc": 0.09493786788704439, "td": 0.21698831868755708}}, {"target": 0.6387574438500556, "params": {"ta": 0.4880073022578544, "tb": -0.025577403561823586, "tc": 0.1419588154725583, "td": -0.16229825453755986}}, {"target": 0.8378166651877487, "params": {"ta": 0.7034606675076784, "tb": -0.17184376098900267, "tc": -0.4992556321954541, "td": 0.38682975223959515}}, {"target": 0.6789585775607544, "params": {"ta": 0.5856651407331459, "tb": -0.7462940273827046, "tc": -0.5178690819813149, "td": 0.6896961103604373}}, {"target": 0.6274352412421869, "params": {"ta": 0.18847639849002307, "tb": -0.3671491176658871, "tc": 0.12604433462823628, "td": -0.21717193105856425}}, {"target": 0.4919573126806976, "params": {"ta": 0.4071930507036361, "tb": -0.7503440628909248, "tc": -0.39757084688859523, "td": -0.19364999688549123}}, {"target": 0.8492508464904754, "params": {"ta": 0.3812629690035635, "tb": 0.014279166080249373, "tc": -0.7021374568797373, "td": 0.21149228582456547}}, {"target": 0.5486241957222314, "params": {"ta": 0.5096091765837045, "tb": 0.007487376244864619, "tc": -0.090384853766877, "td": 0.5218950760050679}}, {"target": 0.6265025728836525, "params": {"ta": -0.08117278036160214, "tb": -0.7278707510936846, "tc": -0.23890541765921858, "td": 0.1171178811606497}}, {"target": 0.6810663412415928, "params": {"ta": 0.11962112525757262, "tb": -0.30495960030988345, "tc": -0.48083755401578476, "td": -0.20980294201394667}}, {"target": 0.6284844854309987, "params": {"ta": 0.761293082387352, "tb": -0.3692765358279465, "tc": -0.6858853860430552, "td": 0.6587637634573439}}, {"target": 0.6086224340707674, "params": {"ta": -0.22463028590479273, "tb": -0.531991308020673, "tc": -0.5918494743877672, "td": 0.37204894196393}}, {"target": 0.7298656075220845, "params": {"ta": 0.335164476605357, "tb": 0.1112257732801919, "tc": -0.4147266383104534, "td": 0.41424035306631524}}, {"target": 0.826025018426749, "params": {"ta": 0.46207822869350057, "tb": -0.7664815886761065, "tc": -0.36520254381212247, "td": 0.41396798186603234}}, {"target": 0.3994068154403711, "params": {"ta": 0.6366799148927462, "tb": 0.06812622141333646, "tc": -0.12107292644197842, "td": 0.5843600989973684}}, {"target": 0.9883853207331422, "params": {"ta": 0.2087287157471155, "tb": -0.19745302495411876, "tc": -0.27061115930153445, "td": 0.11905653984450315}}, {"target": 0.7791004495688226, "params": {"ta": 0.121207734155651, "tb": -0.45221966654958234, "tc": -0.5649326744218579, "td": 0.09616350003214569}}, {"target": 0.8397954142519829, "params": {"ta": 0.14629535041010133, "tb": -0.4421200320414249, "tc": -0.6342392238067196, "td": 0.36230387206122816}}, {"target": 0.7013958815476082, "params": {"ta": 0.276474648803799, "tb": 0.11949488611212289, "tc": 0.14054287983038083, "td": 0.19673450842637685}}, {"target": 0.7029620734619932, "params": {"ta": 0.2610637892876537, "tb": -0.6436097671332105, "tc": -0.436666591608427, "td": -0.008943406645121055}}, {"target": 0.9771068522335858, "params": {"ta": 0.270137493740938, "tb": -0.3135279266030465, "tc": -0.27634724113199827, "td": 0.41010724524644593}}, {"target": 0.9348778180251238, "params": {"ta": 0.16311816814279279, "tb": -0.2889865535293067, "tc": 0.021042964327096514, "td": 0.23795089594866325}}, {"target": 0.8693398545536118, "params": {"ta": 0.5281997309057566, "tb": -0.2744951458672049, "tc": -0.37734283530088997, "td": -0.18355495299277447}}, {"target": 0.22882765618179068, "params": {"ta": 0.679735262288128, "tb": 0.18705260096320186, "tc": 0.012706786390278668, "td": 0.561990542187811}}, {"target": 0.842908784502333, "params": {"ta": 0.4229205215079801, "tb": -0.18868269811602822, "tc": -0.08381746999402884, "td": -0.0719270044317335}}, {"target": 0.9234772981929669, "params": {"ta": 0.41783119968977944, "tb": 0.07274525896754525, "tc": -0.5654252830810756, "td": -0.005738110489143966}}, {"target": 0.8073608938241905, "params": {"ta": 0.3649471064189086, "tb": -0.2354444005793057, "tc": -0.7946252938922733, "td": -0.049827866079445116}}, {"target": 0.8580620071702376, "params": {"ta": 0.3906190050507903, "tb": -0.04972949789563352, "tc": -0.3436492844786251, "td": 0.38542818924232514}}, {"target": 0.91141561962778, "params": {"ta": 0.2831798996138696, "tb": -0.7820579436320109, "tc": -0.049591328804147294, "td": 0.7049914662965677}}, {"target": 0.6029080088885549, "params": {"ta": -0.04325822993122208, "tb": -0.526718929791586, "tc": -0.04567762593660618, "td": -0.12767234533650595}}, {"target": 0.727275276886786, "params": {"ta": 0.4076326862302637, "tb": -0.3463911423165603, "tc": 0.017687318102576843, "td": 0.5949082652982869}}, {"target": 0.9119948020845108, "params": {"ta": 0.1596886135152802, "tb": -0.23072854653192232, "tc": 0.04346346009408941, "td": 0.32216874232279513}}, {"target": 0.821033585743415, "params": {"ta": 0.7035231332766039, "tb": -0.3322442763551997, "tc": -0.4069124587772045, "td": -0.19071276710337193}}, {"target": 0.6039281200791465, "params": {"ta": 0.7646260805704906, "tb": 0.020667715119107033, "tc": -0.20499689629237305, "td": 0.25865106103541957}}, {"target": 0.43698840168837516, "params": {"ta": -0.10959926282785681, "tb": -0.12491337856058538, "tc": -0.7906138623346325, "td": 0.29418183945574605}}, {"target": 0.4271521638673492, "params": {"ta": -0.12606639898695993, "tb": -0.6322887610679978, "tc": 0.018326461768753077, "td": -0.1842220513196119}}, {"target": 0.973906005139261, "params": {"ta": 0.2087642474168051, "tb": -0.13466370562378682, "tc": -0.35937047297195224, "td": 0.15203387531108792}}, {"target": 0.810832798246924, "params": {"ta": 0.683643691287611, "tb": -0.6070401177872325, "tc": -0.5064638378495706, "td": 0.08268599716335301}}, {"target": 0.9771244580034577, "params": {"ta": -0.23512740908874386, "tb": 0.18720553821033603, "tc": 0.15343521615219036, "td": -0.18655778996014502}}, {"target": 0.8210274358038165, "params": {"ta": -0.23512740908874386, "tb": -0.812794461789664, "tc": 0.18720553821033603, "td": 0.7648725909112561}}, {"target": 0.8210274358038159, "params": {"ta": 0.7648725909112561, "tb": 0.18720553821033603, "tc": -0.812794461789664, "td": -0.23512740908874386}}, {"target": 0.9506087460071488, "params": {"ta": -0.23512740908874386, "tb": 0.020877996195371742, "tc": 0.13087558873786412, "td": 0.1046396939834659}}, {"target": 0.9877512643203912, "params": {"ta": 0.008020869559865836, "tb": -0.812794461789664, "tc": -0.27575961100358853, "td": 0.7648725909112561}}, {"target": 0.9442259590860881, "params": {"ta": -0.03105570814705674, "tb": 0.18720553821033603, "tc": -0.09249213855842581, "td": -0.173244355082653}}, {"target": 0.9987902926224236, "params": {"ta": 0.09504382206116994, "tb": -0.6089065748917735, "tc": -0.21984438017260535, "td": 0.5765123465442793}}, {"target": 0.9997303789220102, "params": {"ta": 0.5099364833283252, "tb": -0.2200807224289822, "tc": -0.5251304712908047, "td": 0.10781939141185115}}, {"target": 0.978903100980263, "params": {"ta": 0.044345021163629275, "tb": -0.812794461789664, "tc": -0.1490592700037206, "td": 0.6627843407224304}}, {"target": 0.9916776629248667, "params": {"ta": 0.014605193062861484, "tb": -0.6789828788903067, "tc": -0.14965496958743518, "td": 0.7648725909112561}}, {"target": 0.9951173403001937, "params": {"ta": 0.3662575503884067, "tb": -0.3377415955713411, "tc": -0.4125891439364933, "td": 0.21739422754010865}}, {"target": 0.9969796554580624, "params": {"ta": 0.0929777110540873, "tb": -0.41888625762723664, "tc": -0.187211392596653, "td": 0.3899884282880164}}, {"target": 0.9983401051428373, "params": {"ta": 0.7605674338226738, "tb": -0.18088390003333768, "tc": -0.7558735531429104, "td": 0.048697918988979016}}, {"target": 0.9953140881399243, "params": {"ta": 0.6639067070103983, "tb": -0.11933001976752836, "tc": -0.6360525822839973, "td": 0.021126982010909658}}, {"target": 0.9911549630245987, "params": {"ta": 0.6461100410674692, "tb": -0.24454314566060967, "tc": -0.6954404889619688, "td": 0.12130542055577799}}, {"target": 0.9674845533569537, "params": {"ta": -0.013747713614486798, "tb": -0.05361859233670735, "tc": -0.051559753759730945, "td": 0.055150785992034414}}, {"target": 0.995833831225962, "params": {"ta": 0.20910900723807205, "tb": -0.4731579916401282, "tc": -0.2769458917649902, "td": 0.38808532669918494}}, {"target": 0.9956917867819759, "params": {"ta": 0.3964700873376527, "tb": -0.16498813778229335, "tc": -0.39783637803308425, "td": 0.08602563744139029}}, {"target": 0.9991760642376643, "params": {"ta": 0.20956477307477528, "tb": -0.31729578150639587, "tc": -0.25837859777947514, "td": 0.275966337239423}}, {"target": 0.9882088386469889, "params": {"ta": 0.7648725909112561, "tb": -0.2410187608984571, "tc": -0.812794461789664, "td": -0.06652547103810162}}, {"target": 0.9650910769164072, "params": {"ta": -0.23512740908874386, "tb": 0.18720553821033603, "tc": 0.18720553821033603, "td": -0.01796445310989103}}, {"target": 0.9914474922090707, "params": {"ta": 0.7648725909112561, "tb": -0.22863595477634877, "tc": -0.6919789113581217, "td": -0.003060013394959569}}, {"target": 0.9960152478796371, "params": {"ta": 0.052408794013497746, "tb": -0.5660721855492205, "tc": -0.12442345688564813, "td": 0.5518093511128311}}, {"target": 0.995360019793628, "params": {"ta": -0.006765375872187105, "tb": -0.6597432841943037, "tc": -0.21541409589409022, "td": 0.6638326313012436}}, {"target": 0.9895162170182423, "params": {"ta": -0.08378022384366318, "tb": -0.812794461789664, "tc": -0.18588435009861812, "td": 0.7648725909112561}}, {"target": 0.9989650775482967, "params": {"ta": 0.11226583758211692, "tb": -0.4902262005398679, "tc": -0.21929798395135602, "td": 0.5004487181558472}}, {"target": 0.9974896179524908, "params": {"ta": 0.653772496811455, "tb": -0.21176830642441924, "tc": -0.6832543876947805, "td": 0.01922221625121301}}, {"target": 0.9996876428356033, "params": {"ta": 0.3113407457390993, "tb": -0.25555717391260907, "tc": -0.3474587702158313, "td": 0.19677786665017122}}, {"target": 0.9987233385663594, "params": {"ta": 0.5556961356376549, "tb": -0.15408955077282943, "tc": -0.5708076075659879, "td": 0.06893095782649807}}, {"target": 0.9982734399018334, "params": {"ta": 0.4126226367539044, "tb": -0.22698210406695524, "tc": -0.4756004610357127, "td": 0.17229376334566296}}, {"target": 0.9974487396327557, "params": {"ta": 0.14653576123822165, "tb": -0.49520400388866553, "tc": -0.1802451620767588, "td": 0.45427622115713484}}, {"target": 0.9988044021722282, "params": {"ta": 0.2635706668880251, "tb": -0.34595824991448265, "tc": -0.3388536060917252, "td": 0.300876407993995}}, {"target": 0.9979909942586205, "params": {"ta": 0.7648725909112561, "tb": -0.14780605018518808, "tc": -0.7674126896789737, "td": -0.029517127698430155}}, {"target": 0.9991684226927443, "params": {"ta": 0.0689306571672244, "tb": -0.6555571710546625, "tc": -0.16943473513610482, "td": 0.6542158103442856}}, {"target": 0.9998600473259335, "params": {"ta": 0.1729056682030682, "tb": -0.3941421504886534, "tc": -0.24705672097105885, "td": 0.3731920168716436}}, {"target": 0.9994872675311441, "params": {"ta": 0.027332777600059997, "tb": -0.775875308633682, "tc": -0.17821714210266176, "td": 0.7648725909112561}}, {"target": 0.9977073897718811, "params": {"ta": 0.7648725909112561, "tb": -0.18273936749660089, "tc": -0.812794461789664, "td": 0.014589949047116187}}, {"target": 0.9996709138602519, "params": {"ta": 0.014546016552271678, "tb": -0.7318257472909284, "tc": -0.19111382224025383, "td": 0.7222139435529371}}, {"target": 0.9992534768099953, "params": {"ta": 0.7065636606899744, "tb": -0.1698557338956846, "tc": -0.7372937551017928, "td": 0.021396636963278023}}, {"target": 0.9992713561209752, "params": {"ta": 0.6227693481161695, "tb": -0.19090265658591082, "tc": -0.6186990966891263, "td": 0.0817008728073095}}, {"target": 0.9985300805144134, "params": {"ta": 0.07990782685253886, "tb": -0.541369285766819, "tc": -0.20058139389808527, "td": 0.4958420014620703}}, {"target": 0.9993659392536255, "params": {"ta": 0.4233237114901029, "tb": -0.23772988465379802, "tc": -0.42607103115706163, "td": 0.15080466898422204}}, {"target": 0.9994909577120911, "params": {"ta": 0.06717747354827051, "tb": -0.5731117985929374, "tc": -0.18588775193425566, "td": 0.5819373540831678}}, {"target": 0.9990579059463672, "params": {"ta": 0.4789295085467358, "tb": -0.18229620081041967, "tc": -0.4874547947857347, "td": 0.11915362118293425}}, {"target": 0.9989986400682085, "params": {"ta": 0.2447234027322867, "tb": -0.36661536276884726, "tc": -0.2730364938100073, "td": 0.3092353511296924}}, {"target": 0.9999172028358404, "params": {"ta": 0.14145650810708968, "tb": -0.4569839302744679, "tc": -0.23188254303007563, "td": 0.42951903348188986}}, {"target": 0.9998819719305398, "params": {"ta": 0.27671761337165107, "tb": -0.29688430776540803, "tc": -0.31245632560278697, "td": 0.24958969924341806}}, {"target": 0.9992848345381251, "params": {"ta": 0.6233946009371863, "tb": -0.1705762832122575, "tc": -0.6562592249192476, "td": 0.05985146164033423}}, {"target": 0.9989721865146085, "params": {"ta": 0.5389717238964428, "tb": -0.20349616598113682, "tc": -0.5683504638025684, "td": 0.12262437961783895}}, {"target": 0.9989631026337129, "params": {"ta": -0.0009244063719223174, "tb": -0.7488403086883147, "tc": -0.2006829939409774, "td": 0.7648725909112561}}, {"target": 0.9999478837113078, "params": {"ta": 0.36211361066543474, "tb": -0.2502484658075238, "tc": -0.4015271459206267, "td": 0.1870758310370311}}, {"target": 0.998251386093211, "params": {"ta": 0.061394328482754515, "tb": -0.7050883100379408, "tc": -0.20571055049624104, "td": 0.7071368274334764}}, {"target": 0.999640549105974, "params": {"ta": 0.10892386361332883, "tb": -0.5563969862292162, "tc": -0.19325584201126458, "td": 0.5357685023253409}}, {"target": 0.999576567147713, "params": {"ta": 0.04999762980430869, "tb": -0.6335151851158661, "tc": -0.17858227383540512, "td": 0.6065736552999692}}, {"target": 0.9997400296717411, "params": {"ta": 0.7648725909112561, "tb": -0.18972548541668827, "tc": -0.7638000683268388, "td": 0.0011478508623081465}}, {"target": 0.9994520289376448, "params": {"ta": 0.43768468980309505, "tb": -0.21546816587375295, "tc": -0.472786015155622, "td": 0.11515891425795317}}, {"target": 0.9997592736319535, "params": {"ta": 0.5773523509997183, "tb": -0.19799994190127684, "tc": -0.5925529356855105, "td": 0.06483801425398897}}, {"target": 0.999837684034834, "params": {"ta": 0.21034235811170404, "tb": -0.3608750835203473, "tc": -0.28238688791753985, "td": 0.3269684484567903}}, {"target": 0.9998967039133951, "params": {"ta": 0.6862882636755334, "tb": -0.1787735968821377, "tc": -0.6833243925287378, "td": 0.03909364903731926}}, {"target": 0.9998297675000957, "params": {"ta": 0.31956165659962166, "tb": -0.2872444125752407, "tc": -0.3638111025778352, "td": 0.23404307105283378}}, {"target": 0.9999331069993839, "params": {"ta": 0.03015300110348747, "tb": -0.6869636408294154, "tc": -0.17237632778733575, "td": 0.6797248926798732}}, {"target": 0.9994236256694022, "params": {"ta": 0.17798576845965494, "tb": -0.3721854313051764, "tc": -0.22871528605009708, "td": 0.338653813477312}}, {"target": 0.9996763578139665, "params": {"ta": 0.46508014725360763, "tb": -0.23319403737219288, "tc": -0.4874552758051856, "td": 0.14396855581378598}}, {"target": 0.9997340149912208, "params": {"ta": -0.002144895357353621, "tb": -0.7672113743506677, "tc": -0.1613550300774908, "td": 0.7648725909112561}}, {"target": 0.9994465469817265, "params": {"ta": 0.0998366279974807, "tb": -0.4858986866539623, "tc": -0.18718889086635063, "td": 0.4754150020556555}}, {"target": 0.9997934523462746, "params": {"ta": 0.1301202709562686, "tb": -0.5066460846427383, "tc": -0.22336087893659357, "td": 0.47704307852625627}}, {"target": 0.9998750058091219, "params": {"ta": 0.1630980625967652, "tb": -0.4285465911527733, "tc": -0.22622155937070831, "td": 0.4020423834753654}}, {"target": 0.9996092345139668, "params": {"ta": 0.27453926083536656, "tb": -0.3057295491613217, "tc": -0.3312585595514503, "td": 0.23916377059764904}}, {"target": 0.9997704074335726, "params": {"ta": 0.38482842974132137, "tb": -0.22126329797691685, "tc": -0.4151666301551699, "td": 0.1540404241270843}}, {"target": 0.9997595827178091, "params": {"ta": 0.6301752841065574, "tb": -0.17869608296922232, "tc": -0.6322325945448699, "td": 0.0406655810335825}}, {"target": 0.9998861467086129, "params": {"ta": 0.05202572923009571, "tb": -0.6455539878302095, "tc": -0.1911896667237955, "td": 0.6422625071086886}}, {"target": 0.9999210698520694, "params": {"ta": 0.2437925792696552, "tb": -0.32229182765693276, "tc": -0.2968717135901983, "td": 0.2872103821090403}}, {"target": 0.9998964928136257, "params": {"ta": 0.5392994857374865, "tb": -0.1936637419725645, "tc": -0.5460371120798758, "td": 0.08657380370697418}}, {"target": 0.9999245947743369, "params": {"ta": 0.021954998616155196, "tb": -0.7360155403190981, "tc": -0.1684323873618997, "td": 0.7324018057783792}}, {"target": 0.9999008466703058, "params": {"ta": 0.7362036703932635, "tb": -0.17210111871423792, "tc": -0.7311972383037054, "td": 0.011881098869086481}}, {"target": 0.9998382129320553, "params": {"ta": 0.4987935204318045, "tb": -0.19768854109216455, "tc": -0.5284488379220397, "td": 0.10130409269712211}}, {"target": 0.9998216524322671, "params": {"ta": 0.346666640310754, "tb": -0.26673693319922587, "tc": -0.37180320960612606, "td": 0.19351971123130338}}, {"target": 0.9998922540575547, "params": {"ta": 0.19854075126084794, "tb": -0.3983812648749812, "tc": -0.2637967607027772, "td": 0.36108758976490835}}, {"target": 0.9999314331255428, "params": {"ta": 0.07721592899492744, "tb": -0.5943429032594124, "tc": -0.1843822231187792, "td": 0.575597276310831}}, {"target": 0.9998564431377467, "params": {"ta": 0.393075700649901, "tb": -0.24920934866249098, "tc": -0.42838335411067374, "td": 0.16597155573606048}}, {"target": 0.9998315394822886, "params": {"ta": 0.7648725909112561, "tb": -0.1632364315022935, "tc": -0.7630726624