{"all": [{"target": 0.6698095120580645, "params": {"ta": 0.7861016619148966, "tb": -0.18753658425220354, "tc": -0.4659588271554329, "td": 0.23020766145047494}}, {"target": 0.6065236543445199, "params": {"ta": 0.8083569434501952, "tb": -0.9001048796543651, "tc": -0.6186500632659911, "td": 0.04881238590809561}}, {"target": 0.6191051292462348, "params": {"ta": 0.11110878942832841, "tb": -0.21997071529254586, "tc": -0.03008790463751232, "td": 0.6022287383660765}}, {"target": 0.6401810600680379, "params": {"ta": 0.7734859629838597, "tb": -0.10175377110658723, "tc": -0.3816755920768128, "td": 0.09349432001310093}}, {"target": 0.5677181532405091, "params": {"ta": 0.4211562768223119, "tb": -0.2396830059527313, "tc": -0.7816684816952338, "td": 0.7603014893922573}}, {"target": 0.7055673800076231, "params": {"ta": 0.6611003444711996, "tb": -0.3334909789552185, "tc": -0.3189503437325282, "td": 0.19499538294631585}}, {"target": 0.7331924703263566, "params": {"ta": 0.37356173132150144, "tb": -0.32915684900484243, "tc": -0.16385207464351814, "td": 0.3034867057498127}}, {"target": 0.6952710118143901, "params": {"ta": 0.24705150687145133, "tb": -0.595070752555674, "tc": -0.04425550166047054, "td": 0.3359225459798794}}, {"target": 0.43481936093365564, "params": {"ta": -0.028877113589752035, "tb": -0.30215682157478185, "tc": -0.9916128684966151, "td": 0.5182988607939576}}, {"target": 0.74776666289159, "params": {"ta": 0.31496900084429463, "tb": -0.6649394904249782, "tc": -0.7482826105742268, "td": 0.5666840392036365}}, {"target": 0.5311022505143566, "params": {"ta": 0.3282354323685132, "tb": -0.21038555859086971, "tc": -0.7312937609689798, "td": 0.8273125039913645}}, {"target": 0.6917484724871744, "params": {"ta": -0.05389245614381516, "tb": -0.5982245601673088, "tc": -0.7667460541885874, "td": 0.7659630934273756}}, {"target": 0.6029187704001057, "params": {"ta": 0.1432054983540913, "tb": -0.9702450103593988, "tc": -0.777712545619467, "td": 0.4348208238189601}}, {"target": 0.6300752459892389, "params": {"ta": 0.4494744971848366, "tb": -0.9962119532126463, "tc": -0.5659418596920047, "td": 0.6332339614201061}}, {"target": 0.8100116768069736, "params": {"ta": 0.2524449534999352, "tb": -0.6633370225369212, "tc": -0.5018275504211288, "td": 0.3601158654801874}}, {"target": 0.7735943738986882, "params": {"ta": 0.3591065369262812, "tb": -0.7411702927344909, "tc": -0.6190143522369765, "td": 0.5406550807909156}}, {"target": 0.5132211434496958, "params": {"ta": 0.7605083703638611, "tb": -0.17104680192326938, "tc": -0.19308301999717303, "td": 0.19975252832956697}}, {"target": 0.6004318332081144, "params": {"ta": 0.6144869485890967, "tb": -0.6526035686686371, "tc": -0.7080301896838526, "td": 0.6761140185783776}}, {"target": 0.5511755787622079, "params": {"ta": 0.6995976327767846, "tb": -0.46158812572551133, "tc": -0.7411127818796625, "td": 0.6938428163394739}}, {"target": 0.47810928415032283, "params": {"ta": 0.7833370838635989, "tb": -0.8787773167085653, "tc": -0.4620170817721415, "td": 0.6304306134810544}}, {"target": 0.7672706380793488, "params": {"ta": 0.24742334770025304, "tb": -0.6936482579089356, "tc": -0.709452924189034, "td": 0.5259386906810148}}, {"target": 0.6933552716609934, "params": {"ta": 0.12103969212885107, "tb": -0.2902974966165467, "tc": -0.16062700091549975, "td": 0.6300167100411824}}, {"target": 0.25212125887065717, "params": {"ta": -0.08481318228327533, "tb": -0.22369101313486084, "tc": -0.8713821021243379, "td": -0.10534000034189978}}, {"target": 0.7964965313826247, "params": {"ta": 0.4392196927965499, "tb": -0.5812096523870905, "tc": -0.5310875979683823, "td": 0.5178294297462445}}, {"target": 0.708342309213582, "params": {"ta": 0.44480570525296476, "tb": -0.8918227132809303, "tc": -0.45327535813003117, "td": 0.5728370483191298}}, {"target": 0.6868435891627842, "params": {"ta": -0.12973711920515524, "tb": -0.19501099816734035, "tc": -0.24141644506964843, "td": 0.15039987256933557}}, {"target": 0.4106791204441546, "params": {"ta": 0.3748327383825332, "tb": -0.20421324963838716, "tc": -0.052578636389713385, "td": 0.7494527584525736}}, {"target": 0.7411446148917115, "params": {"ta": 0.4843987572079444, "tb": -0.4871533031554993, "tc": -0.46402891366487997, "td": 0.5828700293837996}}, {"target": 0.3640615874219337, "params": {"ta": 0.805705844231605, "tb": -0.30078080838300614, "tc": -0.5051582470015114, "td": 0.7790558646390859}}, {"target": 0.4387152637832792, "params": {"ta": 0.013234160118531013, "tb": -0.1460762384931481, "tc": -0.9231642731831137, "td": 0.46355867939806444}}, {"target": 0.4826846421022346, "params": {"ta": 0.6233719663268191, "tb": -0.9149259367761906, "tc": -1.0036700489311436, "td": 0.4351466960090637}}, {"target": 0.7049558076802539, "params": {"ta": -0.05769998622816258, "tb": -0.3285037429639046, "tc": -0.4247059073569718, "td": 0.7325307548372344}}, {"target": 0.5673630459927588, "params": {"ta": 0.538929589124727, "tb": -0.7853427804835764, "tc": -0.19635573268558915, "td": 0.10198066712979176}}, {"target": 0.5782898621731233, "params": {"ta": 0.5189070288054625, "tb": -0.849609318537664, "tc": -0.5853246583967868, "td": -0.07457736362798867}}, {"target": 0.6019120020264309, "params": {"ta": 0.816411524645418, "tb": -0.47937933109789765, "tc": -0.8882717849476929, "td": 0.5199195359369309}}, {"target": 0.4844265688536319, "params": {"ta": 0.7372206506855232, "tb": -0.8059924326330438, "tc": -0.6647469874475724, "td": 0.6756173777036725}}, {"target": 0.5238205497503643, "params": {"ta": 0.08814555731539059, "tb": -0.29605765179951815, "tc": -0.9491465364492053, "td": 0.6540790408180948}}, {"target": 0.40090757096851193, "params": {"ta": 0.8021337172586931, "tb": -0.5109176452397785, "tc": -0.5077255892903191, "td": 0.7809441787093454}}, {"target": 0.44707769016455245, "params": {"ta": 0.7004972329385026, "tb": -0.576730782014519, "tc": -0.03949165963777401, "td": -0.04511486011603566}}, {"target": 0.7758151348559552, "params": {"ta": 0.5529364904753671, "tb": -0.11893209400933702, "tc": -0.5269823742903342, "td": -0.0416083653318115}}, {"target": 0.5951266997002708, "params": {"ta": 0.594574836177151, "tb": -0.5767435443623463, "tc": -0.6208215453746189, "td": 0.7338382663372425}}, {"target": 0.6061574493925505, "params": {"ta": 0.2605480920657061, "tb": -0.6772610249339635, "tc": -0.36970654115841817, "td": -0.009960902063028187}}, {"target": 0.5640555782527302, "params": {"ta": 0.6566455555777575, "tb": -0.6985902199491528, "tc": -0.15165840366394723, "td": 0.16807835329887683}}, {"target": 0.7665631631835768, "params": {"ta": 0.24636080654392606, "tb": -0.38992602630292994, "tc": -0.6984848188805912, "td": 0.2568649475052182}}, {"target": 0.5006691459233414, "params": {"ta": 0.676250144781015, "tb": -0.41985164226470406, "tc": -0.11612350917052627, "td": 0.46599158720066775}}, {"target": 0.40149107629893316, "params": {"ta": 0.38844930063334854, "tb": -0.8720646608028463, "tc": -0.17681914316600167, "td": -0.06463731499896846}}, {"target": 0.7687070135425405, "params": {"ta": 0.784330066122054, "tb": -0.24612843756853298, "tc": -0.6172605437925927, "td": 0.18954159698296252}}, {"target": 0.6103773422975579, "params": {"ta": 0.3819724209918826, "tb": -0.944343693661889, "tc": -0.33271415862521436, "td": 0.26184453634301436}}, {"target": 0.6324156869655756, "params": {"ta": 0.6945983733018561, "tb": -0.7975781872895654, "tc": -0.35696840033566746, "td": 0.3082970183550157}}, {"target": 0.7460488702572146, "params": {"ta": 0.5287104466657866, "tb": -0.3334028851685621, "tc": -0.416987493637322, "td": -0.13055138617028555}}, {"target": 0.7336603302346169, "params": {"ta": 0.16892302162337863, "tb": -0.024186206921355202, "tc": -0.19270257561723902, "td": 0.12306869522443892}}, {"target": 0.7866601762041499, "params": {"ta": 0.2216874641615207, "tb": -0.8970809215362231, "tc": -0.3946650255429056, "td": 0.7468676109359935}}, {"target": 0.7548853977439305, "params": {"ta": 0.4442916192615008, "tb": -0.10973922053673979, "tc": -0.36331884132899683, "td": 0.15635104501922076}}, {"target": 0.7100586967901374, "params": {"ta": 0.18822790772412962, "tb": -0.4461478154409554, "tc": -0.04112375189864825, "td": 0.22527635271221386}}, {"target": 0.4695214463341311, "params": {"ta": 0.529576897724299, "tb": -0.09568673661340132, "tc": -0.9131539898718832, "td": 0.7873934427975269}}, {"target": 0.6878891085385809, "params": {"ta": 0.8371115117565631, "tb": -0.7551312796971806, "tc": -0.6100447118414003, "td": 0.05244630644295384}}, {"target": 0.6945967189693144, "params": {"ta": 0.11964728009318065, "tb": -0.2360204693232174, "tc": -0.12275419941473231, "td": 0.5374413820088988}}, {"target": 0.3733832785297312, "params": {"ta": 0.10889747909224151, "tb": -0.9076891204273134, "tc": -0.9718810918792319, "td": 0.07171078358207988}}, {"target": 0.44688017467024815, "params": {"ta": 0.2838029344758341, "tb": -0.02248128788195458, "tc": -0.68658614719851, "td": 0.793547160290718}}, {"target": 0.7349017251488595, "params": {"ta": 0.2372273196064793, "tb": -0.39230535574347625, "tc": -0.1605953191509223, "td": 0.09714672185295342}}, {"target": 0.7185257966912528, "params": {"ta": 0.0807003728428683, "tb": -0.17093534182555015, "tc": -0.5023223620057086, "td": 0.2940327644900664}}, {"target": 0.7268453623272333, "params": {"ta": 0.29475996213083105, "tb": -0.7250942068298343, "tc": -0.7582438521666766, "td": 0.6006878038937602}}, {"target": 0.7596565832985602, "params": {"ta": 0.557370918373782, "tb": -0.5902442386253814, "tc": -0.8819768935074852, "td": 0.09935530444928103}}, {"target": 0.5127813748366441, "params": {"ta": 0.39174509208362845, "tb": -0.11211981982718044, "tc": -0.18198681911720427, "td": 0.5900703956711171}}, {"target": 0.8086610481089295, "params": {"ta": 0.851365821195581, "tb": -0.2799002694165496, "tc": -0.9822889938497564, "td": -0.14863417880441893}}, {"target": 0.7931855050623979, "params": {"ta": -0.14863417880441893, "tb": -0.9245319941591995, "tc": -0.18197918370827754, "td": 0.851365821195581}}, {"target": 0.8332840190299183, "params": {"ta": -0.0014468623810081796, "tb": -0.681989456594984, "tc": -0.343541265247563, "td": 0.6177085395369383}}, {"target": 0.8427021717995671, "params": {"ta": 0.5219732396910761, "tb": -0.4028800559850827, "tc": -0.6090176859694599, "td": 0.16484640479888552}}, {"target": 0.8365897235270119, "params": {"ta": 0.7489472161813017, "tb": -0.3758957269958363, "tc": -0.7582473670006947, "td": -0.058768612935225076}}, {"target": 0.8409854375801014, "params": {"ta": 0.19601291299176837, "tb": -0.49832678453092083, "tc": -0.4160064610728857, "td": 0.4689893104529259}}, {"target": 0.8130230255048376, "params": {"ta": -0.14863417880441893, "tb": -0.9608907801184892, "tc": -0.48080508866294, "td": 0.851365821195581}}, {"target": 0.8390853821184854, "params": {"ta": -0.045686920842672646, "tb": -0.7517772517622724, "tc": -0.38906029197067254, "td": 0.851365821195581}}, {"target": 0.8414277905860771, "params": {"ta": 0.3550762588474524, "tb": -0.41678638473336094, "tc": -0.4767906969558462, "td": 0.29833667451084034}}, {"target": 0.8259112540625753, "params": {"ta": 0.6769156481556162, "tb": -0.2900497083862836, "tc": -0.8435854690900427, "td": 0.07332341555609852}}, {"target": 0.8395580544409209, "params": {"ta": 0.13731793074487167, "tb": -0.6645290906794047, "tc": -0.4317082699920604, "td": 0.648595669628241}}, {"target": 0.835599760076371, "params": {"ta": -0.02295328793470527, "tb": -0.8083758073189238, "tc": -0.41866068727595174, "td": 0.7402852796630597}}, {"target": 0.8417211452732833, "params": {"ta": 0.6718266296723594, "tb": -0.41398725763588556, "tc": -0.7127572367887448, "td": 0.09229618532210107}}, {"target": 0.8328631807835467, "params": {"ta": 0.8429485165753838, "tb": -0.44935261335744303, "tc": -0.9287573255329006, "td": -0.07119958842573576}}, {"target": 0.8370425718483533, "params": {"ta": 0.8298277330801738, "tb": -0.33291806848817795, "tc": -0.7717535823880046, "td": 0.01044450180272044}}, {"target": 0.8315378567779967, "params": {"ta": -0.14863417880441893, "tb": -0.7492150463519339, "tc": -0.36636118115270166, "td": 0.8293055399977971}}, {"target": 0.839648406269641, "params": {"ta": 0.4629813034429525, "tb": -0.4303430856992291, "tc": -0.6114620980779537, "td": 0.2898851286037488}}, {"target": 0.8400663791925957, "params": {"ta": 0.19339352099160678, "tb": -0.6191291838268721, "tc": -0.3738341078465547, "td": 0.5240565432601607}}, {"target": 0.8405865070741525, "params": {"ta": 0.7840525287850602, "tb": -0.4042910104872932, "tc": -0.8398942122397286, "td": 0.028042032383215152}}, {"target": 0.8405079964178832, "params": {"ta": 0.03427465242353592, "tb": -0.724824610872179, "tc": -0.32174826589781064, "td": 0.7420922050710513}}, {"target": 0.8425429760621633, "params": {"ta": 0.2998482706795236, "tb": -0.5050909558506624, "tc": -0.4888620270884293, "td": 0.4088701267090433}}, {"target": 0.8383751123135903, "params": {"ta": 0.851365821195581, "tb": -0.4076115200625389, "tc": -0.8189865162070669, "td": -0.10382623671413711}}, {"target": 0.8406524792727976, "params": {"ta": 0.4333294329161467, "tb": -0.4773704729247804, "tc": -0.5378424400613947, "td": 0.2542643060764034}}, {"target": 0.8414894931588565, "params": {"ta": 0.607668797878078, "tb": -0.3383956030182008, "tc": -0.6759111956893878, "td": 0.09750816043016929}}, {"target": 0.840040593469245, "params": {"ta": 0.2636663079979039, "tb": -0.4957909614777992, "tc": -0.39951764927118916, "td": 0.3808185823188702}}, {"target": 0.8415418927531062, "params": {"ta": 0.012950245446233114, "tb": -0.6943239164194859, "tc": -0.39321226151485383, "td": 0.7344934414046812}}, {"target": 0.8415816946229238, "params": {"ta": 0.44631715583746095, "tb": -0.37522653745077467, "tc": -0.5523071048876539, "td": 0.21691001928119835}}, {"target": 0.8421145800898044, "params": {"ta": 0.21415468621317788, "tb": -0.5802059515860387, "tc": -0.4548444249048777, "td": 0.5027483937750024}}, {"target": 0.8429640996719707, "params": {"ta": 0.851365821195581, "tb": -0.36434636629247985, "tc": -0.8668138328056375, "td": -0.03483037826998129}}, {"target": 0.8423718200954026, "params": {"ta": 0.11308171054055224, "tb": -0.5971863379630926, "tc": -0.3805603483409337, "td": 0.5846262986666203}}, {"target": 0.8418465460415732, "params": {"ta": 0.5851772340521636, "tb": -0.3875849091471291, "tc": -0.690091866197403, "td": 0.16623566806046206}}, {"target": 0.842776223630873, "params": {"ta": 0.07859546076289965, "tb": -0.6989052538834989, "tc": -0.3728757739819063, "td": 0.6629783121050948}}, {"target": 0.8427836402023282, "params": {"ta": -0.04855569640873599, "tb": -0.8371291343533872, "tc": -0.3625029508871712, "td": 0.851365821195581}}, {"target": 0.8411122017415982, "params": {"ta": 0.851365821195581, "tb": -0.412156013254662, "tc": -0.8314785585282115, "td": -0.023579477743848814}}, {"target": 0.8430290871484569, "params": {"ta": 0.7048359384367734, "tb": -0.3631931640502079, "tc": -0.7575247754393809, "td": 0.052271885105913386}}, {"target": 0.842999528727686, "params": {"ta": -0.026268634359600803, "tb": -0.7807392254687152, "tc": -0.3566847018197437, "td": 0.7942677738150458}}, {"target": 0.8427014636467184, "params": {"ta": 0.3641682684563607, "tb": -0.4605606450110482, "tc": -0.5338303738123779, "td": 0.3171184590168952}}, {"target": 0.8426049865743712, "params": {"ta": 0.8046211315982484, "tb": -0.36797073046405154, "tc": -0.833045184518385, "td": -0.033203157157164015}}, {"target": 0.8419058756446939, "params": {"ta": 0.031256713714685906, "tb": -0.7654574297429643, "tc": -0.38383651037292177, "td": 0.7743780336668363}}, {"target": 0.8423939884559852, "params": {"ta": 0.13333314178556074, "tb": -0.6223420018504099, "tc": -0.41591213799074805, "td": 0.5551086636638607}}, {"target": 0.841517703279076, "params": {"ta": 0.611654988359868, "tb": -0.39128232645774164, "tc": -0.7084429863481293, "td": 0.09193084319159715}}, {"target": 0.8422527428616147, "params": {"ta": 0.36893808665906697, "tb": -0.4744307368116075, "tc": -0.4893060569376791, "td": 0.3414293851442743}}, {"target": 0.8426155580991515, "params": {"ta": 0.595268487143616, "tb": -0.3897688331152582, "tc": -0.6412915707245269, "td": 0.1392428571034381}}, {"target": 0.8427855650752778, "params": {"ta": 0.18030544588237124, "tb": -0.5625022022875439, "tc": -0.40674400042559694, "td": 0.48873989555185166}}, {"target": 0.8428175372175346, "params": {"ta": 0.5000259217394424, "tb": -0.4089864222900081, "tc": -0.583874216559637, "td": 0.21965065716945228}}, {"target": 0.8430125305609962, "params": {"ta": 0.24917735952164863, "tb": -0.5364459089569457, "tc": -0.43517116110863563, "td": 0.4476651914629338}}, {"target": 0.843107804524124, "params": {"ta": 0.4173647376931605, "tb": -0.426757784824115, "tc": -0.5403575309172797, "td": 0.2768948149572297}}, {"target": 0.8429412099786453, "params": {"ta": 0.17233270579775592, "tb": -0.5823255910641352, "tc": -0.4088487931176886, "td": 0.5430122581162343}}, {"target": 0.8430469637987155, "params": {"ta": 0.07882313370254829, "tb": -0.6550487793009869, "tc": -0.38203352566971605, "td": 0.6468663064108373}}, {"target": 0.8429825197220926, "params": {"ta": 0.2982531380858336, "tb": -0.4787783248061023, "tc": -0.4740806771939416, "td": 0.3634656595926224}}, {"target": 0.8430574009827823, "params": {"ta": 0.6594262009797849, "tb": -0.36783345576262644, "tc": -0.7131300704381482, "td": 0.09823267765758047}}, {"target": 0.842902978334503, "params": {"ta": 0.45833652095390603, "tb": -0.41967300080927417, "tc": -0.5869761032257037, "td": 0.22851284073912054}}, {"target": 0.8420358316610085, "params": {"ta": -0.044395488123631165, "tb": -0.8018191378333736, "tc": -0.3395182761261931, "td": 0.851365821195581}}, {"target": 0.8428281851074109, "params": {"ta": 0.5333508450269994, "tb": -0.3755842952112681, "tc": -0.6277060823198825, "td": 0.17874150041692713}}, {"target": 0.8429488805991824, "params": {"ta": -0.07417533632975075, "tb": -0.8184412410876565, "tc": -0.3776197198220548, "td": 0.851365821195581}}, {"target": 0.8431408052521903, "params": {"ta": 0.024475097691036167, "tb": -0.7293029790678244, "tc": -0.3697775350858091, "td": 0.7223714150507269}}, {"target": 0.8431704294430449, "params": {"ta": 0.757292352395377, "tb": -0.37497978505880203, "tc": -0.7825566655912676, "td": 0.021329789227095355}}, {"target": 0.8430440429545103, "params": {"ta": 0.12201220058357776, "tb": -0.6421964724615625, "tc": -0.38377013952678624, "td": 0.6030738973741835}}, {"target": 0.8428226002267332, "params": {"ta": 0.6863216027418492, "tb": -0.37201944238131995, "tc": -0.7148458349376501, "td": 0.058350000526586426}}, {"target": 0.8430384299129605, "params": {"ta": -0.03680628723386233, "tb": -0.8068593396714372, "tc": -0.38045982321652, "td": 0.8325867698033319}}, {"target": 0.8429691913157908, "params": {"ta": 0.24639056164688639, "tb": -0.5174730244415492, "tc": -0.45521266875817273, "td": 0.42280405664608217}}, {"target": 0.8430605955156875, "params": {"ta": 0.054064530579313604, "tb": -0.695636359891461, "tc": -0.3729135103593043, "td": 0.6977723798032205}}, {"target": 0.8429556056747238, "params": {"ta": 0.5374497036308504, "tb": -0.4105026461477628, "tc": -0.6315337357102953, "td": 0.18504705914116057}}, {"target": 0.8428277505733062, "params": {"ta": 0.3292311507075168, "tb": -0.45684481751783185, "tc": -0.49328370910290636, "td": 0.35721175698284835}}, {"target": 0.843077795883689, "params": {"ta": 0.7929282650712126, "tb": -0.36272639989149885, "tc": -0.8169790502221004, "td": 0.005556580532059734}}, {"target": 0.8430783918291276, "params": {"ta": 0.2797176801820459, "tb": -0.49513567254069507, "tc": -0.4544520088783558, "td": 0.4045060814020521}}, {"target": 0.8430979154363238, "params": {"ta": 0.851365821195581, "tb": -0.37210038235170806, "tc": -0.8482968759242275, "td": -0.050806865625705695}}, {"target": 0.8431896517703237, "params": {"ta": 0.6219819563385879, "tb": -0.3797973267586844, "tc": -0.6826923520946787, "td": 0.11550114554304437}}, {"target": 0.8431470243956196, "params": {"ta": -0.00300923196872967, "tb": -0.7471005062227047, "tc": -0.36846251403177044, "td": 0.763343263626963}}, {"target": 0.8431641476562806, "params": {"ta": 0.5697799879002206, "tb": -0.3854360697345939, "tc": -0.6519861878362893, "td": 0.14590118051355647}}, {"target": 0.8431908123557329, "params": {"ta": 0.21364043955715253, "tb": -0.5496540934840394, "tc": -0.42713852948795134, "td": 0.4788138614876622}}, {"target": 0.8430978225259709, "params": {"ta": 0.7206527835074088, "tb": -0.3760450874323629, "tc": -0.7570156345151967, "td": 0.05601975819311602}}, {"target": 0.843163966501125, "params": {"ta": 0.4444492199454041, "tb": -0.4227164526358855, "tc": -0.5552749822217754, "td": 0.24638043902036938}}, {"target": 0.8431403819351044, "params": {"ta": 0.3860550271425143, "tb": -0.4439145472506411, "tc": -0.5199205426540779, "td": 0.2902932004122476}}, {"target": 0.8431076282313072, "params": {"ta": 0.09611088974718984, "tb": -0.653044102913812, "tc": -0.3953971841673322, "td": 0.6216177870676186}}, {"target": 0.843134324341577, "params": {"ta": 0.3257764659205805, "tb": -0.4841596756430997, "tc": -0.48716180715415613, "td": 0.3542873522645778}}, {"target": 0.8431750436938579, "params": {"ta": 0.14292048631978727, "tb": -0.6146908254710011, "tc": -0.39960460466229797, "td": 0.5716098845308938}}, {"target": 0.8431842012976973, "params": {"ta": 0.8281833016666587, "tb": -0.374676783580958, "tc": -0.8380443226923766, "td": -0.023146286289499104}}, {"target": 0.8430787325183775, "params": {"ta": -0.051497609205167466, "tb": -0.806418720461427, "tc": -0.3649486320816405, "td": 0.8280685379267486}}, {"target": 0.8431225808469014, "params": {"ta": 0.05850735356167008, "tb": -0.6911488615460449, "tc": -0.3868263694779401, "td": 0.6763029361784662}}, {"target": 0.8431429781902497, "params": {"ta": 0.6796111871933098, "tb": -0.37676307328930336, "tc": -0.7350359139787156, "td": 0.07400171383883138}}, {"target": 0.8431700631174287, "par