{"all": [{"target": 0.8752101930653817, "params": {"ta": -0.19521878796934766, "tb": 0.06380446058650158, "tc": 0.2894518221252331, "td": -0.11456136561829855}}, {"target": 0.28189269099194286, "params": {"ta": 0.5633443649269663, "tb": 0.01315936660172945, "tc": 0.1408878753927939, "td": 0.6526906746943231}}, {"target": 0.6205525296956155, "params": {"ta": 0.051283702810827614, "tb": 0.2147023961078679, "tc": 0.23937032384835122, "td": 0.2752783213991923}}, {"target": 0.3751615437096534, "params": {"ta": -0.14174206371384346, "tb": 0.28055036120893573, "tc": 0.022169477829739104, "td": 0.5890426416274789}}, {"target": 0.795266979192484, "params": {"ta": -0.024424158054605516, "tb": 0.13853962833611433, "tc": -0.25049293653624405, "td": -0.2994488236240035}}, {"target": 0.5805761557589209, "params": {"ta": 0.562662125868606, "tb": -0.6486562233725945, "tc": 0.10681156756043353, "td": 0.6490664880525309}}, {"target": 0.7347670173914775, "params": {"ta": -0.2217775901033482, "tb": -0.40118081615371104, "tc": 0.06879060177127772, "td": 0.01691041506134805}}, {"target": 0.8128574569068767, "params": {"ta": 0.3539323528552062, "tb": 0.15032247977013813, "tc": -0.10942469924362874, "td": -0.06371447335926084}}, {"target": 0.781504569688338, "params": {"ta": 0.5706039338386188, "tb": 0.08929499565731325, "tc": -0.2995969129655399, "td": 0.09388088803138894}}, {"target": 0.31279658319210213, "params": {"ta": 0.015014286500201757, "tb": -0.6068403782887415, "tc": -0.46965802920012556, "td": -0.2693199727740444}}, {"target": 0.39105437566036017, "params": {"ta": -0.023953784259991284, "tb": -0.034023220613549565, "tc": -0.6917343336658919, "td": 0.6223689801926473}}, {"target": 0.8241975115853089, "params": {"ta": 0.34656667240169936, "tb": -0.08718545336591776, "tc": -0.30026313186988873, "td": -0.19781332396194717}}, {"target": 0.44734877512214455, "params": {"ta": 0.2255614586503477, "tb": 0.1222514878067984, "tc": -0.07973974970433917, "td": 0.6394693311679417}}, {"target": 0.8269625893907983, "params": {"ta": 0.3224895398038541, "tb": 0.01106690610617811, "tc": -0.2750549685324126, "td": -0.26080220227447737}}, {"target": 0.779306294807467, "params": {"ta": 0.07284990014409332, "tb": 0.2283300686280174, "tc": 0.2703005861947505, "td": -0.13062596365597245}}, {"target": 0.5522525930738496, "params": {"ta": -0.035146215671679415, "tb": -0.307616241096211, "tc": -0.6131996696165413, "td": 0.6756644573471607}}, {"target": 0.5631494943856039, "params": {"ta": -0.29809741439004867, "tb": 0.10620614385468574, "tc": 0.01586048262546913, "td": 0.5146550782542967}}, {"target": 0.7808357925471078, "params": {"ta": -0.30346374918649466, "tb": -0.20289709737353678, "tc": 0.21591698575475327, "td": 0.5027376711503915}}, {"target": 0.3989524653860387, "params": {"ta": 0.6402411688591569, "tb": -0.5462019499947088, "tc": 0.24749608052608085, "td": 0.43009616522449423}}, {"target": 0.836918040055975, "params": {"ta": 0.627813057879596, "tb": 0.09094830873761517, "tc": -0.581433272481779, "td": 0.15208543299201072}}, {"target": 0.4472710620204118, "params": {"ta": 0.3883214316709759, "tb": -0.6289938943332428, "tc": -0.2276020145262646, "td": -0.19559989096575614}}, {"target": 0.45271662262438994, "params": {"ta": 0.3447524584886531, "tb": -0.5802191886700521, "tc": 0.08539718789110329, "td": -0.0871998133446027}}, {"target": 0.198954142735771, "params": {"ta": 0.5882946433731236, "tb": -0.6638224654538626, "tc": 0.21476773699825236, "td": -0.1343132454628453}}, {"target": 0.8311673184341924, "params": {"ta": -0.30459256253928046, "tb": -0.1824960997726065, "tc": 0.23200128727317648, "td": 0.37090434740430145}}, {"target": 0.8623304688487288, "params": {"ta": 0.3126030445920094, "tb": 0.1860169111434674, "tc": -0.2805070321109916, "td": -0.14523872955311257}}, {"target": 0.2923326197354928, "params": {"ta": 0.5213628407977265, "tb": 0.19252096161169874, "tc": 0.08829669022932274, "td": 0.533916476601028}}, {"target": 0.29252863003326945, "params": {"ta": 0.31641528871507263, "tb": -0.6859326986803875, "tc": 0.1854181650118788, "td": -0.15510792123334627}}, {"target": 0.6707394120691365, "params": {"ta": 0.27305073218972675, "tb": -0.5217003821793883, "tc": -0.6622553229063322, "td": 0.1485283705534841}}, {"target": 0.8471747706245041, "params": {"ta": 0.3251300033835709, "tb": 0.02467239317038017, "tc": -0.19034270650453633, "td": 0.11073601617594886}}, {"target": 0.8201463873043429, "params": {"ta": -0.29107802969977503, "tb": -0.3582683513257584, "tc": -0.0034589626332162116, "td": 0.4078743887134224}}, {"target": 0.8621009299162723, "params": {"ta": 0.18015498568944843, "tb": 0.2869866987740165, "tc": -0.2006500218727213, "td": -0.23615559838288813}}, {"target": 0.8242168295125494, "params": {"ta": 0.12646914226425632, "tb": -0.3172018229790462, "tc": -0.18845779119571837, "td": 0.03453128907270531}}, {"target": 0.5277783159951407, "params": {"ta": -0.14078328015458552, "tb": -0.3730134563246815, "tc": -0.2339885299007245, "td": -0.2151319511251032}}, {"target": 0.8048547960274111, "params": {"ta": -0.03671362586682936, "tb": -0.42326233126299784, "tc": 0.20531226915527534, "td": 0.609396779627641}}, {"target": 0.4929805985994853, "params": {"ta": -0.12797146375589852, "tb": -0.6624273117700062, "tc": -0.68066613265514, "td": 0.4013407258891243}}, {"target": 0.5721853404167816, "params": {"ta": -0.05601394892987421, "tb": -0.6710038233152456, "tc": -0.5225890580834167, "td": 0.2527486722070712}}, {"target": 0.810642290113178, "params": {"ta": -0.1722941250305441, "tb": 0.23653862320009922, "tc": 0.13334788969870592, "td": 0.07796037407737166}}, {"target": 0.6558505609610372, "params": {"ta": 0.4196661672610317, "tb": 0.17217228732037793, "tc": 0.011562389326446931, "td": 0.10071303873430804}}, {"target": 0.6417921442741976, "params": {"ta": -0.30483672769405223, "tb": 0.2676334479718435, "tc": -0.018780638817524675, "td": 0.2213631350975166}}, {"target": 0.7867524120359252, "params": {"ta": 0.2606682531293856, "tb": -0.01824067327073786, "tc": -0.45966789809866315, "td": -0.26545415965379826}}, {"target": 0.7245758303265588, "params": {"ta": -0.08023874102261475, "tb": -0.28949892420325585, "tc": -0.3843537524445526, "td": 0.14904291089437094}}, {"target": 0.7637841043487266, "params": {"ta": 0.42546970952643726, "tb": -0.38919557749846034, "tc": -0.07958139672490017, "td": 0.31544555416259046}}, {"target": 0.7013692899204528, "params": {"ta": -0.2143217330767957, "tb": 0.15829856013453314, "tc": 0.2741794649892916, "td": 0.33003602366090024}}, {"target": 0.6090441788093514, "params": {"ta": 0.02534059968715452, "tb": -0.4985963550143916, "tc": -0.666952131998937, "td": 0.594091245245492}}, {"target": 0.4249902904890205, "params": {"ta": 0.6114884106052029, "tb": -0.09536826438209267, "tc": 0.17610109926257655, "td": 0.0315007149035057}}, {"target": 0.7023491595494786, "params": {"ta": 0.18101634005961076, "tb": -0.00402467519687133, "tc": -0.5392131195790063, "td": 0.3652411342970239}}, {"target": 0.40206995406461665, "params": {"ta": 0.596673127668461, "tb": -0.4240912295681184, "tc": 0.15662797636899384, "td": 0.030636274508010874}}, {"target": 0.7688987419165669, "params": {"ta": 0.47996250191028644, "tb": 0.2315194816761894, "tc": -0.47338193847195387, "td": 0.1481148850264571}}, {"target": 0.620896426654858, "params": {"ta": 0.22818375278455494, "tb": -0.6418877991755321, "tc": -0.5241948028949605, "td": 0.10213682666245039}}, {"target": 0.8650825825252904, "params": {"ta": -0.25383518853585296, "tb": 0.07579088978473669, "tc": 0.12196061982587791, "td": 0.04989390878760147}}, {"target": 0.6208856155244089, "params": {"ta": 0.43790904506502715, "tb": -0.5789854929520027, "tc": -0.5729232218616153, "td": -0.07295479856581177}}, {"target": 0.5931299663916796, "params": {"ta": 0.6600555097873092, "tb": 0.26713279095247355, "tc": -0.3789176716801317, "td": 0.3131921412875678}}, {"target": 0.8196392758858407, "params": {"ta": 0.59938736515221, "tb": 0.120321282461604, "tc": -0.5664714993428854, "td": -0.2649032029323066}}, {"target": 0.18742334206224556, "params": {"ta": 0.5772289761965379, "tb": -0.6575798670585532, "tc": 0.06360883143803708, "td": -0.3131369078464923}}, {"target": 0.7953966763640246, "params": {"ta": -0.07091189099595996, "tb": -0.43503762724246975, "tc": 0.1938675650378645, "td": 0.6709810017450205}}, {"target": 0.8347431171913797, "params": {"ta": 0.3033486952086317, "tb": 0.12371656016128829, "tc": -0.1561184428850545, "td": 0.034115414957490264}}, {"target": 0.4327446561819308, "params": {"ta": 0.3802377794720666, "tb": -0.6612391062856294, "tc": 0.05365117730387137, "td": -0.03976137024383919}}, {"target": 0.5171265991023986, "params": {"ta": 0.4109856520162588, "tb": -0.00320821708963126, "tc": 0.1537792247018691, "td": 0.38025904681697975}}, {"target": 0.7734947890314887, "params": {"ta": -0.051932781116610593, "tb": -0.12225090668734351, "tc": -0.05122019995701055, "td": -0.22570429489804456}}, {"target": 0.741372092418934, "params": {"ta": -0.16563827688212907, "tb": -0.6835476258247639, "tc": -0.40242289507766027, "td": 0.6096761051392134}}, {"target": 0.8150298767510661, "params": {"ta": 0.15461056317110378, "tb": -0.38604330397815445, "tc": -0.4543475721804542, "td": 0.31781810565049784}}, {"target": 0.6378439947957623, "params": {"ta": 0.30374686456242184, "tb": -0.48810028985176523, "tc": -0.4848055596848636, "td": -0.11363581347170637}}, {"target": 0.47081249245684686, "params": {"ta": 0.3081959983260244, "tb": 0.15309981221636804, "tc": -0.3064293238061486, "td": 0.6205605739182424}}, {"target": 0.427313423396803, "params": {"ta": -0.07759550856264874, "tb": 0.13448429832779263, "tc": -0.25879642936259484, "td": 0.631705779127772}}, {"target": 0.8749766958609299, "params": {"ta": -0.31556128062923705, "tb": 0.3015439824148326, "tc": 0.3015439824148326, "td": -0.31556128062923705}}, {"target": 0.8843821391889742, "params": {"ta": 0.060545959335876566, "tb": -0.6984560175851674, "tc": -0.1104730278515735, "td": 0.684438719370763}}, {"target": 0.776867518605885, "params": {"ta": -0.27875314876169466, "tb": -0.6957404009675248, "tc": 0.23810389231678653, "td": 0.6465558250832093}}, {"target": 0.8883437846816821, "params": {"ta": 0.0681151390360032, "tb": -0.4476076670295972, "tc": -0.11861301451299239, "td": 0.4508671194323018}}, {"target": 0.8825163634172215, "params": {"ta": 0.49121148251837654, "tb": -0.16823165253092875, "tc": -0.5159268269814273, "td": 0.12543481719326996}}, {"target": 0.8851112931318891, "params": {"ta": -0.00370259310935599, "tb": -0.18744892850046793, "tc": 0.0008133440617056705, "td": 0.20433103978183872}}, {"target": 0.8865425252208397, "params": {"ta": -0.13862885667845204, "tb": 0.3015439824148326, "tc": 0.08870841221033351, "td": -0.31556128062923705}}, {"target": 0.8863621686796621, "params": {"ta": 0.6758868635866024, "tb": -0.10313411665600691, "tc": -0.6521298731418191, "td": 0.026355521013797234}}, {"target": 0.8116847557188925, "params": {"ta": 0.684438719370763, "tb": -0.25560370505357344, "tc": -0.6984560175851674, "td": 0.2810797134317821}}, {"target": 0.8877669450101502, "params": {"ta": 0.18506886586490504, "tb": -0.23396683711616148, "tc": -0.21654202856700394, "td": 0.24174201499016837}}, {"target": 0.8792403263930866, "params": {"ta": -0.31556128062923705, "tb": 0.19193059981702448, "tc": 0.20435430866992724, "td": -0.17223056618831792}}, {"target": 0.8748428149100034, "params": {"ta": 0.5590572060422065, "tb": -0.024287549828497363, "tc": -0.6984560175851674, "td": 0.003545661306613602}}, {"target": 0.8343383271510544, "params": {"ta": 0.20072239147920604, "tb": -0.6674619446306852, "tc": -0.26254337865199234, "td": 0.684438719370763}}, {"target": 0.882385101087628, "params": {"ta": -0.31556128062923705, "tb": -0.041411179566537344, "tc": 0.3015439824148326, "td": 0.03827266463064175}}, {"target": 0.8860027059746831, "params": {"ta": -0.028535527209508048, "tb": -0.6055410950519857, "tc": -0.05613223558629647, "td": 0.5596575259241928}}, {"target": 0.8882605543600404, "params": {"ta": 0.3103209830488355, "tb": -0.09954790287994611, "tc": -0.3661035244366835, "td": 0.07338626731928136}}, {"target": 0.8860635205858037, "params": {"ta": -0.036106709749205115, "tb": 0.13798597899594392, "tc": 0.019823115895217083, "td": -0.1253272801554241}}, {"target": 0.8869045499207338, "params": {"ta": 0.10719777114623372, "tb": -0.05530775175147237, "tc": -0.1277618012017671, "td": 0.04750737495070934}}, {"target": 0.888026507419925, "params": {"ta": 0.5249186765476258, "tb": -0.04822788443777373, "tc": -0.5285018744252752, "td": 0.0004554294435066273}}, {"target": 0.8825800811212363, "params": {"ta": -0.10374087573822355, "tb": -0.03159797626168703, "tc": 0.12565192549487647, "td": 0.0573397903285634}}, {"target": 0.8819500314807655, "params": {"ta": -0.018646974628936674, "tb": -0.6025422592978428, "tc": -0.10280839893749531, "td": 0.684438719370763}}, {"target": 0.8869772732973206, "params": {"ta": 0.014016843327820874, "tb": -0.3657466763386709, "tc": -0.03183456399978749, "td": 0.34282341391789634}}, {"target": 0.8852225674922984, "params": {"ta": -0.1818154613670961, "tb": 0.3015439824148326, "tc": 0.17807526738999507, "td": -0.22588142101417796}}, {"target": 0.886271452417502, "params": {"ta": -0.06130219265719556, "tb": -0.6984560175851674, "tc": -0.06048750202010103, "td": 0.684438719370763}}, {"target": 0.88314761305989, "params": {"ta": 0.684438719370763, "tb": 0.015882314698620087, "tc": -0.6984560175851674, "td": -0.02116781829570756}}, {"target": 0.8871652787064433, "params": {"ta": -0.15488050532980593, "tb": 0.1953495254447319, "tc": 0.14909205475009832, "td": -0.23231932761577148}}, {"target": 0.8860286408921045, "params": {"ta": 0.3098012028990645, "tb": -0.1998893430205969, "tc": -0.3178053854577, "td": 0.1609451571021242}}, {"target": 0.8881135135359807, "params": {"ta": 0.11026539531010679, "tb": -0.33907380360740136, "tc": -0.13786507883869725, "td": 0.31000175879777}}, {"target": 0.8889829585722189, "params": {"ta": 0.20726634805739338, "tb": -0.12172289233506112, "tc": -0.22773799608938292, "td": 0.1005092063677918}}, {"target": 0.8881334996872119, "params": {"ta": 0.11452570515417598, "tb": -0.18860035188696916, "tc": -0.11545734893520876, "td": 0.174282693614425}}, {"target": 0.8859495080095777, "params": {"ta": -0.040215032496007885, "tb": 0.2388671150853653, "tc": 0.01109728583418812, "td": -0.24237895466263104}}, {"target": 0.8891629991684242, "params": {"ta": 0.42970965784303083, "tb": -0.078375061866379, "tc": -0.4452471450016464, "td": 0.05680844689850153}}, {"target": 0.8881513322155663, "params": {"ta": -0.1677638760044717, "tb": 0.11076089829031588, "tc": 0.1424942852793101, "td": -0.1018231434382807}}, {"target": 0.8883459731810787, "params": {"ta": -0.31556128062923705, "tb": 0.12252448374736953, "tc": 0.3015439824148326, "td": -0.06721320781402552}}, {"target": 0.886520515992483, "params": {"ta": -0.04849759013896823, "tb": 0.3015439824148326, "tc": 0.10005656747589198, "td": -0.31556128062923705}}, {"target": 0.8867574999045331, "params": {"ta": 0.060974723391369355, "tb": -0.563620455771189, "tc": -0.06271610851560505, "td": 0.5594364729337855}}, {"target": 0.8853284709439082, "params": {"ta": 0.22391627434908817, "tb": -0.0052733866053377996, "tc": -0.24469722035536434, "td": -0.016133891365858147}}, {"target": 0.8884071392434911, "params": {"ta": 0.5978734348836353, "tb": -0.06190576947140303, "tc": -0.6000205647206679, "td": 0.047180983858697415}}, {"target": 0.888373524445089, "params": {"ta": 0.0014298076848455338, "tb": -0.4698759048905562, "tc": -0.0462751409745085, "td": 0.4861093616265472}}, {"target": 0.8879440748794287, "params": {"ta": 0.04094285447645525, "tb": -0.2936736984079731, "tc": -0.09799082953421566, "td": 0.3239852588494463}}, {"target": 0.8868908193309653, "params": {"ta": 0.00941096315124524, "tb": -0.6934020806922265, "tc": -0.02045810444555424, "td": 0.684438719370763}}, {"target": 0.8868684289178906, "params": {"ta": -0.31556128062923705, "tb": 0.06344932148976437, "tc": 0.27969024461549447, "td": -0.08591436275693674}}, {"target": 0.8883933465302198, "params": {"ta": -0.10331831581285267, "tb": 0.25573354807845594, "tc": 0.0967331784942189, "td": -0.223365865230333}}, {"target": 0.885374272456189, "params": {"ta": -0.027466498243557836, "tb": -0.03234825853019061, "tc": -0.007596850942931402, "td": 0.0343937996659601}}, {"target": 0.8885095486260621, "params": {"ta": 0.4831516200029644, "tb": -0.08140168557528417, "tc": -0.5315237128375548, "td": 0.05375618856765068}}, {"target": 0.8875541742773996, "params": {"ta": 0.06913252513776544, "tb": -0.37067272082101, "tc": -0.07901935526950256, "td": 0.39738534702793626}}, {"target": 0.8872968232024501, "params": {"ta": 0.5158529910242617, "tb": -0.11058241121491222, "tc": -0.508418659778618, "td": 0.03867929341425306}}, {"target": 0.8891377502812482, "params": {"ta": -0.22844909463161311, "tb": 0.15475839189616414, "tc": 0.22857200470120176, "td": -0.134996408982766}}, {"target": 0.8884941103712898, "params": {"ta": 0.018839667082699692, "tb": -0.5338267250217986, "tc": -0.10260243670731524, "td": 0.5393276191539453}}, {"target": 0.8886764804887258, "params": {"ta": 0.0254654749908342, "tb": -0.40309669546921034, "tc": -0.09560986299351416, "td": 0.3942092746710483}}, {"target": 0.8887674218187822, "params": {"ta": 0.005177466947561017, "tb": -0.6574073238610907, "tc": -0.07555601416805542, "td": 0.6377499034806504}}, {"target": 0.8884707333721362, "params": {"ta": 0.12699264287364004, "tb": -0.15469021398993496, "tc": -0.18003141883005416, "td": 0.15834141474831012}}, {"target": 0.8874941503034673, "params": {"ta": 0.35808372470036104, "tb": -0.03260338565561384, "tc": -0.37711870843565587, "td": 0.012872552025339294}}, {"target": 0.8890539819006603, "params": {"ta": 0.08132683924281627, "tb": -0.2525653307804049, "tc": -0.12300318207801825, "td": 0.239887693120521}}, {"target": 0.8863106073266103, "params": {"ta": -0.25882084650708326, "tb": 0.10744006571641718, "tc": 0.23991017780361978, "td": -0.03698656519648347}}, {"target": 0.8880175834491035, "params": {"ta": 0.684438719370763, "tb": -0.056780246733874495, "tc": -0.6984560175851674, "td": 0.047791297279473906}}, {"target": 0.8884016021098149, "params": {"ta": 0.03463217082458961, "tb": -0.4965675029844576, "tc": -0.07615678942480124, "td": 0.4670389351212463}}, {"target": 0.8887422039480772, "params": {"ta": 0.684438719370763, "tb": -0.06872214543440465, "tc": -0.6984560175851674, "td": -0.008357212129249095}}, {"target": 0.8888859381794199, "params": {"ta": 0.30328156356643976, "tb": -0.09577733866359799, "tc": -0.3088019041466833, "td": 0.07723882987793843}}, {"target": 0.8889390248974912, "params": {"ta": 0.1855646103316849, "tb": -0.19189959549427857, "tc": -0.21075793918571736, "td": 0.16761985936805918}}, {"target": 0.8886518092528428, "params": {"ta": 0.24926604881151676, "tb": -0.13140754914988084, "tc": -0.2872156220267577, "td": 0.13744285589782615}}, {"target": 0.8886550524623411, "params": {"ta": 0.3686102307507685, "tb": -0.10771356322251928, "tc": -0.38950974278414147, "td": 0.10227953509000987}}, {"target": 0.8890081296563948, "params": {"ta": 0.643018242036569, "tb": -0.054717242600748735, "tc": -0.6539928992493239, "td": 0.009305230624742939}}, {"target": 0.8883198344595788, "params": {"ta": -0.15225980391467908, "tb": 0.29519832778697397, "tc": 0.16570784101321334, "td": -0.2969531263486406}}, {"target": 0.8889990611369721, "params": {"ta": -0.16846263952104226, "tb": 0.18683485177717563, "tc": 0.1568080036968052, "td": -0.16148859670379068}}, {"target": 0.8890711999744341, "params": {"ta": -0.10244130214051583, "tb": 0.3015439824148326, "tc": 0.10499501170225743, "td": -0.2818460106805999}}, {"target": 0.8886197322581816, "params": {"ta": 0.497444330668399, "tb": -0.06633850569899505, "tc": -0.5041212913245939, "td": 0.057450853360746505}}, {"target": 0.8891636922507632, "params": {"ta": 0.12878016149360327, "tb": -0.23507857768946533, "tc": -0.15996241686777632, "td": 0.22996778857139663}}, {"target": 0.8890302033123532, "params": {"ta": 0.004311872506903785, "tb": -0.5671429468618394, "tc": -0.0588337179186217, "td": 0.5789426641102353}}, {"target": 0.8888966421509413, "params": {"ta": 0.06772602129269865, "tb": -0.29574861527189317, "tc": -0.08978034655475572, "td": 0.28777791875246317}}, {"target": 0.888350114045479, "params": {"ta": -0.2990008392936791, "tb": 0.16273184049754144, "tc": 0.3015439824148326, "td": -0.1478347322476242}}, {"target": 0.889228200108279, "params": {"ta": -0.278073953119, "tb": 0.12545042918260121, "tc": 0.2665993752572347, "td": -0.10623652938046904}}, {"target": 0.887559664381981, "params": {"ta": 0.05200499463755273, "tb": -0.1398694148378834, "tc": -0.08724016800875097, "td": 0.13307341992708818}}, {"target": 0.8888151114551616, "params": {"ta": -0.21060872784039325, "tb": 0.2119633686470816, "tc": 0.21066525362515368, "td": -0.1999976201566472}}, {"target": 0.8889283927242857, "params": {"ta": -0.004484882499358909, "tb": -0.6984560175851674, "tc": -0.0747450196720837, "td": 0.684438719370763}}, {"target": 0.8885505194260043, "params": {"ta": 0.24672021862405616, "tb": -0.07439428805861092, "tc": -0.2776745453248963, "td": 0.07315826151366495}}, {"target": 0.8889618597280056, "params": {"ta": 0.3821032842355178, "tb": -0.10233657148160553, "tc": -0.4024110534098, "td": 0.05963258987326414}}, {"target": 0.8891857513225985, "params": {"ta": 0.057768080118606895, "tb": -0.35102632203250034, "tc": -0.10467119502004514, "td": 0.3441233620769039}}, {"target": 0.8889695427690522, "params": {"ta": 0.17906391667115096, "tb": -0.14125707575609245, "tc": -0.19623253696320736, "td": 0.14308833711392818}}, {"target": 0.8890647459840656, "params": {"ta": 0.030507224960384962, "tb": -0.47527359374354694, "tc": -0.08309210123490708, "td": 0.48806597554694336}}, {"target": 0.8890446186570354, "params": {"ta": -0.00074762144351