{"all": [{"target": 0.2610011319674986, "params": {"ta": -0.22089807637328063, "tb": -0.4080813047645414, "tc": -0.7335480686769592, "td": -0.034042575949301934}}, {"target": 0.6276784272187743, "params": {"ta": 0.13327067501083234, "tb": 0.01746235679648056, "tc": -0.5741159246121447, "td": -0.21572449302754948}}, {"target": 0.35818627806872516, "params": {"ta": 0.5377449282436408, "tb": -0.0001664373071027514, "tc": 0.11769832626868748, "td": 0.42632643036852536}}, {"target": 0.6691902396284092, "params": {"ta": 0.40495442472972176, "tb": -0.7929263096925805, "tc": -0.1822436879421181, "td": 0.43321977373563225}}, {"target": 0.7546569957797835, "params": {"ta": -0.14703776075470132, "tb": -0.8112707733510484, "tc": -0.04898399076377358, "td": 0.5741477307803589}}, {"target": 0.5790848379420805, "params": {"ta": -0.01857831989898351, "tb": -0.14528259864814386, "tc": 0.1568759052789791, "td": 0.6301021596879077}}, {"target": 0.5224383161495556, "params": {"ta": 0.6743833226891491, "tb": -0.4310164230324357, "tc": -0.05540164238429168, "td": 0.2599202122940467}}, {"target": 0.7759820572037714, "params": {"ta": 0.6843094827601918, "tb": -0.3345638481689953, "tc": -0.5490574770107951, "td": 0.03327533755757073}}, {"target": 0.7486910736721106, "params": {"ta": 0.254730385656622, "tb": 0.05701861145791842, "tc": -0.5054996860955149, "td": 0.008499494824978804}}, {"target": 0.8017835595448515, "params": {"ta": -0.07088632466513645, "tb": -0.33131083734277245, "tc": -0.09730713645574074, "td": 0.35238849714585185}}, {"target": 0.757556611658772, "params": {"ta": 7.016947542193286e-05, "tb": -0.39068291552749745, "tc": -0.36244249854506694, "td": 0.5146249437028892}}, {"target": 0.6925139814884369, "params": {"ta": 0.1975052792956682, "tb": -0.618666628814747, "tc": 0.07656178776104816, "td": 0.3265065116468828}}, {"target": 0.7035616828008642, "params": {"ta": 0.4738071411880367, "tb": 0.15428630089777462, "tc": -0.5678571037544387, "td": 0.17283947578106706}}, {"target": 0.5933739114777723, "params": {"ta": -0.1507681661585749, "tb": -0.23301193899561157, "tc": -0.281526914086323, "td": 0.7098408460638044}}, {"target": 0.5115627575848216, "params": {"ta": -0.013511403086923668, "tb": -0.5171426992578246, "tc": -0.11716808219028452, "td": -0.1523226659157627}}, {"target": 0.76872490976407, "params": {"ta": 0.3387527856748679, "tb": -0.5658805619695717, "tc": -0.2889445846173888, "td": 0.5330238363387191}}, {"target": 0.7032985520496371, "params": {"ta": 0.49797054298981613, "tb": 0.16339557608275557, "tc": -0.1912041101722155, "td": -0.21403915377573224}}, {"target": 0.8204172962562095, "params": {"ta": 0.0982426103959545, "tb": -0.3969923224874444, "tc": -0.1829132779531656, "td": 0.34164085108995046}}, {"target": 0.6020229316419785, "params": {"ta": 0.4547486345499667, "tb": 0.014848454039833703, "tc": -0.7273050535491217, "td": 0.47526764004172484}}, {"target": 0.7535032162027204, "params": {"ta": 0.30648180835058214, "tb": -0.6002283326536917, "tc": -0.47008456698378354, "td": 0.3899403804890349}}, {"target": 0.7332286313744907, "params": {"ta": 0.2729203760318829, "tb": -0.5588627035955163, "tc": -0.4260501835554896, "td": 0.17451041465565809}}, {"target": 0.7212927481502311, "params": {"ta": 0.18611797977350852, "tb": -0.34385523331664014, "tc": 0.005449535501095615, "td": 0.04130872035175781}}, {"target": 0.776225239943582, "params": {"ta": 0.04135191564440943, "tb": -0.45399272969835314, "tc": 0.0683264864295039, "td": 0.3468613260824458}}, {"target": 0.3756500257819066, "params": {"ta": -0.20677332918046254, "tb": -0.3692167700602733, "tc": -0.6576919246443538, "td": 0.08155597967784467}}, {"target": 0.685429831795744, "params": {"ta": -0.13730474729605746, "tb": -0.1939131981719847, "tc": -0.30138247478512414, "td": 0.4078228261067819}}, {"target": 0.6799860885596128, "params": {"ta": 0.04364554661659026, "tb": 0.0367453622394559, "tc": -0.45840200474905257, "td": 0.0030438478718586293}}, {"target": 0.7020612911646053, "params": {"ta": 0.5073827677453754, "tb": -0.2430991365298687, "tc": -0.386727500928024, "td": 0.4670060889388604}}, {"target": 0.7965077501402209, "params": {"ta": 0.21377382501248576, "tb": -0.3771295046602845, "tc": -0.43629362387589277, "td": 0.33427512005632454}}, {"target": 0.5354343329319857, "params": {"ta": -0.01948569824466373, "tb": -0.11504379817425103, "tc": -0.6562247553161202, "td": 0.13631019157080781}}, {"target": 0.761823153431009, "params": {"ta": 0.5224225622299841, "tb": -0.12960129514589813, "tc": -0.32139597071248227, "td": -0.11114917792155365}}, {"target": 0.47508251449130934, "params": {"ta": -0.10791868554209749, "tb": -0.027276866208217676, "tc": -0.32658857196397995, "td": 0.6563208444799903}}, {"target": 0.38249519043223834, "params": {"ta": -0.034979211641781194, "tb": -0.18726558715541775, "tc": -0.715418498869856, "td": -0.21318385036101406}}, {"target": 0.5137973202365227, "params": {"ta": 0.7162537964435709, "tb": 0.10727555173481151, "tc": -0.2501438708706354, "td": 0.2585646358890765}}, {"target": 0.4594978957900183, "params": {"ta": 0.4660534386287585, "tb": -0.7547437528981291, "tc": -0.03332321153187523, "td": 0.07791378132618232}}, {"target": 0.27532071563712146, "params": {"ta": 0.5191786057855605, "tb": 0.012143104111388747, "tc": -0.022628983697073335, "td": 0.7240364610809636}}, {"target": 0.8003473392732806, "params": {"ta": 0.4793426215977584, "tb": -0.09736478612041921, "tc": -0.41774849782461587, "td": -0.08762904203321598}}, {"target": 0.6760790193396913, "params": {"ta": 0.036756112331526314, "tb": 0.1354944780127587, "tc": -0.42345438534747104, "td": -0.1322224161458354}}, {"target": 0.5906897891187255, "params": {"ta": 0.6033035734084142, "tb": -0.6783661888515207, "tc": -0.79225678319404, "td": -0.03376003004876815}}, {"target": 0.47780383578209507, "params": {"ta": 0.27385959266482784, "tb": -0.5897488023318835, "tc": -0.08099140806939142, "td": -0.15043648710165713}}, {"target": 0.7615506521737656, "params": {"ta": 0.15823679141152658, "tb": -0.1078831801137764, "tc": 0.018157115214928243, "td": -0.06558123308074881}}, {"target": 0.7266311506565923, "params": {"ta": 0.2791309658717387, "tb": 0.06160418137449486, "tc": -0.5717628628824674, "td": 0.06270157177782787}}, {"target": 0.617813215043012, "params": {"ta": 0.5808889886554475, "tb": -0.6239693283787484, "tc": -0.21669210504784997, "td": 0.21544938676231418}}, {"target": 0.3169085451890142, "params": {"ta": -0.047605250962792556, "tb": 0.17230553882905464, "tc": -0.7792648370310644, "td": 0.29000421319628333}}, {"target": 0.6297899280476742, "params": {"ta": 0.23897454339158208, "tb": 0.13465498746515636, "tc": -0.559849564025653, "td": 0.25087939433569406}}, {"target": 0.7855807631082128, "params": {"ta": 0.4766790893099757, "tb": -0.2097341332061845, "tc": -0.5885904483775368, "td": 0.2835422347165849}}, {"target": 0.6032298480691044, "params": {"ta": 0.48090022021702106, "tb": -0.6429637051989265, "tc": -0.6765714312652583, "td": -0.032192154000447726}}, {"target": 0.7366515355902636, "params": {"ta": 0.5246782195952137, "tb": 0.11646277987689879, "tc": -0.6768803595281462, "td": -0.1912648344873703}}, {"target": 0.6476849743702546, "params": {"ta": 0.1267279474002676, "tb": -0.10522124574962888, "tc": -0.636977804715564, "td": 0.07563719259068247}}, {"target": 0.7915438925867849, "params": {"ta": 0.40137400151045344, "tb": -0.39772842354187843, "tc": -0.3499976364021923, "td": 0.3458223464934256}}, {"target": 0.6533735056790485, "params": {"ta": 0.453215190711593, "tb": -0.794617611659323, "tc": -0.15719193171156653, "td": 0.4851883327523995}}, {"target": 0.5526787439359659, "params": {"ta": 0.5223795272541554, "tb": -0.683405448125364, "tc": -0.08096271453081871, "td": 0.18855074309070197}}, {"target": 0.7474885912335173, "params": {"ta": 0.352405265933589, "tb": -0.4042627638034355, "tc": -0.39556945958024203, "td": 0.5446636307729381}}, {"target": 0.2574820506810523, "params": {"ta": 0.5357264742911482, "tb": 0.09125631001845669, "tc": -0.03871004842962589, "td": 0.6762470859310931}}, {"target": 0.5045262963105475, "params": {"ta": 0.7497851307309559, "tb": -0.06586904348001432, "tc": -0.10044379502187084, "td": -0.14857721333843088}}, {"target": 0.7695243305955922, "params": {"ta": 0.49184779388548805, "tb": -0.44988737454623284, "tc": -0.4863768397295849, "td": 0.3096771252620685}}, {"target": 0.5742053866925715, "params": {"ta": -0.05171588577932751, "tb": -0.6058093019144736, "tc": -0.5318885514742626, "td": 0.21329355865721022}}, {"target": 0.5863136490176915, "params": {"ta": 0.03968333441831429, "tb": -0.6511928416642191, "tc": -0.391584031744723, "td": 0.0993975709861884}}, {"target": 0.7435921887866207, "params": {"ta": 0.40194100384104925, "tb": -0.41704840297664436, "tc": -0.3215218912847707, "td": 0.5216751307815394}}, {"target": 0.5998700341982598, "params": {"ta": 0.651434805233525, "tb": -0.4093132234042668, "tc": -0.14993946722245266, "td": 0.2658078988338842}}, {"target": 0.27134030231475903, "params": {"ta": 0.3473111508466591, "tb": 0.12551736624092613, "tc": 0.173808837031049, "td": 0.5936411652942251}}, {"target": 0.7535102572590036, "params": {"ta": 0.03773247123198231, "tb": -0.789013661242137, "tc": -0.3015725546208651, "td": 0.5027662999425606}}, {"target": 0.8187303805085149, "params": {"ta": 0.11791647551200424, "tb": -0.4567779753797021, "tc": -0.25215298788471274, "td": 0.40686709012334155}}, {"target": 0.622172800131122, "params": {"ta": 0.7001787446494673, "tb": -0.4895021825576811, "tc": -0.28075300453051144, "td": 0.14991165081140645}}, {"target": 0.582296878425152, "params": {"ta": -0.13473468810583766, "tb": -0.6285908487926418, "tc": -0.07329693423780681, "td": 0.08783669572862285}}, {"target": 0.8127162775607281, "params": {"ta": -0.23512740908874386, "tb": 0.18720553821033603, "tc": 0.18720553821033603, "td": -0.23512740908874386}}, {"target": 0.7997052540885208, "params": {"ta": -0.23512740908874386, "tb": -0.008852000305360765, "tc": 0.18720553821033603, "td": 0.05012981117874133}}, {"target": 0.8176761339442515, "params": {"ta": 0.7648725909112561, "tb": -0.12529146665213378, "tc": -0.812794461789664, "td": 0.037763846991636006}}, {"target": 0.7902146938825781, "params": {"ta": -0.009423466823160047, "tb": 0.18720553821033603, "tc": 0.18720553821033603, "td": -0.23512740908874386}}, {"target": 0.820308674357963, "params": {"ta": 0.29232519151816594, "tb": -0.19472426919265318, "tc": -0.3252648639946665, "td": 0.12240205922434146}}, {"target": 0.7868184820154565, "params": {"ta": 0.7648725909112561, "tb": -0.14604173351334745, "tc": -0.812794461789664, "td": -0.22246517084280426}}, {"target": 0.793504353745476, "params": {"ta": -0.16362266715115417, "tb": 0.18720553821033603, "tc": 0.0895111670347151, "td": -0.059569710885148355}}, {"target": 0.8192628422429329, "params": {"ta": 0.009982171058722678, "tb": -0.7370624428002338, "tc": -0.15263971721670033, "td": 0.7600841813920728}}, {"target": 0.7025500351150904, "params": {"ta": -0.23512740908874386, "tb": -0.7447450567588152, "tc": 0.18720553821033603, "td": 0.7648725909112561}}, {"target": 0.7912089875328265, "params": {"ta": -0.13204116908509853, "tb": -0.812794461789664, "tc": -0.30260250884754186, "td": 0.7648725909112561}}, {"target": 0.8195858267836923, "params": {"ta": -0.0010470656089498413, "tb": -0.5934336706299657, "tc": -0.14354865148680168, "td": 0.6012072515944531}}, {"target": 0.8199960139920421, "params": {"ta": 0.614108700378359, "tb": -0.15605068497313193, "tc": -0.6770427792776913, "td": 0.016057656816299542}}, {"target": 0.810063784438496, "params": {"ta": 0.7648725909112561, "tb": -0.07952445508249356, "tc": -0.6868771623073776, "td": -0.035178767474865515}}, {"target": 0.820803371613974, "params": {"ta": 0.44611873140678365, "tb": -0.2086915080430752, "tc": -0.4789660879415901, "td": 0.09569485398022573}}, {"target": 0.7892617871205962, "params": {"ta": 0.10123278963494152, "tb": -0.812794461789664, "tc": -0.3012148149827619, "td": 0.7648725909112561}}, {"target": 0.7949237518877764, "params": {"ta": -0.19279354642651556, "tb": 0.03170868451477401, "tc": 0.18720553821033603, "td": -0.16930592043791579}}, {"target": 0.810678781546403, "params": {"ta": 0.05878719795173495, "tb": -0.17198331989315482, "tc": -0.10750743227815979, "td": 0.16567990675790745}}, {"target": 0.8212871345234624, "params": {"ta": 0.20783848030946298, "tb": -0.30009904013655786, "tc": -0.2654063866974, "td": 0.2450237130968926}}, {"target": 0.8159904412729695, "params": {"ta": 0.7648725909112561, "tb": -0.21701398527124352, "tc": -0.7629061735092441, "td": 0.01752967747747882}}, {"target": 0.8142817609997222, "params": {"ta": -0.008575579586565737, "tb": -0.6714507409809639, "tc": -0.22212826527002566, "td": 0.7022666828074415}}, {"target": 0.8198032524239492, "params": {"ta": 0.09211042931388358, "tb": -0.5109054234249168, "tc": -0.15381495101143083, "td": 0.5025227451822841}}, {"target": 0.8136518647793087, "params": {"ta": 0.6828170303061201, "tb": -0.16538566331586402, "tc": -0.6781242823520885, "td": 0.1005087941921764}}, {"target": 0.8192430676908848, "params": {"ta": 0.06434891732671592, "tb": -0.6697256677055226, "tc": -0.1375217161494665, "td": 0.6385100030723654}}, {"target": 0.8202204791037869, "params": {"ta": 0.330060253857646, "tb": -0.2643006110852212, "tc": -0.39198549366109015, "td": 0.1839504945456472}}, {"target": 0.8209664877057821, "params": {"ta": 0.5458520417570784, "tb": -0.14601464545568, "tc": -0.5597088835867408, "td": 0.044581580271651565}}, {"target": 0.8193112597010933, "params": {"ta": 0.3893877596019213, "tb": -0.13801198066626005, "tc": -0.4202796759750501, "td": 0.09587488888504171}}, {"target": 0.8088817733331444, "params": {"ta": -0.23512740908874386, "tb": 0.18720553821033603, "tc": 0.18720553821033603, "td": -0.10041822364269752}}, {"target": 0.8204010819374324, "params": {"ta": -0.03342344054410319, "tb": -0.812794461789664, "tc": -0.14740634526446422, "td": 0.7648725909112561}}, {"target": 0.8200092735753205, "params": {"ta": 0.05058248988951957, "tb": -0.5745726499614332, "tc": -0.17800517513963335, "td": 0.5093787450268464}}, {"target": 0.819694162089367, "params": {"ta": 0.7648725909112561, "tb": -0.12982971160981183, "tc": -0.812794461789664, "td": -0.04569348287220038}}, {"target": 0.8211225443272252, "params": {"ta": 0.7090342919214168, "tb": -0.14677680670707782, "tc": -0.738307205330779, "td": -0.013589146878764282}}, {"target": 0.8203148034389346, "params": {"ta": 0.19054600736054403, "tb": -0.38268339083726244, "tc": -0.23547666933042982, "td": 0.33323227486559936}}, {"target": 0.8207306391586401, "params": {"ta": -0.01873556130289246, "tb": -0.7273191268271135, "tc": -0.1446653786222879, "td": 0.6914865216152087}}, {"target": 0.819162556519931, "params": {"ta": 0.1285322465015207, "tb": -0.29578086846316903, "tc": -0.18084207687027642, "td": 0.2807961082054774}}, {"target": 0.8201978037115244, "params": {"ta": 0.06759135762055712, "tb": -0.5843353011405001, "tc": -0.19017170654644946, "td": 0.5720947813732796}}, {"target": 0.8201317643450711, "params": {"ta": 0.2614543667542509, "tb": -0.2290648637293287, "tc": -0.31262510215735395, "td": 0.20674111082402094}}, {"target": 0.8198858445005615, "params": {"ta": 0.537906138515349, "tb": -0.20168625089320913, "tc": -0.5874369191696698, "td": 0.06984192837594418}}, {"target": 0.8204349392455522, "params": {"ta": 0.055200691490433794, "tb": -0.46041195316716804, "tc": -0.16173370160202574, "td": 0.4409790234840807}}, {"target": 0.818533846661013, "params": {"ta": -0.07030773462880105, "tb": -0.759496432468223, "tc": -0.14234863476410764, "td": 0.7648725909112561}}, {"target": 0.8202597644158608, "params": {"ta": 0.4590603619880343, "tb": -0.15701235584748058, "tc": -0.5133645233255127, "td": 0.048632263950998386}}, {"target": 0.8201780312843568, "params": {"ta": 0.6265557920068794, "tb": -0.1673320014527542, "tc": -0.6266300129443225, "td": 0.003077774055950754}}, {"target": 0.8189458154171374, "params": {"ta": 0.1871953619040133, "tb": -0.2178892314200366, "tc": -0.2427258005251832, "td": 0.16359334959063287}}, {"target": 0.8207581892819104, "params": {"ta": 0.3512807289581172, "tb": -0.19922194872789484, "tc": -0.41312776248244015, "td": 0.11464359081995208}}, {"target": 0.8211418950649667, "params": {"ta": 0.021858453778651032, "tb": -0.6514471627143861, "tc": -0.1598588140747849, "td": 0.615841432364186}}, {"target": 0.8205695530456292, "params": {"ta": 0.15189879365706718, "tb": -0.34493976179179514, "tc": -0.25031753413581714, "td": 0.3063970018846649}}, {"target": 0.8209737527539795, "params": {"ta": 0.2632380484568529, "tb": -0.2699730772848355, "tc": -0.31817014758393247, "td": 0.1881710942158148}}, {"target": 0.8209634301403286, "params": {"ta": 0.10991042414772186, "tb": -0.47371747740767367, "tc": -0.1830645414565408, "td": 0.4225092015950598}}, {"target": 0.8207072286865564, "params": {"ta": 0.3669240507416214, "tb": -0.21614177075918797, "tc": -0.38088346683546015, "td": 0.13438673613842675}}, {"target": 0.8210096964515475, "params": {"ta": 0.7648725909112561, "tb": -0.1430240957553498, "tc": -0.7653427793276845, "td": -0.013269514341569456}}, {"target": 0.8209320636053697, "params": {"ta": 0.0465369597304844, "tb": -0.5918627187466153, "tc": -0.13922247395671802, "td": 0.5602769591910124}}, {"target": 0.8209480916155971, "params": {"ta": 0.4867282069017535, "tb": -0.17136684981762165, "tc": -0.517494708036355, "td": 0.0915947907733726}}, {"target": 0.8209668142991993, "params": {"ta": 0.11967486170946155, "tb": -0.40535184048453327, "tc": -0.19829296329309468, "td": 0.3862620060628456}}, {"target": 0.8198305317857011, "params": {"ta": -0.011067766721903377, "tb": -0.7882912201855741, "tc": -0.105247268044028, "td": 0.7648725909112561}}, {"target": 0.820720011571942, "params": {"ta": 0.5052523504484845, "tb": -0.17662003033476173, "tc": -0.515011986921907, "td": 0.05325646598512197}}, {"target": 0.8208535553074747, "params": {"ta": 0.007667748433567561, "tb": -0.6734438124706404, "tc": -0.13517833109149555, "td": 0.6688226453230873}}, {"target": 0.8206140079898965, "params": {"ta": 0.24910205147670283, "tb": -0.3130479053186427, "tc": -0.30897856134961427, "td": 0.2557337092925584}}, {"target": 0.8209696542321512, "params": {"ta": 0.3979503800088345, "tb": -0.20211259965779718, "tc": -0.44202752770212506, "td": 0.13275057158210732}}, {"target": 0.8212147822807896, "params": {"ta": 0.669197981956005, "tb": -0.14523153384851628, "tc": -0.6859353845539764, "td": 0.01614413240493931}}, {"target": 0.8212092332032307, "params": {"ta": 0.3112382389508833, "tb": -0.22029701281775527, "tc": -0.3618178506989093, "td": 0.1590848999197394}}, {"target": 0.8211908457403543, "params": {"ta": 0.5939303653654074, "tb": -0.1565474066392183, "tc": -0.6191813909929931, "td": 0.04479661968220214}}, {"target": 0.8211364111291126, "params": {"ta": 0.07595199324712469, "tb": -0.5084219756718849, "tc": -0.18673284911622656, "td": 0.4801016711499439}}, {"target": 0.8210954628395846, "params": {"ta": 0.16926319590580194, "tb": -0.3415611052817176, "tc": -0.22473839997350673, "td": 0.28411984009564534}}, {"target": 0.8211463502409695, "params": {"ta": 0.4226751659900674, "tb": -0.17745387958795636, "tc": -0.4506674630238685, "td": 0.08391372321878168}}, {"target": 0.8208579602798133, "params": {"ta": 0.6789649931096639, "tb": -0.17103584075153025, "tc": -0.7041295035043729, "td": 0.017581956662263233}}, {"target": 0.8209020598869896, "params": {"ta": 0.2463479482807487, "tb": -0.26524207922474213, "tc": -0.2771832001270407, "td": 0.20604613320948745}}, {"target": 0.8212135890167676, "params": {"ta": 0.13945895305097053, "tb": -0.4029204492617951, "tc": -0.21601284240977497, "td": 0.35214785768401574}}, {"target": 0.8211466404257348, "params": {"ta": 0.045947578648481126, "tb": -0.5465079061098028, "tc": -0.16031940437491077, "td": 0.5254987274344917}}, {"target": 0.8210523717035589, "params": {"ta": 0.7349546017298497, "tb": -0.14901776193020155, "tc": -0.7686144314154709, "td": 5.8245714802347204e-05}}, {"target": 0.8212503111322913, "params": {"ta": -0.01007312799824492, "tb": -0.7636488305625404, "tc": -0.14602517424164102, "td": 0.7361485539176946}}, {"target": 0.8211770504879915, "params": {"ta": 0.5550777009774622, "tb": -0.15955752315921382, "tc": -0.5889505383847, "td": 0.03565325691967343}}, {"target": 0.8212683952876731, "params": {"ta": -0.018811799631646614, "tb": -0.78071414556317, "tc": -0.1514236871405548, "td": 0.7648725909112561}}, {"target": 0.8212567067350771, "params": {"ta": 0.03647862920932889, "tb": -0.6176322540517186, "tc": -0.15752586869290702, "td": 0.5970207014975385}}, {"target": 0.8212189412803153, "params": {"ta": 0.29630575480064664, "tb": -0.24690348439021634, "tc": -0.3351756695326388, "td": 0.17954110770732776}}, {"target": 0.8212161540237517, "params": {"ta": 0.01528756456813968, "tb": -0.7033565957060157, "tc": -0.15616063469564834, "td": 0.6772929871443217}}, {"target": 0.8212562406396309, "params": {"ta": 0.5188352594129798, "tb": -0.16616714678872868, "tc": -0.5545109146066456, "td": 0.06236349674996906}}, {"target": 0.821168923789616, "params": {"ta": 0.06755506797877493, "tb": -0.5171693727608071, "tc": -0.1608987114695517, "td": 0.4778922704375498}}, {"target": 0.8212214880072461, "params": {"ta": 0.14284839262157656, "tb": -0.3665895465007376, "tc": -0.2098588260427862, "td": 0.32879629503904184}}, {"target": 0.8211860300558295, "params": {"ta": 0.22633029890575695, "tb": -0.27276295553550106, "tc": -0.29091395200413006, "td": 0.21796296209829133}}, {"target": 0.821237261916493, "params": {"ta": 0.19316822582450877, "tb": -0.3230130250563267, "tc": -0.2536745094444154, "td": 0.27972729311744216}}, {"target": 0.8212679021603593, "params": {"ta": 0.10093195264050851, "tb": -0.4406708991914397, "tc": -0.18960015998274954, "td": 0.40282684497083115}}, {"target": 0.8212607885700598, "params": {"ta": 0.04078799467585339, "tb": -0.5888137