{"all": [{"target": 0.6086021848414851, "params": {"ta": 0.2588578548682865, "tb": -0.8088481946581209, "tc": -0.1564905507142652, "td": 0.8835350869314625}}, {"target": 0.48089016652978345, "params": {"ta": 0.8752910677106347, "tb": -0.44841361735070007, "tc": -0.2210432475576306, "td": 0.19436960289560612}}, {"target": 0.38203037907082504, "params": {"ta": 0.8426453972840799, "tb": -0.35008882875440517, "tc": -0.45592324396659145, "td": 0.5853565790924959}}, {"target": 0.5981802373475248, "params": {"ta": 0.3944106643852642, "tb": -0.49272203188471697, "tc": -0.6077223095461423, "td": 0.8597532586395018}}, {"target": 0.7413598939973889, "params": {"ta": -0.03791684460969458, "tb": -1.139586151529489, "tc": -0.6385017823554895, "td": 0.7776604746193053}}, {"target": 0.7810994279257564, "params": {"ta": 0.458289628265137, "tb": -0.8043059654759487, "tc": -0.6064418473527444, "td": 0.5545306753790509}}, {"target": 0.7348166370718172, "params": {"ta": 0.6381156341070006, "tb": -0.9215041066041374, "tc": -0.9296046956607009, "td": 0.001761838272173355}}, {"target": 0.6813715046228516, "params": {"ta": 0.3499359587669594, "tb": -0.887662431873411, "tc": -0.9794473527656555, "td": 0.6184546492244817}}, {"target": 0.651063783831924, "params": {"ta": 0.42331018619494254, "tb": -1.0891758242372045, "tc": -0.5700111979467891, "td": 0.7388976489838798}}, {"target": 0.6144833228516655, "params": {"ta": 0.6037374531131365, "tb": -1.1191962492201206, "tc": -0.46136079819410714, "td": 0.20918249613484108}}, {"target": 0.5757644910964661, "params": {"ta": 0.060204419277609444, "tb": -0.2999325741021993, "tc": -0.40719973994253467, "td": 0.8799793808405693}}, {"target": 0.5671084723008659, "params": {"ta": -0.04682525872218546, "tb": -0.21905129201397822, "tc": -0.3191851846356245, "td": 0.7704710581528501}}, {"target": 0.641697769104004, "params": {"ta": 0.4521192272792647, "tb": -0.21326477769408259, "tc": -0.3009714074957456, "td": 0.15419755424773607}}, {"target": 0.6803929795110731, "params": {"ta": 0.36583131857785955, "tb": -0.8249289239522505, "tc": -1.0498165324360298, "td": 0.17965559663296593}}, {"target": 0.6581286899475672, "params": {"ta": 0.43544027762528514, "tb": -0.20836850053072764, "tc": -0.8890582405293059, "td": 0.4301738451735174}}, {"target": 0.7608091011349475, "params": {"ta": 0.09418659890149539, "tb": -0.45999800586585704, "tc": -0.5703607810005354, "td": 0.742619825616391}}, {"target": 0.6495106997313922, "params": {"ta": 0.5352741528584484, "tb": -1.0788455166902904, "tc": -0.41506874620019985, "td": 0.33907424369581585}}, {"target": 0.6449678054602683, "params": {"ta": 0.6567063141863433, "tb": -0.9980239607875463, "tc": -0.7622560520893531, "td": 0.4631975124696982}}, {"target": 0.8280591814774403, "params": {"ta": 0.12815454378060598, "tb": -0.6958526272354089, "tc": -0.7106543736819645, "td": 0.5170392518921044}}, {"target": 0.46706669721151406, "params": {"ta": 0.603958807166939, "tb": -1.096525873388987, "tc": -0.8645514920334505, "td": 0.7001273801415641}}, {"target": 0.7614781210458862, "params": {"ta": 0.33942710865787884, "tb": -0.8546493491501048, "tc": -0.37725624360700183, "td": 0.4593027544132533}}, {"target": 0.5134009323315585, "params": {"ta": 0.06783219635146542, "tb": -0.494234148443604, "tc": -0.8705973207460493, "td": 0.08031211625665824}}, {"target": 0.6043160169241361, "params": {"ta": 0.7452484738373769, "tb": -0.8833507607682672, "tc": -0.8596262447785703, "td": 0.49017296116186715}}, {"target": 0.6430043284341099, "params": {"ta": 0.3938040832487538, "tb": -0.4936093425035184, "tc": -0.2761692248833001, "td": -0.06632930127401226}}, {"target": 0.5680528393129787, "params": {"ta": 0.20542177337971157, "tb": -0.36021810891700323, "tc": -0.15367887040462314, "td": -0.08624337677226124}}, {"target": 0.668186333026594, "params": {"ta": -0.06327648491865334, "tb": -0.6532934719506214, "tc": -0.25567474089545317, "td": 0.4134956835954303}}, {"target": 0.7428033861634851, "params": {"ta": 0.510908895383553, "tb": -0.47394331780582666, "tc": -0.3663192216777629, "td": 0.1486230049893431}}, {"target": 0.8272577811374917, "params": {"ta": -0.11412643053548366, "tb": -0.6925134840671258, "tc": -0.5416455148754408, "td": 0.7676850613328489}}, {"target": 0.33711339360388975, "params": {"ta": -0.113246719582066, "tb": -0.7436013997627422, "tc": -0.3497265383606084, "td": -0.02025542252302781}}, {"target": 0.46595332957549107, "params": {"ta": -0.03843135433316813, "tb": -0.5789887125876426, "tc": -0.974372058797304, "td": 0.1860675772311794}}, {"target": 0.6672990550844475, "params": {"ta": 0.8286490179904936, "tb": -0.31449440146402685, "tc": -0.8970676937689515, "td": 0.3578492942027839}}, {"target": 0.35371930471538654, "params": {"ta": -0.09834780323521264, "tb": -1.0176414651283214, "tc": -1.0650645416332218, "td": 0.10015111680665634}}, {"target": 0.8040309086206687, "params": {"ta": 0.596488140292637, "tb": -0.4820096081402143, "tc": -0.544914577214958, "td": 0.15709148326289235}}, {"target": 0.6360575900389803, "params": {"ta": 0.5498410799108718, "tb": -0.2563433515446114, "tc": -1.101423384408966, "td": 0.23023017313245187}}, {"target": 0.5520583973974504, "params": {"ta": 0.7436074117546533, "tb": -1.1065389915799584, "tc": -0.944068649963757, "td": 0.31014660665537697}}, {"target": 0.7978000071875602, "params": {"ta": -0.007971763995494707, "tb": -0.9564100979071243, "tc": -0.4346087865221483, "td": 0.7822080803856107}}, {"target": 0.674491932284354, "params": {"ta": 0.5620505669683674, "tb": -1.0765628446786826, "tc": -0.571571240809739, "td": 0.41049652013009086}}, {"target": 0.5651026908160217, "params": {"ta": 0.5061550088788277, "tb": -1.0840994964732062, "tc": -0.27806947656014336, "td": 0.23683673043943576}}, {"target": 0.6827495390424901, "params": {"ta": 0.08944508209456237, "tb": -0.9124796386741004, "tc": -1.0126904573142117, "td": 0.7929282860208612}}, {"target": 0.4567623433114231, "params": {"ta": 0.07391483742341709, "tb": -0.6847796407016108, "tc": -0.8667052785702972, "td": -0.02774840210603402}}, {"target": 0.6003082381523169, "params": {"ta": 0.0470317194719182, "tb": -1.1093466875145888, "tc": -0.6504254179009724, "td": 0.3560996044774988}}, {"target": 0.42877159967611556, "params": {"ta": 0.08486508597215958, "tb": -0.8785735890488459, "tc": -0.4507068443762886, "td": -0.020345583174235182}}, {"target": 0.43747833430531646, "params": {"ta": 0.8123626526433707, "tb": -0.7466393549854672, "tc": -0.7004106040472764, "td": 0.7184367766407627}}, {"target": 0.6711918332611071, "params": {"ta": 0.24320093364622797, "tb": -0.5486218121136831, "tc": -0.97001567583991, "td": 0.8142821890161039}}, {"target": 0.42482698865138324, "params": {"ta": 0.621605527311137, "tb": -0.34196397331802564, "tc": -0.41152775410655196, "td": 0.7092272609304282}}, {"target": 0.763916627228347, "params": {"ta": 0.5102970429206385, "tb": -0.7986051178056305, "tc": -0.7158513824466365, "td": 0.5345485021514317}}, {"target": 0.47338329581111316, "params": {"ta": 0.13663307575396844, "tb": -0.4502219658859221, "tc": -1.1496467985301488, "td": 0.23453168164972493}}, {"target": 0.6694131407233301, "params": {"ta": 0.49033057264013635, "tb": -0.7008779243598774, "tc": -0.3284895048722396, "td": -0.005094787370478304}}, {"target": 0.6768767677835575, "params": {"ta": 0.6577878141547305, "tb": -0.5757352691725782, "tc": -0.5545591045791983, "td": 0.5147558223233418}}, {"target": 0.6173854942209901, "params": {"ta": 0.3904374109069979, "tb": -0.9667876308212391, "tc": -0.8194974087380436, "td": 0.8151531586776553}}, {"target": 0.3370489934239186, "params": {"ta": 0.07300310668338594, "tb": -0.9118040222973699, "tc": -0.27261273499049177, "td": -0.03815452837610356}}, {"target": 0.7460283248452808, "params": {"ta": 0.4679672830237672, "tb": -0.41532211449937617, "tc": -0.5008545131424881, "td": -0.02646061595043303}}, {"target": 0.7249748316569397, "params": {"ta": 0.1098922557849733, "tb": -0.8541197964215308, "tc": -0.24371993772298772, "td": 0.6315965603600353}}, {"target": 0.7165830346561075, "params": {"ta": 0.5023423383204191, "tb": -0.9056371389684583, "tc": -0.3853219875999341, "td": 0.4796020368957469}}, {"target": 0.7943728348641054, "params": {"ta": 0.8594057310977014, "tb": -0.617867602921048, "tc": -0.8889574042789237, "td": 0.149188892096342}}, {"target": 0.45681797088011933, "params": {"ta": 0.46747636522747504, "tb": -0.44753032941159154, "tc": -0.3589436529554433, "td": 0.8515183237913047}}, {"target": 0.37697811018761423, "params": {"ta": 0.5123913635493049, "tb": -0.22644423153469462, "tc": -0.1836166835065539, "td": 0.5930755848521889}}, {"target": 0.6092113590960297, "params": {"ta": 0.5292692248878589, "tb": -0.2260234992954372, "tc": -0.8847201412064771, "td": 0.5942886335586166}}, {"target": 0.5824841643315455, "params": {"ta": 0.3770381151418656, "tb": -0.6441220344216387, "tc": -0.2122119452172555, "td": -0.03643275667187029}}, {"target": 0.5183706717782643, "params": {"ta": 0.5290749151497729, "tb": -0.2060930820738841, "tc": -0.5524870951429072, "td": 0.6269365954459105}}, {"target": 0.7078519320507244, "params": {"ta": 0.7662428832021196, "tb": -0.9266978375591571, "tc": -1.0602711422009898, "td": -0.023190958744609635}}, {"target": 0.7984221086484231, "params": {"ta": 0.08272656857392757, "tb": -0.8866552862142764, "tc": -0.8010653146351079, "td": 0.7265312301277314}}, {"target": 0.39561455298445797, "params": {"ta": 0.3216546694576119, "tb": -0.9659666287320031, "tc": -0.26796544304970715, "td": -0.09044420484133986}}, {"target": 0.7378963086151449, "params": {"ta": 0.16308176673420904, "tb": -0.6421484373573288, "tc": -0.26472060295111677, "td": 0.6237246269872736}}, {"target": 0.8445543391417714, "params": {"ta": 0.48516617741396634, "tb": -0.6608428439756807, "tc": -0.6907503647573938, "td": 0.25280840286669964}}, {"target": 0.8267131152287068, "params": {"ta": 0.8839033309575651, "tb": -0.4677828884243215, "tc": -0.8786459005298313, "td": -0.11609666904243487}}, {"target": 0.8404700596099504, "params": {"ta": 0.7024297393801822, "tb": -0.5969328372040856, "tc": -0.7857158270429988, "td": -0.016463602707109722}}, {"target": 0.8446791174120627, "params": {"ta": 0.08924134803997168, "tb": -0.7510866587051334, "tc": -0.5757117709223124, "td": 0.6712893206607045}}, {"target": 0.8429369354871157, "params": {"ta": -0.11609666904243487, "tb": -0.8162814060199775, "tc": -0.6636000787633989, "td": 0.8839033309575651}}, {"target": 0.8414033571177115, "params": {"ta": 0.316156948904281, "tb": -0.6134450309007055, "tc": -0.597919268806522, "td": 0.4229166630591532}}, {"target": 0.8372126821570526, "params": {"ta": 0.8839033309575651, "tb": -0.6711447197822132, "tc": -0.7497671151979527, "td": -0.11609666904243487}}, {"target": 0.8377454185095103, "params": {"ta": 0.6699866490353307, "tb": -0.6788289661047535, "tc": -0.6912182841829819, "td": 0.1208189599697923}}, {"target": 0.8448077772614118, "params": {"ta": -0.03575034092173068, "tb": -0.7761578110873147, "tc": -0.6290245142433163, "td": 0.7837484563159305}}, {"target": 0.8416669657533942, "params": {"ta": 0.3325936306060796, "tb": -0.7324521286467743, "tc": -0.6610901780459741, "td": 0.41912282321161876}}, {"target": 0.8365626714225953, "params": {"ta": 0.8839033309575651, "tb": -0.6418196803518591, "tc": -0.9266430033022588, "td": -0.11609666904243487}}, {"target": 0.8414543644867338, "params": {"ta": -0.06254894747272777, "tb": -0.8053629800923262, "tc": -0.5569352685729355, "td": 0.8839033309575651}}, {"target": 0.8439520330753817, "params": {"ta": 0.2145983504165648, "tb": -0.691199985926173, "tc": -0.6367176766769499, "td": 0.5760207956839734}}, {"target": 0.8435602610793933, "params": {"ta": 0.6011005739144681, "tb": -0.5892479852601747, "tc": -0.7632876560027618, "td": 0.1790816171027381}}, {"target": 0.8413561751964869, "params": {"ta": -0.11609666904243487, "tb": -0.8830380568163515, "tc": -0.5752901046987302, "td": 0.8839033309575651}}, {"target": 0.8419834873258969, "params": {"ta": 0.8195860874577622, "tb": -0.5996678057409455, "tc": -0.8122245461069718, "td": -0.11609666904243487}}, {"target": 0.8430748802999, "params": {"ta": 0.4219284624612279, "tb": -0.6181315734146878, "tc": -0.7006431352837383, "td": 0.36306034871281057}}, {"target": 0.8443198367118302, "params": {"ta": 0.8411363655628827, "tb": -0.6038331020443879, "tc": -0.8049872669970557, "td": -0.03259281441123646}}, {"target": 0.8416472734101876, "params": {"ta": 0.4433800357986622, "tb": -0.6519729170374323, "tc": -0.6150933608264385, "td": 0.3316507441779105}}, {"target": 0.8421350364423511, "params": {"ta": 0.0744493647361344, "tb": -0.7103543062297818, "tc": -0.6565818811626454, "td": 0.6919114125017697}}, {"target": 0.8423726228159694, "params": {"ta": 0.16043023979263077, "tb": -0.6846644280432473, "tc": -0.5735931810635865, "td": 0.5474694736813506}}, {"target": 0.8439592206162583, "params": {"ta": 0.5597059033734175, "tb": -0.60013741052214, "tc": -0.6900452960014908, "td": 0.15760684740497236}}, {"target": 0.8432457920255775, "params": {"ta": 0.15707066619774307, "tb": -0.7712441195971218, "tc": -0.6284011955758326, "td": 0.5978266311906297}}, {"target": 0.8421910185071426, "params": {"ta": 0.7879314700241796, "tb": -0.6652604049435517, "tc": -0.813001728912512, "td": -0.024889236380395606}}, {"target": 0.8448807657848774, "params": {"ta": 0.7053845242742078, "tb": -0.5874053688227512, "tc": -0.7493880368293786, "td": 0.07321515468749618}}, {"target": 0.8442057231464308, "params": {"ta": 0.5441899490727988, "tb": -0.6174538164291394, "tc": -0.6954909256598573, "td": 0.2461215396696525}}, {"target": 0.844570900929543, "params": {"ta": -0.11609666904243487, "tb": -0.8036771072250425, "tc": -0.5927061668511492, "td": 0.8528573541057263}}, {"target": 0.8444824121052644, "params": {"ta": 0.6418706065947324, "tb": -0.636479481281168, "tc": -0.7659375409261406, "td": 0.10910842255353445}}, {"target": 0.8455903732337675, "params": {"ta": 0.270572422388285, "tb": -0.6797002608013738, "tc": -0.6408603001279809, "td": 0.48187524549978145}}, {"target": 0.8429818621940022, "params": {"ta": -0.0504919048761846, "tb": -0.8320646580015808, "tc": -0.6249922518119383, "td": 0.8688823197138089}}, {"target": 0.8456119481244954, "params": {"ta": 0.8839033309575651, "tb": -0.6112354632090529, "tc": -0.8283552738755039, "td": -0.11609666904243487}}, {"target": 0.8449523620701201, "params": {"ta": 0.036383714843598425, "tb": -0.7932311352718591, "tc": -0.6084670020149161, "td": 0.7354294782193607}}, {"target": 0.8443738267584588, "params": {"ta": 0.4527909722069923, "tb": -0.5996999574619162, "tc": -0.6742247203343504, "td": 0.2738202482634591}}, {"target": 0.8453870310762716, "params": {"ta": 0.35988078826679676, "tb": -0.652701503102118, "tc": -0.6621441462963288, "td": 0.37169267467247596}}, {"target": 0.8444571322690657, "params": {"ta": 0.7574991777453228, "tb": -0.6163751785123894, "tc": -0.7492514065673286, "td": -0.0008130897825292712}}, {"target": 0.8452918975237733, "params": {"ta": 0.11431636144576399, "tb": -0.71961941492523, "tc": -0.61730702730366, "td": 0.6233688336471999}}, {"target": 0.8452969388527, "params": {"ta": 0.7501317145807982, "tb": -0.6030876249609657, "tc": -0.7973329417320428, "td": 0.025166412587820538}}, {"target": 0.8451369595404533, "params": {"ta": 0.0032051227475412294, "tb": -0.7640839128781137, "tc": -0.5852148487860434, "td": 0.7663451529130043}}, {"target": 0.8452330387627238, "params": {"ta": 0.33726372529237875, "tb": -0.6628671258320716, "tc": -0.6586700650433092, "td": 0.4309307691033874}}, {"target": 0.8449267711487501, "params": {"ta": 0.03087066015944445, "tb": -0.7527808863667751, "tc": -0.6029436205491848, "td": 0.6994235962917579}}, {"target": 0.8448943013015654, "params": {"ta": -0.11609666904243487, "tb": -0.7901218038597608, "tc": -0.6088177803508591, "td": 0.8839033309575651}}, {"target": 0.8452856755399715, "params": {"ta": 0.5607942025807645, "tb": -0.6328426181481328, "tc": -0.7285955053479457, "td": 0.19256815987677284}}, {"target": 0.8454924014761778, "params": {"ta": 0.6226907003489336, "tb": -0.609401451979491, "tc": -0.7259779399042144, "td": 0.14124266365861868}}, {"target": 0.8454338226178502, "params": {"ta": 0.22246387717430885, "tb": -0.710314189863167, "tc": -0.6181161812885474, "td": 0.5286603363540353}}, {"target": 0.8454145691889494, "params": {"ta": 0.43263408070478915, "tb": -0.6527727111999978, "tc": -0.6849373507114247, "td": 0.3217211946963475}}, {"target": 0.8452753126363699, "params": {"ta": 0.4999367523521839, "tb": -0.620725425880358, "tc": -0.7155253463623241, "td": 0.2502503033009577}}, {"target": 0.8454232625589712, "params": {"ta": 0.7094722000965067, "tb": -0.6205949398865167, "tc": -0.7654945435584873, "td": 0.05342575400928742}}, {"target": 0.8452990221657404, "params": {"ta": 0.30706315575217863, "tb": -0.6777660347571633, "tc": -0.6252931882006881, "td": 0.43712610497942805}}, {"target": 0.8454920925064242, "params": {"ta": 0.07743801030521613, "tb": -0.7520542917217445, "tc": -0.6132213351727158, "td": 0.6931023047952329}}, {"target": 0.8455502666752759, "params": {"ta": 0.16359237468497334, "tb": -0.7180797156078332, "tc": -0.6089609282481785, "td": 0.5959692823860879}}, {"target": 0.8455978237879145, "params": {"ta": -0.11609666904243487, "tb": -0.8252063528359886, "tc": -0.6070560136034218, "td": 0.8839033309575651}}, {"target": 0.8454574514679978, "params": {"ta": 0.8589848955752408, "tb": -0.614800502530007, "tc": -0.8302805500857745, "td": -0.08336297841394068}}, {"target": 0.845492144332919, "params": {"ta": -0.04273022266692573, "tb": -0.8012831144528298, "tc": -0.5958034909574818, "td": 0.8055030699084159}}, {"target": 0.8454363845394647, "params": {"ta": 0.19053607176541956, "tb": -0.698951384680808, "tc": -0.6315429149927607, "td": 0.5514952678094589}}, {"target": 0.8450739039090547, "params": {"ta": 0.8839033309575651, "tb": -0.5935991629679885, "tc": -0.8078750071426596, "td": -0.10496158573724423}}, {"target": 0.8455278264119823, "params": {"ta": 0.6528938319866482, "tb": -0.6007024365836228, "tc": -0.7448660105205996, "td": 0.09597943662995176}}, {"target": 0.8455042314722673, "params": {"ta": 0.3846522951576829, "tb": -0.6554375119970743, "tc": -0.6551470183568107, "td": 0.3736149790655221}}, {"target": 0.8456166336370006, "params": {"ta": 0.7917353288820019, "tb": -0.602353593693273, "tc": -0.7966318575280457, "td": -0.02899498094422514}}, {"target": 0.845604227622648, "params": {"ta": -0.07769993504783268, "tb": -0.8017231415878494, "tc": -0.6085544360275321, "td": 0.8468073069921501}}, {"target": 0.8454162189790653, "params": {"ta": 0.2371021310701661, "tb": -0.6775741444047992, "tc": -0.6208432351898867, "td": 0.5100036596154052}}, {"target": 0.8455762630783132, "params": {"ta": 0.5269314320108934, "tb": -0.6180816270389978, "tc": -0.699558946137922, "td": 0.2185104380612432}}, {"target": 0.8455577790850046, "params": {"ta": 0.4093150201943764, "tb": -0.636887951827205, "tc": -0.6647652113562704, "td": 0.33356314662741926}}, {"target": 0.845597994367767, "params": {"ta": 0.47049494230414923, "tb": -0.632019500652928, "tc": -0.684014543296359, "td": 0.28496391084871464}}, {"target": 0.8454750784205471, "params": {"ta": 0.2994841193796279, "tb": -0.6655708849815107, "tc": -0.6495142749146838, "td": 0.43867605522714953}}, {"target": 0.8455631769519547, "params": {"ta": 0.03095402722714316, "tb": -0.7602906873638207, "tc": -0.6087640032622776, "td": 0.7354682077902547}}, {"target": 0.8455804445541815, "params": {"ta": 0.11696623651260203, "tb": -0.7385431875227859, "tc": -0.614214990316632, "td": 0.6459372865102804}}, {"target": 0.8456234771583617, "params": {"ta": 0.58505939239675, "tb": -0.6108635687410223, "tc": -0.7239368085774908, "td": 0.16867097346399842}}, {"target": 0.8455779495878584, "params": {"ta": 0.753675253411061, "tb": -0.5968642966083945, "tc": -0.7780892661859629, "td": 0.011040229822783678}}, {"target": 0.8454757528965406, "params": {"ta": 0.24284652997727116, "tb": -0.6977336286401633, "tc": -0.6415396555123714, "td": 0.5087999115840133}}, {"target": 0.8455398735931763, "params": {"ta": -0.02185739498624161, "tb": -0.7854495449131683, "tc": -0.6067100188907939, "td": 0.7969205756769885}}, {"target": 0.8454987113575132, "params": {"ta": 0.8376822358708417, "tb": -0.6142836386790071, "tc": -0.8026459348604477, "td": -0.06996603315762225}}, {"target": 0.8456163185482246, "params": {"ta": 0.3432133947454263, "tb": -0.6607673664434293, "tc": -0.6474499791418385, "td": 0.403051845581442}}, {"target": 0.8455334387531775, "params": {"ta": 0.6702031030676037, "tb": -0.6079553414239224, "tc": -0.7568378260663516, "td": 0.09879053686313259}}, {"target": 0.8455665499173256, "params": {"ta": 0.15636773720570615, "tb": -0.718219122277807, "tc": -0.6245529267251927, "td": 0.5985497624840106}}, {"target": 0.8453417345143542, "params": {"ta": 0.8839033309575651, "tb": -0.6252257253752553, "tc": -0.8257840399623662, "td": -0.10436282936313107}}, {"target": 0.8456026630297562, "params": {"ta": 0.6165046292430331, "tb": -0.608850860043976, "tc": -0.7377651622462961, "td": 0.13474633234302902}}, {"target": 0.8455937874416406, "params": {"ta": -0.00363737005235374, "tb": -0.7811527364617623, "tc": -0.6037510423165113, "td": 0.7618802366248598}}, {"target": 0.8455848326595579, "params": {"ta": 0.7735309944581393, "tb": -0.6114083750979844, "tc": -0.7891912001117917, "td": -0.00661518284596154}}, {"target": 0.845586927804504, "params": {"ta": 0.7025687379438118, "tb": -0.6005160924301391, "tc": -0.7694650440470971, "td": 0.05595704938757017}}, {"target": 0.8455913100021437, "params": {"ta": 0.2793528053103843, "tb": -0.6838157715983463, "tc": -0.6326726803486636, "td": 0.4743475991948371}}, {"target": 0.8455816869355723, "params": {"ta": 0.08625120439782011, "tb": -0.7482414985167357, "tc": -0.6124590511075916, "td": 0.6668357563472681}}, {"target": 0.8454607660310998, "params": {"ta": 0.08898717688687229, "tb": -0.729914