{"all": [{"target": 0.879378151572443, "params": {"ta": -0.10162758911393877, "tb": -0.6286815242262818, "tc": -0.892480494886632, "td": 0.8030064452528053}}, {"target": 0.6970945010149285, "params": {"ta": 0.4821177547000901, "tb": -0.1777890114864703, "tc": -1.01880343148459, "td": 0.16297702872747433}}, {"target": 0.9582186015742787, "params": {"ta": 0.32395741787967447, "tb": -0.7594481629723924, "tc": -0.529899394066046, "td": 0.6343358228382767}}, {"target": 0.9362297058409137, "params": {"ta": 0.8626426357881263, "tb": -0.7954833992194928, "tc": -0.65135384641624, "td": -0.099314028891335}}, {"target": 0.6233670435729299, "params": {"ta": 0.8405288029312312, "tb": -0.4633648174935885, "tc": -0.15438989926919233, "td": -0.07360760908992248}}, {"target": 0.429481340410038, "params": {"ta": -0.06628672101841604, "tb": -0.6934379194719459, "tc": -1.1408307950304584, "td": 0.1861054847931659}}, {"target": 0.7345339941999806, "params": {"ta": 0.399007415744424, "tb": -0.45394170796718136, "tc": -1.1131993963736349, "td": 0.6495110793226809}}, {"target": 0.47003876498274716, "params": {"ta": 0.07079781549539266, "tb": -0.33884258593058225, "tc": -1.1437376911449255, "td": 0.2891734348641898}}, {"target": 0.7988000271675991, "params": {"ta": 0.37404754503808857, "tb": -0.1827428655693598, "tc": -0.6621528050896263, "td": 0.35565893516659286}}, {"target": 0.6813439754057471, "params": {"ta": 0.8408767313132616, "tb": -0.8346514982600619, "tc": -1.1336281414810148, "td": 0.3255797110398141}}, {"target": 0.47803162727438653, "params": {"ta": 0.03137224338822009, "tb": -0.448603677371332, "tc": -1.0617401621720584, "td": 0.16654476110045124}}, {"target": 0.601284181266048, "params": {"ta": 0.6775996207798877, "tb": -0.6677894360376775, "tc": -1.0506264112651318, "td": 0.7049638280347084}}, {"target": 0.7222502524371629, "params": {"ta": 0.38120142836438875, "tb": -0.9990166968999751, "tc": -0.7681223124895367, "td": 0.007521673657453376}}, {"target": 0.823621167235713, "params": {"ta": 0.13712256288614344, "tb": -0.5768660559592723, "tc": -1.0105247320978332, "td": 0.6958736890179722}}, {"target": 0.7840211330826727, "params": {"ta": -0.10536511359927847, "tb": -0.33152773671103153, "tc": -0.2714226798767668, "td": 0.5245371057542335}}, {"target": 0.8798520972186836, "params": {"ta": 0.32333646301541263, "tb": -0.966779778878865, "tc": -0.7370239029661141, "td": 0.32417576892683786}}, {"target": 0.9009098449437558, "params": {"ta": 0.45541469043889304, "tb": -0.596466511666274, "tc": -0.9808564640851654, "td": 0.2347872814755262}}, {"target": 0.7568622347052489, "params": {"ta": 0.29970981346142356, "tb": -0.34968869753262777, "tc": -0.4755549473533749, "td": 0.7203350239633707}}, {"target": 0.8551809336344255, "params": {"ta": 0.021442227959633353, "tb": -0.4771814411972436, "tc": -0.27596970388775843, "td": 0.5282373278092448}}, {"target": 0.7321198756383469, "params": {"ta": 0.4698366976186551, "tb": -0.7284821343570901, "tc": -0.9251853964722535, "td": 0.7768073101782934}}, {"target": 0.8819313695606898, "params": {"ta": 0.30909919022583154, "tb": -0.7902677839801039, "tc": -0.43833319381146374, "td": 0.2414948982066627}}, {"target": 0.5321045503357693, "params": {"ta": 0.6350782636136728, "tb": -0.8451994407952697, "tc": -1.00787720627247, "td": 0.7754740624458973}}, {"target": 0.7755167666929392, "params": {"ta": 0.13843887896692164, "tb": -0.795544263520117, "tc": -0.8873304788157673, "td": 0.23493851747039984}}, {"target": 0.9539187921894281, "params": {"ta": 0.33643819296053157, "tb": -0.6109161096390414, "tc": -0.5070516470158433, "td": 0.5708439068183347}}, {"target": 0.9296770012907309, "params": {"ta": 0.06968717748594544, "tb": -0.6626968523105534, "tc": -0.567253288469443, "td": 0.4216197411969971}}, {"target": 0.8711303885111886, "params": {"ta": 0.2536106192167976, "tb": -1.0652453557946318, "tc": -0.5391366352456912, "td": 0.5613855405363428}}, {"target": 0.8499006335867795, "params": {"ta": 0.31751356363011285, "tb": -0.4736165253339627, "tc": -0.4123660079784768, "td": 0.633693915646842}}, {"target": 0.9416378394892708, "params": {"ta": 0.5556311442191946, "tb": -0.6112241353330348, "tc": -0.7190221230222344, "td": -0.02837694464111218}}, {"target": 0.7598905113346326, "params": {"ta": -0.016550148622583416, "tb": -0.6063055049514562, "tc": -1.0747566492676763, "td": 0.7467248097805355}}, {"target": 0.8613568291524544, "params": {"ta": 0.6988325230127382, "tb": -0.2830280803836758, "tc": -0.9699900820036367, "td": 0.09921031411124126}}, {"target": 0.4169274150828898, "params": {"ta": -0.052975267128485104, "tb": -0.26676065440026375, "tc": -0.6681515134409877, "td": -0.06811090682104204}}, {"target": 0.6153967071692175, "params": {"ta": 0.19072467786076097, "tb": -0.8803027756807832, "tc": -0.16619341451571423, "td": 0.2084244634330279}}, {"target": 0.7633461225418063, "params": {"ta": 0.7897596745960852, "tb": -1.0259622863391076, "tc": -1.1028841749052916, "td": -0.09347432137598977}}, {"target": 0.9356323218808774, "params": {"ta": 0.2959055535407147, "tb": -0.9444634944369376, "tc": -0.6537428478716498, "td": 0.5688452057648592}}, {"target": 0.8767269601665397, "params": {"ta": 0.5487304690120892, "tb": -0.39303906496976326, "tc": -0.40480299360547334, "td": 0.07448074124400639}}, {"target": 0.8969700451859526, "params": {"ta": 0.7583565561869844, "tb": -0.3354631106818121, "tc": -0.9633086913576395, "td": 0.004479140724567676}}, {"target": 0.6679370289241129, "params": {"ta": 0.0704717105717988, "tb": -0.5824022923341551, "tc": -0.1813553408887707, "td": 0.12367299957718114}}, {"target": 0.5499840402618654, "params": {"ta": 0.0386233287971498, "tb": -0.8339963870163094, "tc": -1.0458087898757689, "td": 0.13516894580848715}}, {"target": 0.9227219241444087, "params": {"ta": 0.8339131809905861, "tb": -0.5362494720966724, "tc": -0.8635452040333627, "td": 0.2288099419974382}}, {"target": 0.8564624833702156, "params": {"ta": 0.2325565898281171, "tb": -0.47494301533849514, "tc": -0.6720041528044548, "td": 0.7978516960280929}}, {"target": 0.834739863527495, "params": {"ta": 0.07020480955360586, "tb": -1.0946627164528484, "tc": -0.6576344321844755, "td": 0.547427029397196}}, {"target": 0.8371632581896139, "params": {"ta": 0.46246706479973565, "tb": -0.7806735703471613, "tc": -0.8503762949747584, "td": -0.037944930993850656}}, {"target": 0.775508858384154, "params": {"ta": 0.19527696578880827, "tb": -0.9223637375080809, "tc": -0.8878012740594772, "td": 0.230286773319206}}, {"target": 0.4993879703114203, "params": {"ta": 0.7690648464146599, "tb": -0.658624272361046, "tc": -0.31506681239257406, "td": 0.702984580257663}}, {"target": 0.4357444276450291, "params": {"ta": 0.8245670547115317, "tb": -0.9582449558903691, "tc": -0.6747071177155829, "td": 0.7813748605183076}}, {"target": 0.8571693742361268, "params": {"ta": 0.719562290113219, "tb": -0.8741880343854495, "tc": -0.960670928978129, "td": 0.21958350573496943}}, {"target": 0.5807747343717302, "params": {"ta": 0.6161060009418049, "tb": -0.4097231190644324, "tc": -0.7628994046628681, "td": 0.8210768165649388}}, {"target": 0.8890612291991045, "params": {"ta": 0.09007119894975091, "tb": -0.42760243458736347, "tc": -0.6601543457539252, "td": 0.7231158412626968}}, {"target": 0.8130549060022116, "params": {"ta": 0.5722944988081106, "tb": -1.034423962521144, "tc": -0.47758406722528635, "td": 0.35844411391613284}}, {"target": 0.4621612865713782, "params": {"ta": 0.8409146680855724, "tb": -0.2897294164123797, "tc": -0.6308129021482096, "td": 0.6649414858982958}}, {"target": 0.5920618718395101, "params": {"ta": 0.3253461395457804, "tb": -0.30343090875057, "tc": -0.41021819144512206, "td": 0.8401914005402176}}, {"target": 0.2733524935048641, "params": {"ta": 0.8539518783240289, "tb": -0.46064594711298146, "tc": -0.2283173170128856, "td": 0.7396463571067313}}, {"target": 0.3087604921871349, "params": {"ta": 0.1410846551186382, "tb": -0.17155090618070246, "tc": -1.09028827828614, "td": -0.017441656364742153}}, {"target": 0.6062622892404833, "params": {"ta": 0.8584335040783809, "tb": -0.4414039160495943, "tc": -0.8068894391504546, "td": 0.6016490379781404}}, {"target": 0.6379947768497496, "params": {"ta": 0.7327155925914628, "tb": -0.3249898447630807, "tc": -0.44939052806708457, "td": 0.46347165098003473}}, {"target": 0.7469518679916582, "params": {"ta": 0.3018474249595947, "tb": -1.037374240481732, "tc": -0.16174987403056285, "td": 0.6493019673153508}}, {"target": 0.5173627466150804, "params": {"ta": 0.014071208813215441, "tb": -0.7075669530454732, "tc": -0.5832495895364549, "td": -0.02263940898406669}}, {"target": 0.7156507995635232, "params": {"ta": 0.4169310766386244, "tb": -0.7605717971708301, "tc": -0.4124397221039585, "td": -0.09227312739956517}}, {"target": 0.916558137662193, "params": {"ta": 0.33770693840409105, "tb": -0.4370941599155891, "tc": -0.699068284380802, "td": 0.5604904092697977}}, {"target": 0.883362705222929, "params": {"ta": 0.5414037035917977, "tb": -0.7865771832468058, "tc": -0.9336012943476372, "td": 0.4211588400328862}}, {"target": 0.6609220581739272, "params": {"ta": 0.039707368676663246, "tb": -0.8992137614412081, "tc": -1.1370696656003991, "td": 0.41151482055378164}}, {"target": 0.916330638432269, "params": {"ta": -0.04312070848583327, "tb": -1.0575716713494474, "tc": -0.449946386263975, "td": 0.8371397091267497}}, {"target": 0.774553840961145, "params": {"ta": 0.6761433611538854, "tb": -0.648296115367236, "tc": -0.3072929153479582, "td": -0.1072942866653761}}, {"target": 0.9542121973456207, "params": {"ta": 0.4915166185345454, "tb": -0.7265556581750655, "tc": -0.49096080599475656, "td": 0.281530152098843}}, {"target": 0.9877573727358535, "params": {"ta": -0.11609666904243487, "tb": -0.7516421021828444, "tc": -0.5200792855572762, "td": 0.8839033309575651}}, {"target": 0.9998062020303459, "params": {"ta": 0.052280611008788024, "tb": -0.769079341070413, "tc": -0.6144467598028042, "td": 0.7316432706529341}}, {"target": 0.9993084436933851, "params": {"ta": 0.4928343032989638, "tb": -0.6072750245540246, "tc": -0.7003028702526071, "td": 0.274618813851035}}, {"target": 0.9889073071857822, "params": {"ta": 0.8839033309575651, "tb": -0.5276888973789483, "tc": -0.7512880046426531, "td": -0.11609666904243487}}, {"target": 0.9966465237712075, "params": {"ta": 0.7412252962232924, "tb": -0.590966330014596, "tc": -0.7177559779922138, "td": 0.06479646417890013}}, {"target": 0.9983246916498967, "params": {"ta": 0.30008724387430663, "tb": -0.6895526697001902, "tc": -0.6710270695136694, "td": 0.46037994140032434}}, {"target": 0.994697351295409, "params": {"ta": 0.8839033309575651, "tb": -0.6386286932730623, "tc": -0.8817755082081232, "td": -0.11609666904243487}}, {"target": 0.9899194964436755, "params": {"ta": -0.11609666904243487, "tb": -0.8860739960807712, "tc": -0.679384180868791, "td": 0.8839033309575651}}, {"target": 0.9811500181325458, "params": {"ta": -0.11609666904243487, "tb": -0.8013797927326627, "tc": -0.5836169119618413, "td": 0.7655149653824087}}, {"target": 0.9920046458788145, "params": {"ta": -0.003842182829716262, "tb": -0.8265164141496714, "tc": -0.6128130392950984, "td": 0.8839033309575651}}, {"target": 0.9981880448221538, "params": {"ta": 0.7865736759737952, "tb": -0.610230149933586, "tc": -0.8179469552719791, "td": -0.027451022935758813}}, {"target": 0.9997079255001592, "params": {"ta": 0.17596835796872812, "tb": -0.7086123733014729, "tc": -0.6257147381246051, "td": 0.5971947455028728}}, {"target": 0.997904274186133, "params": {"ta": 0.6221950547964451, "tb": -0.6458826680138708, "tc": -0.7523560847164146, "td": 0.16679364534088315}}, {"target": 0.9946601113530078, "params": {"ta": 0.3619259333212625, "tb": -0.6073575169511625, "tc": -0.6043666713324273, "td": 0.35778658100334076}}, {"target": 0.9953101704118285, "params": {"ta": 0.8839033309575651, "tb": -0.6141072118392737, "tc": -0.8075798982263144, "td": -0.026231782807764174}}, {"target": 0.9948011882397677, "params": {"ta": 0.6161385262508439, "tb": -0.5371451435366466, "tc": -0.7263280695599146, "td": 0.15473041604847804}}, {"target": 0.9951646065983675, "params": {"ta": 0.11050580241748408, "tb": -0.7502630119890874, "tc": -0.5365774010334947, "td": 0.6577420493471203}}, {"target": 0.9981551304769622, "params": {"ta": 0.4239807547183097, "tb": -0.6862161572025657, "tc": -0.6634629842845654, "td": 0.36573785453500074}}, {"target": 0.9954988861152161, "params": {"ta": -0.11198220348013165, "tb": -0.7687111262817127, "tc": -0.6408858285692846, "td": 0.8839033309575651}}, {"target": 0.9970914951574481, "params": {"ta": 0.25749164000573177, "tb": -0.7187864982203614, "tc": -0.5837074008726935, "td": 0.4995872921543456}}, {"target": 0.9979398093975275, "params": {"ta": 0.5702768812981736, "tb": -0.6170918014030804, "tc": -0.6653200591959759, "td": 0.1921819594676701}}, {"target": 0.9960263445347697, "params": {"ta": 0.0468744065659187, "tb": -0.7019438204669701, "tc": -0.5886517511603881, "td": 0.7235194866807105}}, {"target": 0.9973245210434682, "params": {"ta": 0.8680288931567525, "tb": -0.6291477345680248, "tc": -0.7925236174178757, "td": -0.11609666904243487}}, {"target": 0.9975138314195818, "params": {"ta": 0.8839033309575651, "tb": -0.5665202398758016, "tc": -0.8441309014121545, "td": -0.11320073202966505}}, {"target": 0.9993863116668552, "params": {"ta": 0.7044845889655998, "tb": -0.6009101443756523, "tc": -0.7809109827149684, "td": 0.0764491902574036}}, {"target": 0.9977760023711073, "params": {"ta": 0.47713827065381964, "tb": -0.6610473897397415, "tc": -0.6918723483650201, "td": 0.2621387039433213}}, {"target": 0.998748306069944, "params": {"ta": 0.24605884423300278, "tb": -0.6575902044975999, "tc": -0.6186008750561117, "td": 0.5156102875845835}}, {"target": 0.9988922044123104, "params": {"ta": 0.12658888438566665, "tb": -0.7475225580332223, "tc": -0.6149990389466952, "td": 0.6841608281718529}}, {"target": 0.9999259239577556, "params": {"ta": -0.029165657607131985, "tb": -0.7882298950902755, "tc": -0.6005618656503801, "td": 0.8169641982413222}}, {"target": 0.998810294753918, "params": {"ta": -0.11292678383998485, "tb": -0.8403749306897101, "tc": -0.585805171367311, "td": 0.8839033309575651}}, {"target": 0.9986250965140683, "params": {"ta": 0.39658102056660305, "tb": -0.6365813734926719, "tc": -0.6913285438792398, "td": 0.36502954935823606}}, {"target": 0.9996568800364578, "params": {"ta": 0.6566246685095507, "tb": -0.6112535508890862, "tc": -0.7264420033034857, "td": 0.10875037697131175}}, {"target": 0.9982264684245229, "params": {"ta": 0.7523585111034241, "tb": -0.6422705081934761, "tc": -0.7699185461121534, "td": 0.03474246146492247}}, {"target": 0.9998342849683778, "params": {"ta": 0.3423975179060197, "tb": -0.6641113439164326, "tc": -0.6318294571027631, "td": 0.43152146474035935}}, {"target": 0.9995898745208808, "params": {"ta": 0.46069459813756003, "tb": -0.630959822072265, "tc": -0.6560530703918331, "td": 0.31290684198552465}}, {"target": 0.9994186505577963, "params": {"ta": 0.10116979807295758, "tb": -0.7378939970156575, "tc": -0.613247847410157, "td": 0.6533538157107479}}, {"target": 0.9992048016138196, "params": {"ta": 0.5423622968848565, "tb": -0.6351354214879888, "tc": -0.7026376957419475, "td": 0.2550758997523294}}, {"target": 0.9996082924320892, "params": {"ta": 0.7788631383156042, "tb": -0.5835522352997043, "tc": -0.7736709224263573, "td": 9.480031416503253e-05}}, {"target": 0.9994490160851744, "params": {"ta": 0.24968968670041058, "tb": -0.708372139979227, "tc": -0.63364522657895, "td": 0.5409216538123195}}, {"target": 0.9993276834576931, "params": {"ta": 0.02390015090356362, "tb": -0.7819391310201333, "tc": -0.5752636460461115, "td": 0.7665453889307268}}, {"target": 0.9997722396743249, "params": {"ta": 0.5700105870781308, "tb": -0.6093777985899574, "tc": -0.7212598333177183, "td": 0.1943839667114822}}, {"target": 0.9996264557861708, "params": {"ta": 0.17233904553596693, "tb": -0.7367212219350682, "tc": -0.6003396126020989, "td": 0.6043804308268188}}, {"target": 0.9998998128579203, "params": {"ta": 0.8434468921302728, "tb": -0.5962008062638725, "tc": -0.8049865112878778, "td": -0.06253081306435689}}, {"target": 0.9996458010981221, "params": {"ta": 0.6403955779199301, "tb": -0.6029338719387091, "tc": -0.7315873127894098, "td": 0.15346450001943404}}, {"target": 0.9996593919465814, "params": {"ta": 0.3748819571550011, "tb": -0.6630959056748671, "tc": -0.6465469213050565, "td": 0.3784119843295874}}, {"target": 0.999450043262613, "params": {"ta": 0.14666963791819285, "tb": -0.7101947532853865, "tc": -0.5947655149196726, "td": 0.6285308803071049}}, {"target": 0.9999186465049612, "params": {"ta": 0.07662627602446752, "tb": -0.7558733410987193, "tc": -0.5932593714723443, "td": 0.7031241126702541}}, {"target": 0.9996964234258741, "params": {"ta": 0.010324195818804453, "tb": -0.7688093748829039, "tc": -0.6089227501866, "td": 0.7791656968146533}}, {"target": 0.9999017594135925, "params": {"ta": -0.08416257714177161, "tb": -0.8164945900389639, "tc": -0.607032052472061, "td": 0.8839033309575651}}, {"target": 0.9997269945565044, "params": {"ta": -0.05753496167820797, "tb": -0.8194827450804617, "tc": -0.6113826007718246, "td": 0.8441918545008393}}, {"target": 0.9997358717820197, "params": {"ta": 0.7217244188880929, "tb": -0.5978903188615675, "tc": -0.7573450947004996, "td": 0.04415303723153085}}, {"target": 0.9999690056450293, "params": {"ta": 0.29358831382457723, "tb": -0.6804338036356599, "tc": -0.6274769520341817, "td": 0.47849660993032317}}, {"target": 0.9998263795731024, "params": {"ta": 0.5195125733427208, "tb": -0.6169367354097471, "tc": -0.6836936108429309, "td": 0.24294612606513052}}, {"target": 0.9999356666948214, "params": {"ta": 0.2080665154490536, "tb": -0.7039054220452025, "tc": -0.6101539022169937, "td": 0.5592033162413887}}, {"target": 0.999814307255077, "params": {"ta": 0.39556566668251714, "tb": -0.6451991181746238, "tc": -0.6517819409221475, "td": 0.382539482601623}}, {"target": 0.9999411800125588, "params": {"ta": 0.690007628134545, "tb": -0.603718608806838, "tc": -0.7498416379396488, "td": 0.09664561694105815}}, {"target": 0.999803165722687, "params": {"ta": -0.0016700567625953552, "tb": -0.798585225873246, "tc": -0.605375862929413, "td": 0.786117121845467}}, {"target": 0.9999963148338418, "params": {"ta": 0.8839033309575651, "tb": -0.6049469755730488, "tc": -0.8210659344018743, "td": -0.0911506031933286}}, {"target": 0.9999826624406005, "params": {"ta": 0.4319405777100176, "tb": -0.6429134099065228, "tc": -0.6684566028220942, "td": 0.3329401528602062}}, {"target": 0.999803217275817, "params": {"ta": 0.7604512777554048, "tb": -0.5967942719198682, "tc": -0.782741785869582, "td": 0.0352318133733466}}, {"target": 0.9998800025819197, "params": {"ta": 0.8076087399625941, "tb": -0.6076852890938398, "tc": -0.7855365204926815, "td": -0.02173794749061374}}, {"target": 0.9998860217410335, "params": {"ta": 0.4769070505712911, "tb": -0.6376037012008848, "tc": -0.6862724776983447, "td": 0.299607969456575}}, {"target": 0.9999491248893454, "params": {"ta": 0.6109660423459256, "tb": -0.6087652582065266, "tc": -0.7227007573608393, "td": 0.15629338413786334}}, {"target": 0.9998353480137236, "params": {"ta": 0.2432758099149758, "tb": -0.6959444748476107, "tc": -0.6292559372485657, "td": 0.5166173870001425}}, {"target": 0.999871540541379, "params": {"ta": 0.6503657687105044, "tb": -0.600894279052359, "tc": -0.7465380769079764, "td": 0.12266544434720776}}, {"target": 0.9999280434825039, "params": {"ta": 0.34992787367374206, "tb": -0.6576401960494644, "tc": -0.6516683101345708, "td": 0.4184658534141059}}, {"target": 0.9999122945180741, "params": {"ta": -0.06420744224240761, "tb": -0.8065165152208379, "tc": -0.5929933603929396, "td": 0.8540523862460134}}, {"target": 0.9998687657596471, "params": {"ta": 0.8585229602361913, "tb": -0.6093140390051344, "tc": -0.8198276888417514, "td": -0.07196777974656184}}, {"target": 0.9999958764341771, "params": {"ta": 0.5527727388383273, "tb": -0.6191973674177828, "tc": -0.7054858282189391, "td": 0.21861167449496885}}, {"target": 0.9999710298866823, "params": {"ta": 0.1383739353316986, "tb": -0.737994431763936, "tc": -0.6085274215507646, "td": 0.6384385879464164}}, {"target": 0.9999086234868906, "params": {"ta": 0.029914288735808446, "tb": -0.768493984352536, "tc": -0.5982009782704455, "td": 0.7434778803015216}}, {"target": 0.9998775515149263, "params": {"ta": 0.3089252127342719, "tb": -0.665948405222962, "tc": -0.6332234604801866, "td": 0.45012337133641}}, {"target": 0.9999582438064003, "params": {"ta": 0.5908946028729631, "tb": -0.6119252630627569, "tc": -0.7140330677800537, "td": 0.1882822213697327}}, {"target": 0.9999556929144636, "params": {"ta": 0.7631089893935243, "tb": -0.603677108541174, "tc": -0.7738650814747824, "td": 0.016369017805696}}, {"target": 0.9999683869778692, "params": {"ta": 0.09794272871594639, "tb": -0.743259994753055, "tc": -0.6002696893525259, "td": 0.6807015326232699}}, {"target": 0.9998592552491165, "params": {"ta": 0.3300767393395386, "tb": -0.6805893452093321, "tc": -0.6386243383686806, "td": 0.442781345355806}}, {"target": 0.9999774412013722, "params": {"ta": 0.49654229306961545, "tb": -0.6292756409590471, "tc": -0.6812359527299612, "td": 0.27290901777710225}}, {"target": 0.9999056488441644, "params": {"ta": 0.050710276528484276, "tb": -0.7673071448328166, "tc": -0.5987213407131092, "td": 0.7409187801448975}}, {"target": 0.99988388973019, "params": {"ta": -0.10109757238168433, "tb": -0.8183270229140154, "tc": -0.6090509044710621, "td": 0.8839033309575651}}, {"target": 0.9999808544698752, "params": {"ta": 0.27616272274691195, "tb": -0.6855760716952262, "tc": -0.6287347926935583, "td": 0.49782890645406547}}, {"target": 0.9999853420941991, "params": {"ta": 0.20276775677822473, "tb": -0.7125286619826269, "tc": -0.6163870444583038, "td": 0.5728483928132678}}, {"target": 0.9999855686777992, "params": {"ta": 0.7149778087094799, "tb": -0.6036874465359862, "tc": -0.7586266849590718, "t