{"all": [{"target": 0.5976509191878101, "params": {"ta": 0.5726492194700179, "tb": -0.7533532628265113, "tc": -0.42208913388613345, "td": -0.03766295017338167}}, {"target": 0.9368217479595772, "params": {"ta": 0.6136569697316272, "tb": -0.06102247078094636, "tc": -0.44054625820038273, "td": 0.17945827625224092}}, {"target": 0.8644180797525925, "params": {"ta": 0.5831429616098762, "tb": -0.47254157035455513, "tc": -0.7508622978510904, "td": 0.2351649958174264}}, {"target": 0.9719930601804839, "params": {"ta": -0.1785061886775005, "tb": -0.13244776155578386, "tc": 0.1293430248849301, "td": 0.1515486891364713}}, {"target": 0.2787273146284945, "params": {"ta": -0.23812968266685725, "tb": 0.211316461132791, "tc": -0.7329197901846777, "td": 0.07104863507775966}}, {"target": 0.8626292809595794, "params": {"ta": -0.06746390010474285, "tb": 0.21534186617581164, "tc": 0.10585974273370247, "td": 0.15431839593728985}}, {"target": 0.4185007971167678, "params": {"ta": -0.10145205507664629, "tb": 0.024126835660207346, "tc": -0.7505701669779724, "td": 0.2770995658724505}}, {"target": 0.8077172328600812, "params": {"ta": -0.01651853192045466, "tb": -0.06781885751168615, "tc": -0.29227020651879476, "td": 0.4408923451018925}}, {"target": 0.7028091544859302, "params": {"ta": -0.21370781248248477, "tb": -0.16630130994229264, "tc": -0.30539353320672413, "td": 0.5689370654193291}}, {"target": 0.8389711949103057, "params": {"ta": 0.3655649041083872, "tb": -0.5235491734336022, "tc": -0.14242654151853473, "td": 0.13648318233630058}}, {"target": 0.7234016279513243, "params": {"ta": 0.09719525545964608, "tb": -0.3089337502924523, "tc": -0.6895284304105497, "td": 0.4619350140578575}}, {"target": 0.6019533658110665, "params": {"ta": -0.061665490356763775, "tb": 0.21412462101979168, "tc": -0.30481073294733196, "td": 0.3781282125527073}}, {"target": 0.9589836327422563, "params": {"ta": 0.3790816699845107, "tb": -0.037785348577041966, "tc": -0.5129366295172253, "td": -0.08531344655433165}}, {"target": 0.7037037573337646, "params": {"ta": 0.6936210339001949, "tb": -0.5726432620306157, "tc": -0.46354299104344876, "td": -0.13858267243416184}}, {"target": 0.8994645121747846, "params": {"ta": -0.0610246537551819, "tb": 0.06648851114974119, "tc": -0.1355209053330566, "td": -0.25985333366660995}}, {"target": 0.5515764949705044, "params": {"ta": -0.25944022374569425, "tb": -0.41527183196752615, "tc": -0.14246737215346672, "td": -0.17035494794400935}}, {"target": 0.7615826031660258, "params": {"ta": 0.3585890972109584, "tb": -0.14024387676667371, "tc": -0.22052654214901624, "td": 0.5877615864669441}}, {"target": 0.4792817606650974, "params": {"ta": 0.6928739669858694, "tb": -0.19434429295828193, "tc": -0.008690670817387947, "td": 0.5505621549009585}}, {"target": 0.8229131731523562, "params": {"ta": 0.540836736446088, "tb": -0.5468570815372084, "tc": -0.6225125352814476, "td": 0.014263862924781379}}, {"target": 0.5607909943989411, "params": {"ta": -0.23664807267717097, "tb": -0.7045466787792801, "tc": 0.06442173415207109, "td": 0.04570041994753421}}, {"target": 0.8816506971577343, "params": {"ta": 0.3173523428644392, "tb": -0.32849163101255274, "tc": -0.2061646150228995, "td": -0.050316419258901346}}, {"target": 0.7196862928880258, "params": {"ta": 0.35353103543695913, "tb": -0.42518159578058423, "tc": 0.13468669105457143, "td": 0.13365572126788922}}, {"target": 0.7129960693227505, "params": {"ta": -0.07200091135357328, "tb": -0.20672002920338406, "tc": -0.4806139108304345, "td": 0.5503461379231822}}, {"target": 0.8040292758678566, "params": {"ta": 0.27371749451979704, "tb": 0.23361590541482835, "tc": 0.12007030311528666, "td": -0.037896497846902244}}, {"target": 0.8514027775842283, "params": {"ta": 0.259881644474321, "tb": 0.161217853987638, "tc": 0.033187397694503074, "td": 0.04857143501355082}}, {"target": 0.8177554529299544, "params": {"ta": -0.03472759546205789, "tb": -0.2490375547517163, "tc": 0.21215776707985856, "td": 0.5781775393141908}}, {"target": 0.6154000041144314, "params": {"ta": -0.08553379304331704, "tb": -0.32896410298080825, "tc": -0.6568971419832149, "td": 0.29548305419261217}}, {"target": 0.7752242860559057, "params": {"ta": 0.21858488748880883, "tb": -0.24407266443842413, "tc": -0.3364641424473571, "td": 0.7073263942571193}}, {"target": 0.9459101434422302, "params": {"ta": 0.16178513397751043, "tb": -0.36534590421133684, "tc": -0.3159460951999654, "td": 0.5472708821135817}}, {"target": 0.4468746688701808, "params": {"ta": 0.16428581238168188, "tb": -0.5072779198806219, "tc": -0.7123022251996751, "td": -0.2563789417299675}}, {"target": 0.7765737929200689, "params": {"ta": 0.3113847559037855, "tb": -0.3738380122668923, "tc": -0.7237272211646588, "td": -0.01743289716756996}}, {"target": 0.9017827853288156, "params": {"ta": 0.3829709154104776, "tb": -0.03933994227146087, "tc": -0.6470132649841476, "td": 0.21975720124570425}}, {"target": 0.5566457349071091, "params": {"ta": 0.02355998692259703, "tb": -0.44733404535689225, "tc": 0.14176867471660815, "td": -0.2529789072388095}}, {"target": 0.6701348950939549, "params": {"ta": 0.5628348396327056, "tb": -0.5929829038413554, "tc": -0.6036013272979205, "td": -0.2143018682848486}}, {"target": 0.752345439811487, "params": {"ta": 0.5901322317563211, "tb": -0.6017194264026018, "tc": -0.530194353831219, "td": -0.04859267901111136}}, {"target": 0.5375692756300648, "params": {"ta": 0.01841474136650051, "tb": -0.25520883638800873, "tc": -0.7450585338438132, "td": 0.7017243376972175}}, {"target": 0.7113328788949043, "params": {"ta": 0.14722615224136, "tb": -0.012816324571000237, "tc": -0.7099203974954744, "td": 0.063050237979907}}, {"target": 0.43029130105865493, "params": {"ta": 0.5442276784220994, "tb": -0.7134360165062777, "tc": -0.022823139603948994, "td": -0.07303437090801551}}, {"target": 0.6867365915305398, "params": {"ta": -0.09053367992260958, "tb": -0.756469527239605, "tc": -0.5286443647995058, "td": 0.3826003789086068}}, {"target": 0.5734065117629619, "params": {"ta": -0.1091069971072291, "tb": -0.16909245739314016, "tc": -0.46989122282624773, "td": -0.2203228196438614}}, {"target": 0.8646813806895518, "params": {"ta": 0.5764619657508601, "tb": -0.21700970499089822, "tc": -0.23588915230645469, "td": 0.2513351307452513}}, {"target": 0.7528912020179315, "params": {"ta": 0.6753641730382145, "tb": -0.6140996062295608, "tc": -0.6299776914001451, "td": -0.06703109750234287}}, {"target": 0.8512616219028826, "params": {"ta": 0.15115082942931107, "tb": -0.4218178411525617, "tc": 0.17665887033905114, "td": 0.5500238084842901}}, {"target": 0.6542619354092437, "params": {"ta": 0.317045422575789, "tb": 0.1137158294199363, "tc": -0.6131075303638627, "td": 0.48659514207047244}}, {"target": 0.6109722689655659, "params": {"ta": 0.2838448786307654, "tb": -0.5198651446601433, "tc": 0.1312744461430888, "td": -0.03443862681447679}}, {"target": 0.39393136065264306, "params": {"ta": -0.04492402046588667, "tb": -0.6733411383604383, "tc": 0.2217617002278338, "td": -0.1794688068569366}}, {"target": 0.706644931932182, "params": {"ta": 0.5959238703007321, "tb": -0.6947464567705671, "tc": -0.6913139598932749, "td": 0.03005122409601141}}, {"target": 0.8793858659767515, "params": {"ta": 0.5571416072789659, "tb": -0.4416092830402475, "tc": -0.7190013714802286, "td": 0.28873859383784833}}, {"target": 0.8785937690643629, "params": {"ta": 0.23443732034669934, "tb": -0.22091525076139906, "tc": -0.3915378568696174, "td": 0.5304694263762726}}, {"target": 0.9428903342354588, "params": {"ta": 0.4040713560676325, "tb": -0.3343092112780425, "tc": -0.5840627909170848, "td": 0.09556694609000888}}, {"target": 0.4135870675758751, "params": {"ta": 0.7082305219728495, "tb": -0.5242234146837175, "tc": 0.19367965530085696, "td": 0.3134350229614831}}, {"target": 0.980218898269465, "params": {"ta": -0.14139836594051075, "tb": 0.18166318943992754, "tc": 0.08155196966053646, "td": -0.08831148177319242}}, {"target": 0.9503229407418169, "params": {"ta": 0.49844624156848866, "tb": -0.11823398222304071, "tc": -0.7288987197985702, "td": 0.03504716722597062}}, {"target": 0.677044365466899, "params": {"ta": 0.34111106559308274, "tb": -0.705499074954994, "tc": -0.4283400087880932, "td": 0.030809864121956243}}, {"target": 0.8005655549297542, "params": {"ta": 0.5356037887777774, "tb": 0.1014223697715334, "tc": -0.09334624939798974, "td": -0.16539377972488672}}, {"target": 0.5762804678332796, "params": {"ta": 0.5401973415445946, "tb": -0.32317628756269756, "tc": 0.10647992830636133, "td": -0.03663130743639548}}, {"target": 0.7796319514880619, "params": {"ta": 0.1536295798342187, "tb": 0.15968754142846453, "tc": -0.575612733264221, "td": -0.08454467088873291}}, {"target": 0.4948955121557903, "params": {"ta": 0.3068735346329953, "tb": 0.08368534969700525, "tc": -0.28207515973037933, "td": 0.7024078456781921}}, {"target": 0.9471093340938075, "params": {"ta": 0.1269210602033644, "tb": 0.07884494621088467, "tc": -0.18814262092598033, "td": -0.23194141298410315}}, {"target": 0.915166367087553, "params": {"ta": 0.10462659184144812, "tb": -0.12695489668732274, "tc": -0.2515524078859227, "td": 0.39239887037236426}}, {"target": 0.9074311613488943, "params": {"ta": 0.19721956697961135, "tb": -0.5988692220404157, "tc": 0.08966703390593112, "td": 0.5872897162908377}}, {"target": 0.43188133587876576, "params": {"ta": 0.7175487617981118, "tb": -0.6428351026085023, "tc": 0.1290924041504673, "td": 0.2625707105940332}}, {"target": 0.9424535774360817, "params": {"ta": 0.3619125403366213, "tb": -0.18259744735610628, "tc": -0.3857699347918051, "td": 0.3776131115023135}}, {"target": 0.7716634260003903, "params": {"ta": 0.1596385651271433, "tb": -0.42185162532288, "tc": -0.5177028925893218, "td": -0.003775314726729706}}, {"target": 0.8177635274311514, "params": {"ta": 0.7307815947790512, "tb": 0.23970204909828163, "tc": -0.7602979509017184, "td": -0.2692184052209488}}, {"target": 0.8251965494711772, "params": {"ta": -0.2692184052209488, "tb": -0.7602979509017184, "tc": 0.2267604137839292, "td": 0.7307815947790512}}, {"target": 0.9965201022064838, "params": {"ta": 0.09804183146589587, "tb": -0.37518102238646145, "tc": -0.14130230111464825, "td": 0.31573177680409786}}, {"target": 0.9927580217865974, "params": {"ta": -0.2692184052209488, "tb": 0.23970204909828163, "tc": 0.23970204909828163, "td": -0.2692184052209488}}, {"target": 0.9835274353819892, "params": {"ta": -0.1257275730697333, "tb": 0.07156926097346716, "tc": 0.21061868952562246, "td": -0.10439655099474104}}, {"target": 0.9890711905890655, "params": {"ta": -0.2692184052209488, "tb": 0.10533430169706305, "tc": 0.23970204909828163, "td": -0.024834119179914307}}, {"target": 0.9936046135752916, "params": {"ta": 0.19233426828070393, "tb": -0.12225845287197573, "tc": -0.21879494040833045, "td": 0.0907901126527503}}, {"target": 0.9972470951735809, "params": {"ta": 0.2530168705365147, "tb": -0.3376354719831304, "tc": -0.2884131574023722, "td": 0.2823774339156661}}, {"target": 0.9859668764993419, "params": {"ta": 0.11962776061660256, "tb": -0.7602979509017184, "tc": -0.18045281772860697, "td": 0.7307815947790512}}, {"target": 0.998380843593827, "params": {"ta": 0.04412115810205321, "tb": -0.6089871953618412, "tc": -0.12904687539175413, "td": 0.5637656482629967}}, {"target": 0.9762786453437223, "params": {"ta": 0.20441739391337418, "tb": -0.6311765045888813, "tc": -0.22096761694158953, "td": 0.5405223480421527}}, {"target": 0.996737496580817, "params": {"ta": 0.7307815947790512, "tb": -0.16004747033225816, "tc": -0.6914680752122914, "td": 0.039363170167267175}}, {"target": 0.999417180819167, "params": {"ta": 0.3804908294513211, "tb": -0.15286314222157293, "tc": -0.3836063758990572, "td": 0.09875080060449419}}, {"target": 0.9960029235206078, "params": {"ta": 0.6014689699102621, "tb": -0.17089530136060913, "tc": -0.5660370081586434, "td": 0.028766003595067563}}, {"target": 0.9846869185311982, "params": {"ta": 0.007700266960628668, "tb": -0.07273100514023738, "tc": -0.011356045358816846, "td": 0.060346278265260456}}, {"target": 0.991418667110299, "params": {"ta": 0.03312053443295987, "tb": -0.6468928305317189, "tc": -0.09921249920787917, "td": 0.7307815947790512}}, {"target": 0.9980992057284864, "params": {"ta": 0.11542643959625166, "tb": -0.4675871092471858, "tc": -0.13553676114142085, "td": 0.47452749564968916}}, {"target": 0.979678822194426, "params": {"ta": -0.2692184052209488, "tb": 0.11045096730328108, "tc": 0.18877795233933276, "td": -0.1688242332419554}}, {"target": 0.9786551880483173, "params": {"ta": 0.7307815947790512, "tb": -0.13158662258495576, "tc": -0.7602979509017184, "td": 0.1578825849693288}}, {"target": 0.9943341464679256, "params": {"ta": -0.09597701785864132, "tb": 0.23970204909828163, "tc": 0.15573331145370423, "td": -0.2692184052209488}}, {"target": 0.9960564227741495, "params": {"ta": -0.20166682010469383, "tb": 0.23970204909828163, "tc": 0.23970204909828163, "td": -0.16079069108573155}}, {"target": 0.9940210078976291, "params": {"ta": 0.01192223723367181, "tb": -0.7602979509017184, "tc": -0.07702731552963393, "td": 0.6982090688876911}}, {"target": 0.9966304883062598, "params": {"ta": 0.17199806882772573, "tb": -0.24314153143518902, "tc": -0.16094746235573557, "td": 0.2245234764599988}}, {"target": 0.9930870816564723, "params": {"ta": -0.041681817446150855, "tb": -0.7556119813136271, "tc": -0.1791792620010886, "td": 0.7307815947790512}}, {"target": 0.9915151038900342, "params": {"ta": 0.6378819139276244, "tb": -0.20307367420793976, "tc": -0.6295931868678583, "td": 0.11828641205945965}}, {"target": 0.9997568562455258, "params": {"ta": 0.2836687974371688, "tb": -0.22203251438166072, "tc": -0.3208862635362583, "td": 0.177894376517951}}, {"target": 0.9978817748411705, "params": {"ta": 0.1421199905177063, "tb": -0.44386270613321177, "tc": -0.21782667333919337, "td": 0.4004404125870993}}, {"target": 0.9963619880375858, "params": {"ta": 0.663523592430962, "tb": -0.07266324896554201, "tc": -0.6492476270572592, "td": 0.03609415968898281}}, {"target": 0.9944058847196791, "params": {"ta": -0.15268901660330947, "tb": 0.23970204909828163, "tc": 0.23970204909828163, "td": -0.2692184052209488}}, {"target": 0.9987024886248208, "params": {"ta": 0.04551779144116518, "tb": -0.6842905219889085, "tc": -0.15829405908597752, "td": 0.6597676005383495}}, {"target": 0.9975452431638291, "params": {"ta": 0.4205339173873765, "tb": -0.22830395056755826, "tc": -0.43151046271935606, "td": 0.16123645277029403}}, {"target": 0.9996469020160798, "params": {"ta": 0.4900123481247898, "tb": -0.13123744817587016, "tc": -0.5114235682795114, "td": 0.07346411304675264}}, {"target": 0.9987978048724314, "params": {"ta": 0.17253517471615337, "tb": -0.35211189235930523, "tc": -0.1885947370608873, "td": 0.3513800361870835}}, {"target": 0.9982489322436172, "params": {"ta": 0.15867137535100054, "tb": -0.2892574931870812, "tc": -0.2340389298310887, "td": 0.2626154964574445}}, {"target": 0.9904133132647368, "params": {"ta": 0.03211363903577549, "tb": -0.2352339222395239, "tc": -0.0710509649953156, "td": 0.24428721811355944}}, {"target": 0.9975034059959995, "params": {"ta": 0.03987469848637799, "tb": -0.4433757139490692, "tc": -0.134568976154056, "td": 0.44729255295950776}}, {"target": 0.9989193261897388, "params": {"ta": 0.07680751779301477, "tb": -0.5392313192563695, "tc": -0.17605488360155092, "td": 0.5401360962417997}}, {"target": 0.9996602907807953, "params": {"ta": 0.6524595069415894, "tb": -0.14097749170178508, "tc": -0.6709729136455784, "td": 0.03352995824856979}}, {"target": 0.9986753980105086, "params": {"ta": 0.7307815947790512, "tb": -0.1070332027022672, "tc": -0.7602979509017184, "td": -0.0022059108750157085}}, {"target": 0.9898544210557669, "params": {"ta": 0.3180628532702385, "tb": -0.04483999518824111, "tc": -0.3134771530776385, "td": 0.015342840017523906}}, {"target": 0.9962520263767192, "params": {"ta": -0.18960090209274197, "tb": 0.23970204909828163, "tc": 0.17046920566312238, "td": -0.2333001096600094}}, {"target": 0.9959017862235588, "params": {"ta": 0.7307815947790512, "tb": -0.11397512955133624, "tc": -0.7050055615395688, "td": -0.04469212506799369}}, {"target": 0.9996564151867809, "params": {"ta": 0.2457850944855247, "tb": -0.2488386947435223, "tc": -0.2566557906433219, "td": 0.22513199796050937}}, {"target": 0.9975998254541966, "params": {"ta": -0.01641551626337824, "tb": -0.6491319405212015, "tc": -0.11527030157440347, "td": 0.651353433944917}}, {"target": 0.9989269721715796, "params": {"ta": 0.45594112675244003, "tb": -0.16887437359793037, "tc": -0.4570345553980921, "td": 0.07306655231724299}}, {"target": 0.9992426045744203, "params": {"ta": 0.10344253380369561, "tb": -0.38502842519377073, "tc": -0.17188497624271534, "td": 0.39101359147560033}}, {"target": 0.9992151904108897, "params": {"ta": 0.057458841714033274, "tb": -0.5875346286213754, "tc": -0.12196647462714465, "td": 0.6030604520586464}}, {"target": 0.9997491493020599, "params": {"ta": 0.5733310808003594, "tb": -0.1365077302595748, "tc": -0.5878697120874677, "td": 0.06952505876053083}}, {"target": 0.9987312754387642, "params": {"ta": 0.30031178678659187, "tb": -0.1728735391283903, "tc": -0.29544693075344103, "td": 0.13567605127094037}}, {"target": 0.999977716968008, "params": {"ta": 0.012403356204692366, "tb": -0.731694781128136, "tc": -0.13010357678658432, "td": 0.7307815947790512}}, {"target": 0.999353596068799, "params": {"ta": 0.4158843514609845, "tb": -0.16194898017295292, "tc": -0.45258597217776975, "td": 0.11902611887632505}}, {"target": 0.9997181238883228, "params": {"ta": 0.34641632553225565, "tb": -0.2074789514365687, "tc": -0.35887959605492714, "td": 0.1685818316025381}}, {"target": 0.9991951423702902, "params": {"ta": 0.5128182362014382, "tb": -0.17451206371588962, "tc": -0.5241606369258113, "td": 0.10156971586144156}}, {"target": 0.9996209780798145, "params": {"ta": 0.05894467757438909, "tb": -0.5263097935801329, "tc": -0.12221961187776707, "td": 0.5173944638735066}}, {"target": 0.9959310433496249, "params": {"ta": -0.2692184052209488, "tb": 0.23970204909828163, "tc": 0.23970204909828163, "td": -0.17090050771269752}}, {"target": 0.9979090991735011, "params": {"ta": 0.7307815947790512, "tb": -0.1598926134172321, "tc": -0.7602979509017184, "td": 0.0036396506612934986}}, {"target": 0.9997758946003489, "params": {"ta": 0.08984518445154688, "tb": -0.484991306802071, "tc": -0.16083430023095913, "td": 0.460532415940664}}, {"target": 0.999910598841684, "params": {"ta": 0.7028994279177486, "tb": -0.12262770283607943, "tc": -0.7140656897002439, "td": 0.01999344641871392}}, {"target": 0.9992849937637789, "params": {"ta": 0.33976789770184257, "tb": -0.18701663315180594, "tc": -0.37388138394282056, "td": 0.1225903858337008}}, {"target": 0.9985338177181636, "params": {"ta": -0.2155623691507679, "tb": 0.1956038633771891, "tc": 0.23970204909828163, "td": -0.18490728184839092}}, {"target": 0.9997740949575943, "params": {"ta": 0.1877042002965681, "tb": -0.3208650135193844, "tc": -0.21686629821338524, "td": 0.28417220413828126}}, {"target": 0.999824074535775, "params": {"ta": 0.027824635141877385, "tb": -0.6911651504325839, "tc": -0.11791736017545083, "td": 0.6792555732711227}}, {"target": 0.9997387262678857, "params": {"ta": 0.15250995639620915, "tb": -0.3588032430671563, "tc": -0.2115862977229146, "td": 0.3357876656899051}}, {"target": 0.999218990093217, "params": {"ta": 0.22152674011281942, "tb": -0.23051945925532386, "tc": -0.2491713967066643, "td": 0.18601785721526654}}, {"target": 0.9994089907402447, "params": {"ta": 0.6042312167248223, "tb": -0.11544272069082305, "tc": -0.6092896089006372, "td": 0.023010929208691886}}, {"target": 0.9997630114364658, "params": {"ta": 0.1117204167137719, "tb": -0.4278130593495931, "tc": -0.15522571349271172, "td": 0.4036535961602501}}, {"target": 0.9992401565293749, "params": {"ta": 0.31750363777728136, "tb": -0.16986697668383263, "tc": -0.34743384449236875, "td": 0.15114719603901416}}, {"target": 0.9997621519521386, "params": {"ta": 0.21317966287722193, "tb": -0.2865010710824736, "tc": -0.2535806813410194, "td": 0.27012082486460903}}, {"target": 0.9995580243744727, "params": {"ta": 0.14073064803541532, "tb": -0.3179254031945566, "tc": -0.17987184771992637, "td": 0.30792683300533613}}, {"target": 0.9961026518750402, "params": {"ta": -0.1430764851851427, "tb": 0.19617573745070788, "tc": 0.17793395274011445, "td": -0.19525924979252848}}, {"target": 0.9998097220912677, "params": {"ta": 0.5418975083597202, "tb": -0.13131851602492692, "tc": -0.5398156126425, "td": 0.05677246298621062}}, {"target": 0.9997286737700223, "params": {"ta": 0.4646868552910974, "tb": -0.14799939209560514, "tc": -0.46450233077778347, "td": 0.0981042474364714}}, {"target": 0.9999508607075316, "params": {"ta": 0.39216158558423475, "tb": -0.1801381483043531, "tc": -0.4034717564913203, "td": 0.12917968234907223}}, {"target": 0.9997930910158599, "params": {"ta": 0.6347144059771834, "tb": -0.12993217634485818, "tc": -0.6283864833135948, "td": 0.047224902229501195}}, {"target": 0.9999522664310715, "params": {"ta": 0.03727234968493817, "tb": -0.6341581404553324, "tc": -0.136404823304974, "td": 0.6319790785204296}}, {"target": 0.9997706757911952, "params": {"ta": 0.011834937571395449, "tb": -0.7020705626410115, "tc": -0.13723143761244003, "td": 0.7015493663040053}}, {"target": 0.9999402189290797, "params": {"ta": 0.7307815947790512, "tb": -0.12087845891760383, "tc": -0.7286862341206544, "td": 0.017745244421671653}}, {"target": 0.999779572274626, "params": {"ta": 0.260567987311714, "tb": -0.2610375325266737, "tc": -0.2928628726236785, "td": 0.2211952215092387}}, {"target": 0.9999547662026967, "params": {"ta": 0.1377355243329353, "tb": -0.38973501803325317, "tc": -0.18255829817187366, "td": 0.36717305833117614}}, {"target": 0.9997891656107402, "params": {"ta": 0.25983855626033264, "tb": -0.2162790209595015, "tc": -0.28643414377212695, "td": 0.19514291871562447}}, {"target": 0.9998431648348075, "params": {"ta": 0.10765243324712144, "tb": -0.443642953