{"all": [{"target": 0.9162929922564857, "params": {"ta": 0.35987356685670874, "tb": -0.23633284189265436, "tc": -0.599080935736025, "td": 0.21261037240428754}}, {"target": 0.8901265659716171, "params": {"ta": 0.374793483358069, "tb": -0.561887162328751, "tc": -0.15161698997849715, "td": 0.39910389982587907}}, {"target": 0.9508400355610699, "params": {"ta": -0.005877507483614874, "tb": 0.18724977199924853, "tc": 0.10498089987155457, "td": 0.014391762051275625}}, {"target": 0.9066115836250949, "params": {"ta": 0.397754637756139, "tb": -0.3826297663239888, "tc": -0.14237131562495542, "td": 0.25431379514348956}}, {"target": 0.9594101832438473, "params": {"ta": 0.13485581198201363, "tb": -0.03506962336678621, "tc": -0.2831292098454531, "td": 0.17568602117759252}}, {"target": 0.3061864213718642, "params": {"ta": -0.37893406946160274, "tb": 0.35249755827883344, "tc": -0.46426943559291245, "td": 0.18325582372670296}}, {"target": 0.8757023566323402, "params": {"ta": 0.06890285354121134, "tb": -0.44082191852858876, "tc": -0.41969787635971256, "td": 0.4641978928309773}}, {"target": 0.8010186396709151, "params": {"ta": 0.35089495275099075, "tb": -0.41099621082096316, "tc": 0.1396767347605462, "td": 0.439317776775825}}, {"target": 0.2742036792100699, "params": {"ta": -0.37571944916171746, "tb": 0.17483856325315672, "tc": -0.5792956172061677, "td": 0.21114545168512072}}, {"target": 0.5080301505391088, "params": {"ta": 0.4143512585506494, "tb": 0.03794849061881933, "tc": 0.36319819879003723, "td": -0.018702635052340766}}, {"target": 0.7654963184146819, "params": {"ta": -0.06319731202433404, "tb": -0.4213562792062824, "tc": -0.05491748139924624, "td": -0.06974631195702802}}, {"target": 0.6608698526514748, "params": {"ta": -0.06775576297154401, "tb": 0.16548142267665256, "tc": -0.5463894565423494, "td": -0.0967128455875968}}, {"target": 0.6725781747934356, "params": {"ta": -0.05188296458747216, "tb": 0.305442202086315, "tc": -0.5290582695483165, "td": -0.13223543120608722}}, {"target": 0.6068997865449461, "params": {"ta": 0.1807814394444251, "tb": -0.53639913677807, "tc": 0.15198945558715238, "td": -0.06327993389180947}}, {"target": 0.8369432260340105, "params": {"ta": 0.14981604077188743, "tb": -0.5616141629107718, "tc": 0.23205182323697016, "td": 0.34579523137481255}}, {"target": 0.9916478792304598, "params": {"ta": -0.13527906226934644, "tb": -0.15978631405165855, "tc": 0.0575308000616771, "td": 0.15433914866989545}}, {"target": 0.8264374574934492, "params": {"ta": 0.019549024151150285, "tb": -0.5131819482323857, "tc": -0.45931682838379295, "td": 0.5524302799928535}}, {"target": 0.9452633338470998, "params": {"ta": 0.3333512529379427, "tb": -0.10871141322039946, "tc": -0.5422328163304866, "td": -0.023481061607566744}}, {"target": 0.559682374262606, "params": {"ta": 0.44580734145484585, "tb": -0.49125669371748837, "tc": 0.3774687342483726, "td": 0.5384392499631645}}, {"target": 0.7870518849417621, "params": {"ta": 0.20515730804169358, "tb": -0.6012448858401598, "tc": 0.17355222724611086, "td": 0.2693731114903484}}, {"target": 0.9199013552048245, "params": {"ta": -0.0940284335895884, "tb": -0.2218861838027395, "tc": -0.04620731733966954, "td": -0.026404340837079154}}, {"target": 0.30753712733226696, "params": {"ta": 0.5071936448205763, "tb": 0.09216790340638947, "tc": 0.2730401565498476, "td": 0.532949520676657}}, {"target": 0.6594626221823413, "params": {"ta": -0.01549619527159235, "tb": -0.5277111134242446, "tc": -0.5779944003546462, "td": 0.26456494270866054}}, {"target": 0.4822492973624699, "params": {"ta": -0.21324267907644973, "tb": -0.009296171058826186, "tc": -0.5248468579795248, "td": -0.318068270670619}}, {"target": 0.9634578067744285, "params": {"ta": 0.282781039178349, "tb": -0.41935117892181095, "tc": -0.20571374499433825, "td": 0.4174866817757236}}, {"target": 0.8191443105180002, "params": {"ta": -0.2535949598415838, "tb": -0.34874075815182826, "tc": 0.28077130451405563, "td": -0.08892963138882853}}, {"target": 0.8730539795600329, "params": {"ta": 0.33716552912949166, "tb": -0.4171438094458726, "tc": -0.3832376304559568, "td": 0.5890658935510678}}, {"target": 0.6162291664387027, "params": {"ta": -0.14884270106332192, "tb": 0.3325878843900778, "tc": -0.35112301302220295, "td": 0.1193430219532648}}, {"target": 0.8138379817765703, "params": {"ta": 0.24107538473068596, "tb": 0.235087619559743, "tc": 0.14239731701993308, "td": -0.004702679409997523}}, {"target": 0.8422471872274926, "params": {"ta": -0.2843121172609921, "tb": -0.2592305324006975, "tc": -0.006648290466440887, "td": -0.023375668645625514}}, {"target": 0.9033541463018451, "params": {"ta": 0.18763229979257773, "tb": 0.07467215307087383, "tc": -0.18282959203022353, "td": 0.24215573884318892}}, {"target": 0.8237592109528874, "params": {"ta": 0.35297867346648987, "tb": 0.09424650788972355, "tc": 0.07958372889011178, "td": -0.15759707069684087}}, {"target": 0.9669608415520673, "params": {"ta": 0.18303837679027884, "tb": 0.012951713389977915, "tc": -0.012571680610756863, "td": 0.0441987773964862}}, {"target": 0.9342395368526915, "params": {"ta": 0.1320791467264581, "tb": 0.10836727417209124, "tc": -0.33483933465085125, "td": 0.049257976049943475}}, {"target": 0.7136391371904979, "params": {"ta": -0.34219869197528335, "tb": -0.2635105617737359, "tc": -0.1174848169639392, "td": -0.06424186594479137}}, {"target": 0.6670898955834309, "params": {"ta": -0.2598388317221367, "tb": -0.20997020812343092, "tc": -0.3771980520042092, "td": 0.24313523052073277}}, {"target": 0.9443116882467798, "params": {"ta": -0.1540524830146261, "tb": -0.03548189058032758, "tc": -0.01245446755715407, "td": 0.20939161916004828}}, {"target": 0.7095986871683502, "params": {"ta": -0.05106589112061116, "tb": 0.11496738669474182, "tc": -0.45263255480893605, "td": -0.3756973225519387}}, {"target": 0.870606128875712, "params": {"ta": 0.27542417519714985, "tb": 0.15719112766462373, "tc": -0.5315432853776828, "td": 0.12096320369002705}}, {"target": 0.8328354999288513, "params": {"ta": 0.18257261966861543, "tb": -0.10763740686811207, "tc": -0.2402590001949717, "td": 0.5171083060786925}}, {"target": 0.9445211068193946, "params": {"ta": 0.5396010688862503, "tb": 0.09269684454155169, "tc": -0.40720509336460375, "td": 0.11415034286740805}}, {"target": 0.9001896944006443, "params": {"ta": 0.5786601328321115, "tb": -0.03686739403064587, "tc": -0.26274825193552864, "td": 0.0761188292422002}}, {"target": 0.8462187840016924, "params": {"ta": 0.15944872154625273, "tb": -0.6024088142890691, "tc": -0.45591159803311276, "td": 0.44212058844948837}}, {"target": 0.9624878242708345, "params": {"ta": -0.07413244811262604, "tb": 0.06705127541325939, "tc": -0.09186358617105428, "td": -0.16088941681450025}}, {"target": 0.5585182497613375, "params": {"ta": 0.16652988540226094, "tb": -0.3992826649954503, "tc": -0.5799912066741931, "td": -0.25683262429127857}}, {"target": 0.7896001413535759, "params": {"ta": 0.46610582098379477, "tb": -0.10018320990609253, "tc": -0.2209131551537712, "td": 0.4841662944475011}}, {"target": 0.6351407693217367, "params": {"ta": -0.15286395197971142, "tb": 0.09474691225548748, "tc": -0.24015131625861375, "td": 0.43689213065049787}}, {"target": 0.4101181556437148, "params": {"ta": 0.5331896370426492, "tb": 0.08760863149248588, "tc": 0.3384059857166326, "td": 0.0010401762700355532}}, {"target": 0.6737179319224958, "params": {"ta": -0.03707894131764483, "tb": 0.25423629233728506, "tc": -0.5184390157308839, "td": -0.007998755965909543}}, {"target": 0.44535133268716653, "params": {"ta": -0.2842230884886366, "tb": 0.3114328730542907, "tc": 0.36673915945192825, "td": 0.5733629352182215}}, {"target": 0.29694062810163213, "params": {"ta": -0.2822796923374005, "tb": 0.2693473705382061, "tc": -0.6087028477966334, "td": 0.20105509151297768}}, {"target": 0.7318611280572367, "params": {"ta": 0.19080511091297098, "tb": -0.23872679213623094, "tc": -0.27960441404823966, "td": -0.31700891828289607}}, {"target": 0.9586686950507414, "params": {"ta": 0.4218620481973288, "tb": 0.16316500285841185, "tc": -0.49508710744320716, "td": 0.013759492423318698}}, {"target": 0.7887792189301502, "params": {"ta": -0.12025102018035577, "tb": -0.5968998490344303, "tc": -0.04115269107001884, "td": 0.1456837432391735}}, {"target": 0.6341562558165574, "params": {"ta": -0.17748587458007142, "tb": -0.3344989160172246, "tc": -0.16129944155839582, "td": -0.218747632753383}}, {"target": 0.4859339919365482, "params": {"ta": -0.23842979735837172, "tb": 0.23054339718123562, "tc": 0.23679955499846073, "td": 0.5911194915005991}}, {"target": 0.7876507334221666, "params": {"ta": 0.23352795982973323, "tb": 0.03532830174863166, "tc": -0.5852005117963943, "td": 0.31121920187261637}}, {"target": 0.5989699505636927, "params": {"ta": 0.5452108915988014, "tb": -0.2394940745501778, "tc": 0.14102739821331012, "td": 0.13363747471622273}}, {"target": 0.6539473987023048, "params": {"ta": -0.06916893177028344, "tb": -0.2774467295672045, "tc": -0.1417058081473137, "td": -0.3141598721451874}}, {"target": 0.6247037295279689, "params": {"ta": 0.32248294156151286, "tb": -0.5032970250780141, "tc": -0.3701899200971003, "td": -0.20098358922447873}}, {"target": 0.9011849684571464, "params": {"ta": 0.38561699793925125, "tb": -0.18285635462267646, "tc": -0.15280866269686788, "td": 0.36521172213829306}}, {"target": 0.9394434247615139, "params": {"ta": -0.13227467583873737, "tb": 0.26080891271937134, "tc": -0.11760901638394583, "td": -0.26253425265223423}}, {"target": 0.6766591563490623, "params": {"ta": -0.016387182705528247, "tb": 0.12433174719391704, "tc": -0.4064958196196481, "td": 0.3254175846990402}}, {"target": 0.5810187307957825, "params": {"ta": -0.28822567030699936, "tb": -0.1504937484053337, "tc": -0.42149571245573525, "td": 0.3394785039369406}}, {"target": 0.9365825569146211, "params": {"ta": -0.3534579279338174, "tb": 0.3872671938944218, "tc": 0.3872671938944218, "td": -0.3900281942743013}}, {"target": 0.804368698984343, "params": {"ta": 0.6099718057256988, "tb": 0.3872671938944218, "tc": -0.6127328061055781, "td": -0.3900281942743013}}, {"target": 0.9890688492905837, "params": {"ta": 0.018436509925535933, "tb": 0.3872671938944218, "tc": 0.10451307763381602, "td": -0.3900281942743013}}, {"target": 0.8217031841042138, "params": {"ta": -0.3900281942743013, "tb": -0.6127328061055781, "tc": 0.3455606149072323, "td": 0.6099718057256988}}, {"target": 0.9986290546140831, "params": {"ta": 0.6099718057256988, "tb": -0.060513477100141405, "tc": -0.6127328061055781, "td": 0.001995503668200572}}, {"target": 0.9994710550054973, "params": {"ta": 0.020175019660689457, "tb": -0.33128868106721077, "tc": -0.03603846224678477, "td": 0.35233022568823297}}, {"target": 0.9847335943314595, "params": {"ta": -0.12940005930644494, "tb": 0.21217652003956927, "tc": 0.1838158274036386, "td": -0.3101757973175973}}, {"target": 0.9929976469135071, "params": {"ta": 0.12772074145833676, "tb": 0.2539343467038082, "tc": -0.10269368212602595, "td": -0.25358047393898353}}, {"target": 0.999923136231743, "params": {"ta": 0.06976881240537064, "tb": -0.1931334189881742, "tc": -0.07429895011777304, "td": 0.19938832828022718}}, {"target": 0.9998149265721937, "params": {"ta": 0.01168969839331127, "tb": -0.5992603881962237, "tc": -0.019789578235898133, "td": 0.6099718057256988}}, {"target": 0.9950004477053439, "params": {"ta": -0.03945606604778909, "tb": -0.47322531796473755, "tc": 0.00957620605605538, "td": 0.5265913025290744}}, {"target": 0.9886267026334926, "params": {"ta": -0.17455099575483496, "tb": 0.3872671938944218, "tc": 0.12064586003355723, "td": -0.3900281942743013}}, {"target": 0.9988047243862984, "params": {"ta": -0.013043070584468535, "tb": 0.250274107369639, "tc": 0.038799152137115545, "td": -0.2238294593939848}}, {"target": 0.9968491368668692, "params": {"ta": 0.07863161898859633, "tb": -0.5017848998259028, "tc": -0.08063654083910629, "td": 0.5053420983836825}}, {"target": 0.9980778609364527, "params": {"ta": 0.3159211317240976, "tb": 0.01085682892764996, "tc": -0.2987410034003563, "td": -0.03497594524440376}}, {"target": 0.9989653152648296, "params": {"ta": -0.07205702763055075, "tb": -0.009316732789067157, "tc": 0.08040576189686341, "td": -0.007243871185767018}}, {"target": 0.9945659710943923, "params": {"ta": 0.520128619896941, "tb": -0.006056562958981105, "tc": -0.4881935026832746, "td": -0.06102333398566779}}, {"target": 0.998281419505194, "params": {"ta": 0.10003471177628659, "tb": 0.08221033889959432, "tc": -0.09904601977224718, "td": -0.07571189964059588}}, {"target": 0.9961999585251955, "params": {"ta": 0.5064339271105525, "tb": -0.08984325082014531, "tc": -0.49797084267067954, "td": 0.0816299550417309}}, {"target": 0.9852475049109869, "params": {"ta": 0.004048203122509364, "tb": 0.23615078521330313, "tc": 0.019516858390536407, "td": -0.3555095827922789}}, {"target": 0.9987645452268751, "params": {"ta": 0.008156712738911776, "tb": -0.030833484049385018, "tc": -0.032709532772316474, "td": 0.04184150921527968}}, {"target": 0.998885294104772, "params": {"ta": -0.24723514020142665, "tb": 0.1018699774665948, "tc": 0.2236724659018389, "td": -0.09169964974542744}}, {"target": 0.9881039478818411, "params": {"ta": -0.21021232626516193, "tb": 0.2814094541887794, "tc": 0.18675272229369702, "td": -0.19492054145649385}}, {"target": 0.9984137378281837, "params": {"ta": 0.24102781752228114, "tb": -0.13534002980248083, "tc": -0.23209229177774532, "td": 0.11025481467523918}}, {"target": 0.9952216425951973, "params": {"ta": 0.05370113058022605, "tb": 0.3872671938944218, "tc": -0.06213338008271731, "td": -0.3900281942743013}}, {"target": 0.9988013349365912, "params": {"ta": -0.15088704551253085, "tb": 0.1232778591564058, "tc": 0.12108135535703776, "td": -0.12656023849074602}}, {"target": 0.9978849690230169, "params": {"ta": -0.22857859810509432, "tb": -0.03849774296038058, "tc": 0.240415510620233, "td": 0.04669385425900599}}, {"target": 0.9990967836144695, "params": {"ta": -0.3900281942743013, "tb": 0.033146735245998385, "tc": 0.3872671938944218, "td": -0.05336891020705997}}, {"target": 0.9881330618027863, "params": {"ta": -0.3035457304901143, "tb": 0.12964157123514908, "tc": 0.3800505156692766, "td": -0.16010249733322562}}, {"target": 0.98408066884441, "params": {"ta": -0.3900281942743013, "tb": 0.09744259029419867, "tc": 0.3154512756247703, "td": -0.16617213986286355}}, {"target": 0.9949509873358248, "params": {"ta": 0.6099718057256988, "tb": 0.023428464486831637, "tc": -0.6127328061055781, "td": 0.045361341822963766}}, {"target": 0.9919301342230485, "params": {"ta": -0.3900281942743013, "tb": -0.087145664738188, "tc": 0.3872671938944218, "td": 0.08863587167468942}}, {"target": 0.9997931861085995, "params": {"ta": 0.1688694008652404, "tb": -0.0407995988569426, "tc": -0.17214621925110013, "td": 0.029983334290610435}}, {"target": 0.9962879940187132, "params": {"ta": 0.1356717871722469, "tb": -0.2938634066295083, "tc": -0.1563027239506829, "td": 0.28609398819991294}}, {"target": 0.9893055048399781, "params": {"ta": 0.05235129619047194, "tb": -0.532493778589401, "tc": 0.011618436001568226, "td": 0.6099718057256988}}, {"target": 0.9961582030654769, "params": {"ta": -0.036605582361563485, "tb": 0.3872671938944218, "tc": 0.029752960579437524, "td": -0.32616448853891605}}, {"target": 0.9967190002766396, "params": {"ta": -0.31488171600157944, "tb": -0.015554608448167249, "tc": 0.3379736191295022, "td": -0.027608268665648777}}, {"target": 0.9933615042687619, "params": {"ta": -0.3754407675547186, "tb": 0.08228720913425047, "tc": 0.3246175679434419, "td": -0.005668688427925395}}, {"target": 0.9877413892279384, "params": {"ta": 0.6099718057256988, "tb": -0.10782747987389343, "tc": -0.6127328061055781, "td": 0.117432018103852}}, {"target": 0.9997510670395097, "params": {"ta": 0.37850537131232104, "tb": -0.04449411562561565, "tc": -0.3834131362370994, "td": 0.046422066776458215}}, {"target": 0.996338766051256, "params": {"ta": 0.005179651256410601, "tb": -0.5767664407304396, "tc": 0.013208871265526228, "td": 0.5298609339322946}}, {"target": 0.9994577540837741, "params": {"ta": -0.00934629077957285, "tb": 0.114343949597908, "tc": 0.02041607416338457, "td": -0.11860622596952432}}, {"target": 0.9975813762178142, "params": {"ta": 0.5267286901431977, "tb": -0.02125984968538029, "tc": -0.5751573032546513, "td": 0.01888446462501261}}, {"target": 0.9958156511698187, "params": {"ta": -0.05986978576860191, "tb": -0.2783370856656187, "tc": 0.07297326709180373, "td": 0.28857119257561453}}, {"target": 0.998344263598883, "params": {"ta": -0.01654433776648553, "tb": -0.13995287009267698, "tc": 0.03675071368816766, "td": 0.14762487270267974}}, {"target": 0.9968431823618942, "params": {"ta": 0.6099718057256988, "tb": -0.030707909054296097, "tc": -0.5546625604018196, "td": 0.018614412860609546}}, {"target": 0.9999477310295982, "params": {"ta": 0.1276946468391418, "tb": -0.12123357580470459, "tc": -0.12749184467082894, "td": 0.1204053499914928}}, {"target": 0.9995308540286275, "params": {"ta": 0.023161323391650633, "tb": -0.4318017886715392, "tc": -0.015355750449215522, "td": 0.4203360165415174}}, {"target": 0.9990973962109813, "params": {"ta": -0.18071644598278996, "tb": 0.029085173975231565, "tc": 0.15838940057842643, "td": -0.015057562694926424}}, {"target": 0.9968322506657561, "params": {"ta": 0.05766989201570053, "tb": -0.6127328061055781, "tc": -0.07613994993618625, "td": 0.6093567255894313}}, {"target": 0.9988186649179412, "params": {"ta": 0.00017540441857755677, "tb": -0.5554699983018806, "tc": -0.05454752261993552, "td": 0.5619237595326764}}, {"target": 0.9998101451038437, "params": {"ta": 0.27321914311415335, "tb": -0.04246690518434207, "tc": -0.2715499843407292, "td": 0.04946819426962555}}, {"target": 0.9998991202323902, "params": {"ta": 0.45124101467143735, "tb": -0.02035367832368913, "tc": -0.4511027458387307, "td": 0.008222819691631066}}, {"target": 0.998572912744715, "params": {"ta": -0.15564677285299022, "tb": 0.08881845524321408, "tc": 0.19518751897813513, "td": -0.08686123554116774}}, {"target": 0.9966074117192071, "params": {"ta": -0.34088571982751137, "tb": 0.019352143234212964, "tc": 0.3872671938944218, "td": 0.01807577699671474}}, {"target": 0.9959337546267748, "params": {"ta": 0.21656932671658927, "tb": 0.09286637621592825, "tc": -0.20860730440538128, "td": -0.09181653722807051}}, {"target": 0.99937265667686, "params": {"ta": 0.008017189000264394, "tb": -0.26447360363562517, "tc": -0.018133552877162347, "td": 0.2467597435318264}}, {"target": 0.9992992186865611, "params": {"ta": -0.0891263979218297, "tb": 0.2827338541482838, "tc": 0.08794275262189595, "td": -0.2757879636390586}}, {"target": 0.9999037186700463, "params": {"ta": -0.08561151407220226, "tb": 0.19173830413591614, "tc": 0.09306735683834072, "td": -0.18720051852637087}}, {"target": 0.9983532099630925, "params": {"ta": 0.07736027159607402, "tb": -0.29496731096654044, "tc": -0.04520862529722157, "td": 0.30043871892777374}}, {"target": 0.9995336801097653, "params": {"ta": -0.03842752060740954, "tb": 0.3741561951884629, "tc": 0.034514766346502385, "td": -0.3900281942743013}}, {"target": 0.9976025186299573, "params": {"ta": 0.6099718057256988, "tb": 0.010245488291534885, "tc": -0.6127328061055781, "td": -0.037958951156071785}}, {"target": 0.999835318547206, "params": {"ta": -0.2677705410239828, "tb": 0.04788254969526355, "tc": 0.27485174619104874, "td": -0.029848593660186874}}, {"target": 0.9986931354186447, "params": {"ta": 0.06914634418131313, "tb": -0.391365906581603, "tc": -0.08275262887476581, "td": 0.3970861773876595}}, {"target": 0.998408265512097, "params": {"ta": 0.03300802014019339, "tb": 0.18047135793132477, "tc": -0.040013821485835474, "td": -0.17335876055014804}}, {"target": 0.9997600133526116, "params": {"ta": 0.04949652586478491, "tb": -0.11832665083918988, "tc": -0.05273357929174939, "td": 0.10900614330362303}}, {"target": 0.9981707298029753, "params": {"ta": -0.3900281942743013, "tb": -0.00659263964345001, "tc": 0.35952198860026263, "td": 0.011769310596247768}}, {"target": 0.9982844927886348, "params": {"ta": -0.12036845417529564, "tb": -0.06345086260319698, "tc": 0.12219832311121052, "td": 0.07108902867458404}}, {"target": 0.9995979035232412, "params": {"ta": -0.08226865102514044, "tb": 0.08391348335643496, "tc": 0.07480581750690232, "td": -0.06953930986864519}}, {"target": 0.9995245081541576, "params": {"ta": 0.09260101274672504, "tb": -0.027133099925751653, "tc": -0.08959018380399203, "td": 0.018922321109549563}}, {"target": 0.9993730338342313, "params": {"ta": 0.007873655102592896, "tb": 0.3310561223125835, "tc": 0.004323566463047962, "td": -0.3305037957798933}}, {"target": 0.9977631777699386, "params": {"ta": 0.32997529225528255, "tb": -0.11511228877294337, "tc": -0.3339698093376129, "td": 0.10193331496429639}}, {"target": 0.9997541438185317, "params": {"ta": 0.02069645247681386, "tb": -0.4666499904784308, "tc": -0.03476802105934544, "td": 0.4814761938260993}}, {"target": 0.9993333592839426, "params": {"ta": 0.009016213900789868, "tb": 0.04231029689000029, "tc": -0.009636072839248588, "td": -0.0420354862658164}}, {"target": 0.9986357514267766, "params": {"ta": 0.16356174122918302, "tb": -0.18486088118442812, "tc": -0.1654017213691865, "td": 0.1870861445237421}}, {"target": 0.9989858969217434, "params": {"ta": 0.0035590587678631306, "tb": -0.21006310529188849, "tc": -0.01265745789445028, "td": 0.23384745835948498}}, {"target": 0.9994737261531857, "params": {"ta": 0.3256025948508677, "tb": -0.05719605390251715, "tc": -0.32998158280942486, "td": 0.024976316035200417}}, {"target": 0.9997617280804256, "params": {"ta": -0.3296376110123329, "tb": 0.06334192302993195, "tc": 0.3330239823562284, "td": -0.056177590572484906}}, {"target": 0.9993323163376542, "params": {"ta": -0.05152439228804174, "tb": 0.17718470357506058, "tc": 0.03649934447676921, "td": -0.16136532124307623}}, {"target": 0.9990878571036301, "params": {"ta": 0.38184050997528723, "tb": 0.0032362269919277865, "tc": -0.38807545962508716, "t