{"all": [{"target": 0.6167001012310107, "params": {"ta": 0.5268691142965571, "tb": -1.0404889666749044, "tc": -0.5534915365690218, "td": 0.04751645144746586}}, {"target": 0.6690654077318977, "params": {"ta": 0.318777473512182, "tb": -0.5727711685133511, "tc": -0.6824448054886888, "td": -0.07012074354321407}}, {"target": 0.6424089336658414, "params": {"ta": 0.6754915859251577, "tb": -0.742241180926354, "tc": -1.0809868157900229, "td": 0.34518332130252005}}, {"target": 0.7241666652824642, "params": {"ta": 0.6760120395262962, "tb": -0.8002877577876683, "tc": -0.9649218164489204, "td": 0.21301716168683515}}, {"target": 0.7137849584200278, "params": {"ta": 0.6003415749201971, "tb": -0.676595847200891, "tc": -0.4669836384222237, "td": 0.46419603154115974}}, {"target": 0.8155243396108834, "params": {"ta": -0.08174728018229882, "tb": -0.9843131482613985, "tc": -0.5578636016689444, "td": 0.877663661973354}}, {"target": 0.6318654556878911, "params": {"ta": 0.5516706378722617, "tb": -0.3354047578371294, "tc": -1.107505232236874, "td": 0.4332218634152778}}, {"target": 0.29638000298939504, "params": {"ta": 0.7926934114383399, "tb": -0.24698204810983648, "tc": -0.553577137481768, "td": 0.7542312141393588}}, {"target": 0.5611884953835808, "params": {"ta": 0.16917392630747496, "tb": -1.0785867850122357, "tc": -1.0151371257457216, "td": 0.3206326358964484}}, {"target": 0.6146925033864616, "params": {"ta": 0.8693422221860818, "tb": -0.5399871674696822, "tc": -1.0571298593748817, "td": 0.3812163718018634}}, {"target": 0.4767310831388721, "params": {"ta": 0.49713359478949415, "tb": -0.9670203202966412, "tc": -0.8925303761272698, "td": 0.8152470788896229}}, {"target": 0.673057913885926, "params": {"ta": 0.12665459246766364, "tb": -0.42477480734680073, "tc": -0.45109217349663955, "td": 0.07854104600346246}}, {"target": 0.7164543482539738, "params": {"ta": 0.49799358348395795, "tb": -0.47400201751959214, "tc": -1.035636827497356, "td": 0.24693632040858526}}, {"target": 0.5218688233042914, "params": {"ta": 0.6744541822528608, "tb": -0.16731753669393745, "tc": -0.26417883014488286, "td": 0.17800925454901118}}, {"target": 0.4653779402853347, "params": {"ta": 0.733979283108951, "tb": -0.44152479939875533, "tc": -0.15222436883723467, "td": 0.3343866304488158}}, {"target": 0.6289848428182395, "params": {"ta": 0.7855619402568639, "tb": -0.9392795257682759, "tc": -0.5000826305340649, "td": 0.3287288324247054}}, {"target": 0.7036171035907947, "params": {"ta": 0.30287194156527597, "tb": -0.36104050887148087, "tc": -0.8944577234067332, "td": 0.36766248312647054}}, {"target": 0.7305582700727216, "params": {"ta": 0.6488843923323345, "tb": -0.20598372496672546, "tc": -0.7231459039441643, "td": 0.07488944509500373}}, {"target": 0.6801480197635446, "params": {"ta": 0.3571892567827224, "tb": -0.6684608147918909, "tc": -0.9961634630170354, "td": 0.12020167961776718}}, {"target": 0.3861856170336563, "params": {"ta": 0.7768733685609358, "tb": -0.7883461744870486, "tc": -0.9116917596622918, "td": 0.7295955285952612}}, {"target": 0.6575971187244952, "params": {"ta": 0.6509700031585723, "tb": -0.20435006359000518, "tc": -0.9990038060783832, "td": -0.04029949839527658}}, {"target": 0.7876815604230227, "params": {"ta": 0.10601485540859978, "tb": -0.9364150615258605, "tc": -0.4243240921206678, "td": 0.6523041888710561}}, {"target": 0.7405005233725557, "params": {"ta": -0.011576874470201948, "tb": -1.070441470153718, "tc": -0.36069986654751085, "td": 0.7621259468522205}}, {"target": 0.5441725439531533, "params": {"ta": 0.2542703725430733, "tb": -1.0379583710127518, "tc": -0.937364328333474, "td": 0.08153772197854836}}, {"target": 0.6222944435717803, "params": {"ta": -0.11833508376799418, "tb": -0.6306099555720663, "tc": -0.5854671245797687, "td": 0.2932258768366335}}, {"target": 0.78048301267085, "params": {"ta": 0.049693750899421296, "tb": -0.790391303219567, "tc": -0.7814075125799509, "td": 0.5674436951495245}}, {"target": 0.36806114275134894, "params": {"ta": 0.5504092369563374, "tb": -0.3547023178951212, "tc": -0.1530743276748765, "td": 0.6778172944993813}}, {"target": 0.6480629924340938, "params": {"ta": 0.5016017910295482, "tb": -0.15666843529267815, "tc": -0.9083610218646151, "td": 0.21892703416055082}}, {"target": 0.7786574835975548, "params": {"ta": 0.6638403884510689, "tb": -0.6588255152174805, "tc": -0.5667805753892164, "td": 0.27384898195718443}}, {"target": 0.6820150509667864, "params": {"ta": 0.7167649500612837, "tb": -0.24912068729949854, "tc": -0.538424522368271, "td": 0.1805931374281885}}, {"target": 0.605264826352063, "params": {"ta": 0.6989011705074845, "tb": -0.497772874866512, "tc": -0.9427226236363965, "td": 0.5624109710851306}}, {"target": 0.751404427233998, "params": {"ta": 0.624062654907844, "tb": -0.28764888754218343, "tc": -0.8056086224542921, "td": 0.21910682412608717}}, {"target": 0.568509501369605, "params": {"ta": 0.09984232638395718, "tb": -0.1366561524811406, "tc": -0.40153498947927246, "td": 0.599714727157929}}, {"target": 0.6352692034340365, "params": {"ta": -0.00478824834498226, "tb": -0.8037590660638528, "tc": -0.462910300813987, "td": 0.25782931597765046}}, {"target": 0.7918575855003862, "params": {"ta": 0.4448911785635562, "tb": -0.4310534089614173, "tc": -0.7795924122686021, "td": 0.31866510947208126}}, {"target": 0.5362112579459122, "params": {"ta": 0.5805802930416304, "tb": -0.6330373423347336, "tc": -0.8570541957518556, "td": 0.7689463032772791}}, {"target": 0.30879569940753415, "params": {"ta": 0.876228603450666, "tb": -0.8821128934962493, "tc": -0.8668251258328534, "td": 0.7148908347974673}}, {"target": 0.5444589084632442, "params": {"ta": -0.09433538676193354, "tb": -0.28977271223710654, "tc": -0.9152714150345509, "td": 0.8103416881962031}}, {"target": 0.3333017346249435, "params": {"ta": -0.025690390442202227, "tb": -1.0336914337770446, "tc": -0.13437628448610006, "td": 0.17862342631496075}}, {"target": 0.35985064662965494, "params": {"ta": 0.621935194755472, "tb": -0.4919918716110838, "tc": -0.2565602624293837, "td": 0.8082903505105812}}, {"target": 0.5645649558375416, "params": {"ta": 0.34678690955800395, "tb": -0.1552264657314788, "tc": -0.9115626701820618, "td": 0.6005803672238635}}, {"target": 0.7381223174497412, "params": {"ta": 0.25528441509562205, "tb": -0.7545232439975871, "tc": -0.34778370211173093, "td": 0.2816929943136155}}, {"target": 0.6332018739992791, "params": {"ta": 0.5589648067522157, "tb": -0.9714009276750364, "tc": -0.4744441451816427, "td": 0.021182989592124613}}, {"target": 0.5631816943026504, "params": {"ta": 0.3021423818638034, "tb": -0.44074760178804373, "tc": -0.17791556448223722, "td": 0.6838940521812931}}, {"target": 0.7796541363683758, "params": {"ta": -0.1201359753120681, "tb": -0.6114177605940116, "tc": -0.3876163060400557, "td": 0.7674378998976952}}, {"target": 0.4052640062146208, "params": {"ta": 0.7320668606181149, "tb": -0.6301792521838683, "tc": -0.16218764016124043, "td": 0.6238771839973232}}, {"target": 0.32648396474713604, "params": {"ta": 0.5384479093171025, "tb": -0.21482540001171702, "tc": -0.3574427669367731, "td": 0.7896647973942663}}, {"target": 0.6555159915055893, "params": {"ta": 0.38289103857635953, "tb": -0.46330518261120335, "tc": -0.909436597178098, "td": -0.03403095763165642}}, {"target": 0.34537737975150595, "params": {"ta": 0.8225001926076502, "tb": -0.6831290825375081, "tc": -0.920875549457529, "td": 0.7686874767401091}}, {"target": 0.5120401737201048, "params": {"ta": 0.7878335999683175, "tb": -0.8015596105432196, "tc": -0.27643161667613336, "td": 0.5065773180258141}}, {"target": 0.78174852494117, "params": {"ta": -0.026464605222883075, "tb": -0.5738652616080814, "tc": -0.699563151084615, "td": 0.7234966569408008}}, {"target": 0.5339457855620786, "params": {"ta": 0.728021775421709, "tb": -0.8229240369433239, "tc": -0.9746787515972876, "td": 0.5284872890096126}}, {"target": 0.7694629689896968, "params": {"ta": 0.8576397799422305, "tb": -0.4801174562188072, "tc": -0.7101716736596798, "td": 0.13923609259545267}}, {"target": 0.7355220983564212, "params": {"ta": 0.6291129507957078, "tb": -0.30161541121392055, "tc": -0.7650186215393787, "td": 0.3046714221806138}}, {"target": 0.6455900379968762, "params": {"ta": 0.3882941345458487, "tb": -0.2925667564312311, "tc": -0.34839980521956415, "td": 0.4579010374235569}}, {"target": 0.7415675613361836, "params": {"ta": 0.6779878873520659, "tb": -0.3048912232162616, "tc": -0.9380142986001525, "td": 0.19138645913262986}}, {"target": 0.5240046850860818, "params": {"ta": 0.7614577234406685, "tb": -0.474980294774188, "tc": -0.4364834009462001, "td": 0.518960758394973}}, {"target": 0.622003110694653, "params": {"ta": 0.6833118993218913, "tb": -0.19527959770972936, "tc": -0.6116519997730223, "td": 0.34502351886755456}}, {"target": 0.6150035213919228, "params": {"ta": 0.14044835747735496, "tb": -0.17493900525872297, "tc": -0.19402800974766754, "td": -0.06689798255385782}}, {"target": 0.654074349219463, "params": {"ta": 0.6781290712507833, "tb": -0.31140666894803626, "tc": -0.6786593563943925, "td": 0.4320922088589496}}, {"target": 0.5781346467892954, "params": {"ta": 0.013303207489448243, "tb": -0.6603861665993956, "tc": -0.5833175752391195, "td": 0.10227365115402909}}, {"target": 0.7886241215369955, "params": {"ta": 0.04426715831219141, "tb": -0.7776292124906297, "tc": -0.5258501660186977, "td": 0.4707142648024283}}, {"target": 0.8071254680849879, "params": {"ta": 0.050248637128312956, "tb": -0.6842522574280961, "tc": -0.7231690210854621, "td": 0.6312647960584378}}, {"target": 0.3624802179488982, "params": {"ta": 0.5675141213536887, "tb": -1.092839725468356, "tc": -0.8704483732705077, "td": 0.8564763040190567}}, {"target": 0.8332602440698169, "params": {"ta": 0.31290657817687123, "tb": -0.6572541566137076, "tc": -0.5993603900320646, "td": 0.4310797265144}}, {"target": 0.8312958227689984, "params": {"ta": -0.12169023570468951, "tb": -0.7866428586055786, "tc": -0.5695787933939008, "td": 0.8783097642953105}}, {"target": 0.8308542064864137, "params": {"ta": 0.036521933375074526, "tb": -0.7767331231307213, "tc": -0.5429612895534303, "td": 0.7642684522478237}}, {"target": 0.8178486197803102, "params": {"ta": -0.12169023570468951, "tb": -0.8509854000457181, "tc": -0.5928492147419179, "td": 0.7470232152660395}}, {"target": 0.8287150909349458, "params": {"ta": 0.8783097642953105, "tb": -0.6406085717785442, "tc": -0.8399233418412593, "td": -0.12169023570468951}}, {"target": 0.8323399437100978, "params": {"ta": 0.7069717805348323, "tb": -0.5834399036751031, "tc": -0.7571468764740764, "td": -0.0030823060495021952}}, {"target": 0.8172841948942979, "params": {"ta": 0.8556125560454537, "tb": -0.5484129189662703, "tc": -0.6786778837584747, "td": -0.12169023570468951}}, {"target": 0.8323604647464289, "params": {"ta": 0.4510022220967914, "tb": -0.5847241204692176, "tc": -0.6146568355508067, "td": 0.2542155795401581}}, {"target": 0.7939616214622942, "params": {"ta": 0.8783097642953105, "tb": -0.7679554225091004, "tc": -0.7435224586270194, "td": -0.12169023570468951}}, {"target": 0.830928590773456, "params": {"ta": 0.17777989221900117, "tb": -0.6894386487920033, "tc": -0.5281491417005761, "td": 0.5762307489398449}}, {"target": 0.8070701852129618, "params": {"ta": -0.12169023570468951, "tb": -0.8685624966681096, "tc": -0.7446459326466993, "td": 0.8783097642953105}}, {"target": 0.8318095364812048, "params": {"ta": 0.5830554687649603, "tb": -0.5863023304854614, "tc": -0.7370815227050453, "td": 0.17580774957389209}}, {"target": 0.8286290299575991, "params": {"ta": 0.8783097642953105, "tb": -0.48799693083896023, "tc": -0.8485840376074911, "td": -0.12169023570468951}}, {"target": 0.8269588589160288, "params": {"ta": 0.29766691674821405, "tb": -0.5777569764180304, "tc": -0.5412092652859496, "td": 0.3936436455348245}}, {"target": 0.830785070748654, "params": {"ta": 0.44809233039525953, "tb": -0.6349515951451447, "tc": -0.6775615193603403, "td": 0.3221936637114911}}, {"target": 0.8213804809088034, "params": {"ta": -0.12169023570468951, "tb": -0.8540669021862834, "tc": -0.4451721439561102, "td": 0.8783097642953105}}, {"target": 0.83211692758256, "params": {"ta": 0.8019631097548741, "tb": -0.5566496934856617, "tc": -0.8311687338978124, "td": -0.02986953904037704}}, {"target": 0.8306801111741969, "params": {"ta": 0.13865717577336284, "tb": -0.7781899076782391, "tc": -0.5929828583246869, "td": 0.6215912133846722}}, {"target": 0.8315373406259551, "params": {"ta": 0.6352327961873458, "tb": -0.522745562363712, "tc": -0.6982470543221461, "td": 0.08587473554048569}}, {"target": 0.8330628272928331, "params": {"ta": 0.052242772874231125, "tb": -0.7360256923227743, "tc": -0.5461671582670016, "td": 0.6627381774429769}}, {"target": 0.8284928094582917, "params": {"ta": 0.7903184256987729, "tb": -0.5581919775415097, "tc": -0.8082524070681608, "td": -0.12169023570468951}}, {"target": 0.8312837882488612, "params": {"ta": 0.37836402526181684, "tb": -0.6539137375982921, "tc": -0.579518269549749, "td": 0.34889132433207753}}, {"target": 0.8318964130626552, "params": {"ta": 0.6887838567315543, "tb": -0.5495527557419567, "tc": -0.7818066654636171, "td": 0.0734319931614316}}, {"target": 0.8329031740483144, "params": {"ta": -0.0546397682171836, "tb": -0.8319467208210796, "tc": -0.5761057437037331, "td": 0.8338681157648036}}, {"target": 0.8334185860056931, "params": {"ta": 0.20142480529793133, "tb": -0.6859616956476824, "tc": -0.596304283409114, "td": 0.5110432097402087}}, {"target": 0.832889502258385, "params": {"ta": 0.8783097642953105, "tb": -0.5629671483766466, "tc": -0.8016903981343607, "td": -0.10513533524323009}}, {"target": 0.8314089718552455, "params": {"ta": 0.2454178474881234, "tb": -0.7097855026744484, "tc": -0.5510455474303172, "td": 0.4821962412423597}}, {"target": 0.8319041725408161, "params": {"ta": 0.4002405444552919, "tb": -0.5881169582956485, "tc": -0.6243198460022574, "td": 0.3470187518615803}}, {"target": 0.8327163547837855, "params": {"ta": 0.6199627562545947, "tb": -0.6004670406156047, "tc": -0.7001608878663979, "td": 0.1058056004042848}}, {"target": 0.8333836916482744, "params": {"ta": 0.5351985158016956, "tb": -0.5760021447563801, "tc": -0.6657145872837819, "td": 0.19721025634673628}}, {"target": 0.8330332436735928, "params": {"ta": 0.006740511564267711, "tb": -0.7812921112238463, "tc": -0.5888548754603641, "td": 0.731790429276476}}, {"target": 0.8329671615433961, "params": {"ta": 0.7636087263850841, "tb": -0.5350797939951427, "tc": -0.7607847670891588, "td": -0.0194756921613829}}, {"target": 0.8329355956178732, "params": {"ta": -0.05055212800463069, "tb": -0.7803532916084048, "tc": -0.5415559022030823, "td": 0.7865973427745007}}, {"target": 0.8330804606604436, "params": {"ta": 0.33655271845935997, "tb": -0.6317357463183275, "tc": -0.6312396323462462, "td": 0.3595927510677099}}, {"target": 0.8335792139543574, "params": {"ta": 0.12387633904892854, "tb": -0.7122362387528469, "tc": -0.5767162515008022, "td": 0.600048932175895}}, {"target": 0.8335221722935082, "params": {"ta": -0.12169023570468951, "tb": -0.8569914882495141, "tc": -0.5684224308145998, "td": 0.8783097642953105}}, {"target": 0.8325008054558892, "params": {"ta": 0.8783097642953105, "tb": -0.5639511034729915, "tc": -0.8663693543155148, "td": -0.12169023570468951}}, {"target": 0.8328579456462379, "params": {"ta": 0.7150479610796822, "tb": -0.5799185883786233, "tc": -0.7392790686063075, "td": 0.045439829825593844}}, {"target": 0.8334781321173905, "params": {"ta": 0.47852987365838195, "tb": -0.6047067258390423, "tc": -0.6736347025792553, "td": 0.23578233274441968}}, {"target": 0.833428068537154, "params": {"ta": 0.25258736621096034, "tb": -0.6504429291060304, "tc": -0.5866658221308183, "td": 0.45329118098205645}}, {"target": 0.8329149223661666, "params": {"ta": 0.013118109222168814, "tb": -0.8014472219913091, "tc": -0.5435212639697818, "td": 0.7260343710990371}}, {"target": 0.8334271859432043, "params": {"ta": 0.8016270741234532, "tb": -0.577542684087348, "tc": -0.7856235050200988, "td": -0.05305719960876934}}, {"target": 0.8334864390545, "params": {"ta": 0.5709063990759208, "tb": -0.5665115773086649, "tc": -0.7026241622044745, "td": 0.14092825290830033}}, {"target": 0.8332037720061632, "params": {"ta": 0.11523511248654361, "tb": -0.7444192382114356, "tc": -0.5476593095841963, "td": 0.6166874858218756}}, {"target": 0.8335855963303005, "params": {"ta": 0.07468875771419195, "tb": -0.750854934610489, "tc": -0.5728940147078633, "td": 0.6723558690218593}}, {"target": 0.8337083941187657, "params": {"ta": 0.6485051152286088, "tb": -0.5668557103161608, "tc": -0.7338187085981087, "td": 0.08014618374637238}}, {"target": 0.8336887830637429, "params": {"ta": 0.4137949010697111, "tb": -0.6129416768236727, "tc": -0.6410555034308344, "td": 0.29794631613468414}}, {"target": 0.8332846126950824, "params": {"ta": 0.2427876815879061, "tb": -0.6715490989914923, "tc": -0.5960127583033275, "td": 0.5015993128720787}}, {"target": 0.8333297431223292, "params": {"ta": 0.47049599417924337, "tb": -0.580853537472961, "tc": -0.6656604690736547, "td": 0.25845231467703866}}, {"target": 0.8333046535032511, "params": {"ta": 0.27190147110676294, "tb": -0.6756024254633186, "tc": -0.6127751243439727, "td": 0.4473786338131128}}, {"target": 0.8336466866562207, "params": {"ta": 0.1733731176154073, "tb": -0.7134172661339722, "tc": -0.5759105478701636, "td": 0.5598859384849293}}, {"target": 0.8336882378856615, "params": {"ta": 0.8417123752618124, "tb": -0.5573209176551053, "tc": -0.8172443281875518, "td": -0.08597472640695855}}, {"target": 0.8334479426827691, "params": {"ta": 0.46829638097674203, "tb": -0.6127177398111383, "tc": -0.6460394446681216, "td": 0.2630960696243339}}, {"target": 0.8336234049927346, "params": {"ta": -0.09583859878490086, "tb": -0.8285111411835574, "tc": -0.552319792341135, "td": 0.8483801127626552}}, {"target": 0.8336339486392831, "params": {"ta": 0.6967053336168537, "tb": -0.5526037080017576, "tc": -0.7462240587077316, "td": 0.035068748149987165}}, {"target": 0.8336715636705041, "params": {"ta": 0.7474662913408233, "tb": -0.5646957376471043, "tc": -0.7780243544867642, "td": -0.0012067122693775727}}, {"target": 0.8335798092325818, "params": {"ta": 0.6121508073934232, "tb": -0.5670618265646526, "tc": -0.7088176150588924, "td": 0.12910544765088416}}, {"target": 0.8336185760492346, "params": {"ta": 0.019936001510293542, "tb": -0.7601063054925957, "tc": -0.5581439103077741, "td": 0.7177917196911633}}, {"target": 0.8329221411862817, "params": {"ta": -0.0912688657452831, "tb": -0.8358336422442686, "tc": -0.5540237529435589, "td": 0.8783097642953105}}, {"target": 0.8336963310304991, "params": {"ta": 0.3142398650710715, "tb": -0.6395372039090893, "tc": -0.6029488662995605, "td": 0.3994902516206297}}, {"target": 0.8336264022928348, "params": {"ta": 0.5488807375850051, "tb": -0.5931464669818995, "tc": -0.6868068364174027, "td": 0.17642401710820493}}, {"target": 0.8336680516354606, "params": {"ta": 0.368725365447893, "tb": -0.6332092599303328, "tc": -0.6268615955010762, "td": 0.3579614616178106}}, {"target": 0.8333977481449271, "params": {"ta": 0.3008721419984773, "tb": -0.6379796231064631, "tc": -0.6180033045911358, "td": 0.42310790641474505}}, {"target": 0.8337123347544272, "params": {"ta": 0.8696926420161281, "tb": -0.5629980333144585, "tc": -0.8220562325166786, "td": -0.12169023570468951}}, {"target": 0.8335838774177946, "params": {"ta": 0.18768383952842732, "tb": -0.6845580612910567, "tc": -0.5692137563340697, "td": 0.5294075966909785}}, {"target": 0.8336513705479294, "params": {"ta": 0.10334327520668599, "tb": -0.7284744362944309, "tc": -0.5670213934788979, "td": 0.6371831546865038}}, {"target": 0.8337219704706861, "params": {"ta": 0.5125376093815747, "tb": -0.5860150962006921, "tc": -0.6777942240463133, "td": 0.20965139799379892}}, {"target": 0.833702549542434, "params": {"ta": 0.7994285817143464, "tb": -0.5533746016585762, "tc": -0.7933807218056624, "td": -0.05330217219395665}}, {"target": 0.8336975972112963, "params": {"ta": 0.050438132342225765, "tb": -0.7664855516675381, "tc": -0.5606377188500895, "td": 0.6897532412387807}}, {"target": 0.8336168948200284, "params": {"ta": 0.08518076809158573, "tb": -0.7441132952761905, "tc": -0.5710310751742884, "td": 0.640851184243577}}, {"target": 0.8337293669890303, "params": {"ta": -0.0291658761697356, "tb": -0.7998257048288893, "tc": -0.5631760023120223, "td": 0.7796861875387233}}, {"target": 0.8336006508340885, "params": {"ta": -0.09539693780887026, "tb": -0.8230727816924541, "tc": -0.5760878448774376, "td": 0.8469489572666483}}, {"target": 0.8337134762096636, "params": {"ta": 0.38638466288165085, "tb": -0.6184444144566889, "tc": -0.6247762846248309, "td": 0.32756711988432724}}, {"target": 0.8337360572089906, "params": {"ta": 0.6697222571793042, "tb": -0.566125402528149, "tc": -0.7348608922310725, "td": 0.06440551762413402}}, {"target": 0.8337240513622134, "params": {"ta": 0.23244026386335115, "tb": -0.6768486971448455, "tc": -0.5827057100449891, "td": 0.4878253562277005}}, {"target": 0.8337260678772402, "params": {"ta": -0.06144618319945354, "tb": -0.808561158727733, "tc": -0.5627017619162192, "td": 0.8132500867298185}}, {"target": 0.8336959930655844, "params": {"ta": 0.28473606157209747, "tb": -0.6566060443261258, "tc": -0.5924759742773194, "td": 0.4320977243666409}}, {"target": 0.8337111739442424, "params": {"ta": -0.12169023570468951, "tb": -0.8381855354287908, "tc": -0.5611352517006605, "td": 0.8783097642953105}}, {"target": 0.8337387870915602, "params": {"ta": 0.15013876488866976, "tb": -0.710917502505815, "tc": -0.5707492557797323, "td": 0.5766210254237306}}, {"target": 0.8337198788598864, "params": {"ta": -0.009211271107827417, "tb": -0.7823466386797362, "tc": -0.5610728249755746, "td": 0.7548116899452221}}, {"target": 0.8337139796796839, "params": {"ta": 0.6207688816181232, "tb": -0.5692432087105749, "tc": -0.7222493800799712, "td": 0.10686658869138878}}, {"target": 0.8337359145929563, "params": {"ta": 0.43695471142943015, "tb": -0.60476