{"all": [{"target": 0.9170640920247558, "params": {"ta": 0.33005003990890314, "tb": 0.08176160446718539, "tc": -0.11201600762766972, "td": -0.26382831987683075}}, {"target": 0.7930775569651184, "params": {"ta": 0.02910124234677225, "tb": -0.1388571364578569, "tc": 0.16925356645316114, "td": -0.2924341307194277}}, {"target": 0.920725771356521, "params": {"ta": 0.14151032334298008, "tb": 0.0397234540036393, "tc": 0.0754543018809255, "td": 0.1179200463751573}}, {"target": 0.712110226875828, "params": {"ta": 0.30289501146989917, "tb": -0.6241655105871028, "tc": -0.15777174978077368, "td": 0.04811454855469033}}, {"target": 0.2981899170868871, "params": {"ta": 0.21775607377024964, "tb": -0.6192451131580398, "tc": 0.22357534609865093, "td": -0.28892221138062857}}, {"target": 0.6117115245844325, "params": {"ta": 0.07756191097673293, "tb": -0.10058917732380346, "tc": -0.630335765231183, "td": -0.2864518387550442}}, {"target": 0.6114805473866725, "params": {"ta": -0.11199921209428465, "tb": 0.04907050257848811, "tc": -0.38691767862609794, "td": 0.4493342023849741}}, {"target": 0.12091044496440674, "params": {"ta": 0.5357513527232756, "tb": -0.6700116041373166, "tc": 0.292794896225546, "td": -0.30413849412076144}}, {"target": 0.9384586097216236, "params": {"ta": -0.06200131874324255, "tb": -0.23610431721152825, "tc": 0.14002066236949529, "td": 0.027094385065890236}}, {"target": 0.7157556604197957, "params": {"ta": -0.1383876742619714, "tb": -0.05844224578112045, "tc": -0.42767199065459505, "td": 0.15932718784258482}}, {"target": 0.9184818209513765, "params": {"ta": 0.45969925427522984, "tb": 0.14963152250302725, "tc": -0.5339102086331836, "td": -0.27256254633536126}}, {"target": 0.961793483054344, "params": {"ta": -0.06574466816356894, "tb": -0.6459221760806155, "tc": 0.02406994007339691, "td": 0.48850465563778045}}, {"target": 0.6340562436717506, "params": {"ta": 0.5422714219803205, "tb": -0.16358356583876343, "tc": 0.09393305833700849, "td": 0.25957347713911116}}, {"target": 0.3565686204186782, "params": {"ta": -0.2682500787844687, "tb": -0.17812146803030704, "tc": -0.5760054436979549, "td": -0.20384832083661675}}, {"target": 0.8574370325554016, "params": {"ta": 0.31989976242293405, "tb": -0.4459428469108867, "tc": -0.5606016000532162, "td": 0.5093390860024519}}, {"target": 0.8527449895080825, "params": {"ta": 0.4070624225018392, "tb": -0.5768616867259942, "tc": -0.5248088177326007, "td": 0.3214428187180761}}, {"target": 0.7359448529068408, "params": {"ta": 0.1104099246533331, "tb": -0.017788712003651175, "tc": -0.5875896886264391, "td": -0.20634772389217126}}, {"target": 0.7109501889160961, "params": {"ta": 0.3061396602127645, "tb": -0.6817944046753891, "tc": -0.6808847606136373, "td": 0.40154097884876316}}, {"target": 0.8332944662960083, "params": {"ta": 0.6422268821138842, "tb": 0.12523375373209578, "tc": -0.2820064045493862, "td": -0.2651208853567928}}, {"target": 0.6461671796137083, "params": {"ta": 0.018178048945833525, "tb": -0.3610696496324284, "tc": -0.6734903744702598, "td": 0.5868986179121827}}, {"target": 0.8437763966589462, "params": {"ta": -0.1792190311961196, "tb": -0.5983675301158795, "tc": -0.24226834712183576, "td": 0.3822024871956572}}, {"target": 0.8414570603392701, "params": {"ta": -0.18987800035164248, "tb": -0.5015173876131561, "tc": 0.008733390771339833, "td": 0.15551642938461374}}, {"target": 0.8947698776562215, "params": {"ta": 0.10975342251176434, "tb": -0.15482294938916197, "tc": -0.40331854630547137, "td": 0.34215243705055054}}, {"target": 0.6319634951279323, "params": {"ta": 0.3152423730490497, "tb": -0.28291490494577787, "tc": 0.18919428096236734, "td": -0.15119023042147228}}, {"target": 0.7159174591417194, "params": {"ta": 0.4353464832387097, "tb": -0.640048839075245, "tc": -0.4106300153123481, "td": 0.03443844619823122}}, {"target": 0.7381597196731758, "params": {"ta": 0.4840412060825866, "tb": 0.09476419798612301, "tc": -0.2832277612478057, "td": 0.40008444919270314}}, {"target": 0.7868731569588642, "params": {"ta": 0.5726955171206543, "tb": -0.24479700083509415, "tc": -0.11521848714489258, "td": 0.05868183491222545}}, {"target": 0.5139005557824434, "params": {"ta": 0.5843514920253725, "tb": -0.6330500020157823, "tc": -0.2417322404682386, "td": -0.16478167298009894}}, {"target": 0.9798013811328024, "params": {"ta": -0.3088376402215679, "tb": 0.01465539261567017, "tc": 0.19547777470532346, "td": 0.04828132478153713}}, {"target": 0.9879034034011949, "params": {"ta": -0.054605247963956494, "tb": -0.10255844373654632, "tc": 0.10803986861584414, "td": 0.11008468526494986}}, {"target": 0.6652766391328635, "params": {"ta": -0.16158144726238166, "tb": -0.0192029501192853, "tc": -0.4397709760593005, "td": 0.2224348470550982}}, {"target": 0.5824501570929641, "params": {"ta": -0.029451264283116063, "tb": 0.23412441785680183, "tc": -0.4396738998523517, "td": 0.3088402381379701}}, {"target": 0.825315895721463, "params": {"ta": 0.2480221625762079, "tb": -0.42720309418663027, "tc": -0.6343721046205901, "td": 0.24138217841493437}}, {"target": 0.9297215950024641, "params": {"ta": 0.29725418620845423, "tb": 0.10131624940925088, "tc": -0.4369308244630844, "td": 0.11074441729323514}}, {"target": 0.9140821513462694, "params": {"ta": 0.30535625479389317, "tb": -0.6910123226029653, "tc": -0.0890174346605308, "td": 0.5545698113046073}}, {"target": 0.8012945469884175, "params": {"ta": 0.07539369292622466, "tb": -0.5254295868875285, "tc": 0.04604433138791397, "td": 0.08270928715497972}}, {"target": 0.3086554344087049, "params": {"ta": 0.67528266521822, "tb": 0.29989850570643484, "tc": 0.2538846431838624, "td": 0.016799956838047136}}, {"target": 0.9796140089136692, "params": {"ta": 0.2432524662795441, "tb": 0.01761948456781548, "tc": -0.2409741590203056, "td": -0.13254548908790353}}, {"target": 0.5886239238125252, "params": {"ta": -0.1326734665074647, "tb": -0.36802595069177835, "tc": -0.5351818949307582, "td": 0.07577612176145798}}, {"target": 0.7956508427987159, "params": {"ta": 0.26837848084403637, "tb": -0.6841837765726502, "tc": -0.55525935576302, "td": 0.448067883750617}}, {"target": 0.7702218392286432, "params": {"ta": -0.23339832785268888, "tb": -0.4535175042326275, "tc": -0.36758818052833275, "td": 0.48600556559290375}}, {"target": 0.9470506935205144, "params": {"ta": 0.34581621185300937, "tb": 0.1854926244004066, "tc": -0.2584635132634828, "td": -0.03294618175845898}}, {"target": 0.9159587788711812, "params": {"ta": 0.23122409026280555, "tb": 0.2098817889526975, "tc": 0.03976704098290995, "td": -0.12263336199894626}}, {"target": 0.6917466033244664, "params": {"ta": 0.016501773973787492, "tb": 0.10336300217082073, "tc": -0.06779549755915437, "td": 0.4813835696015253}}, {"target": 0.9167040625436315, "params": {"ta": 0.6041135480377361, "tb": -0.03711721629575626, "tc": -0.3188108568625805, "td": -0.04417129511739615}}, {"target": 0.5399787424497832, "params": {"ta": 0.1522438989881556, "tb": -0.6867740741981168, "tc": -0.3485283032952493, "td": -0.07451161790584193}}, {"target": 0.792502257075377, "params": {"ta": -0.153790030815246, "tb": -0.25572589292916004, "tc": -0.24439614386237551, "td": 0.61030841393787}}, {"target": 0.8681648616034079, "params": {"ta": 0.14013408517898374, "tb": 0.22202704771608095, "tc": 0.2550799712375075, "td": -0.22162283084658507}}, {"target": 0.5163938756847151, "params": {"ta": 0.2552126869910283, "tb": -0.6324273493221577, "tc": 0.01708771442665613, "td": -0.11107994532116017}}, {"target": 0.9412127375014738, "params": {"ta": 0.14006319629234054, "tb": -0.5148235665277887, "tc": -0.07914374604507735, "td": 0.273229224257318}}, {"target": 0.9900497442682727, "params": {"ta": 0.07634818742038396, "tb": -0.08994320598966177, "tc": -0.020085511620306806, "td": 0.044032152885032594}}, {"target": 0.5598881648390618, "params": {"ta": -0.23814874868101055, "tb": 0.15965224122518762, "tc": 0.08967522389646854, "td": 0.5694183580179344}}, {"target": 0.9521278577793045, "params": {"ta": 0.1807398045836246, "tb": 0.2107287774531249, "tc": -0.3073432308802563, "td": -0.17363420193390877}}, {"target": 0.9084000079120728, "params": {"ta": 0.10213017291923643, "tb": -0.5191361381955698, "tc": -0.11211651054175209, "td": 0.20225772042743462}}, {"target": 0.5304094472889018, "params": {"ta": 0.018868356708645284, "tb": -0.627418171343972, "tc": 0.20516705941654145, "td": -0.08523638174393233}}, {"target": 0.9059287754177778, "params": {"ta": 0.291761169128272, "tb": -0.525810426275157, "tc": -0.004014391679061813, "td": 0.4072755896316821}}, {"target": 0.7680576976010992, "params": {"ta": -0.24092473426827565, "tb": -0.1297380432179338, "tc": -0.08387430444627553, "td": -0.23030660258404445}}, {"target": 0.605255701902023, "params": {"ta": -0.2673056376238343, "tb": 0.1211785834217377, "tc": 0.15184604267163204, "td": 0.5670130850371408}}, {"target": 0.8288203220031387, "params": {"ta": 0.6069730274138596, "tb": -0.04028416627637543, "tc": -0.6218956052966514, "td": 0.4394270482060163}}, {"target": 0.7022280367002746, "params": {"ta": 0.5272761551952475, "tb": -0.18379297327015287, "tc": -0.007102732899210373, "td": -0.11611561965665396}}, {"target": 0.8820067484016181, "params": {"ta": -0.3023412036758931, "tb": -0.22272615427131037, "tc": 0.14554984278825256, "td": -0.06000739036246905}}, {"target": 0.9519802391719946, "params": {"ta": -0.018009955610814532, "tb": -0.5215803199069056, "tc": -0.13053990227192158, "td": 0.32846125315026675}}, {"target": 0.9606159162394072, "params": {"ta": 0.07315033969500806, "tb": -0.41006011368287587, "tc": 0.014026211212317397, "td": 0.5657265536749526}}, {"target": 0.9406982344193558, "params": {"ta": 0.3299813684556402, "tb": -0.5317954929257788, "tc": -0.31573624801772826, "td": 0.43357123317651225}}, {"target": 0.9840238662490752, "params": {"ta": -0.31556128062923705, "tb": 0.3015439824148326, "tc": 0.3015439824148326, "td": -0.31556128062923705}}, {"target": 0.9915305613487639, "params": {"ta": -0.13325760267292014, "tb": 0.3015439824148326, "tc": 0.07857707427737402, "td": -0.23609804422106834}}, {"target": 0.873365657820813, "params": {"ta": -0.22374686360012253, "tb": -0.6631536374409847, "tc": 0.2584565830832558, "td": 0.6833655649208084}}, {"target": 0.9921730417274904, "params": {"ta": -0.2426410495814491, "tb": 0.19430631051683683, "tc": 0.3015439824148326, "td": -0.09860058971163245}}, {"target": 0.9980478235634838, "params": {"ta": 0.35736344938377546, "tb": -0.17480469707238228, "tc": -0.3744329241924438, "td": 0.11940071957525276}}, {"target": 0.9937757438651734, "params": {"ta": 0.6729248972058713, "tb": -0.15479189492766332, "tc": -0.6750990725543843, "td": 0.012674555412415356}}, {"target": 0.9638347965245857, "params": {"ta": 0.684438719370763, "tb": 0.11763734528488329, "tc": -0.6984560175851674, "td": -0.029040213173827722}}, {"target": 0.9970040749323187, "params": {"ta": -0.10218553656912446, "tb": 0.108478418625977, "tc": 0.09953810132819264, "td": -0.09641650717266452}}, {"target": 0.9971507935662965, "params": {"ta": 0.5199729087537504, "tb": -0.08315309655543081, "tc": -0.5765053755392625, "td": 0.03949363829853303}}, {"target": 0.9997437656089985, "params": {"ta": 0.10866944463561024, "tb": -0.2552661814591442, "tc": -0.127133267625233, "td": 0.25706220397842144}}, {"target": 0.9986844911064487, "params": {"ta": 0.02343820847884543, "tb": -0.6875128609933612, "tc": -0.11346704611958258, "td": 0.684438719370763}}, {"target": 0.9963797617422169, "params": {"ta": 0.08055444374113238, "tb": -0.5574352193579745, "tc": -0.1424311245756694, "td": 0.5705028502843597}}, {"target": 0.9737779741386895, "params": {"ta": 0.684438719370763, "tb": -0.059367852559299175, "tc": -0.6984560175851674, "td": -0.14916759984880062}}, {"target": 0.990101791913352, "params": {"ta": -0.2789548528233181, "tb": 0.21572248112703407, "tc": 0.1952647116867805, "td": -0.17390738567948016}}, {"target": 0.9993279272167079, "params": {"ta": 0.21158462214910229, "tb": -0.11719984302931374, "tc": -0.22679501972601657, "td": 0.10773444356459161}}, {"target": 0.9923373901699061, "params": {"ta": 0.036681573730015404, "tb": 0.17456227564050736, "tc": -0.03652674987082958, "td": -0.17909637162592235}}, {"target": 0.973888498480484, "params": {"ta": -0.31556128062923705, "tb": 0.3015439824148326, "tc": 0.3015439824148326, "td": -0.12019340609641777}}, {"target": 0.9889751131948477, "params": {"ta": -0.23514515445064121, "tb": -0.022203626912353003, "tc": 0.29031993391349087, "td": 0.036728552606306364}}, {"target": 0.9923141135346448, "params": {"ta": 0.03892841471317113, "tb": 0.3015439824148326, "tc": -0.012619265711592073, "td": -0.31556128062923705}}, {"target": 0.9920597675785454, "params": {"ta": 0.05402433790946303, "tb": -0.6616550013172268, "tc": -0.007882896596430267, "td": 0.684438719370763}}, {"target": 0.9966486248466159, "params": {"ta": 0.23027581541450914, "tb": -0.28291877365479196, "tc": -0.25316367977290477, "td": 0.25731681074094886}}, {"target": 0.9978727236731667, "params": {"ta": -0.13122274948098148, "tb": 0.3015439824148326, "tc": 0.18671502471111615, "td": -0.31556128062923705}}, {"target": 0.9974488554314679, "params": {"ta": 0.3878003149894844, "tb": -0.05741535064367853, "tc": -0.40119246437567324, "td": 0.005606333730508612}}, {"target": 0.9936339032964286, "params": {"ta": 0.684438719370763, "tb": -0.07093530491437315, "tc": -0.6064145176028882, "td": 0.022831735704468142}}, {"target": 0.9986378102012119, "params": {"ta": 0.11305628757391625, "tb": -0.38654088600228464, "tc": -0.1500336066516333, "td": 0.3969448618080417}}, {"target": 0.9935643982972984, "params": {"ta": 0.5318579864093547, "tb": -0.17132301637595904, "tc": -0.5146332608691833, "td": 0.10687754494854351}}, {"target": 0.9979826797853965, "params": {"ta": -0.31556128062923705, "tb": 0.08664969931013103, "tc": 0.3015439824148326, "td": -0.10166286274164123}}, {"target": 0.9932505703008769, "params": {"ta": -0.03785721749655561, "tb": -0.6212773461443223, "tc": -0.06360514108128949, "td": 0.684438719370763}}, {"target": 0.9959048387192433, "params": {"ta": 0.0015208359817687894, "tb": -0.32217091655559443, "tc": -0.02242652140377737, "td": 0.3164756669939473}}, {"target": 0.9983597837148731, "params": {"ta": 0.684438719370763, "tb": -0.07398230596606416, "tc": -0.6984560175851674, "td": 0.05314941630712935}}, {"target": 0.9930684601133524, "params": {"ta": 0.13659539501811402, "tb": 0.024286652985209285, "tc": -0.1422278173063239, "td": -0.007939150332142372}}, {"target": 0.9976437876742356, "params": {"ta": -0.20870328391211249, "tb": 0.06624445337938625, "tc": 0.21907251174335252, "td": -0.0697816568462258}}, {"target": 0.9981633053333304, "params": {"ta": -0.09965710536208179, "tb": 0.21134632647985632, "tc": 0.1292716064384966, "td": -0.23894205383950975}}, {"target": 0.9904641231352206, "params": {"ta": 0.08493933992898735, "tb": -0.6197027251931719, "tc": -0.12169239138394909, "td": 0.684438719370763}}, {"target": 0.9994262848347684, "params": {"ta": 0.02904345699230352, "tb": -0.628233275921, "tc": -0.07454541337895948, "td": 0.6028596315392069}}, {"target": 0.9986838917775828, "params": {"ta": 0.31082801520953424, "tb": -0.0709005557336083, "tc": -0.30316051691051715, "td": 0.061007284873045166}}, {"target": 0.9998063561254913, "params": {"ta": 0.037679369641737015, "tb": -0.4784348290477279, "tc": -0.07752749895352856, "td": 0.47429184359492327}}, {"target": 0.9962612361383981, "params": {"ta": 0.03011405364379704, "tb": -0.18317403501304766, "tc": -0.06535004015298855, "td": 0.17345285813802463}}, {"target": 0.9991722740650659, "params": {"ta": 0.43947113357486306, "tb": -0.09144420458687355, "tc": -0.4483093186936125, "td": 0.08631134144166575}}, {"target": 0.9985011384707652, "params": {"ta": 0.16458028070114022, "tb": -0.22134763715228037, "tc": -0.20371600273702414, "td": 0.1778478496953768}}, {"target": 0.9984199427241992, "params": {"ta": 0.6315567532478281, "tb": -0.06779351876041323, "tc": -0.6682415313411155, "td": 0.00491285274469329}}, {"target": 0.9984422426811664, "params": {"ta": -0.017309266284017733, "tb": -0.6984560175851674, "tc": -0.051317060300255166, "td": 0.684438719370763}}, {"target": 0.9973149158483189, "params": {"ta": -0.09985406007285202, "tb": 0.28949336564663963, "tc": 0.08513998799373956, "td": -0.31556128062923705}}, {"target": 0.9992763828253252, "params": {"ta": 0.2636552629480141, "tb": -0.17213764399199047, "tc": -0.28086574507839646, "td": 0.16969223322091168}}, {"target": 0.9978099727278594, "params": {"ta": -0.047069005449465025, "tb": 0.3015439824148326, "tc": 0.09986600507591939, "td": -0.276934931390127}}, {"target": 0.9995647827010713, "params": {"ta": 0.07386013333396317, "tb": -0.34178919986628764, "tc": -0.11057960721741132, "td": 0.32163270832811514}}, {"target": 0.9961327400213125, "params": {"ta": -0.20935878294196408, "tb": 0.193977317907302, "tc": 0.2723328906761585, "td": -0.21141455783755914}}, {"target": 0.9995021713571947, "params": {"ta": -0.1629546808587881, "tb": 0.17742447759004948, "tc": 0.18569428457264556, "td": -0.15323759035263856}}, {"target": 0.9991169900894921, "params": {"ta": 0.4850170865382351, "tb": -0.10606826391843559, "tc": -0.48141659335096415, "td": 0.033972244700420574}}, {"target": 0.9989669758169739, "params": {"ta": 0.15416043711079597, "tb": -0.16887303176130755, "tc": -0.14566452159824955, "td": 0.16517483585498968}}, {"target": 0.9996192611984749, "params": {"ta": 0.06872341344843427, "tb": -0.40982508675959806, "tc": -0.08216583538612104, "td": 0.4029704645494815}}, {"target": 0.9989858837437722, "params": {"ta": 0.08651250439872177, "tb": -0.4969849561105879, "tc": -0.10715478524309996, "td": 0.47890147656895465}}, {"target": 0.9988380207204295, "params": {"ta": 0.3341764001948926, "tb": -0.10828583298965046, "tc": -0.3744662877889624, "td": 0.0834531147600237}}, {"target": 0.9994891670548136, "params": {"ta": 0.684438719370763, "tb": -0.07220495415536031, "tc": -0.6984560175851674, "td": -0.003603283823571807}}, {"target": 0.999169703485208, "params": {"ta": 0.27202487621322713, "tb": -0.15389676688450124, "tc": -0.26927829879019805, "td": 0.10567983787336836}}, {"target": 0.9998411104800109, "params": {"ta": -0.24996244022287165, "tb": 0.13596513690465917, "tc": 0.25465514908731496, "td": -0.1268137468554178}}, {"target": 0.9996395645348882, "params": {"ta": 0.02490064751456722, "tb": -0.5552406003156138, "tc": -0.07791309231559462, "td": 0.5388702894856041}}, {"target": 0.997478723186411, "params": {"ta": 0.07822245804986891, "tb": -0.2627576026547378, "tc": -0.06826461082731271, "td": 0.23636190789775452}}, {"target": 0.9997709891213465, "params": {"ta": -0.16017282903273855, "tb": 0.2634253672207709, "tc": 0.18018105735241202, "td": -0.24406360768183236}}, {"target": 0.9997165137908227, "params": {"ta": 0.3958062894602189, "tb": -0.10911584144163547, "tc": -0.3859540430888726, "td": 0.0703022905527888}}, {"target": 0.9995595474866724, "params": {"ta": 0.14703794644512552, "tb": -0.30519612980734956, "tc": -0.16203632251977085, "td": 0.29183966179119464}}, {"target": 0.9995902091489732, "params": {"ta": 0.5408951760611644, "tb": -0.07172547454909445, "tc": -0.5292551416178471, "td": 0.041474872856879945}}, {"target": 0.9996898210451232, "params": {"ta": 0.19350814657116946, "tb": -0.2140110594047384, "tc": -0.20138682318790183, "td": 0.2112389608792852}}, {"target": 0.9995625042881694, "params": {"ta": 0.5962229913818733, "tb": -0.10048400236177354, "tc": -0.5975673378138174, "td": 0.046679995411362356}}, {"target": 0.999496155412873, "params": {"ta": 0.05856910577919933, "tb": -0.4439679500505146, "tc": -0.1168881422549277, "td": 0.44422250063135976}}, {"target": 0.9998527324580503, "params": {"ta": 0.3211281284554589, "tb": -0.13133512707889303, "tc": -0.3235485639394311, "td": 0.11475301024711905}}, {"target": 0.9994535313065018, "params": {"ta": 0.09259001771177326, "tb": -0.32247542289536646, "tc": -0.10677982774592999, "td": 0.33546776619676266}}, {"target": 0.9999819362881532, "params": {"ta": 0.02035990799634033, "tb": -0.66836665561729, "tc": -0.0742281705395972, "td": 0.6655639999125045}}, {"target": 0.9995125019698553, "params": {"ta": 0.4661486097838556, "tb": -0.06582097950024479, "tc": -0.46850473043420254, "td": 0.03748963648640509}}, {"target": 0.9996425816582568, "params": {"ta": -0.17579747640902982, "tb": 0.20022147736285953, "tc": 0.18018860717366258, "td": -0.2029790735455119}}, {"target": 0.9997908578027062, "params": {"ta": 0.502218677389684, "tb": -0.09633511010330509, "tc": -0.5065183684832502, "td": 0.06433335350709934}}, {"target": 0.9997319645931787, "params": {"ta": 0.047319360170258194, "tb": -0.5543188741681802, "tc": -0.08080432031584041, "td": 0.5619623028065788}}, {"target": 0.9995852536990649, "params": {"ta": 0.030495623797852187, "tb": -0.6984560175851674, "tc": -0.07425444218221229, "td": 0.684438719370763}}, {"target": 0.9996579830302146, "params": {"ta": 0.14933592050800085, "tb": -0.24814706002121162, "tc": -0.18275099238746395, "td": 0.24440189493042275}}, {"target": 0.9985431161363943, "params": {"ta": -0.2548467439557014, "tb": 0.10754754800928912, "tc": 0.2468721681219792, "td": -0.06688878305972634}}, {"target": 0.9999923799807267, "params": {"ta": 0.21133948414347575, "tb": -0.17038907619288526, "tc": -0.22274954136811695, "td": 0.15518929286064778}}, {"target": 0.9997791407853124, "params": {"ta": 0.26989797961299755, "tb": -0.1286748558716487, "tc": -0.2918147783855118, "td": 0.11014223234239703}}, {"target": 0.9997835029333507, "params": {"ta": 0.06208359618135497, "tb": -0.37726534610087775, "tc": -0.10272873849159689, "td": 0.37839422015140634}}, {"target": 0.9997071581807334, "params": {"ta": 0.020903531490980745, "tb": -0.5941386540926399, "tc": -0.09105483939744155, "td": 0.5987537897986097}}, {"target": 0.9998326659730435, "params": {"ta": 0.14728372352312336, "tb": -0.2402087344337031, "tc": -0.1549938030612963, "td": 0.22059418482059504}}, {"target": 0.9998422255083814, "params"