{"all": [{"target": 0.5678364603454934, "params": {"ta": 0.17500709909491885, "tb": -0.4356750133802373, "tc": 0.0748920768699678, "td": -0.06443591246931424}}, {"target": 0.7838623215174418, "params": {"ta": 0.419597059754231, "tb": -0.2855303456979722, "tc": -0.4152895523222305, "td": 0.1701721570415783}}, {"target": 0.6441623848072464, "params": {"ta": 0.49924793085149166, "tb": -0.3195395121122121, "tc": -0.11719648765691149, "td": 0.2916014570531694}}, {"target": 0.629242026336533, "params": {"ta": 0.3797703204609515, "tb": -0.7832921699807958, "tc": -0.3588605077856556, "td": 0.23732177933590004}}, {"target": 0.4484420997901419, "params": {"ta": 0.5489627626843228, "tb": -0.7818788600309469, "tc": -0.483829960697127, "td": -0.18298127228698013}}, {"target": 0.5512671825547082, "params": {"ta": 0.5223080377320398, "tb": -0.6605774859034786, "tc": -0.09875122678151438, "td": 0.15830105594945354}}, {"target": 0.4859665281365271, "params": {"ta": -0.17684146351091135, "tb": -0.49606863068328777, "tc": -0.6888843321439284, "td": 0.4077318023596115}}, {"target": 0.6017615068053398, "params": {"ta": -0.13045032922231958, "tb": -0.8365260859093018, "tc": -0.29367012225375677, "td": 0.3705724126141242}}, {"target": 0.708429524545637, "params": {"ta": 0.0656586176313737, "tb": -0.6127049682349535, "tc": -0.17347860221328426, "td": 0.2585162289540054}}, {"target": 0.5575335915753793, "params": {"ta": -0.1770219747663797, "tb": -0.8461505405341793, "tc": -0.7602092670250516, "td": 0.7459852272370658}}, {"target": 0.7461918186949648, "params": {"ta": 0.028853260364868016, "tb": -0.3765859422445009, "tc": -0.04891497649648746, "td": 0.49760228561114306}}, {"target": 0.6324775963355032, "params": {"ta": 0.5119157596634888, "tb": -0.23649553493552344, "tc": -0.10230454087784935, "td": 0.1961355722708007}}, {"target": 0.7126879503129708, "params": {"ta": 0.7418772283706823, "tb": -0.4487537243003479, "tc": -0.7739746177548547, "td": -0.20204435974789703}}, {"target": 0.45629453108451273, "params": {"ta": 0.26712665960280013, "tb": -0.14938567643757683, "tc": -0.795987651737529, "td": 0.7106022980315665}}, {"target": 0.4091814627467287, "params": {"ta": 0.7797582513508304, "tb": -0.7700551054496889, "tc": -0.7767907201526718, "td": 0.5301674382128891}}, {"target": 0.6068180071230562, "params": {"ta": -0.03086261164367443, "tb": -0.20258242728189502, "tc": -0.516854580584798, "td": 0.4541817967925037}}, {"target": 0.7029940997557054, "params": {"ta": 0.4729473191013015, "tb": -0.5454967615975795, "tc": -0.4769486275839432, "td": 0.5009664142925123}}, {"target": 0.6245113456840032, "params": {"ta": 0.14247501566790488, "tb": 0.06462360915582699, "tc": -0.5509870777299467, "td": -0.04640928707184544}}, {"target": 0.6047986442397172, "params": {"ta": 0.43311349959500345, "tb": 0.029510903392928944, "tc": -0.5266335631545254, "td": 0.42047051905974053}}, {"target": 0.719377790772857, "params": {"ta": 0.10317832080485256, "tb": -0.1606164402808984, "tc": -0.328301713279588, "td": -0.030539886849342057}}, {"target": 0.6179189827879275, "params": {"ta": 0.7121713816313616, "tb": -0.5361819502036044, "tc": -0.32944977583951884, "td": 0.16821642916382495}}, {"target": 0.7817952802795293, "params": {"ta": 0.7505810293770927, "tb": -0.16574451523781963, "tc": -0.7123177698374051, "td": -0.04792420137108999}}, {"target": 0.4195366357484561, "params": {"ta": -0.021101474501697415, "tb": -0.5015453799040323, "tc": -0.7744040271445245, "td": 0.09946913446339745}}, {"target": 0.38379936295050526, "params": {"ta": -0.14603096743569843, "tb": -0.22369971487045426, "tc": -0.7756198133493943, "td": 0.559904108281801}}, {"target": 0.6454460862482638, "params": {"ta": 0.19746187625679834, "tb": -0.31475032251059376, "tc": -0.4911788613904019, "td": 0.663637797469711}}, {"target": 0.4219194859473122, "params": {"ta": 0.5973041443642293, "tb": 0.09654481863385311, "tc": -0.666713967670069, "td": 0.6578256334441622}}, {"target": 0.7461046459621608, "params": {"ta": 0.19715561275838378, "tb": 0.022634258649371408, "tc": -0.1367924277291792, "td": -0.05214993659252021}}, {"target": 0.5445724658139469, "params": {"ta": 0.2378902519289876, "tb": 0.03967498859499252, "tc": -0.03790437788475243, "td": 0.40938106132727425}}, {"target": 0.6754500644211956, "params": {"ta": 0.4897999405472875, "tb": -0.49231415803300815, "tc": -0.6477293228763668, "td": -0.0876883613100542}}, {"target": 0.7200862458058791, "params": {"ta": 0.17259278152034263, "tb": -0.5331720831018193, "tc": -0.5403228368226188, "td": 0.3256815855717625}}, {"target": 0.34415042955590575, "params": {"ta": 0.10127299749099261, "tb": -0.7404830425950168, "tc": -0.09958292753583375, "td": -0.15270266547912392}}, {"target": 0.5330429647398401, "params": {"ta": 0.5624491323453633, "tb": -0.535765370046957, "tc": -0.08682760050698135, "td": 0.031008061226124095}}, {"target": 0.7493701618899185, "params": {"ta": -0.0329602791494914, "tb": -0.03518044471711468, "tc": -0.019975702596342515, "td": -0.029049064063567}}, {"target": 0.6174247841665002, "params": {"ta": -0.0423996041900474, "tb": -0.6496910349065174, "tc": -0.6754647597085893, "td": 0.6799780538015165}}, {"target": 0.44265543793577733, "params": {"ta": 0.09137087046058279, "tb": 0.1280215937459207, "tc": -0.09411425877161828, "td": 0.5415469967274329}}, {"target": 0.7014421226644106, "params": {"ta": 0.37370901598147266, "tb": -0.7584300564194685, "tc": -0.3435746597448722, "td": 0.5580554863050337}}, {"target": 0.4876590813983459, "params": {"ta": 0.19730332718239618, "tb": -0.7532220027053392, "tc": 0.08499471051029617, "td": 0.1331329552819207}}, {"target": 0.3273037225640952, "params": {"ta": -0.07918949941143472, "tb": -0.5027817356957807, "tc": -0.7301566574029354, "td": -0.05551459298303185}}, {"target": 0.5093393126682726, "params": {"ta": 0.019229318994527178, "tb": 0.125699693804305, "tc": 0.081421576888557, "td": 0.43134174656202473}}, {"target": 0.4928941286102452, "params": {"ta": 0.18929717048913475, "tb": -0.40509090746603404, "tc": -0.7197890566905755, "td": -0.16522822894372802}}, {"target": 0.46987355478808884, "params": {"ta": -0.01521352497734696, "tb": 0.002841274833577878, "tc": -0.6740912804790667, "td": 0.08674841277385936}}, {"target": 0.4960689635668565, "params": {"ta": 0.47700870942765783, "tb": -0.7517107427970565, "tc": 0.1307444710038279, "td": 0.39364124913864407}}, {"target": 0.5255157578402421, "params": {"ta": 0.6479886585930973, "tb": -0.16422224672277164, "tc": -0.4553258704512163, "td": 0.5855897311696683}}, {"target": 0.4735026161549362, "params": {"ta": -0.11338880057437406, "tb": -0.5290726108878995, "tc": -0.6386567966701576, "td": 0.18411689776393447}}, {"target": 0.7020699354141728, "params": {"ta": 0.05628258589215429, "tb": -0.3865721404368444, "tc": -0.32091274087078747, "td": 0.6791181382969506}}, {"target": 0.21519912569416474, "params": {"ta": -0.18420803144378894, "tb": 0.012216751481853305, "tc": -0.8171264234502056, "td": -0.10459412541251079}}, {"target": 0.5552529288056688, "params": {"ta": -0.15388625848047754, "tb": -0.049423999647425054, "tc": -0.40304101949696525, "td": 0.3387857449237224}}, {"target": 0.4851723809555718, "params": {"ta": -0.13526408103025933, "tb": -0.03398349065388295, "tc": -0.30919394738458017, "td": 0.62015131733819}}, {"target": 0.6024154102526265, "params": {"ta": 0.5791072038966674, "tb": 0.05549701162564202, "tc": -0.4415223784805625, "td": 0.3346371479775879}}, {"target": 0.547125360600929, "params": {"ta": 0.38199089191842495, "tb": -0.5552055576509223, "tc": 0.06899421118466997, "td": 0.7850943690017513}}, {"target": 0.5224054991208643, "params": {"ta": 0.5226176576764455, "tb": 0.03614977073476322, "tc": 0.06376450374837284, "td": -0.12714648672552453}}, {"target": 0.7126340225378431, "params": {"ta": 0.24334480872099984, "tb": -0.824295662805333, "tc": -0.3485921791829518, "td": 0.5164131813473553}}, {"target": 0.4488922738688948, "params": {"ta": 0.47164752416139266, "tb": -0.09699939581375683, "tc": 0.06451870956314021, "td": 0.40286352581571183}}, {"target": 0.5723349201867509, "params": {"ta": -0.06913881740215322, "tb": 0.04358602068056039, "tc": -0.33888077936811, "td": 0.35032599219605354}}, {"target": 0.6474033576882329, "params": {"ta": 0.66467387212067, "tb": -0.22565440685411198, "tc": -0.5648677286176383, "td": 0.444566784311477}}, {"target": 0.6686720177276075, "params": {"ta": 0.566505222959553, "tb": -0.636169118879624, "tc": -0.58671707844718, "td": 0.3561600713576297}}, {"target": 0.6580795758308451, "params": {"ta": 0.14843497918056903, "tb": -0.4206249480586477, "tc": -0.388749154428932, "td": -0.020526177444572746}}, {"target": 0.43466133736694984, "params": {"ta": 0.23210616137101037, "tb": -0.791767410752205, "tc": -0.6664377385779521, "td": -0.024852350706691118}}, {"target": 0.7113167310372985, "params": {"ta": 0.38996084480655613, "tb": -0.1266834127717178, "tc": -0.14895632572864403, "td": -0.04678578195797345}}, {"target": 0.6539347968186491, "params": {"ta": 0.056697515748443394, "tb": -0.34169058331097324, "tc": -0.5571995881508505, "td": 0.5588766604537067}}, {"target": 0.6790949965153343, "params": {"ta": 0.1306827620337112, "tb": -0.7451207420877571, "tc": -0.5661922094375971, "td": 0.7630972639578365}}, {"target": 0.45109031561284196, "params": {"ta": 0.3133497014563308, "tb": 0.03740109948615067, "tc": -0.5874929686853289, "td": 0.646231285718232}}, {"target": 0.3821557011765416, "params": {"ta": -0.10274178025545933, "tb": 0.1390447231181331, "tc": -0.5209554608649973, "td": 0.4469741528555389}}, {"target": 0.3659697478162468, "params": {"ta": -0.09788983096955028, "tb": -0.6485017061362497, "tc": -0.4592813530444738, "td": -0.06961782761666746}}, {"target": 0.6611225759794269, "params": {"ta": 0.7915189995184264, "tb": 0.13991054374115186, "tc": -0.8600894562588481, "td": -0.2084810004815736}}, {"target": 0.781773102031455, "params": {"ta": 0.15239431168830306, "tb": -0.3190289238609059, "tc": -0.24203863520003382, "td": 0.27676941316557147}}, {"target": 0.7059674206701049, "params": {"ta": -0.2084810004815736, "tb": -0.7707739842463132, "tc": 0.05502856757199349, "td": 0.7915189995184264}}, {"target": 0.7772804695462198, "params": {"ta": 0.5773167983628568, "tb": -0.22967396241347016, "tc": -0.7139346326295035, "td": 0.09007768939414401}}, {"target": 0.7693736622026837, "params": {"ta": 0.5893062576487117, "tb": -0.14950317575859215, "tc": -0.5559277237315369, "td": -0.08669900222826392}}, {"target": 0.7859925659563227, "params": {"ta": 0.1334386275309794, "tb": -0.5469718792322227, "tc": -0.2503736176062564, "td": 0.487938712046906}}, {"target": 0.7809710317525154, "params": {"ta": 0.7915189995184264, "tb": -0.25968987769411456, "tc": -0.8600894562588481, "td": 0.004891767206238136}}, {"target": 0.7571743818857557, "params": {"ta": -0.2084810004815736, "tb": 0.13991054374115186, "tc": 0.13991054374115186, "td": -0.2084810004815736}}, {"target": 0.7750035893203397, "params": {"ta": 0.7415265370899815, "tb": -0.2991237672963825, "tc": -0.6845412502971883, "td": 0.043477692226177894}}, {"target": 0.7848852429408295, "params": {"ta": 0.26850393960814256, "tb": -0.41625442257921974, "tc": -0.3509404097700814, "td": 0.32692349091734085}}, {"target": 0.7850156342706193, "params": {"ta": 0.008110623786152045, "tb": -0.6580768698096969, "tc": -0.18175269820841003, "td": 0.6428857567337888}}, {"target": 0.7674404007572666, "params": {"ta": -0.08125286555014173, "tb": -0.5432096683883473, "tc": -0.14347638917537717, "td": 0.5275476090104406}}, {"target": 0.7838061979012497, "params": {"ta": 0.00426453073149205, "tb": -0.8600894562588481, "tc": -0.20897225460714106, "td": 0.7915189995184264}}, {"target": 0.7691995011815376, "params": {"ta": -0.15008394396909475, "tb": -0.8043970664933743, "tc": -0.2952414989425439, "td": 0.7889850294070717}}, {"target": 0.7798429967851795, "params": {"ta": -0.0011510734702967747, "tb": -0.7245089636456915, "tc": -0.23666283088315793, "td": 0.7915189995184264}}, {"target": 0.7786168489960721, "params": {"ta": 0.3099493162143028, "tb": -0.17374144341120648, "tc": -0.37894674900349873, "td": 0.11950982940700614}}, {"target": 0.7754161421225937, "params": {"ta": 0.7006413193624078, "tb": -0.23228217765295398, "tc": -0.7976585900052772, "td": -0.07893243798316156}}, {"target": 0.7863809133967696, "params": {"ta": 0.5015144372671392, "tb": -0.23244618576522133, "tc": -0.5459041322756617, "td": 0.0934919556282641}}, {"target": 0.7793869282239859, "params": {"ta": 0.40244465441837773, "tb": -0.33050860027051876, "tc": -0.528816036828966, "td": 0.22489558363706266}}, {"target": 0.7841304061200307, "params": {"ta": 0.09535869840894039, "tb": -0.44310843876097045, "tc": -0.2327111132494584, "td": 0.39931890788865737}}, {"target": 0.7831865907658304, "params": {"ta": 0.017196187009981788, "tb": -0.7528774876479305, "tc": -0.2660495513563001, "td": 0.6891372430353424}}, {"target": 0.785699572471083, "params": {"ta": 0.280699472147268, "tb": -0.3202268079038926, "tc": -0.35537166478550725, "td": 0.2113475272649207}}, {"target": 0.7818446486840309, "params": {"ta": 0.7470765029595355, "tb": -0.16975932924733547, "tc": -0.783136132590369, "td": 0.04986635813185846}}, {"target": 0.7838283193138194, "params": {"ta": -0.050953316488662005, "tb": -0.7860637416589605, "tc": -0.18234527644513399, "td": 0.7426100631285357}}, {"target": 0.7852336050297024, "params": {"ta": 0.6312658268528705, "tb": -0.1972519715161798, "tc": -0.626609973893263, "td": 0.04524716166739315}}, {"target": 0.7831848187849668, "params": {"ta": 0.07435576139773074, "tb": -0.5669425335100687, "tc": -0.16681612232008905, "td": 0.5115888830493404}}, {"target": 0.7852274950361771, "params": {"ta": 0.05275962411695863, "tb": -0.6055318079896744, "tc": -0.2551764019068666, "td": 0.5656815700499775}}, {"target": 0.7843906282050128, "params": {"ta": 0.19543735350032393, "tb": -0.4446773050293308, "tc": -0.25490618570859613, "td": 0.3430046035245874}}, {"target": 0.7844961494561664, "params": {"ta": 0.09220713885424571, "tb": -0.6731389492313855, "tc": -0.2201680331796154, "td": 0.6274875054664751}}, {"target": 0.7861729538961794, "params": {"ta": 0.7915189995184264, "tb": -0.21690602168786172, "tc": -0.7909853611295452, "td": -0.04121277072758605}}, {"target": 0.7845769894628046, "params": {"ta": 0.4043252871568717, "tb": -0.2604004170759771, "tc": -0.462865073361534, "td": 0.10195851953711964}}, {"target": 0.7846585431507631, "params": {"ta": 0.5506983081794393, "tb": -0.25434049654658164, "tc": -0.5686917892429106, "td": 0.04569806457264336}}, {"target": 0.7854847360953003, "params": {"ta": 0.19246291902275817, "tb": -0.3862648236643726, "tc": -0.3183890184868448, "td": 0.33534411518452273}}, {"target": 0.7854483471926507, "params": {"ta": 0.33645314476996674, "tb": -0.2862326942296142, "tc": -0.41808538665094025, "td": 0.22077546249095129}}, {"target": 0.7862763290182994, "params": {"ta": 0.716226701610813, "tb": -0.22571552084336913, "tc": -0.7389122305085948, "td": 0.006835306084646134}}, {"target": 0.7854048629054151, "params": {"ta": 0.17645236678038093, "tb": -0.48276244770052334, "tc": -0.30709228609593947, "td": 0.40907075852861047}}, {"target": 0.7855017589708928, "params": {"ta": 0.028352438502711803, "tb": -0.7608681998858545, "tc": -0.1940043314951639, "td": 0.7193950659913627}}, {"target": 0.7847430421197833, "params": {"ta": 0.554711008627259, "tb": -0.2652156944330672, "tc": -0.5854938005628645, "td": 0.11960070884526164}}, {"target": 0.7855984187334102, "params": {"ta": 0.26277689865995624, "tb": -0.3306004011906863, "tc": -0.32044012394472043, "td": 0.2756763678086922}}, {"target": 0.7861064793386481, "params": {"ta": 0.4375873679872117, "tb": -0.2489519370351074, "tc": -0.4880974208438878, "td": 0.1482693209483776}}, {"target": 0.7841408904527476, "params": {"ta": 0.47746972413708955, "tb": -0.20696558223379177, "tc": -0.479576607006444, "td": 0.07801336851969407}}, {"target": 0.7856786712316163, "params": {"ta": 0.07622131090383556, "tb": -0.5751459151812365, "tc": -0.22065392014032656, "td": 0.5663149855279631}}, {"target": 0.7857564109513389, "params": {"ta": 0.32610244706937286, "tb": -0.3515077549497455, "tc": -0.3933923355990883, "td": 0.2418275953740545}}, {"target": 0.7858443578236005, "params": {"ta": 0.16468771165601367, "tb": -0.45382420863300243, "tc": -0.25798505534521776, "td": 0.4181581033470609}}, {"target": 0.7848387998107264, "params": {"ta": 0.7915189995184264, "tb": -0.21740089851270822, "tc": -0.7737548706698993, "td": 0.004573509266378234}}, {"target": 0.7846910159730289, "params": {"ta": 0.7915189995184264, "tb": -0.18544726381414264, "tc": -0.8433431656021334, "td": -0.030842550864636522}}, {"target": 0.785943569794628, "params": {"ta": -0.03310210512671863, "tb": -0.8162864413814608, "tc": -0.2344719329477373, "td": 0.7915189995184264}}, {"target": 0.7862802396093581, "params": {"ta": 0.6491167502685391, "tb": -0.22358249428987428, "tc": -0.6745241820604642, "td": 0.019187967017240654}}, {"target": 0.7863610935712894, "params": {"ta": 0.022630169206132474, "tb": -0.6957008833709306, "tc": -0.22179435873138242, "td": 0.6734581505383225}}, {"target": 0.7861536145873451, "params": {"ta": 0.09591955142058915, "tb": -0.5180366541617609, "tc": -0.239260046136786, "td": 0.4759803355632738}}, {"target": 0.7859453115056286, "params": {"ta": 0.47600702926886884, "tb": -0.27461257312503756, "tc": -0.5105116457673249, "td": 0.12159732321133042}}, {"target": 0.7860963957123802, "params": {"ta": 0.05099914956758449, "tb": -0.6429829801906249, "tc": -0.21234690835650533, "td": 0.5890357703133722}}, {"target": 0.7863229687015129, "params": {"ta": 0.37080974398118527, "tb": -0.29424144213481035, "tc": -0.4346498041898671, "td": 0.17579502466008598}}, {"target": 0.7862285389965713, "params": {"ta": 0.24543617499618736, "tb": -0.3644148184326747, "tc": -0.3392816400259502, "td": 0.2758175964557721}}, {"target": 0.7862459473789231, "params": {"ta": 0.5699769998382329, "tb": -0.2133428271705616, "tc": -0.6108191568446302, "td": 0.05616297352981905}}, {"target": 0.7862813140223468, "params": {"ta": -0.009353739743259816, "tb": -0.7761202089855419, "tc": -0.22264622810256632, "td": 0.7461900485281423}}, {"target": 0.7862122306819667, "params": {"ta": 0.1383361365418075, "tb": -0.49633913776287164, "tc": -0.2481523822234053, "td": 0.4278781622454452}}, {"target": 0.7863129350976066, "params": {"ta": 0.7573420951375285, "tb": -0.2060491542181469, "tc": -0.7845533491911122, "td": -0.014550969083157379}}, {"target": 0.7863399957895877, "params": {"ta": 0.0879192130678438, "tb": -0.5818978978277464, "tc": -0.23340307375549738, "td": 0.527621327383906}}, {"target": 0.7861642723601948, "params": {"ta": 0.33914239637028837, "tb": -0.2870213520453413, "tc": -0.3872836163703601, "td": 0.1865299156297154}}, {"target": 0.7863273418888543, "params": {"ta": 0.22271691442131, "tb": -0.38490632554932824, "tc": -0.30013190306472876, "td": 0.30918443437035764}}, {"target": 0.786242307061152, "params": {"ta": -0.02351769603893522, "tb": -0.8053340785536643, "tc": -0.19555616556345312, "td": 0.7915189995184264}}, {"target": 0.7861230104635586, "params": {"ta": 0.6805800940648393, "tb": -0.19441872585928477, "tc": -0.7079267643063129, "td": 0.017310505861259415}}, {"target": 0.7864111347294764, "params": {"ta": 0.17274787537617756, "tb": -0.4347526904691426, "tc": -0.28106039295205454, "td": 0.3722322491920446}}, {"target": 0.7860353251269021, "params": {"ta": 0.6532349683626685, "tb": -0.22589796199163464, "tc": -0.6790860698747504, "td": 0.05138458030325937}}, {"target": 0.7863633210117241, "params": {"ta": 0.04511893375681651, "tb": -0.652176920975662, "tc": -0.22470204021379522, "td": 0.6272409087622989}}, {"target": 0.7862888668949699, "params": {"ta": 0.5458274788308612, "tb": -0.2243502923145709, "tc": -0.5697559136976945, "td": 0.0809901709048336}}, {"target": 0.7863978695681582, "params": {"ta": 0.0026955924751509244, "tb": -0.7321674705677923, "tc": -0.2092669044975059, "td": 0.7060184169123724}}, {"target": 0.7862377388256235, "params": {"ta": 0.030617005549247532, "tb": -0.6968689634496981, "tc": -0.21124434253757843, "td": 0.6506082305760265}}, {"target": 0.7864037028143714, "params": {"ta": 0.2894300091114642, "tb": -0.33352312892126545, "tc": -0.3661855140099071, "td": 0.2517474367286012}}, {"target": 0.7863807634764104, "params": {"ta": 0.5999600385500022, "tb": -0.23164959540304417, "tc": -0.6283237205833176, "td": 0.05576268330129995}}, {"target": 0.7863306090277065, "params": {"ta": 0.39061987260162917, "tb": -0.26208358433127144, "tc": -0.44243134029955467, "td": 0.1563579525750065}}, {"target": 0.7862984487824392, "params": {"ta": 0.13298075854175487, "tb": -0.4989054303532351, "tc": -0.2663520694873902, "td": 0.4532715382029716}}, {"target": 0.7863590950260865, "params": {"ta": 0.20680138138451284, "tb": -0.419990377722026, "tc": -0.29978069467507323, "td": 0.3548792879428795}}, {"target": 0.7863259737999218, "params": {"ta": 0.07938364905582883, "tb": -0.6147707121793599, "tc": -0.23362705010515766, "td": 0.5737700553603104}}, {"target": 0.786245452228902, "params": {"ta": 0.6991135020184782, "tb": -0.21473551776130534, "tc": -0.7035632482466372, "td": 0.008160068779982033}}, {"target": 0.7863634159033575, "params": {"ta": 0.4168112608500794, "tb": -0.27909447169276935, "tc": -0.4699460109320032, "td": 0.15599069753685452}}, {"target": 0.7863757567611681, "params": {"ta": -0.00915119989203449, "tb": -0.7972022160982828, "tc": -0.21287150834999427, "td": 0.7744686406225484}}, {"target": 0.7864160517423395, "params": {"ta": 0.46477152370052727, "tb": -0.24539699777999008, "tc": -0.5122861199770041, "td": 0.11471225182024469}}, {"target": 0.786435868824687, "params": {"ta": 0.3210692418686684, "tb": -0.3139424715870193, "tc": -0.38347260796370475, "td": 0.2191327508513358}}, {"target": 0.7864172757327078, "params": {"ta": 0.0989931660818872, "tb": -0.552779788980674, "tc": -0.241350337104