{"all": [{"target": 0.433784716764816, "params": {"ta": -0.14912807008827805, "tb": -0.5755873678272374, "tc": -0.41662417093153425, "td": -0.01935042024179706}}, {"target": 0.5062876178280358, "params": {"ta": 0.19956146581263906, "tb": -0.013946105361002492, "tc": -0.7707787616229711, "td": 0.5131254207834572}}, {"target": 0.5840107135798709, "params": {"ta": -0.015074963791409102, "tb": -0.46585356077722984, "tc": -0.17999025135082236, "td": -0.07322712957007599}}, {"target": 0.3905031867405963, "params": {"ta": -0.12766082249384408, "tb": -0.027960880530470522, "tc": -0.42993811078743305, "td": 0.7846386061204578}}, {"target": 0.6092564567093828, "params": {"ta": 0.5210299678342338, "tb": 0.07857302094283714, "tc": -0.315659864898285, "td": 0.2955282529838242}}, {"target": 0.704784549541979, "params": {"ta": 0.047194724008796374, "tb": -0.4050015253971597, "tc": -0.4765286353027718, "td": 0.6938633583595883}}, {"target": 0.7690637070118851, "params": {"ta": 0.24019214788270488, "tb": -0.031011219025667502, "tc": -0.15707484984307696, "td": 0.08027473692556647}}, {"target": 0.2707165675629463, "params": {"ta": -0.11576316414936266, "tb": -0.8080990301021356, "tc": -0.3404630960000071, "td": -0.10532091939684823}}, {"target": 0.8084870318159065, "params": {"ta": 0.38190911342961936, "tb": -0.3081682655055873, "tc": -0.5323626016060281, "td": 0.1205122622741725}}, {"target": 0.3948486714950873, "params": {"ta": 0.6171354962357147, "tb": -0.7528284592989377, "tc": 0.10115512096928791, "td": 0.2273544286783607}}, {"target": 0.526581880163401, "params": {"ta": 0.5187677096520895, "tb": -0.30993096803733666, "tc": -0.2968665746717398, "td": 0.7353870657839798}}, {"target": 0.42680685422070197, "params": {"ta": 0.6095574533178174, "tb": -0.0045383453724652245, "tc": 0.06570548608367544, "td": 0.13327828308052264}}, {"target": 0.5601553071594092, "params": {"ta": 0.19238944723107837, "tb": -0.8700560915036061, "tc": -0.04555195199412165, "td": 0.26668931801516343}}, {"target": 0.8164355570176416, "params": {"ta": 0.7343026568282787, "tb": -0.22289131262381645, "tc": -0.7080174201052969, "td": 0.02881207070085129}}, {"target": 0.6647007041756416, "params": {"ta": 0.3671976837999101, "tb": -0.5234306482114253, "tc": -0.09235469283927167, "td": 0.6871848531747531}}, {"target": 0.5077827034948039, "params": {"ta": 0.14577573805023286, "tb": 0.03868372455429736, "tc": -0.610081780071521, "td": 0.530212025759768}}, {"target": 0.6129488980595594, "params": {"ta": 0.6020738366855869, "tb": -0.3625130475741949, "tc": -0.2252028359310464, "td": 0.47647576899262395}}, {"target": 0.5824215377228872, "params": {"ta": 0.34402375030576976, "tb": -0.7448874229782383, "tc": -0.40344263092824983, "td": 0.04179374094729388}}, {"target": 0.6564953674231921, "params": {"ta": 0.10431273278821157, "tb": -0.5056000204607485, "tc": -0.0022266954510707926, "td": 0.07857340325413226}}, {"target": 0.47472818762725133, "params": {"ta": 0.12429879184993758, "tb": -0.7629970071396166, "tc": -0.5152243702530372, "td": 0.00933302534993291}}, {"target": 0.38198046751554066, "params": {"ta": 0.6371019563432512, "tb": -0.7095699936451283, "tc": -0.11552299261522392, "td": -0.13138216381979057}}, {"target": 0.6004845044428755, "params": {"ta": -0.09726036917883524, "tb": -0.2378131357114628, "tc": -0.008089209339865455, "td": 0.7463573695811925}}, {"target": 0.6346609542508987, "params": {"ta": 0.4090810252104225, "tb": -0.4084635321296548, "tc": -0.1791503614777047, "td": -0.12221870089699588}}, {"target": 0.7173017943960099, "params": {"ta": 0.5915963396673631, "tb": -0.3841833608193448, "tc": -0.5511665200664007, "td": 0.45124815416645975}}, {"target": 0.6487747179559047, "params": {"ta": 0.4431962780575133, "tb": -0.82732613365237, "tc": -0.07007139482982017, "td": 0.6509398181279904}}, {"target": 0.4632937020567627, "params": {"ta": 0.7538925713768028, "tb": -0.5491329298129709, "tc": -0.2922187551843992, "td": 0.6692887378920327}}, {"target": 0.5718856683236584, "params": {"ta": -0.12360718676591803, "tb": 0.05425990838230943, "tc": -0.4016283873053613, "td": -0.13904302482604042}}, {"target": 0.6141775348838558, "params": {"ta": 0.6778705193338614, "tb": -0.3814874744664686, "tc": -0.1969247549321509, "td": 0.18247633495655285}}, {"target": 0.5631478783839985, "params": {"ta": 0.42118932497846934, "tb": -0.8122433198821031, "tc": -0.7986353947470585, "td": 0.2987351364124516}}, {"target": 0.37564655060415447, "params": {"ta": 0.68552156582979, "tb": -0.6806327999040341, "tc": -0.8752095731296083, "td": 0.7190684659420419}}, {"target": 0.2719640355237479, "params": {"ta": -0.1807205621567733, "tb": -0.6520906453212482, "tc": -0.6781790656015294, "td": -0.023918886921153903}}, {"target": 0.2546590912000982, "params": {"ta": 0.04291778605584101, "tb": 0.11040143827953341, "tc": -0.8791608530263253, "td": 0.6948550388730224}}, {"target": 0.48307535081257963, "params": {"ta": 0.20336732745831737, "tb": -0.27888640439922974, "tc": -0.8524535124032967, "td": 0.7403269966783161}}, {"target": 0.7606289667556321, "params": {"ta": -0.18142870129254446, "tb": -0.45718995047431055, "tc": -0.0014484772599693274, "td": 0.5130773078133619}}, {"target": 0.52904241880339, "params": {"ta": 0.4442143066753346, "tb": -0.8104560530529263, "tc": -0.8698501007171504, "td": 0.343685727313817}}, {"target": 0.7491436978864026, "params": {"ta": 0.5815056655681083, "tb": -0.07450693520661611, "tc": -0.41259787586681806, "td": 0.15072832170321732}}, {"target": 0.4124335268873526, "params": {"ta": 0.04084162349181614, "tb": -0.06522926168828214, "tc": -0.8488527525148877, "td": 0.04436194665747101}}, {"target": 0.4720598942964167, "params": {"ta": 0.13362314673263503, "tb": -0.342940760982804, "tc": -0.8799001936591184, "td": 0.014215900228046363}}, {"target": 0.7471647156036507, "params": {"ta": 0.006996080786937087, "tb": -0.4050844872376749, "tc": -0.3235311284995136, "td": 0.19895074263786522}}, {"target": 0.5240115889888832, "params": {"ta": -0.07757553758518138, "tb": -0.07736218441297527, "tc": -0.5547143381070136, "td": 0.49282886545149424}}, {"target": 0.4369996300790693, "params": {"ta": 0.5927018355094578, "tb": -0.13049818065454077, "tc": -0.03509250703224642, "td": 0.45877252632219173}}, {"target": 0.5077898077123899, "params": {"ta": -0.1750925238681003, "tb": -0.10062341096492045, "tc": -0.5430192328543462, "td": 0.3553415822102796}}, {"target": 0.6175073727973782, "params": {"ta": 0.21383308811389595, "tb": -0.21412449726409644, "tc": 0.04062671411676966, "td": 0.5344006687203631}}, {"target": 0.36988049374500753, "params": {"ta": 0.5524492567283656, "tb": -0.5231590809062258, "tc": 0.07581415436161465, "td": -0.1539781693890538}}, {"target": 0.752496502733838, "params": {"ta": 0.592740915333049, "tb": -0.2616071228166458, "tc": -0.5035730782148795, "td": 0.33931131528561637}}, {"target": 0.634885867930362, "params": {"ta": 0.2380977374049164, "tb": -0.5692614794525552, "tc": 0.04794804106990447, "td": 0.1854155603357885}}, {"target": 0.5288411649668431, "params": {"ta": -0.010928622687414735, "tb": -0.5687236296313869, "tc": -0.6852421365347938, "td": 0.18157478911451402}}, {"target": 0.6929904247919065, "params": {"ta": 0.6691863348968932, "tb": -0.12770257068187285, "tc": -0.34295149699915883, "td": 0.15244203161353126}}, {"target": 0.5681310917819569, "params": {"ta": 0.07400835672305212, "tb": -0.103032065221355, "tc": -0.1515859512805866, "td": 0.6621215277079324}}, {"target": 0.4520534432157614, "params": {"ta": 0.492914328763339, "tb": -0.20960995839044605, "tc": -0.82469366113053, "td": 0.7975972005510739}}, {"target": 0.37599197339632734, "params": {"ta": 0.7960922310705703, "tb": -0.3569308613400992, "tc": -0.5162034809602264, "td": 0.7878742883513503}}, {"target": 0.5556072328251112, "params": {"ta": 0.46507456369933026, "tb": -0.44838372098059476, "tc": -0.005884257579097163, "td": -0.009639753399219353}}, {"target": 0.5310411949307488, "params": {"ta": 0.6078086412360488, "tb": -0.3436076842525979, "tc": -0.6227927348037254, "td": 0.7227092413578868}}, {"target": 0.6577104166931522, "params": {"ta": 0.6697009393870295, "tb": -0.43485195105857566, "tc": -0.40524941618019295, "td": 0.44079129428343317}}, {"target": 0.507196485428169, "params": {"ta": 0.49843355887772217, "tb": -0.26381283896645435, "tc": -0.641668723311074, "td": 0.7813298463921985}}, {"target": 0.6970994310926864, "params": {"ta": 0.30210089122124256, "tb": -0.3667830440040786, "tc": 0.011726085919206763, "td": 0.2678487463886459}}, {"target": 0.7180638870631753, "params": {"ta": 0.003916711611571866, "tb": -0.10206594331615004, "tc": 0.06526502202572138, "td": -0.18370284713940838}}, {"target": 0.6131229385282423, "params": {"ta": 0.048366234152524445, "tb": 0.08180692371065224, "tc": -0.5225758221249199, "td": 0.05768432668715123}}, {"target": 0.628519892311222, "params": {"ta": 0.4412881710676135, "tb": -0.32862069664205285, "tc": -0.014713385946747315, "td": 0.06647774945638246}}, {"target": 0.46007249386703686, "params": {"ta": 0.03930678550656147, "tb": 0.054136206835927125, "tc": -0.7524774589373148, "td": 0.08627851151186056}}, {"target": 0.7827980769305141, "params": {"ta": 0.2715748024725089, "tb": -0.6675826040674548, "tc": -0.3759706311401725, "td": 0.5515443396305997}}, {"target": 0.3658786626263145, "params": {"ta": 0.26779820773107404, "tb": -0.8178526384393832, "tc": -0.48219226244257984, "td": -0.17276283822712296}}, {"target": 0.7728934280885642, "params": {"ta": 0.07163628319555854, "tb": 0.07696262033216539, "tc": -0.023278232889973327, "td": -0.1406695700469775}}, {"target": 0.5851168359540967, "params": {"ta": 0.1965043272833013, "tb": -0.796011765683417, "tc": -0.7804078063977474, "td": 0.5312230618750879}}, {"target": 0.6929405961563246, "params": {"ta": 0.802805428868506, "tb": 0.11759105432798445, "tc": -0.8761461112107405, "td": -0.19719457113149402}}, {"target": 0.7971155369973609, "params": {"ta": -0.13748602680881056, "tb": -0.8756129352283655, "tc": -0.1632384112438685, "td": 0.7744350846890897}}, {"target": 0.6948093386185288, "params": {"ta": -0.19719457113149402, "tb": -0.8824089456720156, "tc": 0.11759105432798445, "td": 0.802805428868506}}, {"target": 0.8149553905226157, "params": {"ta": -0.00791254407544952, "tb": -0.6428982597782532, "tc": -0.22309688988019705, "td": 0.5912220867233703}}, {"target": 0.7660666885556463, "params": {"ta": -0.19719457113149402, "tb": 0.11759105432798445, "tc": 0.11759105432798445, "td": 0.05326161859140892}}, {"target": 0.8181317702826219, "params": {"ta": 0.25835586269368266, "tb": -0.4080716941070741, "tc": -0.35925953438190733, "td": 0.3429251135531789}}, {"target": 0.8075522864473307, "params": {"ta": 0.054567472440710744, "tb": -0.8416379076882211, "tc": -0.2885392911827562, "td": 0.802805428868506}}, {"target": 0.7999721692651565, "params": {"ta": 0.6102386364809164, "tb": -0.1680906319587822, "tc": -0.6055150737265699, "td": -0.09351037209589579}}, {"target": 0.7714824302950922, "params": {"ta": -0.19719457113149402, "tb": -0.8824089456720156, "tc": -0.4080686294964829, "td": 0.802805428868506}}, {"target": 0.814382369734653, "params": {"ta": 0.5871136212608664, "tb": -0.19736612290328498, "tc": -0.6836249153527932, "td": 0.09882239680142985}}, {"target": 0.7977831434986749, "params": {"ta": 0.802805428868506, "tb": -0.32578573418955514, "tc": -0.8824089456720156, "td": -0.14846725901336882}}, {"target": 0.8088234072240835, "params": {"ta": 0.6254259686936621, "tb": -0.33856793862762796, "tc": -0.6353708128589244, "td": 0.052977902282374964}}, {"target": 0.8097963147140976, "params": {"ta": -0.08911061801060881, "tb": -0.7177922412390201, "tc": -0.23970733206273054, "td": 0.802805428868506}}, {"target": 0.8159640880867265, "params": {"ta": 0.29385842786117267, "tb": -0.2622085228303181, "tc": -0.347062886682219, "td": 0.18460704630810032}}, {"target": 0.8185049033823555, "params": {"ta": 0.10802466969466473, "tb": -0.48674411256409356, "tc": -0.24547134336535187, "td": 0.45147602753367416}}, {"target": 0.8120923774557867, "params": {"ta": 0.802805428868506, "tb": -0.2485992423643336, "tc": -0.8824089456720156, "td": 0.03832619397710931}}, {"target": 0.8117048946301406, "params": {"ta": -0.019427265405212377, "tb": -0.7620033663170395, "tc": -0.2955023468454855, "td": 0.6965325320925394}}, {"target": 0.8104651605482769, "params": {"ta": 0.6973390031676658, "tb": -0.23237193236671977, "tc": -0.8163050696599657, "td": -0.02790536832514467}}, {"target": 0.8174892048911633, "params": {"ta": 0.49411367929414923, "tb": -0.2370908819695259, "tc": -0.506748296941645, "td": 0.09542605512188793}}, {"target": 0.8165572231078453, "params": {"ta": 0.39140236581913523, "tb": -0.3559010922776186, "tc": -0.4485428283438641, "td": 0.2321262509996913}}, {"target": 0.8165746738405542, "params": {"ta": 0.040819684190320185, "tb": -0.7219878906891719, "tc": -0.18563738411058117, "td": 0.7129824027792455}}, {"target": 0.8173736330494434, "params": {"ta": 0.10085828526839546, "tb": -0.5964166185150049, "tc": -0.2746983367165855, "td": 0.586986688327268}}, {"target": 0.8096852630077305, "params": {"ta": 0.802805428868506, "tb": -0.3242115115684004, "tc": -0.7965684408550403, "td": -0.0028196769056843276}}, {"target": 0.817329957534449, "params": {"ta": 0.802805428868506, "tb": -0.2055963823674537, "tc": -0.8037135655867953, "td": -0.061605020689352884}}, {"target": 0.8147774232133911, "params": {"ta": 0.15787136640595748, "tb": -0.3407016162198123, "tc": -0.24718178533541613, "td": 0.3053678869253872}}, {"target": 0.8158712324266286, "params": {"ta": 0.3763156973005141, "tb": -0.2565101623712182, "tc": -0.47928338667565407, "td": 0.21310992716721464}}, {"target": 0.816145792229262, "params": {"ta": 0.15524571366983664, "tb": -0.5073145994221343, "tc": -0.3358430488798191, "td": 0.44196153357308776}}, {"target": 0.8162430760858762, "params": {"ta": 0.19881981342618302, "tb": -0.455382499575026, "tc": -0.2753624854353888, "td": 0.34790232057583204}}, {"target": 0.8173307636067357, "params": {"ta": 0.5136564175965816, "tb": -0.2799328983320901, "tc": -0.584152204362517, "td": 0.1507504425196096}}, {"target": 0.8186264133775146, "params": {"ta": 0.5890405374745667, "tb": -0.22440061111045698, "tc": -0.6129427721366796, "td": 0.053833918836798195}}, {"target": 0.8183630928015442, "params": {"ta": 0.2638800933799906, "tb": -0.3500240745090788, "tc": -0.37144063086685675, "td": 0.2558670966397605}}, {"target": 0.8173358784779194, "params": {"ta": 0.10275169760256014, "tb": -0.590098849536821, "tc": -0.22231698195612926, "td": 0.5230362351792813}}, {"target": 0.8184371717328021, "params": {"ta": 0.0366652252912108, "tb": -0.6781728056687435, "tc": -0.242310504491623, "td": 0.680818552500531}}, {"target": 0.818452882974549, "params": {"ta": 0.17378748480426576, "tb": -0.4124402740510487, "tc": -0.30560547620024775, "td": 0.3822174542618508}}, {"target": 0.8185241056347822, "params": {"ta": 0.3927911163390021, "tb": -0.2801058888802312, "tc": -0.43954127139049615, "td": 0.15950607134521852}}, {"target": 0.8177937882423967, "params": {"ta": 0.802805428868506, "tb": -0.20150157020465498, "tc": -0.8091261700182039, "td": 0.008446108524229234}}, {"target": 0.8181995788440631, "params": {"ta": 0.2941362746052525, "tb": -0.3348691262791232, "tc": -0.3510572693652132, "td": 0.2735470982714982}}, {"target": 0.8190365883847438, "params": {"ta": -0.026816393869639382, "tb": -0.8063703666703981, "tc": -0.21874187229038633, "td": 0.802805428868506}}, {"target": 0.8189424429782972, "params": {"ta": -0.020570676450851515, "tb": -0.7545064471410973, "tc": -0.22054235922532328, "td": 0.7434395899275725}}, {"target": 0.8175443861522383, "params": {"ta": 0.05077092433426856, "tb": -0.5643138931616782, "tc": -0.2102297140658247, "td": 0.5682998419848377}}, {"target": 0.8178932307839161, "params": {"ta": 0.17142579781631434, "tb": -0.49450190940532945, "tc": -0.27773513068178324, "td": 0.4627835205816156}}, {"target": 0.8186438737098883, "params": {"ta": 0.6437162628998134, "tb": -0.2462931277049022, "tc": -0.6928975841078606, "td": 0.05103694452129898}}, {"target": 0.8189722339787084, "params": {"ta": 0.44788608228205484, "tb": -0.2773878104625334, "tc": -0.5055077901496476, "td": 0.15791985352762186}}, {"target": 0.818773890317479, "params": {"ta": 0.802805428868506, "tb": -0.23844734045459862, "tc": -0.8329604095593297, "td": -0.029102163883794916}}, {"target": 0.8175884242588034, "params": {"ta": 0.006737487937186665, "tb": -0.7595559500742285, "tc": -0.235047086674373, "td": 0.780877866042701}}, {"target": 0.8188460168202703, "params": {"ta": 0.09183258159772102, "tb": -0.5442273376829482, "tc": -0.26287664230389024, "td": 0.5129019942939859}}, {"target": 0.8184241854991208, "params": {"ta": 0.5020941668532294, "tb": -0.22703731196450533, "tc": -0.5702259755874117, "td": 0.09961372839835776}}, {"target": 0.8187418310343286, "params": {"ta": 0.05867313234103469, "tb": -0.6564106707970955, "tc": -0.22662554258362785, "td": 0.6191770429684798}}, {"target": 0.8190680462534251, "params": {"ta": 0.3305436185329642, "tb": -0.3147015559406322, "tc": -0.4109557383387758, "td": 0.22504992270059446}}, {"target": 0.8189471317958676, "params": {"ta": 0.22275003458511752, "tb": -0.3778735541435612, "tc": -0.3199761558295058, "td": 0.31302594118319904}}, {"target": 0.8186056208257814, "params": {"ta": 0.6629554612751153, "tb": -0.207046152608796, "tc": -0.6943498095387376, "td": 0.018611776524357897}}, {"target": 0.8182607982186785, "params": {"ta": 0.427211707524374, "tb": -0.23626462577694923, "tc": -0.48863549368548803, "td": 0.12925273241552448}}, {"target": 0.8190115580447039, "params": {"ta": 0.755818462981135, "tb": -0.23002468811830226, "tc": -0.7759251764823116, "td": -0.006993903537276992}}, {"target": 0.8188113429114074, "params": {"ta": 0.5526722463848144, "tb": -0.2543005164910158, "tc": -0.6058047163843177, "td": 0.08401967163944427}}, {"target": 0.818624847427814, "params": {"ta": 0.012069872435310311, "tb": -0.6749147036925685, "tc": -0.2076815816801971, "td": 0.6680546871718661}}, {"target": 0.819036648739228, "params": {"ta": 0.15351964516880237, "tb": -0.46715528848436855, "tc": -0.2818019474009283, "td": 0.4144368557603217}}, {"target": 0.8185819400316332, "params": {"ta": 0.2925590434922585, "tb": -0.3447220640855507, "tc": -0.39425709129388387, "td": 0.2808041477377443}}, {"target": 0.8183180331285327, "params": {"ta": 0.802805428868506, "tb": -0.23586458954063924, "tc": -0.7942564298869321, "td": -0.025834088397107595}}, {"target": 0.8187244810690304, "params": {"ta": 0.7075916842627871, "tb": -0.21880946305250162, "tc": -0.7478744204457031, "td": 0.03349739635640264}}, {"target": 0.8190322632706747, "params": {"ta": 0.0607857730918031, "tb": -0.6076433551262517, "tc": -0.24273315735917914, "td": 0.5813927093418879}}, {"target": 0.8188726846774117, "params": {"ta": 0.018392901734309228, "tb": -0.7227194613517152, "tc": -0.2267094698561809, "td": 0.6924909746956819}}, {"target": 0.8187369437251899, "params": {"ta": 0.6109856338292389, "tb": -0.23540027503173425, "tc": -0.6412334085245533, "td": 0.08013718551925483}}, {"target": 0.8187321629194588, "params": {"ta": 0.3063732184391873, "tb": -0.3556517383762284, "tc": -0.3812556204426753, "td": 0.25623854965955}}, {"target": 0.8189453452823041, "params": {"ta": 0.5363766333620745, "tb": -0.24278624480763347, "tc": -0.573667513186865, "td": 0.10541739256913765}}, {"target": 0.8190164788232601, "params": {"ta": 0.12618437876085167, "tb": -0.5227030767155948, "tc": -0.2649248406559863, "td": 0.4750577432473751}}, {"target": 0.8190198807322935, "params": {"ta": 0.4851201649771224, "tb": -0.2624906872547901, "tc": -0.5392291985376829, "td": 0.12142209021679383}}, {"target": 0.8189654238352113, "params": {"ta": 0.1994614331289779, "tb": -0.43704673355494655, "tc": -0.3129852843157699, "td": 0.3782232806578458}}, {"target": 0.8190191369110159, "params": {"ta": 0.3840868231262937, "tb": -0.29701116825347945, "tc": -0.45797045315642826, "td": 0.19017304133834562}}, {"target": 0.8182544307248151, "params": {"ta": -0.04865127225984543, "tb": -0.8150108881896746, "tc": -0.24994209187907793, "td": 0.802805428868506}}, {"target": 0.8189020114350376, "params": {"ta": 0.6998477465554096, "tb": -0.232941666874388, "tc": -0.7267285438121949, "td": 0.01026133718001254}}, {"target": 0.818986245793477, "params": {"ta": 0.09880845506788466, "tb": -0.555832309276657, "tc": -0.245893889620607, "td": 0.5301386357360097}}, {"target": 0.8188943153788877, "params": {"ta": 0.739631238501838, "tb": -0.2083281235826628, "tc": -0.7624061427448696, "td": -0.0015189763653564229}}, {"target": 0.819007229859305, "params": {"ta": 0.04289493779591461, "tb": -0.6369104631091036, "tc": -0.23197789585180617, "td": 0.62436224383937}}, {"target": 0.818649677783557, "params": {"ta": -0.013270779440320924, "tb": -0.7989666410579872, "tc": -0.2242474169231387, "td": 0.7696041818341207}}, {"target": 0.8190774009060215, "params": {"ta": 0.2561748642923361, "tb": -0.36936125197629494, "tc": -0.34928303876139616, "td": 0.29720193917789034}}, {"target": 0.8190422734800575, "params": {"ta": 0.7779373409418402, "tb": -0.22057825841438275, "tc": -0.8060177602797195, "td": -0.011847302359261931}}, {"target": 0.819037649306497, "params": {"ta": 0.6205419402540948, "tb": -0.230117504019326, "tc": -0.6586012254683573, "td": 0.04882590547466863}}, {"target": 0.8190158935786165, "params": {"ta": 0.20750465600135354, "tb": -0.40729263173143704, "tc": -0.32075487375850165, "td": 0.342177509947416}}, {"target": 0.8190335853897974, "params": {"ta": 0.0012970703434122457, "tb": -0.7201340284720874, "tc": -0.22391751524813286, "td": 0.7141837418117396}}, {"target": 0.818954591573609, "params": {"ta": -0.035697171937383795, "tb": -0.7856258019371154, "tc": -0.21746559094946805, "td": 0.7862150470494653}}, {"target": 0.8190493738393079, "params": {"ta": 0.355769960690575, "tb": -0.298591723989321, "tc": -0.4226965162447436, "td": 