{"all": [{"target": 0.7164302331820547, "params": {"ta": 0.1434098506241267, "tb": -0.5870786592895051, "tc": -0.4376013546138344, "td": 0.7341809401995913}}, {"target": 0.3997269501088244, "params": {"ta": -0.10524242337950818, "tb": -0.35668599941664225, "tc": -0.3765675227377039, "td": 0.002029426948389146}}, {"target": 0.677462608476699, "params": {"ta": 0.12649534622142666, "tb": -0.6452446745335656, "tc": -1.2039127722965126, "td": 0.8017351023573906}}, {"target": 0.6444683501409025, "params": {"ta": 0.602969953371119, "tb": -0.6282987244811411, "tc": -0.6443205546031353, "td": 0.6201784914780302}}, {"target": 0.5733092974463969, "params": {"ta": 0.27977007152280253, "tb": -0.27941829404333296, "tc": -0.7258686888439495, "td": 0.05411347163812896}}, {"target": 0.3972181893172899, "params": {"ta": 0.7309038024926082, "tb": -0.36222167532649063, "tc": -0.60632155496304, "td": 0.6748815506013076}}, {"target": 0.7484859715015701, "params": {"ta": 0.5315867543060029, "tb": -0.9089399889376364, "tc": -0.4528384331287365, "td": 0.3699681554398708}}, {"target": 0.6017567247083802, "params": {"ta": 0.29173829010188135, "tb": -0.7978753408808309, "tc": -1.2523204867887068, "td": 0.7665889052575959}}, {"target": 0.7134818073528637, "params": {"ta": 0.3074824161744336, "tb": -1.1275432355718278, "tc": -0.6593168034968572, "td": 0.7055442137643216}}, {"target": 0.4458711487048516, "params": {"ta": 0.6531524717156477, "tb": -0.47944540535938895, "tc": -0.30846881361757994, "td": 0.5406714027126639}}, {"target": 0.6035527985035067, "params": {"ta": 0.7639601108404049, "tb": -0.337335786751388, "tc": -0.45267417489363904, "td": 0.11318578985374639}}, {"target": 0.7342756362774412, "params": {"ta": 0.6113843640175116, "tb": -0.9918261369699282, "tc": -1.0149498763356646, "td": 0.296836238481307}}, {"target": 0.6562952699641103, "params": {"ta": 0.414681104313553, "tb": -0.7535816989147475, "tc": -0.26564919011533594, "td": 0.34937232148447683}}, {"target": 0.5567222999477507, "params": {"ta": 0.13591663229902196, "tb": -1.086143191680922, "tc": -1.0265100803054783, "td": 0.04521581416107878}}, {"target": 0.813516170915838, "params": {"ta": 0.5118730238605845, "tb": -0.8789944737526644, "tc": -0.9542651038586357, "td": 0.1900085612794954}}, {"target": 0.8000475499107088, "params": {"ta": 0.23863910921478304, "tb": -0.6085588142407614, "tc": -0.7593988440953894, "td": 0.7019763689764775}}, {"target": 0.8018440526864957, "params": {"ta": 0.17914721396908395, "tb": -0.7588740272569837, "tc": -0.9781437633822682, "td": 0.45951307531580976}}, {"target": 0.5899326444820465, "params": {"ta": 0.36169162931602816, "tb": -1.0278617658967537, "tc": -0.974592893849811, "td": 0.8476713652841951}}, {"target": 0.49599220647677217, "params": {"ta": 0.055792687422283826, "tb": -0.9525058187277473, "tc": -0.6125156435799167, "td": 0.05965398593247351}}, {"target": 0.8416039462571625, "params": {"ta": 0.5206840649690422, "tb": -0.6810279401108905, "tc": -0.6957861255674768, "td": 0.18910012518633024}}, {"target": 0.5186379802482355, "params": {"ta": 0.7719817329682367, "tb": -0.953025618332503, "tc": -1.0994698486277894, "td": 0.5070598606324359}}, {"target": 0.4323125796965811, "params": {"ta": 0.8687616499007847, "tb": -0.9000887742031556, "tc": -0.3495044245169774, "td": 0.6101074920769808}}, {"target": 0.6911191857298056, "params": {"ta": -0.07487659454474316, "tb": -0.41318327371797614, "tc": -0.9485571792290333, "td": 0.7041522217644822}}, {"target": 0.5342427495101145, "params": {"ta": 0.1927582028150726, "tb": -0.9727219969748184, "tc": -0.5046129973263954, "td": 0.036934473872043405}}, {"target": 0.65412887636407, "params": {"ta": 0.7355556685208144, "tb": -0.8559022430240286, "tc": -0.3385991855348559, "td": 0.30137653186048596}}, {"target": 0.6365809446968587, "params": {"ta": 0.05594386807372831, "tb": -0.8979536588999391, "tc": -0.6004981298264389, "td": 0.2297301087496061}}, {"target": 0.6653885778861856, "params": {"ta": 0.16607968764273517, "tb": -1.2038882809989992, "tc": -0.5211890777315161, "td": 0.8683321096547338}}, {"target": 0.4170935555655968, "params": {"ta": 0.16266481143227451, "tb": -0.4681649743783758, "tc": -1.0846312179360056, "td": -0.0072189903640245134}}, {"target": 0.5363950855628372, "params": {"ta": 0.046551775311456045, "tb": -0.46889975578022414, "tc": -0.6303510379667271, "td": 0.07461534984053053}}, {"target": 0.3141324961989192, "params": {"ta": -0.057148840408266066, "tb": -0.8651240027094174, "tc": -0.4064424726048913, "td": -0.021975694983016103}}, {"target": 0.6737464537945723, "params": {"ta": 0.6860346537411873, "tb": -0.4138856611933939, "tc": -0.4169927790927861, "td": -0.06696751548165203}}, {"target": 0.6689379964052182, "params": {"ta": 0.3066777043607596, "tb": -0.690126827594287, "tc": -0.28566069965194096, "td": 0.357272242505851}}, {"target": 0.3862388277819374, "params": {"ta": 0.7522847838588032, "tb": -1.258598345197531, "tc": -0.8340465822394744, "td": 0.6768077268733478}}, {"target": 0.7310673755004901, "params": {"ta": 0.7567032649753476, "tb": -0.5147188004647331, "tc": -0.7992644539796178, "td": 0.3079557864128768}}, {"target": 0.6392164781784655, "params": {"ta": 0.6389966876494269, "tb": -0.3970225377141834, "tc": -0.545813958435491, "td": 0.35096924395271456}}, {"target": 0.549493958173788, "params": {"ta": 0.4767457024348579, "tb": -1.1128089400285668, "tc": -0.36501322205214526, "td": 0.031412846432333774}}, {"target": 0.6904552509133891, "params": {"ta": -0.019657239309852748, "tb": -0.49438114118702536, "tc": -0.5069864416736145, "td": 0.4200601088156045}}, {"target": 0.6519346513372729, "params": {"ta": 0.29928334986382576, "tb": -1.1870462882918553, "tc": -0.8406155876330444, "td": 0.15065845620322227}}, {"target": 0.7456998601785534, "params": {"ta": 0.6260357982803055, "tb": -1.097221689896989, "tc": -0.6353146885504838, "td": 0.13494829722096913}}, {"target": 0.49583344453944067, "params": {"ta": -0.09378482142642386, "tb": -1.0455300216095278, "tc": -0.3180822981900291, "td": 0.4551038137890412}}, {"target": 0.6926664053319732, "params": {"ta": 0.6653796997745997, "tb": -0.5571189200009773, "tc": -1.13772334421149, "td": 0.3682654847641117}}, {"target": 0.6130154240131086, "params": {"ta": 0.27848598592895357, "tb": -0.3660092454160998, "tc": -0.7910406618980019, "td": 0.8670452888549216}}, {"target": 0.5111895919602558, "params": {"ta": 0.7395281634190375, "tb": -1.2403212144161468, "tc": -0.27756381197529256, "td": 0.006442873543839989}}, {"target": 0.36451101014849663, "params": {"ta": -0.07470789995833149, "tb": -1.060307495434179, "tc": -1.0861503702012008, "td": -0.026683527758500025}}, {"target": 0.6767934178235859, "params": {"ta": 0.1829646806546732, "tb": -1.1191828215598827, "tc": -1.0144003833520405, "td": 0.7274203280835346}}, {"target": 0.5554356884866211, "params": {"ta": 0.3682334664712281, "tb": -0.2788310297872938, "tc": -0.397380043459551, "td": 0.46833975601104716}}, {"target": 0.7798221742277234, "params": {"ta": 0.08505948459518786, "tb": -0.6825780311898823, "tc": -0.9020471634618968, "td": 0.43592275167139527}}, {"target": 0.7478440118012295, "params": {"ta": 0.28361549454969326, "tb": -1.0780360880952686, "tc": -0.6430416504875411, "td": 0.6822038573855431}}, {"target": 0.7302627805996517, "params": {"ta": 0.4577732184164601, "tb": -0.494254540610235, "tc": -0.46932637527652765, "td": 0.20009801342644806}}, {"target": 0.5330821000697252, "params": {"ta": 0.8776673283209867, "tb": -0.9982801971670602, "tc": -0.6942411959729012, "td": 0.5156835936784918}}, {"target": 0.7517292654600971, "params": {"ta": 0.8261021528218575, "tb": -1.0768914902825493, "tc": -0.6385203605128175, "td": -0.09033292775788992}}, {"target": 0.7183458803227452, "params": {"ta": 0.8789886041087881, "tb": -1.1592652214412489, "tc": -0.6976422908356397, "td": -0.04896220788577965}}, {"target": 0.5483524865996325, "params": {"ta": 0.8681642101415072, "tb": -0.44359220297653057, "tc": -0.5311157396194262, "td": 0.32397571896708166}}, {"target": 0.6745415877002585, "params": {"ta": 0.7722455538810804, "tb": -0.4415125577515123, "tc": -0.9035789982428329, "td": 0.3666780016850526}}, {"target": 0.7045653906016729, "params": {"ta": 0.6909483198946846, "tb": -0.40795942060910406, "tc": -0.5033833617037976, "td": -0.04636119758482782}}, {"target": 0.7174849317173293, "params": {"ta": 0.37108984085651964, "tb": -0.8675771603851978, "tc": -1.1523989411219353, "td": 0.4590642096562385}}, {"target": 0.7496059523905425, "params": {"ta": 0.5908426699316801, "tb": -1.0638920225818078, "tc": -0.7796101732658026, "td": 0.36174965445542007}}, {"target": 0.5794915717829476, "params": {"ta": -0.03336043687800705, "tb": -1.0143253173869466, "tc": -0.562068600384189, "td": 0.31327539691995987}}, {"target": 0.4783350260911042, "params": {"ta": 0.07597035149913023, "tb": -1.1080149158547425, "tc": -0.2800547908881629, "td": 0.3633163670186357}}, {"target": 0.7400100355037291, "params": {"ta": 0.4255899893961139, "tb": -0.5877939657003545, "tc": -0.4944051418310972, "td": 0.470096040620252}}, {"target": 0.5182749409894274, "params": {"ta": -0.09239673727368569, "tb": -1.2369135450087687, "tc": -0.2867981712968318, "td": 0.752564120608843}}, {"target": 0.6636264123149742, "params": {"ta": 0.39685518957704424, "tb": -1.165545181528966, "tc": -0.6013195072351767, "td": 0.70481176667252}}, {"target": 0.6720060135046821, "params": {"ta": 0.656276752328803, "tb": -0.8946346578278718, "tc": -1.108172808109588, "td": 0.38833317397006584}}, {"target": 0.297215955955625, "params": {"ta": -0.0940252052735231, "tb": -1.237484621281137, "tc": -0.4717293066480862, "td": 0.1811138157893193}}, {"target": 0.8407961115328866, "params": {"ta": 0.8923855622569539, "tb": -0.7372390888052636, "tc": -0.907523287003646, "td": -0.10761443774304613}}, {"target": 0.8526772478084059, "params": {"ta": 0.3173616516358312, "tb": -0.7871233934752639, "tc": -0.7442449861234259, "td": 0.44773892269652077}}, {"target": 0.8525539303037678, "params": {"ta": 0.7329705355225709, "tb": -0.7824945962325368, "tc": -0.765469653224709, "td": 0.015376127342963947}}, {"target": 0.8528327385626164, "params": {"ta": -0.10761443774304613, "tb": -0.8012145501387627, "tc": -0.7789151010694745, "td": 0.8542731386995341}}, {"target": 0.8519821140538453, "params": {"ta": 0.045396980882407276, "tb": -0.8019280358716488, "tc": -0.7592086844774963, "td": 0.6770085797467811}}, {"target": 0.8204161080349223, "params": {"ta": 0.7413237874217696, "tb": -0.8589744292485848, "tc": -0.9152394952605811, "td": -0.10761443774304613}}, {"target": 0.8402351393592339, "params": {"ta": -0.10761443774304613, "tb": -0.7150819223018685, "tc": -0.6689156468604017, "td": 0.8923855622569539}}, {"target": 0.8463294814096411, "params": {"ta": 0.8923855622569539, "tb": -0.7400194563729908, "tc": -0.7073283109045665, "td": -0.10761443774304613}}, {"target": 0.8373194053913253, "params": {"ta": 0.001754643631074233, "tb": -0.7949673623815954, "tc": -0.7612682655224642, "td": 0.8923855622569539}}, {"target": 0.8497649166610729, "params": {"ta": 0.5267267996786638, "tb": -0.8102678485284891, "tc": -0.7472247794557341, "td": 0.26781697304922314}}, {"target": 0.8402252866336153, "params": {"ta": 0.7853013146887939, "tb": -0.6644484070319279, "tc": -0.7972585999639267, "td": -0.10761443774304613}}, {"target": 0.8524464679049213, "params": {"ta": 0.18291867317150418, "tb": -0.7750286791417574, "tc": -0.7295791752947638, "td": 0.5663587225167149}}, {"target": 0.8427431281309878, "params": {"ta": -0.10761443774304613, "tb": -0.88034453690024, "tc": -0.6938312688363087, "td": 0.8923855622569539}}, {"target": 0.8498778528857978, "params": {"ta": 0.416034960563798, "tb": -0.7101123564543632, "tc": -0.795230994945813, "td": 0.3514050582716547}}, {"target": 0.8496504596788874, "params": {"ta": -0.056224270037532706, "tb": -0.7839317265529443, "tc": -0.7042196602206895, "td": 0.7767879245085522}}, {"target": 0.8524735111953201, "params": {"ta": 0.6368163852808422, "tb": -0.7527193742282512, "tc": -0.8016826409387245, "td": 0.13814950469393783}}, {"target": 0.8501388093063325, "params": {"ta": 0.8316471444695148, "tb": -0.7573844210355257, "tc": -0.8087658304693417, "td": -0.017752155386852646}}, {"target": 0.8514241329367382, "params": {"ta": 0.22695684834255392, "tb": -0.7773286006092315, "tc": -0.8045936964994224, "td": 0.548753939594775}}, {"target": 0.8517165726374984, "params": {"ta": 0.8604412828315581, "tb": -0.8027216752490359, "tc": -0.7885430802589708, "td": -0.10761443774304613}}, {"target": 0.8497959580077927, "params": {"ta": 0.6492810850452795, "tb": -0.78092230458386, "tc": -0.7221344618850953, "td": 0.13237304734002867}}, {"target": 0.8518286896138381, "params": {"ta": 0.3968240683055942, "tb": -0.8003615691300281, "tc": -0.7761616059568031, "td": 0.33689623651709233}}, {"target": 0.8509491337058301, "params": {"ta": 0.40739587081624756, "tb": -0.751675018559807, "tc": -0.7166596508111124, "td": 0.35096552836294415}}, {"target": 0.8513506873498049, "params": {"ta": 0.26404475945822, "tb": -0.7265612070230504, "tc": -0.7638240230961058, "td": 0.47539295190119363}}, {"target": 0.8515721350120566, "params": {"ta": 0.08356627889625057, "tb": -0.7369424643078065, "tc": -0.7668457754222624, "td": 0.6647325000074565}}, {"target": 0.8516368276978523, "params": {"ta": -0.028141692271796852, "tb": -0.7860019628029906, "tc": -0.7970559646901331, "td": 0.7612009728484552}}, {"target": 0.8521746616027918, "params": {"ta": 0.5614163857087292, "tb": -0.7822583356176963, "tc": -0.7760280772230737, "td": 0.16477697919532414}}, {"target": 0.8526618835867963, "params": {"ta": 0.520028014184492, "tb": -0.7452997787638933, "tc": -0.7918232509598171, "td": 0.24403589179053795}}, {"target": 0.8519253278324243, "params": {"ta": 0.8018738619346377, "tb": -0.7617006885654048, "tc": -0.7504280878945383, "td": -0.064298360483823}}, {"target": 0.8524054238932246, "params": {"ta": 0.1300963885979529, "tb": -0.7894426918715225, "tc": -0.7609517766000542, "td": 0.6576575644430717}}, {"target": 0.8521144890196557, "params": {"ta": 0.6863445810372512, "tb": -0.7258911629032011, "tc": -0.7688547709136767, "td": 0.05709628809581054}}, {"target": 0.8525004117438478, "params": {"ta": 0.3773875012385326, "tb": -0.7694631254834923, "tc": -0.7789558863843183, "td": 0.4069031880558007}}, {"target": 0.8525402202253074, "params": {"ta": 0.13494894222487294, "tb": -0.7821205810151228, "tc": -0.781766075817543, "td": 0.6006357708188116}}, {"target": 0.8523823071903186, "params": {"ta": -0.10761443774304613, "tb": -0.7798510506529026, "tc": -0.7475067041614155, "td": 0.8348651641283966}}, {"target": 0.8526779749639606, "params": {"ta": 0.8836224606202506, "tb": -0.7403652818120483, "tc": -0.7938868559345488, "td": -0.10761443774304613}}, {"target": 0.8528379934536032, "params": {"ta": 0.6605075921034775, "tb": -0.7774175151623129, "tc": -0.7841477882200387, "td": 0.08064258829808696}}, {"target": 0.8526787112131742, "params": {"ta": 0.25195952302575336, "tb": -0.7904082233749076, "tc": -0.7727812057924346, "td": 0.4864725648867837}}, {"target": 0.8531772703705485, "params": {"ta": 0.023047585936499297, "tb": -0.7832587237447534, "tc": -0.7510495436670157, "td": 0.7431301182917377}}, {"target": 0.8533135539610095, "params": {"ta": 0.4600825984542018, "tb": -0.764902749787284, "tc": -0.7701341581124271, "td": 0.2978602307318489}}, {"target": 0.8523735070423601, "params": {"ta": -0.05492042410881141, "tb": -0.8212816717015373, "tc": -0.75975602004906, "td": 0.8072301613470598}}, {"target": 0.8530421340240075, "params": {"ta": 0.33386457131650826, "tb": -0.762627791363564, "tc": -0.7706883344051504, "td": 0.40642976381217594}}, {"target": 0.8530052357707287, "params": {"ta": 0.7491748504854593, "tb": -0.754300987542212, "tc": -0.8006531566177014, "td": 0.0009481094549056466}}, {"target": 0.8529406836259038, "params": {"ta": 0.7142826558091319, "tb": -0.7597786420982419, "tc": -0.785432119052494, "td": 0.06270257659730644}}, {"target": 0.8530970321846166, "params": {"ta": 0.5781151245212546, "tb": -0.7529483559576444, "tc": -0.7652020020779222, "td": 0.18764849883048193}}, {"target": 0.8531011556074442, "params": {"ta": 0.24283838685314754, "tb": -0.7696034360647106, "tc": -0.7535660214986686, "td": 0.5260346958390613}}, {"target": 0.8529938018089194, "params": {"ta": 0.1684790857967526, "tb": -0.7583901437422989, "tc": -0.7610690941391769, "td": 0.5928887609428821}}, {"target": 0.8530371287304559, "params": {"ta": 0.8464026415086955, "tb": -0.7575558376948522, "tc": -0.7917388703924915, "td": -0.10761443774304613}}, {"target": 0.8529485051166458, "params": {"ta": 0.10758600155497501, "tb": -0.7762018603371006, "tc": -0.7396885447240784, "td": 0.6442336263314355}}, {"target": 0.8532022837054254, "params": {"ta": 0.6223710250745152, "tb": -0.7527204138697949, "tc": -0.7706585613006479, "td": 0.12775640330924215}}, {"target": 0.8531417579273728, "params": {"ta": 0.5032413218116312, "tb": -0.7636995283404231, "tc": -0.760242738205364, "td": 0.24362678527597345}}, {"target": 0.8531245450455833, "params": {"ta": 0.300556110892357, "tb": -0.7678251606022325, "tc": -0.7758593270233484, "td": 0.4637614733918641}}, {"target": 0.8532548156780093, "params": {"ta": 0.0645065056805038, "tb": -0.781196776273596, "tc": -0.7654292553737878, "td": 0.6977310606267503}}, {"target": 0.8531685457158835, "params": {"ta": 0.18981798554619764, "tb": -0.7889309262141502, "tc": -0.7621259209203084, "td": 0.5685966468217916}}, {"target": 0.8533065760746188, "params": {"ta": 0.4072657975362103, "tb": -0.7636259110545562, "tc": -0.7688667534710183, "td": 0.3500026029094239}}, {"target": 0.8532488660587871, "params": {"ta": -0.05286395597705265, "tb": -0.7797059471166861, "tc": -0.7578211211743446, "td": 0.8105464446933595}}, {"target": 0.8531242628932412, "params": {"ta": 0.7626681149513307, "tb": -0.7489865948223257, "tc": -0.7741454134917706, "td": -0.0013818340632298874}}, {"target": 0.8527442611558438, "params": {"ta": -0.10761443774304613, "tb": -0.7953572960515918, "tc": -0.7517661673196282, "td": 0.888764708867418}}, {"target": 0.8532206190749824, "params": {"ta": -0.018057661113234254, "tb": -0.7818835862572423, "tc": -0.7558387990816263, "td": 0.765301304883944}}, {"target": 0.8533033986023868, "params": {"ta": 0.8276619176711294, "tb": -0.7617384837585728, "tc": -0.7893530706840094, "td": -0.06874749427807267}}, {"target": 0.8532176441597914, "params": {"ta": 0.20849086532041047, "tb": -0.7684449444551609, "tc": -0.7650089968702748, "td": 0.5395956290760279}}, {"target": 0.8531995524215741, "params": {"ta": -0.085075602476387, "tb": -0.797086111788876, "tc": -0.7507370234348348, "td": 0.845308586114977}}, {"target": 0.8532339902751085, "params": {"ta": 0.785882986371052, "tb": -0.7682434624563449, "tc": -0.7874842183765892, "td": -0.032687763639124026}}, {"target": 0.8531655619038739, "params": {"ta": 0.035797253327155346, "tb": -0.7734725691538805, "tc": -0.7534828437092984, "td": 0.7136705316580382}}, {"target": 0.8531456470091352, "params": {"ta": 0.6090038421496794, "tb": -0.7732894730230819, "tc": -0.7771746869626235, "td": 0.15418816623404774}}, {"target": 0.8532433513916766, "params": {"ta": 0.5408722577246613, "tb": -0.7699105178527949, "tc": -0.7778342660558327, "td": 0.21765918988202942}}, {"target": 0.8532889021930878, "params": {"ta": 0.36945631726238437, "tb": -0.7662499196091761, "tc": -0.7603908206685045, "td": 0.38596762522232125}}, {"target": 0.8532884679664574, "params": {"ta": 0.6623820531148554, "tb": -0.758115960103398, "tc": -0.7752056540934928, "td": 0.09796797597873741}}, {"target": 0.853294372366479, "params": {"ta": 0.09508171193366496, "tb": -0.7792182998897731, "tc": -0.7642421426073567, "td": 0.6593893166041179}}, {"target": 0.8532130523714294, "params": {"ta": 0.8555849320786448, "tb": -0.7628652948453267, "tc": -0.7825683209907043, "td": -0.09067194146054505}}, {"target": 0.8531686019560679, "params": {"ta": 0.48476160416058106, "tb": -0.7720756447011304, "tc": -0.7805767958804377, "td": 0.2695108438349915}}, {"target": 0.8531682772604186, "params": {"ta": 0.48727369839944257, "tb": -0.7560058522296339, "tc": -0.7643892588732218, "td": 0.2773242987117331}}, {"target": 0.8532802483532813, "params": {"ta": 0.7126686922943405, "tb": -0.7583465998243957, "tc": -0.7816994987614154, "td": 0.03717967856051404}}, {"target": 0.853273279408399, "params": {"ta": 0.2771450345717662, "tb": -0.7692544586340814, "tc": -0.7563010149627087, "td": 0.47818602001701105}}, {"target": 0.8533007128279052, "params": {"ta": 0.43581409657248044, "tb": -0.7666759076032821, "tc": -0.7688963065056283, "td": 0.3244835988502637}}, {"target": 0.8533043177030804, "params": {"ta": 0.1443446372218542, "tb": -0.7800599875975232, "tc": -0.7569635821995273, "td": 0.612857565985214}}, {"target": 0.8532053848483362, "params": {"ta": 0.32926324102524407, "tb": -0.7603484501961363, "tc": -0.759080617159059, "td": 0.4306404825890793}}, {"target": 0.8532343316727506, "params": {"ta": 0.44591649790463667, "tb": -0.7604774774468015, "tc": -0.7674766927169736, "td": 0.301410724798952}}, {"target": 0.8532311617091114, "params": {"ta": 0.5809154270211349, "tb": -0.7548644231867825, "tc": -0.7818459662041582, "td": 0.1723514263146491}}, {"target": 0.8532425340314327, "params": {"ta": 0.3300934723500593, "tb": -0.777193009547275, "tc": -0.7695469040972057, "td": 0.42450512647703875}}, {"target": 0.8533015520081175, "params": {"ta": -0.026579394561675376, "tb": -0.790260724715682, "tc": -0.7565808884248711, "td": 0.7840173781215527}}, {"target": 0.8532418538711969, "params": {"ta": 0.07218371770309726, "tb": -0.7807533836435412, "tc": -0.7505137628087587, "td": 0.6869347438142466}}, {"target": 0.853299663951922, "params": {"ta": 0.5412043173307636, "tb": -0.7604379883890153, "tc": -0.7688130545140863, "td": 0.21475174786248935}}, {"target": 0.8532809033025581, "params": {"ta": 0.018557755889049607, "tb": -0.7899560800677279, "