{"all": [{"target": 0.40034442974233464, "params": {"ta": -0.1536759797029329, "tb": -0.45425826507806955, "tc": -0.5527182466714293, "td": -0.1292899783437329}}, {"target": 0.8960226224184065, "params": {"ta": 0.5841512888115528, "tb": -0.017221160443375072, "tc": -0.7267212273825953, "td": 0.29330861936304675}}, {"target": 0.3605220610468349, "params": {"ta": 0.6450199810314168, "tb": 0.1249023534378163, "tc": 0.10728637573069011, "td": 0.3325216660997442}}, {"target": 0.5147817134721722, "params": {"ta": 0.6990431301311207, "tb": 0.1757340431958233, "tc": -0.09271189687794823, "td": 0.2207854563619127}}, {"target": 0.8170467558495644, "params": {"ta": 0.37528346874045626, "tb": -0.35835897470999356, "tc": -0.6514553693877085, "td": 0.5741226714994756}}, {"target": 0.6433269218277415, "params": {"ta": 0.40532417160705825, "tb": -0.5626534623763562, "tc": 0.06206073358448616, "td": 0.06932426597582086}}, {"target": 0.9453941734713903, "params": {"ta": 0.4298846402562254, "tb": -0.04265990046159862, "tc": -0.2356292901255913, "td": 0.04800798246612148}}, {"target": 0.21166081401235684, "params": {"ta": 0.3257721749632775, "tb": -0.7739152535485404, "tc": 0.1936192903448014, "td": -0.2391685549158672}}, {"target": 0.8042743687818643, "params": {"ta": -0.0888495542187574, "tb": -0.7673100142878605, "tc": 0.19650883559740473, "td": 0.46608545647250554}}, {"target": 0.7654580014939859, "params": {"ta": 0.12426459371433829, "tb": -0.391946992035194, "tc": -0.1639621929891475, "td": -0.12771963388118668}}, {"target": 0.6331500219434804, "params": {"ta": 0.4980739522821376, "tb": -0.30658258627871005, "tc": 0.11684558370825138, "td": 0.05120618423917289}}, {"target": 0.5993044544601089, "params": {"ta": 0.2590824369926681, "tb": 0.12916004999244013, "tc": 0.0048891614153254714, "td": 0.456090987149011}}, {"target": 0.5023355648205943, "params": {"ta": 0.7333850208638815, "tb": 0.12359853122223019, "tc": -0.025130294683688104, "td": 0.10650675358410944}}, {"target": 0.19209199908545352, "params": {"ta": -0.12817028882019843, "tb": -0.5414277855091402, "tc": -0.7823434964547572, "td": -0.22698322532780868}}, {"target": 0.9488501025079192, "params": {"ta": 0.4186711630698019, "tb": -0.28347048541131914, "tc": -0.22222177406941945, "td": 0.14685960277375787}}, {"target": 0.7251764822326674, "params": {"ta": 0.6337561493838643, "tb": -0.48760292090012913, "tc": -0.5621763886651552, "td": 0.6287491037978349}}, {"target": 0.81671635655651, "params": {"ta": 0.6417813217954801, "tb": 0.04351560016727374, "tc": -0.45184884248891, "td": 0.30995072195486617}}, {"target": 0.9415496063025954, "params": {"ta": 0.25165729872204357, "tb": 0.10090839154751163, "tc": -0.24642051030847356, "td": 0.05409036823261315}}, {"target": 0.45469287147247894, "params": {"ta": 0.5298813702875879, "tb": -0.722012479806783, "tc": 0.12234023855686493, "td": 0.0903580204029737}}, {"target": 0.8291103450853696, "params": {"ta": 0.6727191677441848, "tb": -0.24069154311537067, "tc": -0.6919217144284977, "td": 0.4690890454972302}}, {"target": 0.8944955855376585, "params": {"ta": 0.240791719532222, "tb": -0.503247426939354, "tc": -0.42179062455223537, "td": 0.14912146968569417}}, {"target": 0.9837039470727116, "params": {"ta": 0.22037166075292425, "tb": -0.44305004458137687, "tc": -0.3506537118160633, "td": 0.32774438898560776}}, {"target": 0.9286825682297887, "params": {"ta": 0.23529361839883878, "tb": -0.6361579996637694, "tc": -0.3771421905976984, "td": 0.3833008629306306}}, {"target": 0.932360994423167, "params": {"ta": 0.5222923995489722, "tb": 0.10879739216946072, "tc": -0.5433001920326357, "td": 0.04217148686108607}}, {"target": 0.7816723363274681, "params": {"ta": -0.07481647703885219, "tb": 0.20909600599395506, "tc": -0.18099813252332797, "td": 0.19002853175295453}}, {"target": 0.830007150303766, "params": {"ta": 0.40085735571362424, "tb": -0.23451339821436645, "tc": -0.6712866681418349, "td": 0.5009560048542113}}, {"target": 0.8311103988114893, "params": {"ta": 0.3498899936178995, "tb": -0.16267665204633153, "tc": -0.7815049610824973, "td": 0.03027842413461901}}, {"target": 0.9352963588468785, "params": {"ta": 0.6496904006509446, "tb": -0.2272160485190916, "tc": -0.7042741636488881, "td": -0.18684049369708966}}, {"target": 0.7344105681624272, "params": {"ta": 0.29098106427551584, "tb": -0.35301155797322104, "tc": -0.6874983468137673, "td": 0.6688144423650392}}, {"target": 0.7230928845222537, "params": {"ta": 0.40184423020918614, "tb": -0.4845082418389811, "tc": -0.025319429914929636, "td": 0.02168913463112987}}, {"target": 0.8938024923213083, "params": {"ta": 0.3048631606995311, "tb": -0.13509272474874412, "tc": -0.29126316390932483, "td": -0.21393633334173268}}, {"target": 0.7971837440475813, "params": {"ta": 0.6936171206666851, "tb": -0.10094021255877428, "tc": -0.23596894964105186, "td": -0.06923593265461403}}, {"target": 0.847483506981522, "params": {"ta": 0.6225521140431228, "tb": -0.5293036113033854, "tc": -0.73413512187953, "td": 0.27023513055799564}}, {"target": 0.9675311157936194, "params": {"ta": -0.009249085793579304, "tb": -0.4795574301760316, "tc": -0.14738295026446968, "td": 0.648087047867285}}, {"target": 0.8450709818633176, "params": {"ta": 0.7173158821412609, "tb": 0.13961562581654097, "tc": -0.40581315352588665, "td": -0.11898927150171645}}, {"target": 0.4848114439595863, "params": {"ta": -0.009767827133697504, "tb": -0.6199605414924922, "tc": -0.08451573796681344, "td": -0.17124463429422843}}, {"target": 0.8297940591548957, "params": {"ta": -0.07938836028676477, "tb": -0.30494921309247247, "tc": -0.19476117145012262, "td": 0.7067913650902777}}, {"target": 0.794262199748152, "params": {"ta": 0.08983246985752757, "tb": -0.4673893743682592, "tc": 0.0860031665610026, "td": 0.054870823836847715}}, {"target": 0.9414745751249067, "params": {"ta": 0.6355605166400842, "tb": -0.20802487298826067, "tc": -0.7498336968443083, "td": -0.1593595688387518}}, {"target": 0.7503947129982506, "params": {"ta": 0.20544568795905627, "tb": -0.5085601231947124, "tc": -0.35930651877716213, "td": -0.057773677186667594}}, {"target": 0.7742239558401898, "params": {"ta": 0.43715885503320395, "tb": 0.08569083818784484, "tc": -0.0032350974364661056, "td": 0.05231033400329077}}, {"target": 0.9192600384812173, "params": {"ta": 0.6094837648812211, "tb": -0.18955035010299714, "tc": -0.4174919468488263, "td": 0.2769058228842517}}, {"target": 0.9773079258587868, "params": {"ta": 0.5469423684373409, "tb": -0.08847085035115665, "tc": -0.6075891178797074, "td": 0.16787837293849683}}, {"target": 0.11468259006293041, "params": {"ta": 0.7357580010430023, "tb": 0.1235842309742845, "tc": 0.1333135727140803, "td": 0.7003046288770277}}, {"target": 0.6211737849235894, "params": {"ta": 0.43120171526876916, "tb": 0.2047221976953425, "tc": -0.5607178944967184, "td": 0.47759463392608537}}, {"target": 0.7915421169015477, "params": {"ta": 0.44488707912314907, "tb": -0.42377884561359913, "tc": -0.6095226684872262, "td": 0.6388359480657584}}, {"target": 0.7426186335031648, "params": {"ta": 0.4975380204656492, "tb": -0.7323431350055016, "tc": -0.5993035956293316, "td": 0.5574833894548791}}, {"target": 0.5990712361031162, "params": {"ta": -0.06657667230412667, "tb": -0.07877908858316718, "tc": -0.5627388507953647, "td": -0.13561665777822363}}, {"target": 0.6056227211993486, "params": {"ta": -0.16717831160300345, "tb": -0.5893863590691131, "tc": -0.27659223582434544, "td": 0.04606112744753965}}, {"target": 0.6313200141812736, "params": {"ta": 0.3685899854060066, "tb": -0.6107218564196996, "tc": -0.6405862517950098, "td": -0.14697189295386237}}, {"target": 0.543982256356114, "params": {"ta": -0.10892832590715273, "tb": -0.28793531071804257, "tc": -0.6882904689646617, "td": 0.19253451271067545}}, {"target": 0.8236473546621356, "params": {"ta": 0.3314817386257245, "tb": -0.43540971147210494, "tc": 0.01892971760795803, "td": 0.606088577170381}}, {"target": 0.4544625580586431, "params": {"ta": -0.23903548653703632, "tb": -0.6182356104916678, "tc": 0.08370366267112095, "td": -0.15264356666579892}}, {"target": 0.8690848516344675, "params": {"ta": 0.5348803276497326, "tb": 0.0061619435849828985, "tc": -0.20158773872066094, "td": 0.023009807027901785}}, {"target": 0.87687123168481, "params": {"ta": 0.4318752389963195, "tb": -0.567586593264718, "tc": -0.5719512947585174, "td": 0.4484056044661634}}, {"target": 0.7609559458680799, "params": {"ta": 0.17709874223515765, "tb": -0.5117255651789787, "tc": -0.30321526889092254, "td": -0.0362650448049634}}, {"target": 0.8539593628408059, "params": {"ta": 0.179132133748087, "tb": -0.44295661732109104, "tc": 0.14219893901071445, "td": 0.29585281950299347}}, {"target": 0.8586484457182914, "params": {"ta": -0.16114944476873239, "tb": 0.04575917468498758, "tc": 0.002949271095476158, "td": 0.30011050105030057}}, {"target": 0.6521628788623423, "params": {"ta": 0.018518041947167663, "tb": -0.20930877058598052, "tc": -0.6219999601057041, "td": 0.618461873756247}}, {"target": 0.6688213718512899, "params": {"ta": -0.15290351914904454, "tb": -0.7654746816366464, "tc": -0.3042975258477242, "td": 0.25654227575885014}}, {"target": 0.8307535239351433, "params": {"ta": 0.3191849452429635, "tb": 0.10746324855054468, "tc": -0.6500514395359894, "td": 0.09324287176692392}}, {"target": 0.5563090852073945, "params": {"ta": 0.33461304004182246, "tb": -0.761744546301725, "tc": -0.6351182061392844, "td": -0.05174462939674751}}, {"target": 0.17461563448244333, "params": {"ta": -0.22843081425761003, "tb": -0.6129685578339585, "tc": -0.6670685605667535, "td": -0.18884255122377636}}, {"target": 0.6488765547449945, "params": {"ta": 0.08290474967807149, "tb": -0.07874908184220852, "tc": -0.22793505633540823, "td": 0.7085478029868485}}, {"target": 0.9883294139689499, "params": {"ta": -0.25103501362626734, "tb": 0.21262933258405653, "tc": 0.21262933258405653, "td": -0.25103501362626734}}, {"target": 0.9516023239816014, "params": {"ta": 0.02885999754323265, "tb": 0.20314516326625276, "tc": 0.20116362214156924, "td": -0.25033288368499085}}, {"target": 0.9979011863691585, "params": {"ta": 0.00394178334411508, "tb": -0.7837563396774412, "tc": -0.11923542891662277, "td": 0.7489649863737327}}, {"target": 0.9828455632716512, "params": {"ta": -0.2148927456001624, "tb": 0.09975444124027966, "tc": 0.21262933258405653, "td": -0.016829812367020785}}, {"target": 0.9162273973996921, "params": {"ta": -0.25103501362626734, "tb": -0.7012726239091946, "tc": 0.01058324460532631, "td": 0.7489649863737327}}, {"target": 0.999030251108969, "params": {"ta": 0.7489649863737327, "tb": -0.12621490552498274, "tc": -0.7517693488280405, "td": 0.028823264050312887}}, {"target": 0.9950063591582391, "params": {"ta": 0.10758433793932438, "tb": -0.6506921325123354, "tc": -0.1396557035717215, "td": 0.608263786707295}}, {"target": 0.9777527738963481, "params": {"ta": -0.08006338266578791, "tb": 0.10715928040146523, "tc": 0.04691832495312303, "td": -0.1422238349127991}}, {"target": 0.8753308163747875, "params": {"ta": 0.7489649863737327, "tb": 0.10718738158021925, "tc": -0.7873706674159435, "td": -0.25103501362626734}}, {"target": 0.9882773558430888, "params": {"ta": 0.038462073760887415, "tb": -0.69447691832012, "tc": -0.24260253885641062, "td": 0.7489649863737327}}, {"target": 0.9794108811685244, "params": {"ta": 0.04630187927855228, "tb": -0.664299497973418, "tc": -0.045948181358675615, "td": 0.7489649863737327}}, {"target": 0.996856833222502, "params": {"ta": 0.6269140074494762, "tb": -0.20596240431333868, "tc": -0.6056245710994207, "td": 0.04937618151979954}}, {"target": 0.9952265050133545, "params": {"ta": 0.12253849877126005, "tb": -0.2874474754783079, "tc": -0.1539298637014233, "td": 0.26417300206027444}}, {"target": 0.9989225349632721, "params": {"ta": 0.11497621552255011, "tb": -0.46354061127380786, "tc": -0.16187332105992838, "td": 0.4264358524434473}}, {"target": 0.9996172320135024, "params": {"ta": 0.38703707976418816, "tb": -0.2271502930238467, "tc": -0.4230340622434984, "td": 0.16090542357050638}}, {"target": 0.9738179630940285, "params": {"ta": -0.08612155379261899, "tb": 0.20282909549482675, "tc": 0.1990666390792878, "td": -0.10131533168239337}}, {"target": 0.9739417127625836, "params": {"ta": -0.1573865285911227, "tb": 0.07516637834547292, "tc": 0.21262933258405653, "td": -0.1753712433851907}}, {"target": 0.9998628109498676, "params": {"ta": 0.26304157237951015, "tb": -0.26774766762174645, "tc": -0.2895889785800634, "td": 0.23317524008681778}}, {"target": 0.9971065430480639, "params": {"ta": -0.01626172367952146, "tb": -0.6820116962974597, "tc": -0.15054675649546964, "td": 0.6635534787846319}}, {"target": 0.9914939069794819, "params": {"ta": 0.7489649863737327, "tb": -0.23174620363247303, "tc": -0.7873706674159435, "td": 0.03730241324949733}}, {"target": 0.979595422925364, "params": {"ta": 0.05496722201289589, "tb": -0.08871694824263768, "tc": -0.04685691549972137, "td": 0.06740425060258262}}, {"target": 0.9982431167300129, "params": {"ta": 0.4954103183711606, "tb": -0.14468648259944467, "tc": -0.4876781582827977, "td": 0.05516918124090736}}, {"target": 0.996894671413063, "params": {"ta": 0.22593736542405868, "tb": -0.38333589778590105, "tc": -0.2255242103791994, "td": 0.34420913204118714}}, {"target": 0.9975552882867827, "params": {"ta": 0.10786393878361066, "tb": -0.5432341820010324, "tc": -0.22298205978544733, "td": 0.5405416695367605}}, {"target": 0.9992121286045372, "params": {"ta": 0.6688650672624964, "tb": -0.14899201151520222, "tc": -0.6988043592144729, "td": 0.04659922054284386}}, {"target": 0.9950538620194821, "params": {"ta": 0.35396597019126974, "tb": -0.32139177615558173, "tc": -0.3775699463915395, "td": 0.25599455513149094}}, {"target": 0.9946776741779977, "params": {"ta": 0.23714258710862676, "tb": -0.18493053979390423, "tc": -0.2587712772629373, "td": 0.1231556172699936}}, {"target": 0.9991200209749388, "params": {"ta": 0.0522666670812512, "tb": -0.5645051764272632, "tc": -0.1436649057974726, "td": 0.5402986935153907}}, {"target": 0.996373263184173, "params": {"ta": 0.7489649863737327, "tb": -0.16909476339622806, "tc": -0.6942899777143352, "td": 0.002344569918865042}}, {"target": 0.9980325359427997, "params": {"ta": 0.49749207997532435, "tb": -0.22576747814527784, "tc": -0.5136898044899172, "td": 0.13451545681245955}}, {"target": 0.9975203129604909, "params": {"ta": 0.20098607596874601, "tb": -0.33232471029247185, "tc": -0.23766406662176257, "td": 0.25314171032566585}}, {"target": 0.997996336706768, "params": {"ta": 0.05887830570797072, "tb": -0.7395217431160843, "tc": -0.1654584034762315, "td": 0.7132893510702913}}, {"target": 0.999394211839535, "params": {"ta": 0.13910040670945456, "tb": -0.38015040848958104, "tc": -0.21835921994166224, "td": 0.3713983943138365}}, {"target": 0.9996175069514321, "params": {"ta": 0.05331808052996603, "tb": -0.6263444725373379, "tc": -0.17187372952809438, "td": 0.6324185277746694}}, {"target": 0.9991195940661153, "params": {"ta": -0.002375928881922102, "tb": -0.7240117256916805, "tc": -0.15067639502588562, "td": 0.7489649863737327}}, {"target": 0.9988377552218494, "params": {"ta": 0.6053211545478435, "tb": -0.13076128036282134, "tc": -0.5933903217586631, "td": 0.04036653206444613}}, {"target": 0.999495581361082, "params": {"ta": 0.33275796849712364, "tb": -0.21844623539667685, "tc": -0.3435725471773116, "td": 0.15741457908175335}}, {"target": 0.9989651448469453, "params": {"ta": 0.443616979483092, "tb": -0.17758816797417878, "tc": -0.43691114021716543, "td": 0.12885177637682818}}, {"target": 0.9950140948125515, "params": {"ta": 0.7448590910297964, "tb": -0.16037923982703006, "tc": -0.7214280429244239, "td": 0.0782948067970298}}, {"target": 0.9989096698396035, "params": {"ta": 0.10717602321371549, "tb": -0.5054090394244141, "tc": -0.16316703296612295, "td": 0.512980979574043}}, {"target": 0.9961965105723573, "params": {"ta": -0.013733941520927858, "tb": -0.7873706674159435, "tc": -0.19266123741509283, "td": 0.7489649863737327}}, {"target": 0.9992280863953398, "params": {"ta": 0.15505929565210963, "tb": -0.45672801054484197, "tc": -0.2245262547175443, "td": 0.4276810769049729}}, {"target": 0.9993289996392449, "params": {"ta": 0.08179288681759202, "tb": -0.48639418527267203, "tc": -0.18659971409064802, "td": 0.47397333826474813}}, {"target": 0.9999127685414418, "params": {"ta": 0.5463518586890125, "tb": -0.16938317929813082, "tc": -0.5670140578918657, "td": 0.07765993466542455}}, {"target": 0.9997467406383009, "params": {"ta": 0.20706793599346937, "tb": -0.32080655335500985, "tc": -0.2604167015532003, "td": 0.30368665261501376}}, {"target": 0.9989526034809443, "params": {"ta": 0.5474253262781827, "tb": -0.16752315775033744, "tc": -0.528873893279762, "td": 0.08778414209571118}}, {"target": 0.9989327605492768, "params": {"ta": 0.4137025110433161, "tb": -0.20474462657694806, "tc": -0.42356150604975784, "td": 0.10577490249619835}}, {"target": 0.9998958273525921, "params": {"ta": 0.02880440259961403, "tb": -0.6988315589212564, "tc": -0.14658184390644102, "td": 0.6861931013880138}}, {"target": 0.9993915243101141, "params": {"ta": 0.09960792903713651, "tb": -0.5410956782334634, "tc": -0.18093396247348273, "td": 0.5033017830648207}}, {"target": 0.9997169234170594, "params": {"ta": 0.2956770077116984, "tb": -0.26494330114149045, "tc": -0.3404826076515253, "td": 0.20861200597412047}}, {"target": 0.9903728201424061, "params": {"ta": -0.25103501362626734, "tb": 0.21262933258405653, "tc": 0.21262933258405653, "td": -0.1315887685665985}}, {"target": 0.9988924740658902, "params": {"ta": 0.37072628273434965, "tb": -0.16951044092729267, "tc": -0.40168736122771076, "td": 0.12109354107931133}}, {"target": 0.9998319466895714, "params": {"ta": 0.4649106674109141, "tb": -0.17904748051585867, "tc": -0.49358560433747684, "td": 0.10661476432749632}}, {"target": 0.9999740429148661, "params": {"ta": 0.07039956285089712, "tb": -0.5817204367239966, "tc": -0.16897254750762683, "td": 0.5722316562749641}}, {"target": 0.9996980373795951, "params": {"ta": 0.16841991858804423, "tb": -0.35443914174495966, "tc": -0.20933470169870402, "td": 0.3268554613179285}}, {"target": 0.9995749096881532, "params": {"ta": 0.7489649863737327, "tb": -0.15622653830218952, "tc": -0.7688794506089398, "td": 0.003554933908122884}}, {"target": 0.9996158091232864, "params": {"ta": 0.25693715281755236, "tb": -0.31590500923247905, "tc": -0.29600129536421915, "td": 0.27001897210729975}}, {"target": 0.999727938196115, "params": {"ta": 0.6137870642465706, "tb": -0.16300380058533412, "tc": -0.6249956601114283, "td": 0.06962886799877303}}, {"target": 0.999669854564189, "params": {"ta": 0.040371132024340624, "tb": -0.6292204316754808, "tc": -0.13918374332053815, "td": 0.622009933119949}}, {"target": 0.9997437966436175, "params": {"ta": 0.13028302619866153, "tb": -0.42108089515709335, "tc": -0.1898644234953506, "td": 0.4151192425854985}}, {"target": 0.9996901307127001, "params": {"ta": 0.3330381260986643, "tb": -0.23282769601988335, "tc": -0.35980604413925055, "td": 0.197989325301279}}, {"target": 0.9999134717681967, "params": {"ta": 0.7170713891201962, "tb": -0.156444318507662, "tc": -0.7277611988930757, "td": 0.019299874421739086}}, {"target": 0.999844922466922, "params": {"ta": 0.6493430053263253, "tb": -0.1542392292314403, "tc": -0.6538741341235038, "td": 0.028553988322759277}}, {"target": 0.9998372271263546, "params": {"ta": 0.15472369539770917, "tb": -0.40850729857682033, "tc": -0.2147639207932757, "td": 0.37214044837556326}}, {"target": 0.9995867131443391, "params": {"ta": 0.2167250467936544, "tb": -0.2770525120669394, "tc": -0.262460339461733, "td": 0.2471282545400897}}, {"target": 0.9994212643335518, "params": {"ta": 0.047977429835703765, "tb": -0.6564066563237272, "tc": -0.16812545282742727, "td": 0.6276655605441117}}, {"target": 0.9996705491163312, "params": {"ta": 0.2815455952430095, "tb": -0.23210882813137645, "tc": -0.317091266231995, "td": 0.19534766841179896}}, {"target": 0.9998476511028275, "params": {"ta": 0.1875816764182001, "tb": -0.3692353484925817, "tc": -0.24625129918232702, "td": 0.34118722111989047}}, {"target": 0.9998890016416148, "params": {"ta": 0.020397356960082023, "tb": -0.7528891355657696, "tc": -0.15472943103044223, "td": 0.7489649863737327}}, {"target": 0.9999625348233588, "params": {"ta": 0.11786790286105127, "tb": -0.47599488707919396, "tc": -0.1921388969922861, "td": 0.45917106019264603}}, {"target": 0.9999295086426017, "params": {"ta": 0.5044384236184971, "tb": -0.18049356148477705, "tc": -0.5176228033815012, "td": 0.08763748417954409}}, {"target": 0.9999555046209454, "params": {"ta": 0.07692097959023404, "tb": -0.5428104021053519, "tc": -0.17108301370187923, "td": 0.5360792848367618}}, {"target": 0.9999602975742738, "params": {"ta": 0.3730949045633504, "tb": -0.21463114779039064, "tc": -0.3903984837580359, "td": 0.1556851844717093}}, {"target": 0.9998404457691771, "params": {"ta": 0.5887685178479916, "tb": -0.16187339105265394, "tc": -0.6042056567834642, "td": 0.05010421526455932}}, {"target": 0.9999453900773001, "params": {"ta": 0.42856014038998214, "tb": -0.19872097170117842, "tc": -0.45336979307094627, "td": 0.13101035462077368}}, {"target": 0.9998273293017644, "params": {"ta": 0.3024366038299627, "tb": -0.2573933843830691, "tc": -0.3218122533338851, "td": 0.20488718328855793}}, {"target": 0.9998149483847549, "params": {"ta": 0.012269736069175615, "tb": -0.7342731203220745, "tc": -0.15381258242014678, "td": 0.7202199822493823}}, {"target": 0.9995503618029651, "params": {"ta": 0.1171585357989627, "tb": -0.41318561193548176, "tc": -0.18593213544191672, "td": 0.3889090887029483}}, {"target": 0.9999445063542752, "params": {"ta": 0.03686733909999402, "tb": -0.6700728791181293, "tc": -0.15557954991518402, "td": 0.671752107068792}}, {"target": 0.9998797236991558, "params": {"ta": 0.6924798517195944, "tb": -0.14349676324663085, "tc": -0.6901914429605357, "td": 0.026767024484342917}}, {"target": 0.9998210394549134, "params": {"ta": 0.22164039472179736, "tb": -0.3