{"all": [{"target": 0.8233544911780915, "params": {"ta": 0.24409379364868927, "tb": -0.4710066730453848, "tc": -0.24918671418783167, "td": 0.6049805786858999}}, {"target": 0.47833562504924976, "params": {"ta": -0.013567297081997054, "tb": 0.10604308781556449, "tc": -0.6162669646906285, "td": 0.3691948870171317}}, {"target": 0.4072247371313311, "params": {"ta": 0.5369617736991732, "tb": 0.20404217695025284, "tc": 0.17269382820760082, "td": 0.16669815180291853}}, {"target": 0.7859392184920758, "params": {"ta": 0.2889846611092259, "tb": -0.27267122842903335, "tc": -0.47102520027087014, "td": -0.07582939951447959}}, {"target": 0.44547520078969527, "params": {"ta": -0.2241648222642882, "tb": 0.05935588652739021, "tc": -0.23332064170743338, "td": 0.6221924817021816}}, {"target": 0.7731002080053766, "params": {"ta": 0.5987839975085649, "tb": -0.012510005114063416, "tc": -0.33802609257521044, "td": -0.24360055075412618}}, {"target": 0.6729179543864012, "params": {"ta": 0.20898829715122208, "tb": -0.3440211663748598, "tc": -0.5191177640147877, "td": -0.1324924918846913}}, {"target": 0.646775781152298, "params": {"ta": 0.44598056434475736, "tb": 0.16307962269272303, "tc": -0.47457258254860946, "td": 0.41924478907391777}}, {"target": 0.876973015550367, "params": {"ta": 0.20630658881172786, "tb": -0.28277322800770943, "tc": -0.1549180918748262, "td": 0.2353611684938181}}, {"target": 0.8020406250209349, "params": {"ta": -0.04507602857098675, "tb": -0.12615034178136642, "tc": 0.29482447564801273, "td": -0.020889201406494917}}, {"target": 0.23924833823324082, "params": {"ta": -0.08163901171703375, "tb": -0.5500475421882869, "tc": -0.6204861268420435, "td": -0.28393614171989784}}, {"target": 0.6392066194229649, "params": {"ta": 0.6189286234827138, "tb": -0.6263599736631247, "tc": -0.4173373187727487, "td": 0.4815047659853809}}, {"target": 0.509894145022376, "params": {"ta": 0.6479577353292179, "tb": -0.37244275779120617, "tc": 0.03927050414095834, "td": 0.477946233901892}}, {"target": 0.7483697790715824, "params": {"ta": 0.17269444855933253, "tb": -0.30497241264027364, "tc": -0.5283703919989163, "td": 0.4662848693427832}}, {"target": 0.2986464567840742, "params": {"ta": 0.48804336112705965, "tb": 0.3361882189738543, "tc": 0.23325351261904803, "td": 0.2528846137142738}}, {"target": 0.7036968383653438, "params": {"ta": -0.018383785301714417, "tb": -0.17583109908393446, "tc": -0.46516486050544137, "td": 0.3436408374014133}}, {"target": 0.8600663054893567, "params": {"ta": 0.29173754032408755, "tb": 0.2247166006506469, "tc": -0.26925928090451823, "td": -0.22443012236493382}}, {"target": 0.7202729695519686, "params": {"ta": -0.07316422141822537, "tb": -0.3670286957705471, "tc": 0.13590845498101445, "td": -0.06945161821769791}}, {"target": 0.4080496046357919, "params": {"ta": -0.11112634508980151, "tb": -0.3661409762199562, "tc": -0.37456769519851874, "td": -0.3301137843506688}}, {"target": 0.7446954302601066, "params": {"ta": 0.1405818122207954, "tb": 0.1656879456081064, "tc": 0.16405407936145577, "td": 0.07454235214259614}}, {"target": 0.697420470516402, "params": {"ta": 0.5533467281749676, "tb": -0.3953978398875171, "tc": -0.14564006005955854, "td": 0.4162606369299318}}, {"target": 0.643493233125632, "params": {"ta": 0.4205331393440001, "tb": 0.2726422137231961, "tc": -0.02365088279297911, "td": 0.07087888666439163}}, {"target": 0.729699721925538, "params": {"ta": 0.30911337291150226, "tb": -0.3113691401154446, "tc": -0.6302111413924604, "td": -0.06281093620320605}}, {"target": 0.82376930073257, "params": {"ta": 0.304467472669153, "tb": -0.010541626208279697, "tc": -0.20706180608341984, "td": 0.23836536789395063}}, {"target": 0.8512874478190247, "params": {"ta": -0.19112015867541038, "tb": -0.23885609196195934, "tc": 0.12084100385502994, "td": 0.3903405032073754}}, {"target": 0.8369498380029778, "params": {"ta": -0.29377666347115255, "tb": 0.03155850867487486, "tc": 0.14916700137470917, "td": -0.22881218775721607}}, {"target": 0.8171956126933494, "params": {"ta": 0.028766912153642743, "tb": -0.5706025998786584, "tc": -0.06306989422127907, "td": 0.28045967102469366}}, {"target": 0.3669627539988509, "params": {"ta": -0.3216084846625759, "tb": -0.5917220406399664, "tc": -0.1444343527869396, "td": -0.16626912244953723}}, {"target": 0.7453934776794723, "params": {"ta": -0.3343291258867768, "tb": -0.3500895634337152, "tc": -0.11451438229572042, "td": 0.4873571133930589}}, {"target": 0.8169696238672529, "params": {"ta": 0.6031421113713131, "tb": -0.27634568055282294, "tc": -0.48349910665239215, "td": 0.2560479176687614}}, {"target": 0.6919235857837787, "params": {"ta": 0.2280594749544011, "tb": -0.10634924314492455, "tc": 0.23471193063379636, "td": 0.07961671570866108}}, {"target": 0.3375925159597987, "params": {"ta": -0.2451869174442009, "tb": 0.3032901155502197, "tc": -0.42585102244003337, "td": 0.3507765630917426}}, {"target": 0.604724905609241, "params": {"ta": 0.2757782381183201, "tb": -0.40886165941901753, "tc": -0.21858590768102026, "td": -0.22395478885164305}}, {"target": 0.8801076576804802, "params": {"ta": -0.053654412814276464, "tb": 0.14638630101506378, "tc": 0.06706010805477958, "td": -0.07754632918656285}}, {"target": 0.5888038147905403, "params": {"ta": 0.5248175432320017, "tb": -0.13684384473871058, "tc": 0.05885463708761329, "td": -0.025391350473026264}}, {"target": 0.5341894530015132, "params": {"ta": 0.2188957256942246, "tb": 0.05559237347798329, "tc": 0.18310597482112834, "td": 0.46794442765293515}}, {"target": 0.5305878580336232, "params": {"ta": 0.637304617022252, "tb": -0.4967819641586615, "tc": 0.003620774323603193, "td": 0.258917094516617}}, {"target": 0.7290124439143177, "params": {"ta": 0.12037513516021109, "tb": 0.3292092824472559, "tc": 0.25747829700351943, "td": -0.12367148048555682}}, {"target": 0.84461511962948, "params": {"ta": -0.2380095552703499, "tb": -0.326830638320306, "tc": 0.004127479696551806, "td": 0.3205167606441525}}, {"target": 0.4906676882822232, "params": {"ta": 0.26825425205554904, "tb": -0.39354417509336426, "tc": -0.08284319982049693, "td": -0.33983296555027037}}, {"target": 0.8139860618273624, "params": {"ta": 0.46541062057719, "tb": -0.21527988630542416, "tc": -0.4153399125651178, "td": 0.37885941641542437}}, {"target": 0.7246612979784817, "params": {"ta": 0.4541669131869241, "tb": -0.40245351239442106, "tc": -0.39522759048497014, "td": 0.607546021299556}}, {"target": 0.7265309830584685, "params": {"ta": 0.184945803109606, "tb": -0.4264022344935481, "tc": -0.3915261653363553, "td": -0.0018351116292548153}}, {"target": 0.6928438788223789, "params": {"ta": -0.3246758644958659, "tb": 0.02846970467392529, "tc": -0.10251245649108465, "td": 0.25684413318146876}}, {"target": 0.7420603130863241, "params": {"ta": -0.05663716485999343, "tb": -0.13280014910753912, "tc": -0.21395009669773768, "td": 0.4832854307684485}}, {"target": 0.8572675401250487, "params": {"ta": 0.24796646503471403, "tb": -0.23216854170936685, "tc": -0.09588742272670392, "td": 0.20817087861132128}}, {"target": 0.7872232977084498, "params": {"ta": -0.3368192388803723, "tb": -0.28407836700064193, "tc": 0.27967982269597114, "td": -0.0392507304652166}}, {"target": 0.5731467999608558, "params": {"ta": -0.03417780145276034, "tb": -0.499838983631672, "tc": -0.5202980915026416, "td": 0.09158963802045167}}, {"target": 0.7841967283101818, "params": {"ta": 0.6253237375652998, "tb": -0.10861360737458059, "tc": -0.3808691039770088, "td": 0.2604527354947806}}, {"target": 0.5098920621583571, "params": {"ta": 0.6020033012211554, "tb": -0.11060079967880754, "tc": 0.06463618735335197, "td": -0.11352673081780124}}, {"target": 0.5260041563141977, "params": {"ta": 0.29636921766442864, "tb": 0.14284704150233096, "tc": 0.25058321688904905, "td": 0.23460865731240693}}, {"target": 0.4915804475299238, "params": {"ta": 0.47893130288160407, "tb": -0.2920962480765329, "tc": 0.2515607566833499, "td": 0.3769995467819159}}, {"target": 0.8076081138072463, "params": {"ta": -0.2302283077936606, "tb": -0.3686625387229647, "tc": -0.01888501439932122, "td": 0.5819847345909384}}, {"target": 0.7223074230426615, "params": {"ta": 0.2845283272551938, "tb": -0.4706198543033573, "tc": -0.6301162444271785, "td": 0.23417238957817926}}, {"target": 0.4986254121032165, "params": {"ta": 0.05120488284435115, "tb": 0.1094695956027214, "tc": -0.41398152203847993, "td": 0.5517697904391381}}, {"target": 0.7486635256618397, "params": {"ta": 0.6065020454742718, "tb": 0.15760229398182757, "tc": -0.6152364943996574, "td": 0.3014577140160026}}, {"target": 0.8347428133508369, "params": {"ta": 0.30864869802171296, "tb": 0.15475180476660977, "tc": -0.2865182741144504, "td": -0.33415102217251363}}, {"target": 0.664455300484539, "params": {"ta": -0.20261399981493938, "tb": -0.6473800714176641, "tc": -0.4816718322202008, "td": 0.6218266634847736}}, {"target": 0.5884767702892737, "params": {"ta": -0.03294979007208981, "tb": -0.32468505952559346, "tc": -0.12455070583557126, "td": -0.28268644060695963}}, {"target": 0.8775447971284014, "params": {"ta": 0.20323799882407517, "tb": -0.27055872362694344, "tc": -0.1499311830554232, "td": 0.26034800887173787}}, {"target": 0.6784047050703461, "params": {"ta": 0.2542877878214918, "tb": 0.20410258746401755, "tc": 0.18467433586629511, "td": 0.0001373647614179574}}, {"target": 0.8370397957824207, "params": {"ta": -0.09960972145129393, "tb": 0.11191225164051555, "tc": -0.07701469046385756, "td": 0.061741169946027796}}, {"target": 0.4270392150367981, "params": {"ta": -0.30333454215318506, "tb": 0.11292830724211211, "tc": -0.5126226105899583, "td": -0.22973085349150985}}, {"target": 0.8083886211021879, "params": {"ta": 0.03215295255853551, "tb": -0.3149558605997548, "tc": 0.21125897853347275, "td": 0.1970984206764616}}, {"target": 0.7173729951138081, "params": {"ta": 0.6530189022447508, "tb": 0.3392635936967972, "tc": -0.6607364063032029, "td": -0.34698109775524916}}, {"target": 0.7262665915119095, "params": {"ta": -0.34698109775524916, "tb": -0.6607364063032029, "tc": 0.3392635936967972, "td": 0.6530189022447508}}, {"target": 0.8583604041166706, "params": {"ta": -0.34698109775524916, "tb": 0.3392635936967972, "tc": 0.3392635936967972, "td": -0.34698109775524916}}, {"target": 0.8568833274659826, "params": {"ta": -0.3381215701169565, "tb": 0.21233129514820503, "tc": 0.32149709859733555, "td": -0.009913121948998016}}, {"target": 0.8833968061097143, "params": {"ta": 0.18018109271909194, "tb": 0.005508614553417294, "tc": -0.19256639540423734, "td": -0.04221166258459379}}, {"target": 0.8834443326687049, "params": {"ta": -0.05815979061545519, "tb": 0.3392635936967972, "tc": 0.001060801914390111, "td": -0.34698109775524916}}, {"target": 0.8842971883794166, "params": {"ta": 0.4422970759641885, "tb": 0.0005779843294838749, "tc": -0.47807670111319445, "td": 0.003526637840684577}}, {"target": 0.873339613329535, "params": {"ta": -0.2018308349524381, "tb": 0.30401220157826714, "tc": 0.09576349231348058, "td": -0.2265353642039905}}, {"target": 0.8857757800111585, "params": {"ta": 0.6530189022447508, "tb": -0.06731837208111324, "tc": -0.6607364063032029, "td": 8.452999298413035e-05}}, {"target": 0.8843621712744609, "params": {"ta": -0.035345062014031245, "tb": -0.14207102058016702, "tc": -0.004968214838208213, "td": 0.1371572895133323}}, {"target": 0.8853792768966604, "params": {"ta": 0.01833619235123344, "tb": -0.42997618669488114, "tc": -0.057515942371765216, "td": 0.458020251231188}}, {"target": 0.8807756742588582, "params": {"ta": 0.057733876099727105, "tb": 0.2076380092738481, "tc": -0.0808603225205855, "td": -0.22553184893097447}}, {"target": 0.885541391434037, "params": {"ta": 0.014355481766863562, "tb": -0.6607364063032029, "tc": -0.03170250167729003, "td": 0.6530189022447508}}, {"target": 0.8805212749480149, "params": {"ta": -0.24714606320297833, "tb": -0.04696835776220435, "tc": 0.19603923791278505, "td": 0.08125498152907881}}, {"target": 0.8851771004894443, "params": {"ta": 0.3152894770575135, "tb": -0.13066622225171418, "tc": -0.33282956578832096, "td": 0.10529123871433187}}, {"target": 0.8716388636594256, "params": {"ta": -0.12541689187415767, "tb": 0.2556081952929038, "tc": 0.21072271117146757, "td": -0.3372887557539698}}, {"target": 0.8752935059371114, "params": {"ta": 0.5591384458063501, "tb": -0.08704124015922811, "tc": -0.6607364063032029, "td": 0.09866426323572464}}, {"target": 0.8822956361275819, "params": {"ta": -0.009250513120645943, "tb": -0.5900210505381019, "tc": -0.11217203831460051, "td": 0.5685527778540626}}, {"target": 0.8799010409827728, "params": {"ta": -0.018080512567299357, "tb": -0.5652050543896098, "tc": 0.04153768531284419, "td": 0.5549812758476952}}, {"target": 0.8721276366469402, "params": {"ta": -0.34698109775524916, "tb": -0.07549929086586767, "tc": 0.3392635936967972, "td": 0.14144352143889508}}, {"target": 0.8851510365355282, "params": {"ta": -0.34698109775524916, "tb": 0.05619470608396394, "tc": 0.3392635936967972, "td": -0.08317736658233559}}, {"target": 0.8860906217472967, "params": {"ta": 0.12623143474840176, "tb": -0.1370686596115368, "tc": -0.17197129402127068, "td": 0.1304324682848735}}, {"target": 0.883568794289509, "params": {"ta": 0.5537044514244802, "tb": -0.09126220269256391, "tc": -0.537598006211026, "td": 0.01514691750048604}}, {"target": 0.885787675672173, "params": {"ta": 0.003986649028409186, "tb": -0.28171900035501923, "tc": -0.05382047343656806, "td": 0.2788887871382411}}, {"target": 0.8752226674748415, "params": {"ta": 0.027916387312029212, "tb": -0.5510265152667839, "tc": -0.050088430508871525, "td": 0.6530189022447508}}, {"target": 0.883257251321132, "params": {"ta": 0.33052846722326895, "tb": 0.0044308961581677134, "tc": -0.3292383204375956, "td": -0.0356995350004635}}, {"target": 0.8783063460665016, "params": {"ta": 0.5730776475613089, "tb": 0.01639881728157915, "tc": -0.6534523925796509, "td": -0.050408628003766616}}, {"target": 0.8858979235209592, "params": {"ta": -0.2280372418977225, "tb": 0.1247913517898181, "tc": 0.23392672651240481, "td": -0.11132442050602515}}, {"target": 0.8760281713188536, "params": {"ta": 0.08914278457008906, "tb": -0.6478345455311766, "tc": -0.0628361397914497, "td": 0.5781487528288275}}, {"target": 0.8844918242457649, "params": {"ta": 0.02539851954111817, "tb": -0.00017839616085978748, "tc": -0.04000220899522196, "td": -0.011400911099241247}}, {"target": 0.8755634401931153, "params": {"ta": 0.09873018617164256, "tb": 0.3392635936967972, "tc": -0.05684576998370706, "td": -0.34698109775524916}}, {"target": 0.8862314790996966, "params": {"ta": -0.11664300906629227, "tb": 0.18152926467921493, "tc": 0.1000848556374373, "td": -0.1917935527608417}}, {"target": 0.8810314055994564, "params": {"ta": 0.6530189022447508, "tb": 0.006738025132859987, "tc": -0.6245073437870078, "td": 0.0223093220709369}}, {"target": 0.8850640874839187, "params": {"ta": -0.03582538416558128, "tb": 0.2878050021458731, "tc": 0.050937393716303556, "td": -0.2723558090557279}}, {"target": 0.8849974276281191, "params": {"ta": -0.14783555494337242, "tb": 0.03534268708494127, "tc": 0.11450836914513582, "td": -0.032372678329010716}}, {"target": 0.8831078377597863, "params": {"ta": -0.34698109775524916, "tb": 0.03760180691507324, "tc": 0.27500966395446724, "td": -0.012331779432907449}}, {"target": 0.8813381395973553, "params": {"ta": -0.2946965123315523, "tb": 0.026707776997276497, "tc": 0.3392635936967972, "td": -0.0033018876898563416}}, {"target": 0.8832287231034474, "params": {"ta": 0.07979862822321349, "tb": -0.3783560525050284, "tc": -0.15242066258781004, "td": 0.3724142695047345}}, {"target": 0.8862297936860132, "params": {"ta": 0.2278742050486889, "tb": -0.08741113725779523, "tc": -0.23962264296485142, "td": 0.06830632593624894}}, {"target": 0.8826113980517248, "params": {"ta": -0.06293518745805612, "tb": -0.6607364063032029, "tc": -0.028970544928645696, "td": 0.6199857156782337}}, {"target": 0.8839395116674607, "params": {"ta": 0.22429778039745585, "tb": -0.1972908957828804, "tc": -0.25803085413499754, "td": 0.18577692255045855}}, {"target": 0.8858539074594067, "params": {"ta": 0.4229973242664583, "tb": -0.08519667135697097, "tc": -0.4318515768420186, "td": 0.04633554716065483}}, {"target": 0.8847988604548995, "params": {"ta": 0.10434898719209124, "tb": -0.058466965718454014, "tc": -0.10675426359856058, "td": 0.07041556728155099}}, {"target": 0.8805751630683075, "params": {"ta": -0.034220999997951744, "tb": 0.26807608428487195, "tc": 0.03052939060578634, "td": -0.34698109775524916}}, {"target": 0.8863564175201442, "params": {"ta": 0.07884693868670953, "tb": -0.22075062072772522, "tc": -0.11696153627919832, "td": 0.21392089527028932}}, {"target": 0.8841051282496488, "params": {"ta": -0.04568043669945246, "tb": -0.39637955332550356, "tc": -0.003204686343367311, "td": 0.38977760235969344}}, {"target": 0.8832373645439541, "params": {"ta": -0.3168538503512407, "tb": 0.17154320196517525, "tc": 0.30810235455195445, "td": -0.17475450962523006}}, {"target": 0.8850982606547232, "params": {"ta": 0.3090071590924453, "tb": -0.04838048140878243, "tc": -0.36674624863011085, "td": 0.042081384029499166}}, {"target": 0.8857833157371527, "params": {"ta": -0.18961301685692433, "tb": 0.20415638125361973, "tc": 0.18479177567617985, "td": -0.19685114441421836}}, {"target": 0.8860074766891826, "params": {"ta": -0.015005006503615198, "tb": -0.5255577117647069, "tc": -0.046601639116289395, "td": 0.5102909091253517}}, {"target": 0.8862784577497214, "params": {"ta": 0.04473471048138318, "tb": -0.34813647791236974, "tc": -0.0715296859156351, "td": 0.3460308028253957}}, {"target": 0.8863516899597341, "params": {"ta": 0.5794826254704438, "tb": -0.04439197853334697, "tc": -0.6074684781911963, "td": 0.008823320813585361}}, {"target": 0.8839034535105035, "params": {"ta": -0.0757314388295881, "tb": -0.037102275266776084, "tc": 0.05360994052161165, "td": 0.05227040104825356}}, {"target": 0.8861327236274494, "params": {"ta": -0.00265612682215721, "tb": -0.6115898768271355, "tc": -0.040517223186256404, "td": 0.5912350322035251}}, {"target": 0.8845904017842949, "params": {"ta": 0.005333013385914308, "tb": -0.6607364063032029, "tc": -0.09363320985164174, "td": 0.6530189022447508}}, {"target": 0.8854846864858641, "params": {"ta": 0.0553497339497514, "tb": -0.1384724320425827, "tc": -0.08853369823756185, "td": 0.11038623771022305}}, {"target": 0.8860776211041617, "params": {"ta": -0.09762303097487213, "tb": 0.3392635936967972, "tc": 0.10049477887194089, "td": -0.34698109775524916}}, {"target": 0.8863051915789698, "params": {"ta": -0.3035599719818711, "tb": 0.0973323026915492, "tc": 0.2776109443264038, "td": -0.08800821930641659}}, {"target": 0.8862010544523111, "params": {"ta": -0.1186359574570557, "tb": 0.2739466755022221, "tc": 0.1010877337382612, "td": -0.28070203890019263}}, {"target": 0.8845643597953043, "params": {"ta": 0.42525420610636155, "tb": -0.047051113227816674, "tc": -0.45534975217717055, "td": -0.018729039542892862}}, {"target": 0.8857798638501627, "params": {"ta": -0.1822115341082473, "tb": 0.13661126109118757, "tc": 0.14480665942902052, "td": -0.11915024008256977}}, {"target": 0.8823229111096116, "params": {"ta": 0.08994615282118777, "tb": 0.09776030424459894, "tc": -0.1020633597806889, "td": -0.08451153734086658}}, {"target": 0.8858386978334043, "params": {"ta": 0.47598717990107436, "tb": -0.06504682130375307, "tc": -0.520881472063457, "td": 0.038415378229700925}}, {"target": 0.8858035968133003, "params": {"ta": 0.0700531047467868, "tb": -0.29244698487147697, "tc": -0.12379910898368764, "td": 0.28751307843547436}}, {"target": 0.8847083720798654, "params": {"ta": -0.05685037391377051, "tb": 0.09173271234372758, "tc": 0.02516286927716618, "td": -0.10629298353117439}}, {"target": 0.8859536744243183, "params": {"ta": 0.32254195976075906, "tb": -0.06837484252437366, "tc": -0.3247300054803603, "td": 0.041501662647294664}}, {"target": 0.8849061942267589, "params": {"ta": 0.2332231094476627, "tb": -0.015163654754690493, "tc": -0.26027916253179056, "td": 0.02414019775322547}}, {"target": 0.885482456203911, "params": {"ta": 0.0032532716122109498, "tb": -0.3801073534395218, "tc": -0.07656179382985984, "td": 0.38079585980792713}}, {"target": 0.885745134971047, "params": {"ta": -0.13568662532980005, "tb": 0.11520606201134011, "tc": 0.13837723848834388, "td": -0.12824426987950477}}, {"target": 0.8858707039431798, "params": {"ta": -0.24253871043200878, "tb": 0.04881652475302842, "tc": 0.2224251798103122, "td": -0.0502877554965913}}, {"target": 0.8854116259059805, "params": {"ta": 0.04862957200587751, "tb": -0.1561167161558771, "tc": -0.07587947932699068, "td": 0.1754112712722029}}, {"target": 0.8859999155874063, "params": {"ta": 0.6277664790022833, "tb": -0.03870172304177512, "tc": -0.6607364063032029, "td": 0.022665433337342993}}, {"target": 0.886055890731969, "params": {"ta": -0.05122874576968155, "tb": 0.3392635936967972, "tc": 0.058785748095003816, "td": -0.3342177021842181}}, {"target": 0.8858005212968758, "params": {"ta": 0.037701357971784095, "tb": -0.500163533308655, "tc": -0.07392966487464205, "td": 0.4834814286733642}}, {"target": 0.8860177888679065, "params": {"ta": 0.5179894969658692, "tb": -0.03350983794712935, "tc": -0.5296706560174197, "td": 0.002751371721935195}}, {"target": 0.8862760451675948, "params": {"ta": 0.3783730652469591, "tb": -0.049254287200196506, "tc": -0.3981477532959435, "td": 0.036134331148582374}}, {"target": 0.8861422927667382, "params": {"ta": 0.14250924553999925, "tb": -0.17840296246945325, "tc": -0.15801709863010518, "td": 0.16415619558298458}}, {"target": 0.8862346563238079, "params": {"ta": 0.25211842771849835, "tb": -0.10311190407968944, "tc": -0.28487613307510723, "td": 0.0910279841913899}}, {"target": 0.8858622356383831, "params": {"ta": 0.15135205574668642, "tb": -0.06940235054747844, "tc": -0.18495123880277559, "td": 0.05255789934938238}}, {"target": 0.8863124482506819, "params": {"ta": 0.19154033522972827, "tb": -0.13102856987761882, "tc": -0.21327705278172526, "td": 0.11