{"all": [{"target": 0.9827166941529195, "params": {"ta": -0.0684634220538361, "tb": -0.7184473779974994, "tc": -0.48150780065603915, "td": 0.8267190977358305}}, {"target": 0.9860167928842675, "params": {"ta": 0.5317148825427114, "tb": -0.4275640595791209, "tc": -0.5871431414331549, "td": 0.07196804158776532}}, {"target": 0.9285292489869122, "params": {"ta": 0.7384084627376084, "tb": -0.6633234928897797, "tc": -0.8190151627745222, "td": 0.04727307220741034}}, {"target": 0.8588973083257602, "params": {"ta": 0.1497683450277439, "tb": -0.22154216701410234, "tc": -0.17889223289631473, "td": 0.4260417391555002}}, {"target": 0.9039609033188646, "params": {"ta": 0.21402208126936278, "tb": -0.9685271297263858, "tc": -0.3409220378160678, "td": 0.6258015630722233}}, {"target": 0.7490389273024346, "params": {"ta": -0.13757671794579468, "tb": -0.3735776639974896, "tc": -0.16554784659551858, "td": 0.10790455259060089}}, {"target": 0.5770132730268044, "params": {"ta": 0.8144190231425079, "tb": -0.3901866211130437, "tc": -0.09811317532137964, "td": 0.0017457597315354012}}, {"target": 0.7306910530486321, "params": {"ta": -0.13115064452241038, "tb": -0.1601789191098536, "tc": -0.42050355953412377, "td": 0.27081095587106946}}, {"target": 0.5172440322794223, "params": {"ta": 0.40626053007440494, "tb": -0.17376435894966713, "tc": -0.27942432014069984, "td": 0.7855951311056981}}, {"target": 0.6602179894477106, "params": {"ta": -0.002335053113131813, "tb": -0.24508120240255038, "tc": -0.7047138882619215, "td": 0.8069795710113168}}, {"target": 0.6879730453564575, "params": {"ta": 0.4952319554737618, "tb": -0.216371888689747, "tc": -0.8653047157615864, "td": 0.6770831191009354}}, {"target": 0.32975189645285197, "params": {"ta": -0.13398741559562927, "tb": -0.892562821627744, "tc": -0.30752365914357604, "td": -0.0007310892042683981}}, {"target": 0.7177972775877899, "params": {"ta": 0.1953704956160987, "tb": -0.04748115946867493, "tc": -0.6692117998421191, "td": 0.085290877619916}}, {"target": 0.6617262655761582, "params": {"ta": 0.7903178603947536, "tb": -0.2504983559407752, "tc": -0.4690596598668104, "td": 0.47223409112595943}}, {"target": 0.48801754284278975, "params": {"ta": -0.10395822635325996, "tb": -0.2967364451729012, "tc": -0.9855450265967641, "td": 0.6562610773976858}}, {"target": 0.6990038061811586, "params": {"ta": 0.5346977241441446, "tb": -0.8458649664106809, "tc": -0.7730939758854644, "td": -0.1310023505235724}}, {"target": 0.5655414452967226, "params": {"ta": 0.6021405250758014, "tb": -0.9426527242242211, "tc": -0.8124901274085461, "td": 0.6911308826297287}}, {"target": 0.8738771553300547, "params": {"ta": -0.12504978343534207, "tb": -0.6730929855216786, "tc": -0.6374338724655391, "td": 0.6254740896263848}}, {"target": 0.6878200012179101, "params": {"ta": 0.774144892701861, "tb": -0.8859825390343319, "tc": -0.41401275448849917, "td": 0.403039716139116}}, {"target": 0.7076591420133441, "params": {"ta": 0.4481214380827557, "tb": -0.7121424067944226, "tc": -0.9235919914488754, "td": -0.09523860923848576}}, {"target": 0.43142916457166436, "params": {"ta": 0.04670019031374978, "tb": -0.8956515928815617, "tc": -0.010873488571607082, "td": 0.09415162214369982}}, {"target": 0.8613970774997177, "params": {"ta": 0.4404606968075619, "tb": -0.7915335319937423, "tc": -0.4026120317644426, "td": 0.229566182778508}}, {"target": 0.8497425208109383, "params": {"ta": 0.2808072995885906, "tb": -0.3600356376226149, "tc": -0.20286556578868375, "td": 0.5520915183763107}}, {"target": 0.8244667968471453, "params": {"ta": -0.02379770399870601, "tb": -0.09426257923503445, "tc": -0.12294298207540011, "td": 0.3295304551253803}}, {"target": 0.8714221170830284, "params": {"ta": -0.002011401554184389, "tb": -0.4159778292327012, "tc": -0.5840114318292777, "td": 0.6689187355742394}}, {"target": 0.845743365385566, "params": {"ta": 0.4829003960753652, "tb": -0.6338486355604717, "tc": -0.7862560295825766, "td": 0.5702821562343439}}, {"target": 0.4350615798763924, "params": {"ta": -0.008257584996498923, "tb": -0.058614800339444995, "tc": -0.9138112249126628, "td": 0.7004021762146326}}, {"target": 0.6954594274962004, "params": {"ta": 0.15510947540771364, "tb": -0.22472584499951997, "tc": -0.3176603526322461, "td": 0.7711030516769946}}, {"target": 0.7898376935585508, "params": {"ta": -0.1447780175847953, "tb": -0.3178877319200878, "tc": -0.3950827973252151, "td": 0.7612332467640432}}, {"target": 0.9104224243233303, "params": {"ta": 0.4479988564734388, "tb": -0.2918130435181362, "tc": -0.2954164868166881, "td": 0.23156049253383787}}, {"target": 0.6503264198439038, "params": {"ta": -0.13709263949994638, "tb": -0.764351263597783, "tc": -0.14131641685561713, "td": 0.26732563128372727}}, {"target": 0.7682632265247219, "params": {"ta": 0.7199457717613109, "tb": -0.8357838924153854, "tc": -0.552992473223471, "td": 0.40016132733586623}}, {"target": 0.8842119356561181, "params": {"ta": 0.5543225686614197, "tb": -0.4731282514487688, "tc": -0.9672665824321169, "td": 0.1136569734658674}}, {"target": 0.6364758879819826, "params": {"ta": -0.022436097887662376, "tb": -0.5851449743061107, "tc": -0.3785693297455155, "td": 0.026799670154507516}}, {"target": 0.8267152019442318, "params": {"ta": 0.5804226136343893, "tb": -0.7065181066219117, "tc": -0.44985300427261643, "td": 0.5821411517448918}}, {"target": 0.820575345527208, "params": {"ta": 0.40312903325701815, "tb": -0.7610020517777976, "tc": -0.8766813387116463, "td": 0.3517368203296925}}, {"target": 0.7858501490170707, "params": {"ta": 0.5950711252524654, "tb": -0.8456246836684719, "tc": -0.31884985825027934, "td": 0.49860631051664}}, {"target": 0.8357819382367028, "params": {"ta": -0.1096900568134474, "tb": -0.8974745095152621, "tc": -0.5838806062540056, "td": 0.5586205233695942}}, {"target": 0.6024820408730189, "params": {"ta": -0.012206402247168235, "tb": -0.9218459509014137, "tc": -0.6377644847225937, "td": 0.22956558086506457}}, {"target": 0.6629989559007865, "params": {"ta": -0.11025796581619424, "tb": -0.5871098607330176, "tc": -0.844106098797492, "td": 0.4660626224484771}}, {"target": 0.4899118871402432, "params": {"ta": 0.3478367171973101, "tb": -0.026132329524069853, "tc": -0.942919169230954, "td": 0.7985179170142049}}, {"target": 0.5539733847577164, "params": {"ta": 0.04439706819538164, "tb": -0.7907851801273402, "tc": -0.4509571159566468, "td": 0.026278065806119855}}, {"target": 0.7582288172694285, "params": {"ta": 0.44749805548309257, "tb": -0.7348962079656294, "tc": -0.9276185376707874, "td": 0.03597409037640126}}, {"target": 0.6916722524126081, "params": {"ta": 0.028628812207666388, "tb": -0.39301926402086296, "tc": -0.5640357366566324, "td": 0.03596290903081162}}, {"target": 0.5374367688296056, "params": {"ta": 0.6413096156953104, "tb": -0.9890447686026097, "tc": -0.9598312780701506, "td": 0.48554285399573055}}, {"target": 0.48993577034767016, "params": {"ta": 0.7236101054345028, "tb": -0.20475208310772208, "tc": -0.9844299996625243, "td": 0.8217719322309454}}, {"target": 0.9268624545487715, "params": {"ta": 0.2013383243913917, "tb": -0.3950459232386463, "tc": -0.49614391551488946, "td": 0.6021888319783375}}, {"target": 0.8246332816117122, "params": {"ta": -0.06619599151561811, "tb": -0.21483706712769313, "tc": -0.009984786971150239, "td": 0.08233128502340276}}, {"target": 0.6712295440762367, "params": {"ta": 0.49127579251529757, "tb": -0.7671445289592735, "tc": -0.09395752695274362, "td": 0.1622294128092911}}, {"target": 0.7131435368859068, "params": {"ta": 0.03965569811380448, "tb": -0.4708811754981653, "tc": -0.10390113691802838, "td": 0.00017409410567975625}}, {"target": 0.5289663167765443, "params": {"ta": 0.4019882516071576, "tb": -0.902790516530221, "tc": -0.12999590669888272, "td": 0.041723759542459715}}, {"target": 0.37935619151168315, "params": {"ta": 0.8402610793742458, "tb": -0.5364861481776287, "tc": -0.8512452774518715, "td": 0.846282951191099}}, {"target": 0.8651174004546349, "params": {"ta": 0.27051432885508725, "tb": -0.06445172845424041, "tc": -0.3448471090921982, "td": 0.1774063741607967}}, {"target": 0.6257447031010793, "params": {"ta": 0.6065666964675074, "tb": -0.6678403599997434, "tc": -0.00903618898771219, "td": 0.3006840729211227}}, {"target": 0.8782226263474764, "params": {"ta": 0.16641869446266017, "tb": -0.8260144818261312, "tc": -0.6962538731422785, "td": 0.8092746098346892}}, {"target": 0.6344913543055408, "params": {"ta": -0.06889050031042826, "tb": -0.3691817459011848, "tc": -0.8839232295736766, "td": 0.7160888528381091}}, {"target": 0.6029376814434848, "params": {"ta": 0.4628376312778943, "tb": -0.019084135796470503, "tc": -0.1874245262011658, "td": 0.41846724421653886}}, {"target": 0.3979273745512976, "params": {"ta": 0.6308317932505747, "tb": -0.28463048071658914, "tc": -0.027134948172963802, "td": 0.6442461776613329}}, {"target": 0.7457542740135519, "params": {"ta": 0.09127178179256817, "tb": -0.9973556812315862, "tc": -0.8451828862843794, "td": 0.6384334110755572}}, {"target": 0.7894696846888197, "params": {"ta": 0.16977401855322477, "tb": -0.024491910122574567, "tc": -0.22452624723569448, "td": 0.3237334628740191}}, {"target": 0.7668793351625178, "params": {"ta": 0.7753269917671084, "tb": -0.017072967683629536, "tc": -0.4255104559481143, "td": -0.039512915972041596}}, {"target": 0.9354459296402148, "params": {"ta": 0.38007321854582826, "tb": -0.42808353880342664, "tc": -0.4153857472903356, "td": 0.5153491762615956}}, {"target": 0.8498941853540161, "params": {"ta": -0.04455415890198183, "tb": -0.21792846472788274, "tc": -0.0408202104779557, "td": 0.16931129007695728}}, {"target": 0.5710955173166875, "params": {"ta": 0.07417272350661658, "tb": -0.7945088799933853, "tc": -0.9760820016462239, "td": 0.2516167379091275}}, {"target": 0.8697449799218824, "params": {"ta": -0.14863417880441893, "tb": -0.8643082775504456, "tc": -0.06035728435057143, "td": 0.851365821195581}}, {"target": 0.9987469162055652, "params": {"ta": 0.14679110339642254, "tb": -0.6566046814823875, "tc": -0.390128521041907, "td": 0.5742121857294183}}, {"target": 0.9972139453197638, "params": {"ta": 0.42698292804960597, "tb": -0.49441278453393617, "tc": -0.5945606281522585, "td": 0.29832786236898934}}, {"target": 0.9801504358612189, "params": {"ta": 0.851365821195581, "tb": -0.29633369733254966, "tc": -0.88028478782281, "td": -0.11400827064487114}}, {"target": 0.9916621246650338, "params": {"ta": 0.7732818237957019, "tb": -0.37214308675947655, "tc": -0.7556270754537994, "td": 0.092065972106329}}, {"target": 0.9959990827954676, "params": {"ta": 0.2639704428356052, "tb": -0.5291792513081073, "tc": -0.42171757096949003, "td": 0.38285007027938056}}, {"target": 0.7981756944545334, "params": {"ta": 0.851365821195581, "tb": -0.005128745778886112, "tc": -1.0051287457788862, "td": -0.14863417880441893}}, {"target": 0.9880912479528359, "params": {"ta": 0.7622481034290045, "tb": -0.427711808612973, "tc": -0.7079550655147615, "td": -0.06720127850162266}}, {"target": 0.9935162846899798, "params": {"ta": 0.06713057406704151, "tb": -0.7486154862306786, "tc": -0.35761591175984075, "td": 0.7753546162537085}}, {"target": 0.9942826553236075, "params": {"ta": 0.613962312168464, "tb": -0.48190021690679213, "tc": -0.6678839553911836, "td": 0.17965379230843695}}, {"target": 0.9923110597517923, "params": {"ta": 0.2713611719457067, "tb": -0.62592529106944, "tc": -0.5207220067558629, "td": 0.5077675060711845}}, {"target": 0.9876013896356866, "params": {"ta": -0.06866186132182281, "tb": -0.9407085403171785, "tc": -0.4133777716267523, "td": 0.851365821195581}}, {"target": 0.9963450550979632, "params": {"ta": 0.8397341613659863, "tb": -0.43914187475696465, "tc": -0.8608446249000512, "td": -0.0723759597687142}}, {"target": 0.9939069417161046, "params": {"ta": 0.7100632664394312, "tb": -0.37993106715716074, "tc": -0.7876265507959269, "td": 0.0020729344509734762}}, {"target": 0.9953610157350105, "params": {"ta": -0.020171550592246273, "tb": -0.7728212201945619, "tc": -0.3867232548219443, "td": 0.728017688639586}}, {"target": 0.9940439180063144, "params": {"ta": 0.5265280067395994, "tb": -0.3579526916159307, "tc": -0.6109131969680114, "td": 0.1947191947171985}}, {"target": 0.9975694692084267, "params": {"ta": 0.851365821195581, "tb": -0.38563419358134865, "tc": -0.7878929519597432, "td": -0.03002749576995921}}, {"target": 0.9968544072143999, "params": {"ta": 0.09322110080268002, "tb": -0.7094557877324831, "tc": -0.4579927880041335, "td": 0.6895273476881414}}, {"target": 0.99629116595705, "params": {"ta": 0.4391440509259085, "tb": -0.45663871375118453, "tc": -0.49624212481306124, "td": 0.24947791896790453}}, {"target": 0.9973720576542816, "params": {"ta": 0.0005694065286139271, "tb": -0.8381316452208804, "tc": -0.41475916112617617, "td": 0.851365821195581}}, {"target": 0.9913005473453622, "params": {"ta": -0.13607189027236408, "tb": -0.8223293963929591, "tc": -0.3804104957020983, "td": 0.851365821195581}}, {"target": 0.9985674852261361, "params": {"ta": 0.6591442047446845, "tb": -0.3869930380810055, "tc": -0.6664497865857831, "td": 0.08292767781069116}}, {"target": 0.9979982443241666, "params": {"ta": 0.36362458882943366, "tb": -0.544296445157106, "tc": -0.4988071915252557, "td": 0.38207295175698996}}, {"target": 0.9984695422013773, "params": {"ta": 0.19054997857488798, "tb": -0.5673291913865308, "tc": -0.42853424669887474, "td": 0.5202842287636461}}, {"target": 0.9965427033436853, "params": {"ta": 0.34045731845956995, "tb": -0.44215339783536683, "tc": -0.5061601616911678, "td": 0.3313106389724846}}, {"target": 0.998052825743713, "params": {"ta": 0.7332790347946585, "tb": -0.4449419819067917, "tc": -0.7474081145047586, "td": 0.04821405793300016}}, {"target": 0.989346971296987, "params": {"ta": 0.851365821195581, "tb": -0.40634480837884, "tc": -0.8089973386943231, "td": -0.14863417880441893}}, {"target": 0.9966434892970795, "params": {"ta": 0.060315548156048095, "tb": -0.6497569571972592, "tc": -0.3869327265090334, "td": 0.654780808059082}}, {"target": 0.9997144847234568, "params": {"ta": 0.5232761943049911, "tb": -0.44635198681533905, "tc": -0.5935339599760286, "td": 0.20104480759606538}}, {"target": 0.9970831853367308, "params": {"ta": 0.17921647164563606, "tb": -0.6392404579589558, "tc": -0.4222903166937529, "td": 0.6083677703740765}}, {"target": 0.9989975691428508, "params": {"ta": 0.5916772781778022, "tb": -0.41449777327076737, "tc": -0.6832337229661769, "td": 0.13686357822639805}}, {"target": 0.9980262067155717, "params": {"ta": 0.25617091732636643, "tb": -0.5964401278018241, "tc": -0.4232717237042801, "td": 0.47990387533028883}}, {"target": 0.9992987687526713, "params": {"ta": 0.27797068668968883, "tb": -0.5339396275527756, "tc": -0.4881940624911188, "td": 0.4335186690681772}}, {"target": 0.9992553722202736, "params": {"ta": 0.08857816824056655, "tb": -0.7285517245159271, "tc": -0.3907342442342783, "td": 0.6746672893546182}}, {"target": 0.9991305950022619, "params": {"ta": 0.14411545385203411, "tb": -0.6467421051657222, "tc": -0.44623059042978713, "td": 0.5744251279947312}}, {"target": 0.9997800712667337, "params": {"ta": 0.8002157085311872, "tb": -0.4009913134728652, "tc": -0.8079326984842421, "td": -0.019029116739565692}}, {"target": 0.9997023937388061, "params": {"ta": -0.02131620695332639, "tb": -0.8056675468454655, "tc": -0.41422701854890737, "td": 0.8044431586907765}}, {"target": 0.9988994253751603, "params": {"ta": -0.04497703280052556, "tb": -0.8204949476475062, "tc": -0.3707011484732451, "td": 0.851365821195581}}, {"target": 0.9986374619207914, "params": {"ta": 0.4582196114488477, "tb": -0.4470023090062709, "tc": -0.5640437192808097, "td": 0.2829069316615984}}, {"target": 0.9991390627765481, "params": {"ta": 0.45603181606478754, "tb": -0.4364054157040896, "tc": -0.5749720727268317, "td": 0.2249309273091415}}, {"target": 0.9997191895180216, "params": {"ta": 0.030494781163431385, "tb": -0.7400049220623833, "tc": -0.40800022512676226, "td": 0.7419754834528756}}, {"target": 0.9994420690282907, "params": {"ta": 0.7531928624924127, "tb": -0.3882767395137332, "tc": -0.743538608575973, "td": 0.01673766124771338}}, {"target": 0.9981869927377782, "params": {"ta": 0.851365821195581, "tb": -0.40321527086177383, "tc": -0.8597099343591404, "td": -0.015868712778281214}}, {"target": 0.999774774416112, "params": {"ta": 0.5865160244214195, "tb": -0.4193175470423204, "tc": -0.6338293069049649, "td": 0.14496540752477477}}, {"target": 0.9999130705094875, "params": {"ta": 0.3799537711389802, "tb": -0.49357813933141964, "tc": -0.5182065061185889, "td": 0.31622263500951686}}, {"target": 0.9999192567801054, "params": {"ta": 0.6746859142653084, "tb": -0.4107565229086042, "tc": -0.7147044159664487, "td": 0.08550429377376582}}, {"target": 0.9997011310770012, "params": {"ta": 0.22097771151324513, "tb": -0.5906464272191261, "tc": -0.45432595937872494, "td": 0.48084211660335086}}, {"target": 0.9999874757348372, "params": {"ta": 0.10989679469643944, "tb": -0.677985282359289, "tc": -0.4141686605187319, "td": 0.6331126402476314}}, {"target": 0.9995946265489208, "params": {"ta": 0.5346694549690509, "tb": -0.4327612795100649, "tc": -0.6325053093403407, "td": 0.1966595983785183}}, {"target": 0.9994923051271178, "params": {"ta": -0.05976967874901843, "tb": -0.8304676374869586, "tc": -0.42218720156085104, "td": 0.851365821195581}}, {"target": 0.9999073793688571, "params": {"ta": 0.3279662162167161, "tb": -0.5099576318534916, "tc": -0.4860235515176566, "td": 0.3703963308645129}}, {"target": 0.9993309096498098, "params": {"ta": -0.027065829468615264, "tb": -0.7842883739602581, "tc": -0.39769932680190645, "td": 0.8206188469890009}}, {"target": 0.9999446477281017, "params": {"ta": 0.19271309349198448, "tb": -0.6200443263865772, "tc": -0.4339353483550251, "td": 0.5337430544265938}}, {"target": 0.9995075471714849, "params": {"ta": 0.6344109778622238, "tb": -0.4280637756821199, "tc": -0.6771480700000443, "td": 0.09866995590620405}}, {"target": 0.9996336451476715, "params": {"ta": 0.4588783293912022, "tb": -0.47710255315008404, "tc": -0.5652962586435663, "td": 0.25418760313155275}}, {"target": 0.9992005847267688, "params": {"ta": 0.851365821195581, "tb": -0.42598068212915385, "tc": -0.8211593737536912, "td": -0.03780422459984747}}, {"target": 0.9996808000565003, "params": {"ta": 0.29192410652327966, "tb": -0.5564976964384696, "tc": -0.477993129548887, "td": 0.41195373543326613}}, {"target": 0.9999086652049803, "params": {"ta": 0.0655918227425409, "tb": -0.7097818251691519, "tc": -0.40627863083414534, "td": 0.6882622292706984}}, {"target": 0.9998148125589168, "params": {"ta": 0.851365821195581, "tb": -0.3940166884581989, "tc": -0.8355343575418995, "td": -0.05672982456560881}}, {"target": 0.9998990104259439, "params": {"ta": 0.2623504695049416, "tb": -0.5556612089626253, "tc": -0.4556367789751139, "td": 0.4514136084407715}}, {"target": 0.9997706946174012, "params": {"ta": 0.023694188136200795, "tb": -0.7823041584221275, "tc": -0.3966148971603936, "td": 0.7629209419319009}}, {"target": 0.9999749703483718, "params": {"ta": 0.41428848979500554, "tb": -0.4691411283187376, "tc": -0.539862651326532, "td": 0.28799246595685224}}, {"target": 0.999778632326194, "params": {"ta": -0.035972361611257955, "tb": -0.8285609130286588, "tc": -0.3948481405619851, "td": 0.8292334455536591}}, {"target": 0.999752111808355, "params": {"ta": 0.6318182428214582, "tb": -0.40919519976506236, "tc": -0.678257825415298, "td": 0.1267581540885837}}, {"target": 0.9999623445166909, "params": {"ta": 0.7061971686049233, "tb": -0.40134419112391295, "tc": -0.7268689106117894, "td": 0.05210772987886631}}, {"target": 0.9997440007218702, "params": {"ta": 0.35276531253295423, "tb": -0.5063111768277506, "tc": -0.5202647945953935, "td": 0.35776281814571215}}, {"target": 0.9997887018248861, "params": {"ta": 0.3832778149315713, "tb": -0.48575704197264796, "tc": -0.5152587361607138, "td": 0.3307599783917886}}, {"target": 0.999757002783413, "params": {"ta": 0.14689633631691562, "tb": -0.6278654019794125, "tc": -0.4180650057644431, "td": 0.5746742191131085}}, {"target": 0.9999507638920213, "params": {"ta": 0.7680464773851532, "tb": -0.4052256487571682, "tc": -0.7762939280722587, "td": 0.016377003466043583}}, {"target": 0.9999024078834574, "params": {"ta": 0.544459536565191, "tb": -0.42566036054494877, "tc": -0.6208334492129887, "td": 0.16908740752181559}}, {"target": 0.9999825298987816, "params": {"ta": 0.492723142597296, "tb": -0.4448414853270343, "tc": -0.5898270374583334, "td": 0.22547681663250976}}, {"target": 0.9998106811856649, "params": {"ta": 0.22126566324339692, "tb": -0.5901861620100293, "tc": -0.452476071278909, "td": 0.5060486824883298}}, {"target": 0.9999016262205527, "params": {"ta": 0.05240055548621443, "tb": -0.7462108517290732, "tc": -0.40696560742813165, "td": 0.7171391346192105}}, {"target": 0.9999799044619558, "params": {"ta": 0.8277921345344242, "tb": -0.40129461978136355, "tc": -0.8176636813137471, "td": -0.03399143309675454}}, {"target": 0.9999866864726124, "params": {"ta": -0.047216719431689085, "tb": -0.8276899924024939, "tc": -0.4016115241386775, "td": 0.851365821195581}}, {"target": 0.999912454954485, "params": {"ta": 0.3039201474144036, "tb": -0.5287981133570588, "tc": -0.47445962470366765, "td": 0.404511263434643}}, {"target": 0.9999825901191955, "params": {"ta": 0.0947351174134871, "tb": -0.6931936733773137, "tc": -0.40782205685005785, "td": 0.657485091924608}}, {"target": 0.9999566742722356, "params": {"ta": 0.1351333864825319, "tb": -0.6671409780410354, "tc": -0.4188456863093157, "td": 0.6063160227771541}}, {"target": 0.9998702879164738, "params": {"ta": 0.6444014547711261, "tb": -0.4012556039553701, "tc": -0.6919829084374836, "td": 0.09463303408203468}}, {"target": 0.9999560738496318, "params": {"ta": 0.7296943404499815, "tb": -0.40093888032153485, "tc": -0.7517798191991796, "td": 0.04412250703247223}}, {"target": 0.999913241184657, "params": {"ta": 0.3512848551475149, "tb": -0.5041351323794896, "tc": -0.4985405278611111, "td": 0.34432034726999755}}, {"targe