{"all": [{"target": 0.8964659520801119, "params": {"ta": 0.26872159556134345, "tb": -0.9566585077935994, "tc": -0.39507316510940194, "td": 0.6628127826779103}}, {"target": 0.4541307647762516, "params": {"ta": 0.5978791656363787, "tb": -0.21022472724565922, "tc": -0.025431413683341564, "td": 0.5684247184129669}}, {"target": 0.7671868060731715, "params": {"ta": 0.24604244240305928, "tb": -0.348147482826217, "tc": -0.4945378500706451, "td": -0.15273605967949822}}, {"target": 0.7958335523032575, "params": {"ta": 0.1630965524709399, "tb": -0.39834823330653946, "tc": -0.7369366115933006, "td": 0.19235392388620087}}, {"target": 0.7648905850145525, "params": {"ta": 0.4324765299693807, "tb": -0.9153323993018194, "tc": -0.7242973445885889, "td": 0.4348612924588524}}, {"target": 0.8283043868489716, "params": {"ta": 0.30650219082562247, "tb": -0.1284714637586073, "tc": -0.043254491124578576, "td": -0.07570655786427971}}, {"target": 0.9220439033006014, "params": {"ta": 0.4561754493895478, "tb": -0.10303879087960233, "tc": -0.5975952673381335, "td": 0.07565072515421478}}, {"target": 0.7164965214088971, "params": {"ta": 0.26614789336852085, "tb": -0.16996387885941688, "tc": -0.299160364512711, "td": 0.6561511883109044}}, {"target": 0.7591550647808685, "params": {"ta": 0.32480766146079953, "tb": -0.2847995055441048, "tc": -0.12218196228539535, "td": 0.569813077439494}}, {"target": 0.6464679895879175, "params": {"ta": 0.11667448719056628, "tb": -0.5721295494818645, "tc": -0.19550145620749293, "td": -0.07494809946895842}}, {"target": 0.745970017683309, "params": {"ta": 0.49495611987977317, "tb": -0.6209808720761998, "tc": -0.33409910706167933, "td": 0.7928930819239145}}, {"target": 0.9172611281302813, "params": {"ta": 0.4944464518866839, "tb": -0.7013631256467289, "tc": -0.5086846448085656, "td": 0.2517263254779336}}, {"target": 0.6315583351009438, "params": {"ta": 0.5081689091742513, "tb": -0.2655654984853014, "tc": -0.8153087875525674, "td": 0.7697819109793681}}, {"target": 0.8086234178091479, "params": {"ta": 0.34012881693675034, "tb": -0.8642315691981973, "tc": -0.6141512926850238, "td": 0.7900871858614852}}, {"target": 0.6075790271551565, "params": {"ta": 0.6069806947481815, "tb": -0.5300439879377815, "tc": 0.027431998931869206, "td": 0.2526079043101005}}, {"target": 0.8686467003805731, "params": {"ta": 0.16495489510191808, "tb": -0.2850262221828056, "tc": -0.5710695900646272, "td": 0.5471088168854593}}, {"target": 0.8472152909221683, "params": {"ta": -0.08225813659484338, "tb": -0.3686112639516149, "tc": -0.47709216165070434, "td": 0.44086174990775295}}, {"target": 0.7820518779128652, "params": {"ta": 0.15195786535470168, "tb": -0.3954738351631599, "tc": -0.07756853091181248, "td": -0.029773377286975378}}, {"target": 0.8901512215956939, "params": {"ta": 0.33219501562088694, "tb": -0.21034744016186013, "tc": -0.645743688024096, "td": 0.0545210070602149}}, {"target": 0.882059699435987, "params": {"ta": 0.20021806679138254, "tb": -0.9545987199963696, "tc": -0.08160493218066212, "td": 0.7701657510358618}}, {"target": 0.7706486366683483, "params": {"ta": 0.48664961931302875, "tb": -0.4897543875219661, "tc": -0.8311671915928027, "td": 0.640779576865737}}, {"target": 0.9543937924589012, "params": {"ta": 0.18280593823460534, "tb": -0.45779507013738563, "tc": -0.19915082011868623, "td": 0.4897801178378155}}, {"target": 0.9205895854299745, "params": {"ta": 0.6454401788517866, "tb": -0.5376345226802938, "tc": -0.5814580515631401, "td": -0.063443768448193}}, {"target": 0.5674199398501312, "params": {"ta": 0.539634014959439, "tb": -0.21801110275299718, "tc": -0.5142466260102336, "td": 0.7942771947853872}}, {"target": 0.4849341766143756, "params": {"ta": 0.2983595693420942, "tb": -0.10061723001883716, "tc": -0.28245054097549804, "td": 0.8319286788331611}}, {"target": 0.7974804491428525, "params": {"ta": 0.3164913369812967, "tb": -0.8656117092115473, "tc": -0.45240185921561815, "td": 0.24390224422865803}}, {"target": 0.9393713665958289, "params": {"ta": 0.3326420344012543, "tb": -0.5831213153180554, "tc": -0.22931255760424396, "td": 0.3811858882160025}}, {"target": 0.8567096878741727, "params": {"ta": 0.09718985928847912, "tb": -0.09022752547429569, "tc": -0.21849248977340907, "td": 0.3378942508763594}}, {"target": 0.4703264563950269, "params": {"ta": 0.6094758353506569, "tb": -0.9318142029633726, "tc": -0.08044022080295465, "td": 0.05881679444458299}}, {"target": 0.9451922429170274, "params": {"ta": 0.6343295713612684, "tb": -0.4816976249867235, "tc": -0.6999749260973528, "td": 0.3263422682173569}}, {"target": 0.6317597638465174, "params": {"ta": 0.8160017450921822, "tb": -0.6745369452250023, "tc": -0.286078641285915, "td": -0.1524442681852609}}, {"target": 0.8532445642382988, "params": {"ta": 0.11790680770831996, "tb": -0.475030340506819, "tc": -0.014943788802505908, "td": 0.25516138118271325}}, {"target": 0.8397863872435525, "params": {"ta": -0.05573235485882222, "tb": -0.4028387438259319, "tc": -0.5318526947216828, "td": 0.7324233735080643}}, {"target": 0.4476537601279082, "params": {"ta": 0.7526380746258646, "tb": -0.05673974317378305, "tc": -0.5851028928276779, "td": 0.7363914500892762}}, {"target": 0.7696563618812278, "params": {"ta": 0.2551116665705625, "tb": -0.6661413398295416, "tc": -0.012091024378188986, "td": 0.27173532660939637}}, {"target": 0.6032203528089434, "params": {"ta": 0.713744855657489, "tb": -0.24293639885322105, "tc": -0.5819360558204866, "td": 0.6783112617083322}}, {"target": 0.8193931159375025, "params": {"ta": -0.14342370840818275, "tb": -0.9570771760590738, "tc": 0.025769077243119165, "td": 0.8226946258488013}}, {"target": 0.8933389160451847, "params": {"ta": 0.4735764058532064, "tb": -0.38269166112864983, "tc": -0.8604670936454972, "td": 0.3437602137497988}}, {"target": 0.7222412564863336, "params": {"ta": 0.6418028753611694, "tb": -0.7807924858867793, "tc": -0.2440234634318329, "td": 0.19614237460511652}}, {"target": 0.8132672761295138, "params": {"ta": 0.6009411846162384, "tb": -0.06891023579814903, "tc": -0.6075161508091661, "td": 0.3748515659787054}}, {"target": 0.9141115587820945, "params": {"ta": 0.4100810338535671, "tb": -0.4109815519211777, "tc": -0.7845612860370577, "td": 0.1486921811844376}}, {"target": 0.6909553254775728, "params": {"ta": 0.6054250500347212, "tb": -0.35038037601640515, "tc": -0.09847817010618198, "td": -0.11719502167281026}}, {"target": 0.7587878643944354, "params": {"ta": 0.3361801730963052, "tb": -0.4140959852357403, "tc": -0.7001008622556516, "td": -0.1395613969506797}}, {"target": 0.8238394509433322, "params": {"ta": 0.4680030513577986, "tb": -0.7386750215763376, "tc": -0.8275602617939599, "td": 0.21113605460695062}}, {"target": 0.9378669620291279, "params": {"ta": -0.08451353819214258, "tb": -0.8158298852652417, "tc": -0.33961853911523365, "td": 0.6151587596066855}}, {"target": 0.8150254453742805, "params": {"ta": 0.5188092103015571, "tb": -0.7620576013395557, "tc": -0.5063306256170025, "td": 0.0690938711250908}}, {"target": 0.6229006106705162, "params": {"ta": -0.013908541487611559, "tb": 0.015718711568702526, "tc": -0.5218913471449381, "td": 0.47854429652229424}}, {"target": 0.7435859014984062, "params": {"ta": 0.44326308535522996, "tb": -0.34999826390202315, "tc": -0.9514294626709195, "td": 0.5673450777578496}}, {"target": 0.7584893086719239, "params": {"ta": 0.5157361659366935, "tb": -0.22352540384034314, "tc": -0.17877746720145649, "td": 0.36400406269716945}}, {"target": 0.929976267336878, "params": {"ta": 0.4695647307607804, "tb": -0.2270281602551001, "tc": -0.6338499809085244, "td": -0.043793835457650254}}, {"target": 0.6068357307499462, "params": {"ta": 0.2519746740691853, "tb": -0.09289428733916871, "tc": -0.532570022995569, "td": 0.7529701575118436}}, {"target": 0.635581203014919, "params": {"ta": -0.14156570150332892, "tb": -0.6452096241153076, "tc": -0.35166200716654183, "td": 0.14843870982307028}}, {"target": 0.6905770863304307, "params": {"ta": 0.6362156977853417, "tb": -0.6774356174944897, "tc": -0.2729993154620448, "td": 0.681907040942649}}, {"target": 0.6730851171595862, "params": {"ta": 0.028189382022956955, "tb": -0.7037353231275844, "tc": -0.9580882045964728, "td": 0.7252408639436722}}, {"target": 0.8251334194353408, "params": {"ta": 0.4425761319308683, "tb": -0.7603974539771982, "tc": -0.43694393883272775, "td": 0.12873606184601438}}, {"target": 0.7774140231983875, "params": {"ta": 0.5388839880752462, "tb": -0.8865617739710628, "tc": -0.44556041115957135, "td": 0.24890287009390633}}, {"target": 0.8389846867322093, "params": {"ta": 0.1353905785441969, "tb": -0.4681547275330611, "tc": -0.03667874157974016, "td": 0.6669202909630462}}, {"target": 0.951826788242153, "params": {"ta": 0.6699873320302724, "tb": -0.2182286107450071, "tc": -0.5696157998646095, "td": 0.15760319175743598}}, {"target": 0.5146558987985896, "params": {"ta": 0.2712478813137612, "tb": -0.10766794792077872, "tc": -0.8893669126924116, "td": 0.8171095622034613}}, {"target": 0.7079396598409478, "params": {"ta": -0.10604794436488052, "tb": -0.5296522269346575, "tc": -0.37423753096312373, "td": 0.14225101216124736}}, {"target": 0.9552617656337538, "params": {"ta": 0.3537226585102361, "tb": -0.3770368208976522, "tc": -0.6726643046803684, "td": 0.25355452704171044}}, {"target": 0.6807009595590345, "params": {"ta": 0.24552476689685498, "tb": -0.5722876684830649, "tc": -0.9450129650506258, "td": 0.7439092516614086}}, {"target": 0.5651970378206561, "params": {"ta": 0.6690426063329954, "tb": -0.8125558057971415, "tc": -0.03871120602960687, "td": 0.2284178660984506}}, {"target": 0.849077489505937, "params": {"ta": 0.14601945579108, "tb": -0.3702746480996889, "tc": -0.2607767928573017, "td": 0.7184835018086974}}, {"target": 0.9389025608697029, "params": {"ta": 0.8381717971300484, "tb": -0.20788766831783506, "tc": -0.9658471716741649, "td": -0.15579609073558384}}, {"target": 0.9963235789957084, "params": {"ta": 0.3561836508982614, "tb": -0.4057860975975697, "tc": -0.43035754148962146, "td": 0.2918030582655795}}, {"target": 0.9894583591825122, "params": {"ta": 0.8381717971300484, "tb": -0.4258698923486316, "tc": -0.8309896533802975, "td": 0.030601905859917147}}, {"target": 0.9994570122872181, "params": {"ta": 0.15766051639632458, "tb": -0.628024970608825, "tc": -0.39657384324563344, "td": 0.5703974015153551}}, {"target": 0.9897449480257469, "params": {"ta": 0.7957354815925908, "tb": -0.28812551076293635, "tc": -0.7175691917183215, "td": -0.037642889968598325}}, {"target": 0.9969182401223784, "params": {"ta": 0.005777878540827637, "tb": -0.7883814371850112, "tc": -0.3393610396230789, "td": 0.8381717971300484}}, {"target": 0.9958890185946006, "params": {"ta": 0.07173417249507778, "tb": -0.7142179617557683, "tc": -0.29448987159093104, "td": 0.701694985231379}}, {"target": 0.9989327976056632, "params": {"ta": 0.6762739287957504, "tb": -0.35877580008506854, "tc": -0.7340200437729363, "td": 0.07826434655656422}}, {"target": 0.9988690184075323, "params": {"ta": 0.28534446182391066, "tb": -0.5091884412532209, "tc": -0.4469520638139135, "td": 0.43022348799862137}}, {"target": 0.9990364445450713, "params": {"ta": 0.5282359536824563, "tb": -0.4020361492624708, "tc": -0.5660380858018204, "td": 0.18004376728350652}}, {"target": 0.9777190843580859, "params": {"ta": 0.8381717971300484, "tb": -0.2518321447025151, "tc": -0.8724426678849875, "td": 0.08142663789303488}}, {"target": 0.9961139785263137, "params": {"ta": 0.0480323158356333, "tb": -0.7392048548533035, "tc": -0.413042269162183, "td": 0.7329139102444024}}, {"target": 0.9836817018821478, "params": {"ta": -0.02482350859131799, "tb": -0.9293629455629049, "tc": -0.37480516316364754, "td": 0.8093045247952012}}, {"target": 0.9815785973153303, "params": {"ta": -0.1618282028699516, "tb": -0.8082796520109007, "tc": -0.40407304180865317, "td": 0.8381717971300484}}, {"target": 0.997420742048238, "params": {"ta": 0.42784030918883675, "tb": -0.44931192578624557, "tc": -0.522254946123148, "td": 0.3137951537241739}}, {"target": 0.9862611198417707, "params": {"ta": 0.7652705387842174, "tb": -0.4053935495278142, "tc": -0.6833505174457166, "td": 0.07698496434615988}}, {"target": 0.9975680483974508, "params": {"ta": 0.18509233137297376, "tb": -0.5214906232700012, "tc": -0.3732104209000761, "td": 0.4494331059372341}}, {"target": 0.9962829774872369, "params": {"ta": 0.05426902156654624, "tb": -0.6299677013420809, "tc": -0.3561265783304429, "td": 0.6451136421039363}}, {"target": 0.9968164643872547, "params": {"ta": 0.21010872334901667, "tb": -0.5563170242687192, "tc": -0.3694402014053021, "td": 0.5277352069638397}}, {"target": 0.9968817471573206, "params": {"ta": 0.7550562707288776, "tb": -0.3385012343990417, "tc": -0.813496133609579, "td": 0.0009777275622808532}}, {"target": 0.9985723279147346, "params": {"ta": 0.3339052861586778, "tb": -0.4867586990900864, "tc": -0.468109905717407, "td": 0.3189271064334583}}, {"target": 0.9989932333873313, "params": {"ta": -0.02070736149901838, "tb": -0.7698140540972914, "tc": -0.34394083739871, "td": 0.7692171451146266}}, {"target": 0.9992620862891696, "params": {"ta": 0.4350807105119354, "tb": -0.3904914714795392, "tc": -0.5275060622089154, "td": 0.22132639811800928}}, {"target": 0.9986113621610042, "params": {"ta": 0.5651830138697911, "tb": -0.3437331348931302, "tc": -0.6401490608037473, "td": 0.1466020198213875}}, {"target": 0.9983368091154721, "params": {"ta": 0.12557366298458839, "tb": -0.6702409417189253, "tc": -0.3389709247558365, "td": 0.5957250816862114}}, {"target": 0.9976028579356853, "params": {"ta": 0.2676753737978187, "tb": -0.4517780294472647, "tc": -0.4106141255708426, "td": 0.3809393081527481}}, {"target": 0.9981158490491633, "params": {"ta": 0.6340246883833067, "tb": -0.35101517376506525, "tc": -0.6456382184618745, "td": 0.06242080220424481}}, {"target": 0.996214158781175, "params": {"ta": 0.7045536110732238, "tb": -0.2923268477126594, "tc": -0.7344138947088528, "td": 0.04197732297692283}}, {"target": 0.9995647555845707, "params": {"ta": 0.09485913163993553, "tb": -0.6973647586842829, "tc": -0.3666609553432834, "td": 0.6705465843208007}}, {"target": 0.9986450771868437, "params": {"ta": 0.23408426092926485, "tb": -0.5804666659846073, "tc": -0.4008165441468902, "td": 0.4610732375735251}}, {"target": 0.9995552833791502, "params": {"ta": 0.8381717971300484, "tb": -0.3384241680297008, "tc": -0.8125920887484689, "td": -0.02294027361825309}}, {"target": 0.9985607821594091, "params": {"ta": 0.041732711945601526, "tb": -0.7941985108209222, "tc": -0.34847426704383483, "td": 0.7604008255831513}}, {"target": 0.9974603440335771, "params": {"ta": -0.034594347983644656, "tb": -0.8163875188579228, "tc": -0.40095378461119924, "td": 0.8381717971300484}}, {"target": 0.9964978329227461, "params": {"ta": 0.8381717971300484, "tb": -0.38517816666384996, "tc": -0.8112980460305974, "td": -0.08280083939063163}}, {"target": 0.9986834040185942, "params": {"ta": 0.5963802156864579, "tb": -0.40457187850060616, "tc": -0.6516441701904495, "td": 0.13390988558623382}}, {"target": 0.9990601402899666, "params": {"ta": 0.4824241722424359, "tb": -0.4191359646843161, "tc": -0.5834611243681521, "td": 0.22537783218624408}}, {"target": 0.9988855196678587, "params": {"ta": 0.349458849821571, "tb": -0.4317853687250539, "tc": -0.49245954215005117, "td": 0.3259471148479886}}, {"target": 0.9994195337215355, "params": {"ta": 0.7649268194643052, "tb": -0.3656398490184421, "tc": -0.7576227935355003, "td": -0.00013707180895238653}}, {"target": 0.9991752121366383, "params": {"ta": 0.02931593616057133, "tb": -0.7289430993480267, "tc": -0.3556476765148511, "td": 0.7480305466372806}}, {"target": 0.9994263099743607, "params": {"ta": 0.41530076291170914, "tb": -0.4432168172398929, "tc": -0.5053961169241173, "td": 0.25890368050794305}}, {"target": 0.9991574544645654, "params": {"ta": 0.19300030187133688, "tb": -0.5579387902708169, "tc": -0.41766699631426213, "td": 0.4952762239204897}}, {"target": 0.9995710947362273, "params": {"ta": 0.14497318792557876, "tb": -0.5951202703313127, "tc": -0.3659060013361766, "td": 0.542625840768129}}, {"target": 0.9992522758526743, "params": {"ta": 0.33614068301125105, "tb": -0.4799616635479194, "tc": -0.4414165284636243, "td": 0.35844664757457007}}, {"target": 0.9995313076000092, "params": {"ta": 0.04983378452295361, "tb": -0.7216331976559011, "tc": -0.35666127297048345, "td": 0.6835482792933192}}, {"target": 0.9998503271517016, "params": {"ta": 0.25712433086497194, "tb": -0.5197387491546667, "tc": -0.4128475532845528, "td": 0.4154692183636701}}, {"target": 0.9992340148160603, "params": {"ta": 0.5269426398310805, "tb": -0.37807776632037743, "tc": -0.5958734932017368, "td": 0.14638402386324548}}, {"target": 0.9993801888394924, "params": {"ta": 0.7734440316399191, "tb": -0.3420943424133778, "tc": -0.7749590263238042, "td": 0.031097326044913887}}, {"target": 0.9996822305506737, "params": {"ta": -0.04767655676791227, "tb": -0.8333248176920864, "tc": -0.34382921811345357, "td": 0.8381717971300484}}, {"target": 0.9998289629340391, "params": {"ta": 0.11703484699544396, "tb": -0.6387434190515532, "tc": -0.36878792841878094, "td": 0.6087547690348201}}, {"target": 0.9995540416023744, "params": {"ta": 0.500587683264245, "tb": -0.3748623538544046, "tc": -0.5755747581083964, "td": 0.20143431982015939}}, {"target": 0.9998336519252866, "params": {"ta": -0.01840294427319404, "tb": -0.808747143763098, "tc": -0.35918453734588, "td": 0.8057049379196052}}, {"target": 0.9998821897046501, "params": {"ta": 0.639810851498123, "tb": -0.35599564374244047, "tc": -0.6742972784226932, "td": 0.10419998763462003}}, {"target": 0.9999063916422721, "params": {"ta": 0.704632286884481, "tb": -0.3523946320386108, "tc": -0.717109808551964, "td": 0.04518797605791832}}, {"target": 0.9994358312939707, "params": {"ta": 0.8381717971300484, "tb": -0.36028718192590103, "tc": -0.8477565009196488, "td": -0.03423798291148561}}, {"target": 0.999860721757205, "params": {"ta": 0.29676654749119746, "tb": -0.4940045902311412, "tc": -0.4532291301440621, "td": 0.3787549809639653}}, {"target": 0.9998106597741074, "params": {"ta": 0.42979727544492946, "tb": -0.4113092469546353, "tc": -0.5273679221167396, "td": 0.2609587164605159}}, {"target": 0.9999213342412009, "params": {"ta": 0.8101129652696218, "tb": -0.35846255724990445, "tc": -0.8054871015199663, "td": -0.01952554505431395}}, {"target": 0.9999332309033803, "params": {"ta": 0.18408961964553255, "tb": -0.5899220055015383, "tc": -0.3833981921152162, "td": 0.5152808145168164}}, {"target": 0.9998544770175605, "params": {"ta": 0.5825171236000284, "tb": -0.3710073840698467, "tc": -0.6200788212651314, "td": 0.13643966270477467}}, {"target": 0.999925043190686, "params": {"ta": 0.22889299834673701, "tb": -0.5358763049543813, "tc": -0.4038773582392163, "td": 0.45897920373965406}}, {"target": 0.9990836726918126, "params": {"ta": -0.05040026044340618, "tb": -0.8002579206790043, "tc": -0.35369197531089136, "td": 0.8381717971300484}}, {"target": 0.9999243870374367, "params": {"ta": 0.4684263967966402, "tb": -0.4082027563176113, "tc": -0.5425556261571418, "td": 0.22281974543103203}}, {"target": 0.9999689445688453, "params": {"ta": 0.37883732258642394, "tb": -0.44734849522751896, "tc": -0.4865976752338915, "td": 0.3023335820790447}}, {"target": 0.9998224081187952, "params": {"ta": 0.09396229198038972, "tb": -0.6732065053028562, "tc": -0.3700989329396479, "td": 0.6307725257585594}}, {"target": 0.999865446899967, "params": {"ta": 0.544737858398504, "tb": -0.38665431816048257, "tc": -0.6114105759978469, "td": 0.17142035677003095}}, {"target": 0.9999532308542354, "params": {"ta": 0.029271139117360723, "tb": -0.7547336622936522, "tc": -0.3539988983314948, "td": 0.7375120531791058}}, {"target": 0.9998884782391886, "params": {"ta": 0.6570378230270439, "tb": -0.36279984557365413, "tc": -0.69060745700897, "td": 0.07553854327066034}}, {"target": 0.9998819111865695, "params": {"ta": 0.605098079296033, "tb": -0.36423843020281665, "tc": -0.6553034323924526, "td": 0.11015268367280057}}, {"target": 0.9999042642754253, "params": {"ta": 0.08130480912177238, "tb": -0.6825189179800482, "tc": -0.34999366271129057, "td": 0.6576597044047908}}, {"target": 0.9996400720899407, "params": {"ta": 0.3485442139060665, "tb": -0.47784449751432023, "tc": -0.4823216307069033, "td": 0.34448102515310886}}, {"target": 0.9999932529123824, "params": {"ta": 0.7317521477389112, "tb": -0.35161403281759057, "tc": -0.7469678709007055, "td": 0.03499504374914958}}, {"target": 0.9999287173375518, "params": {"ta": 0.1527981546549073, "tb": -0.619334978917686, "tc": -0.37021017853286337, "td": 0.5656871328154386}}, {"target": 0.9998088896468573, "params": {"ta": -0.022730475682365373, "tb": -0.8330278410207044, "tc": -0.3535796748123218, "td": 0.8381717971300484}}, {"target": 0.999966083579409, "params": {"ta": 0.05675637799496716, "tb": -0.7251970647160932, "tc": -0.35396876752612705, "td": 0.7067738586213151}}, {"target": 0.9999023158235526, "params": {"ta": 0.3966279464997039, "tb": -0.4349018776889529, "tc": -0.5120686691770904, "td": 0.28223746095549995}}, {"target": 0.9997060901874257, "params": {"ta": 0.8381717971300484, "tb": -0.3635204800083582, "tc": -0.8153515814152915, "td": -0.02864362679592257}}, {"target": 0.9999563207585319, "params": {"ta": 0.006792481324147303, "tb": -0.7764626593067696, "tc": -0.3565772973748399, "td": 0.7750952835330657}}, {"target": 0.9998877417088472, "params": {"ta": 0.290072576330604, "tb": -0.5080542175609521, "tc": -0.4322178461096606, "td": 0.3940025057353387}}, {"target": 0.9999074804559133, "params": {"ta": 0.6814916396205204, "tb": -0.34822947965686846, "tc": -0.702265561108185, "td": 0.07161354509312928}}, {"target": 0.9999502376821314, "params": {"ta": 0.20204402411011418, "tb": -0.5619233845589592, "tc": -0.38950402003451046, "td": 0.48748265265733953}}, {"target": 0.9999565628813191, "params": {"ta": 0.32659513382853284, "tb": -0.46496442761296236, "tc": -0.45759727139142853, "td": 0.34366390820293885}}, {"target": 0.9999429165292