{"all": [{"target": 0.6013190790237704, "params": {"ta": -0.10660968098643248, "tb": -0.5676975539773775, "tc": 0.30700490293802984, "td": 0.006632660050721884}}, {"target": 0.7607980124836965, "params": {"ta": 0.489345369940508, "tb": -0.07422855628495417, "tc": -0.18822787977325983, "td": 0.2684110260686348}}, {"target": 0.31264855090550137, "params": {"ta": 0.4877033609786348, "tb": -0.39496307009481846, "tc": 0.19296130466642558, "td": -0.2690891645714493}}, {"target": 0.8772224078809243, "params": {"ta": -0.058644691959305384, "tb": -0.42211523872860424, "tc": 0.04043335706375062, "td": 0.5155269956522737}}, {"target": 0.7411253536739323, "params": {"ta": 0.5564067253220581, "tb": -0.37704583882823295, "tc": -0.542351160227122, "td": 0.44937964653629797}}, {"target": 0.24411971577695432, "params": {"ta": 0.5950144025606663, "tb": 0.05304074891304311, "tc": 0.28003310444769236, "td": 0.46586850111767014}}, {"target": 0.7598395698962118, "params": {"ta": -0.3152796557713477, "tb": 0.08718541714133476, "tc": -0.027419992655668968, "td": 0.1392320655491011}}, {"target": 0.7560364043987355, "params": {"ta": -0.03316612001983227, "tb": 0.09493322806076154, "tc": -0.06412820655563578, "td": 0.2903444461992642}}, {"target": 0.751035659195601, "params": {"ta": -0.034443561617716056, "tb": 0.034426720483520246, "tc": 0.2829681368252249, "td": 0.26089999484353804}}, {"target": 0.38818024103404913, "params": {"ta": 0.552284375614899, "tb": -0.4842159267975833, "tc": 0.14878798697408047, "td": -0.027024627518026312}}, {"target": 0.6277527037278706, "params": {"ta": 0.17914728912577899, "tb": -0.1792798568293481, "tc": 0.36721967610986705, "td": 0.2901380089515044}}, {"target": 0.8280561283621857, "params": {"ta": 0.6011298693304699, "tb": 0.02126004987872998, "tc": -0.360175768762912, "td": -0.006935137344769526}}, {"target": 0.7359957527875927, "params": {"ta": 0.32011363566490486, "tb": 0.3561179571841253, "tc": -0.3360902329314893, "td": 0.06420796887692498}}, {"target": 0.6672714917738083, "params": {"ta": 0.16577898806197483, "tb": -0.4359899687073705, "tc": -0.49011806951491665, "td": -0.021017992205432712}}, {"target": 0.7645206397984946, "params": {"ta": -0.009181619827428988, "tb": -0.18460751125703523, "tc": 0.2577229231185256, "td": -0.09365266680072787}}, {"target": 0.872391680175958, "params": {"ta": 0.051979401877365994, "tb": -0.3640397480697838, "tc": 0.05977696277560218, "td": 0.3845794943170469}}, {"target": 0.8030312401126833, "params": {"ta": 0.48405533194852307, "tb": -0.15129434338592307, "tc": -0.1966259483299816, "td": 0.08831263381637705}}, {"target": 0.6412345448252487, "params": {"ta": -0.3710554184738151, "tb": -0.18677558930426585, "tc": 0.23506567479323426, "td": -0.37638085328904153}}, {"target": 0.5825526919353112, "params": {"ta": -0.36353269090886225, "tb": 0.28165662697122884, "tc": -0.1811121263876042, "td": 0.07338426075304222}}, {"target": 0.8333614928118231, "params": {"ta": 0.01362987914780861, "tb": -0.6121916886726189, "tc": 0.16751702638730526, "td": 0.462504238220997}}, {"target": 0.5300022316674334, "params": {"ta": 0.1604618704132958, "tb": -0.536571900680649, "tc": -0.3871597969604267, "td": -0.15828319088061688}}, {"target": 0.8769088039636146, "params": {"ta": 0.04536516537870455, "tb": -0.34250351155044134, "tc": 0.027430194653244477, "td": 0.27185685368484586}}, {"target": 0.5589506115402725, "params": {"ta": -0.17227047165677561, "tb": -0.29307895887842217, "tc": 0.2236435435859413, "td": -0.3714702802583298}}, {"target": 0.7230862932182377, "params": {"ta": 0.1497815723304861, "tb": -0.03833230755405215, "tc": -0.17362598798346118, "td": 0.4778313717863339}}, {"target": 0.4446957321270375, "params": {"ta": -0.3546428293525203, "tb": -0.41465192617614643, "tc": 0.022020701185757496, "td": -0.31630269937386063}}, {"target": 0.5737219320623668, "params": {"ta": 0.49837844792470914, "tb": -0.4043387589934664, "tc": 0.15478412222487226, "td": 0.42276153085463225}}, {"target": 0.55057312402026, "params": {"ta": -0.12263860010400968, "tb": 0.23649466237494643, "tc": -0.32268043234847554, "td": 0.28042129071888294}}, {"target": 0.386244113250383, "params": {"ta": -0.32706842415772047, "tb": -0.22238428514277064, "tc": -0.44140845473733825, "td": -0.1920738550219851}}, {"target": 0.591632219838548, "params": {"ta": 0.04065881530670107, "tb": 0.021028547381736318, "tc": -0.5253302394145923, "td": 0.40885206339717467}}, {"target": 0.7386626975042551, "params": {"ta": 0.02543231780984162, "tb": -0.2376345295524388, "tc": 0.30794922823348014, "td": 0.4574658462871755}}, {"target": 0.44860250976487004, "params": {"ta": 0.44990402584159633, "tb": -0.5342302651101164, "tc": 0.15980055024220574, "td": 0.017987247950034757}}, {"target": 0.7815515082585593, "params": {"ta": -0.20265983986289765, "tb": 0.17152232624508768, "tc": -0.1521648581642091, "td": -0.296881775462632}}, {"target": 0.7536343757464784, "params": {"ta": -0.262404792599869, "tb": -0.2909241428278482, "tc": -0.14843174808170978, "td": 0.1561927495731174}}, {"target": 0.485173648374815, "params": {"ta": 0.4345368555671359, "tb": -0.6100376350855912, "tc": -0.336189943587779, "td": -0.1872525109741348}}, {"target": 0.7037913606938585, "params": {"ta": 0.027416732777563013, "tb": -0.13330617078034213, "tc": -0.4730526695765289, "td": 0.3606251304353619}}, {"target": 0.48253007915237967, "params": {"ta": 0.1899940751927714, "tb": 0.0280101505671575, "tc": 0.2984438492765361, "td": 0.516007398095204}}, {"target": 0.819191998350933, "params": {"ta": -0.08169610336622007, "tb": -0.13555759110377674, "tc": 0.27783181837968973, "td": -0.048652602713896986}}, {"target": 0.763320785063994, "params": {"ta": 0.5296118631557678, "tb": 0.05721884734098692, "tc": -0.3833568725050882, "td": 0.29826379147363274}}, {"target": 0.7493423242591961, "params": {"ta": -0.3795608807492595, "tb": -0.19270774043084193, "tc": 0.3518902853945519, "td": -0.23693416287490182}}, {"target": 0.7958872840466418, "params": {"ta": 0.1512398374132044, "tb": -0.3777254105110929, "tc": 0.1555770534736044, "td": 0.28230079626213495}}, {"target": 0.8083003294204121, "params": {"ta": 0.10217858149524611, "tb": -0.2460050794842985, "tc": 0.14851591002893727, "td": 0.09911943819297003}}, {"target": 0.6052615835073382, "params": {"ta": -0.03151426337065205, "tb": -0.48278988016041813, "tc": -0.575802839942046, "td": 0.264266979824855}}, {"target": 0.41257460867110524, "params": {"ta": -0.33611253469727925, "tb": -0.26308664473808685, "tc": -0.5024742137652244, "td": 0.0756712706569182}}, {"target": 0.7936335486242151, "params": {"ta": 0.5358080850798381, "tb": 0.29276340586781824, "tc": -0.4761244453477893, "td": 0.010160508460335949}}, {"target": 0.5383097116043609, "params": {"ta": 0.46523769251126307, "tb": -0.42071417003738176, "tc": 0.1907751147803738, "td": 0.20750323968224677}}, {"target": 0.7904582216136724, "params": {"ta": 0.05111039725679073, "tb": -0.4555147955899155, "tc": -0.39590693670601806, "td": 0.5035173605006624}}, {"target": 0.5704567082603789, "params": {"ta": -0.3524625055496006, "tb": -0.1384899649843372, "tc": -0.2874276626571294, "td": -0.03439596143174378}}, {"target": 0.6328843071539034, "params": {"ta": -0.15179325679041827, "tb": 0.24374351679283812, "tc": -0.42605291404075296, "td": -0.3779034535873406}}, {"target": 0.7791909562451587, "params": {"ta": -0.3785935347022881, "tb": 0.3051621638691461, "tc": 0.29753955699538404, "td": 0.07049820131102508}}, {"target": 0.5073106658012574, "params": {"ta": -0.21302197965896047, "tb": -0.09389446616332042, "tc": -0.33909745434283856, "td": -0.38992047405642055}}, {"target": 0.7383337871470064, "params": {"ta": -0.3150509137766107, "tb": -0.18799125390120897, "tc": -0.08941474462631194, "td": 0.005377452804885274}}, {"target": 0.4976453835341483, "params": {"ta": 0.3101316911809781, "tb": -0.013951845808893748, "tc": 0.30687519871003055, "td": -0.3817265338763712}}, {"target": 0.6518566808867714, "params": {"ta": 0.29360172658967937, "tb": -0.5032169134079889, "tc": 0.2984234798131098, "td": 0.5748228596860967}}, {"target": 0.6035363199758346, "params": {"ta": 0.5831868348247695, "tb": -0.28389082307086344, "tc": -0.0683108632741164, "td": 0.5108223084112467}}, {"target": 0.8533114624294084, "params": {"ta": 0.0310947330455415, "tb": -0.21198597141561504, "tc": -0.19316932481071858, "td": 0.3565969913728729}}, {"target": 0.6988650700659609, "params": {"ta": 0.06702002240118848, "tb": 0.28580104038382215, "tc": -0.5314075153892894, "td": -0.18456473501271892}}, {"target": 0.5120882158777021, "params": {"ta": 0.42443136132184905, "tb": 0.2226816765757117, "tc": -0.08156465667794477, "td": 0.3946879603165299}}, {"target": 0.6895413742337889, "params": {"ta": 0.4511373838040604, "tb": -0.551128191141609, "tc": 0.0404374847848481, "td": 0.5706948088973725}}, {"target": 0.7075064816564529, "params": {"ta": -0.05113179532554207, "tb": -0.5879064265296186, "tc": 0.10396600774792375, "td": 0.12623404440835645}}, {"target": 0.8277217575677769, "params": {"ta": -0.20102930165493033, "tb": -0.16111627007731488, "tc": -0.013795725067529907, "td": 0.3437218330153809}}, {"target": 0.8112955544906498, "params": {"ta": -0.045378209991430885, "tb": -0.2720321591741769, "tc": -0.26100372668895255, "td": 0.14582424001953714}}, {"target": 0.637020388254672, "params": {"ta": 0.4731728959931369, "tb": -0.4166328300401043, "tc": -0.37526662450060433, "td": -0.20556601782446443}}, {"target": 0.5125656728226958, "params": {"ta": 0.5335176526180827, "tb": -0.573716254602088, "tc": -0.4209082714681338, "td": -0.22327722404195988}}, {"target": 0.7874679194436793, "params": {"ta": 0.4729385017657957, "tb": 0.09485463074168288, "tc": -0.1588659022348209, "td": -0.14405116009780122}}, {"target": 0.8442313802837837, "params": {"ta": -0.3656413334269017, "tb": 0.3749962953060446, "tc": 0.3652785756207687, "td": -0.364479672569132}}, {"target": 0.726392663925681, "params": {"ta": -0.3900281942743013, "tb": -0.6127328061055781, "tc": 0.3710003569765894, "td": 0.6099718057256988}}, {"target": 0.711172699179, "params": {"ta": 0.6099718057256988, "tb": 0.3872671938944218, "tc": -0.6127328061055781, "td": -0.3900281942743013}}, {"target": 0.8879736215802407, "params": {"ta": 0.21477337551289322, "tb": -0.029891188418632714, "tc": -0.2583196844569382, "td": 0.0006013895726503665}}, {"target": 0.8827345291585397, "params": {"ta": -0.04672311671965857, "tb": 0.3872671938944218, "tc": 0.09074656644998914, "td": -0.32581987467276546}}, {"target": 0.8876229893626959, "params": {"ta": -0.047455334421012844, "tb": 0.13992120334915353, "tc": 0.058568529761500454, "td": -0.12107433708124973}}, {"target": 0.8864856628900912, "params": {"ta": 0.015104400167783576, "tb": -0.6127328061055781, "tc": -0.08531130117820519, "td": 0.6099718057256988}}, {"target": 0.885082031846034, "params": {"ta": -0.20693070527068466, "tb": 0.21687184759064548, "tc": 0.22277427062896846, "td": -0.21415780443170782}}, {"target": 0.8853663320485174, "params": {"ta": 0.41206132129493434, "tb": -0.058496425177739, "tc": -0.4926346465707754, "td": 0.017786625964922746}}, {"target": 0.8831342819625162, "params": {"ta": 0.25749152308228396, "tb": -0.19768717922514648, "tc": -0.2938609439309672, "td": 0.17648514217847974}}, {"target": 0.8882814321797211, "params": {"ta": -0.004183167420971818, "tb": -0.08434951106245911, "tc": -0.03210028968351376, "td": 0.07157305123831348}}, {"target": 0.8851901621012608, "params": {"ta": -0.3900281942743013, "tb": -0.032273925702837505, "tc": 0.3872671938944218, "td": 0.05669554604964285}}, {"target": 0.8858292094535924, "params": {"ta": -0.3900281942743013, "tb": 0.10174752253222305, "tc": 0.3872671938944218, "td": -0.11878737401975568}}, {"target": 0.8825103583316203, "params": {"ta": 0.09253670211823263, "tb": 0.2654595386580885, "tc": -0.09693957794881836, "td": -0.2911524173436559}}, {"target": 0.8842494732522459, "params": {"ta": 0.06912568978528294, "tb": -0.5033318418624773, "tc": -0.09594526293987461, "td": 0.45650522486919054}}, {"target": 0.8884144049397192, "params": {"ta": -0.2891389804106156, "tb": 0.03266784707696418, "tc": 0.2468734470317342, "td": -0.03336711176851987}}, {"target": 0.880165237758818, "params": {"ta": -0.07514746859829428, "tb": 0.28742176717785134, "tc": 0.0646377777364247, "td": -0.3900281942743013}}, {"target": 0.8821697858263555, "params": {"ta": 0.36170196840668595, "tb": 0.03797899025740848, "tc": -0.3895471834084013, "td": -0.10065660573779488}}, {"target": 0.8884989092827692, "params": {"ta": -0.05263537953729988, "tb": 0.26374465274828496, "tc": 0.029300138458673394, "td": -0.24943054896787695}}, {"target": 0.8887941393203374, "params": {"ta": 0.5920713908589246, "tb": -0.028210684879522253, "tc": -0.6127328061055781, "td": -0.010557795127255722}}, {"target": 0.8861210203826551, "params": {"ta": 0.11079406974912376, "tb": 0.09667822542036104, "tc": -0.12163822331622513, "td": -0.12204353143101973}}, {"target": 0.8723027169644768, "params": {"ta": 0.5176740750898948, "tb": 0.010320410237456557, "tc": -0.6127328061055781, "td": -0.1163647314286665}}, {"target": 0.8882335383385482, "params": {"ta": 0.1308544772039187, "tb": -0.16983959772794086, "tc": -0.1361317724396967, "td": 0.14886708685220212}}, {"target": 0.8764937926860734, "params": {"ta": -0.2879472620660345, "tb": 0.0720141645339545, "tc": 0.3872671938944218, "td": -0.056969861364101614}}, {"target": 0.8776831257143914, "params": {"ta": -0.10807451361696942, "tb": -0.6127328061055781, "tc": -0.04500934552134626, "td": 0.5699291971720054}}, {"target": 0.8854802868350751, "params": {"ta": -0.16074404509716467, "tb": -0.1279131094153557, "tc": 0.13200850366643357, "td": 0.1297162229078053}}, {"target": 0.8883531262542982, "params": {"ta": -0.13329597719140554, "tb": 0.009627363600605666, "tc": 0.10678945334361091, "td": -0.019840746826660465}}, {"target": 0.8805777027030061, "params": {"ta": 0.5609077932447266, "tb": -0.12551585641998408, "tc": -0.6127328061055781, "td": 0.0677862681013583}}, {"target": 0.8824510165385772, "params": {"ta": 0.5386580438747927, "tb": 0.005656714041849314, "tc": -0.6127328061055781, "td": 0.05259892466616131}}, {"target": 0.8865247838169056, "params": {"ta": -0.015294745011861604, "tb": -0.5763375058532119, "tc": 0.007999077084856913, "td": 0.6099718057256988}}, {"target": 0.8857774808573402, "params": {"ta": -0.0094484149341258, "tb": 0.3872671938944218, "tc": -0.04204808403664593, "td": -0.3900281942743013}}, {"target": 0.8784619535185699, "params": {"ta": -0.18838289994543433, "tb": 0.3872671938944218, "tc": 0.09095477572312721, "td": -0.38977422562366615}}, {"target": 0.8877498647866506, "params": {"ta": -0.17033804009275688, "tb": 0.13027591637825803, "tc": 0.13028323978544532, "td": -0.15773279816416735}}, {"target": 0.888444095412831, "params": {"ta": -0.016561313927590065, "tb": -0.19784991751053152, "tc": -0.012942648014878952, "td": 0.19961488555522397}}, {"target": 0.8888224944179832, "params": {"ta": -0.01285822712540385, "tb": -0.5234435348336052, "tc": -0.03667130491819955, "td": 0.5108985539130496}}, {"target": 0.8863028925604199, "params": {"ta": 0.11408953354959503, "tb": -0.30896652822864207, "tc": -0.1336389524621557, "td": 0.28741020158139996}}, {"target": 0.8885751887015113, "params": {"ta": 0.3341444571400409, "tb": -0.06385120299893901, "tc": -0.33877210240989253, "td": 0.03895244376405869}}, {"target": 0.888527018122474, "params": {"ta": 0.002889473567968487, "tb": -0.3891121304931016, "tc": -0.05850611307715962, "td": 0.3827134107458359}}, {"target": 0.8885375330081057, "params": {"ta": 0.5261769161371435, "tb": -0.046184337175472615, "tc": -0.5337695517882366, "td": 0.0031339414774141537}}, {"target": 0.888176615711151, "params": {"ta": 0.11337240619508765, "tb": -0.01966353731687924, "tc": -0.11380066615710115, "td": 0.013057774895571396}}, {"target": 0.8845265757964261, "params": {"ta": -0.3075254330914749, "tb": -0.07297553482030772, "tc": 0.2667833439943107, "td": 0.07610148397131826}}, {"target": 0.8876318925407435, "params": {"ta": -0.3900281942743013, "tb": 0.017215153470850456, "tc": 0.3377982900556412, "td": -0.031832977462400214}}, {"target": 0.8876538217593221, "params": {"ta": -0.009238409522040617, "tb": 0.045151056618784054, "tc": -0.02256074719185276, "td": -0.07215753758438487}}, {"target": 0.8865890467075648, "params": {"ta": -0.3054573911366644, "tb": 0.13026527315822686, "tc": 0.2657015663247192, "td": -0.13897164833709202}}, {"target": 0.8880928681415744, "params": {"ta": 0.21854179240592758, "tb": -0.11475084094767424, "tc": -0.23360453375981055, "td": 0.07824443560410697}}, {"target": 0.887060483543267, "params": {"ta": -0.0006150848857308863, "tb": 0.16700336398294408, "tc": -0.0067018788353632045, "td": -0.20579400958581315}}, {"target": 0.8888855655404932, "params": {"ta": 0.04380434746033108, "tb": -0.25572615151598055, "tc": -0.07754791156558312, "td": 0.24542803362395327}}, {"target": 0.8870516995478295, "params": {"ta": 0.0075923888537968555, "tb": -0.6127328061055781, "tc": -0.024433489315911907, "td": 0.5642030978553413}}, {"target": 0.8884402251317277, "params": {"ta": -0.1925532665367418, "tb": 0.09966220005384396, "tc": 0.19340324663832284, "td": -0.08336156576858421}}, {"target": 0.8878146905821249, "params": {"ta": -0.13625828410233415, "tb": 0.271421478815001, "tc": 0.1066231172427937, "td": -0.269027979851813}}, {"target": 0.8862177434004156, "params": {"ta": 0.2584009178652512, "tb": 0.03777255067673652, "tc": -0.24950482060746487, "td": -0.05158316984412067}}, {"target": 0.8875299413388795, "params": {"ta": -0.0667679646320921, "tb": -0.06265961713823043, "tc": 0.0627381488652066, "td": 0.06943417468488432}}, {"target": 0.8879276312109885, "params": {"ta": -0.05731599047557445, "tb": 0.3423343405800257, "tc": 0.013875525571278502, "td": -0.3339275622364999}}, {"target": 0.8882634029494318, "params": {"ta": 0.1220025293909208, "tb": -0.08625852234752288, "tc": -0.1669065753349797, "td": 0.09584974955543514}}, {"target": 0.8863403575987945, "params": {"ta": 0.016347215589581302, "tb": 0.1705334077761124, "tc": -0.04993805436310221, "td": -0.14425504883507062}}, {"target": 0.8869599238389393, "params": {"ta": -0.061863366998580624, "tb": -0.30848146768246787, "tc": 0.028905731980879243, "td": 0.30270627171298903}}, {"target": 0.8876856328685483, "params": {"ta": 0.1031750866989001, "tb": -0.10196210602993273, "tc": -0.13316702020371257, "td": 0.056130076104406824}}, {"target": 0.8881498366834103, "params": {"ta": -0.01604841893890694, "tb": -0.45028642733370594, "tc": -0.007296688525850611, "td": 0.4234771068775754}}, {"target": 0.8861654375492489, "params": {"ta": 0.5458640737207378, "tb": -0.05587539219106626, "tc": -0.6127328061055781, "td": -0.004426531742796206}}, {"target": 0.8886162010405088, "params": {"ta": 0.4157064937424801, "tb": -0.011191639190141179, "tc": -0.42822887539036214, "td": 0.004652726853812329}}, {"target": 0.8889539639500736, "params": {"ta": 0.05128596048216063, "tb": -0.14700108746221963, "tc": -0.075761145032389, "td": 0.14465711700175654}}, {"target": 0.8873228956373197, "params": {"ta": 0.6099718057256988, "tb": -0.04394461203876363, "tc": -0.6127328061055781, "td": 0.045867835677371974}}, {"target": 0.88723377397964, "params": {"ta": 0.4279839421569185, "tb": -0.08696101583750901, "tc": -0.4331988471294278, "td": 0.06268882951194106}}, {"target": 0.8870341081957897, "params": {"ta": 0.017473882412929874, "tb": 0.3359932925725594, "tc": 0.00031198055222706356, "td": -0.33608584932199054}}, {"target": 0.8887919017041281, "params": {"ta": -0.11467249365246907, "tb": 0.1963963945691076, "tc": 0.09808936818308878, "td": -0.18652919957343958}}, {"target": 0.8878202170598841, "params": {"ta": -0.20632515458141132, "tb": -0.013499873112595859, "tc": 0.186304292129787, "td": 0.0240314449842277}}, {"target": 0.8889808588547679, "params": {"ta": -0.046091070938714805, "tb": 0.3872671938944218, "tc": 0.04195487829989833, "td": -0.3900281942743013}}, {"target": 0.887379549709886, "params": {"ta": 0.3957596576250594, "tb": -0.05208258794295128, "tc": -0.4058346774966807, "td": -0.009704559625084156}}, {"target": 0.8882746632045433, "params": {"ta": 0.023349734691330896, "tb": -0.45011713538692744, "tc": -0.04753587457371232, "td": 0.4662606160284291}}, {"target": 0.888970498733904, "params": {"ta": 0.012145725014870528, "tb": -0.3138642344295776, "tc": -0.04350743152035669, "td": 0.31258215655658705}}, {"target": 0.8880246136672707, "params": {"ta": 0.002281928653451079, "tb": 0.0033492080833808706, "tc": -0.008751376425011026, "td": 0.0034322284832044776}}, {"target": 0.8884743155071728, "params": {"ta": -0.12039228175233666, "tb": 0.0982458357925765, "tc": 0.0867057234646051, "td": -0.0854866465132882}}, {"target": 0.8886116691129122, "params": {"ta": 0.2498901310535521, "tb": -0.04674840780577184, "tc": -0.26295082059550623, "td": 0.053967587066305604}}, {"target": 0.888749345181969, "params": {"ta": 0.1828151615398315, "tb": -0.04427429563535742, "tc": -0.1915359374934171, "td": 0.031800420272453854}}, {"target": 0.8884847638438262, "params": {"ta": 0.008209942828858357, "tb": -0.556357530940429, "tc": -0.04561746693536747, "td": 0.5684141675940931}}, {"target": 0.8875873576410147, "params": {"ta": -0.20475704108880205, "tb": 0.16754353519999202, "tc": 0.16954417966927993, "td": -0.14480086510044068}}, {"target": 0.8884603787519199, "params": {"ta": 0.3252096090000028, "tb": -0.008670816755611382, "tc": -0.35651198460665173, "td": 0.0012779017813026629}}, {"target": 0.888719479439503, "params": {"ta": -0.025778903319504488, "tb": -0.6127328061055781, "tc": -0.03392013661048549, "td": 0.6099718057256988}}, {"target": 0.8886874531486065, "params": {"ta": 0.07513887977291435, "tb": -0.08529230702735645, "tc": -0.08491017988404373, "td": 0.08520902501637105}}, {"target": 0.8878948157659755, "params": {"ta": 0.10739343107933792, "tb": -0.20988845104308446, "tc": -0.1511277162006615, "td": 0.201