{"all": [{"target": 0.35638116218129656, "params": {"ta": -0.05208923005451549, "tb": -0.23816938355816475, "tc": -0.8557535463995731, "td": 0.01752298072110625}}, {"target": 0.7626502926853171, "params": {"ta": -0.05295531075439963, "tb": -0.1772779532959703, "tc": -0.09223633277767751, "td": -0.006419285343454928}}, {"target": 0.5878146189140672, "params": {"ta": 0.17716338074363913, "tb": -0.4377575796112816, "tc": -0.9002322598066451, "td": 0.2780211991487732}}, {"target": 0.4852031652641688, "params": {"ta": 0.7053289809845046, "tb": -0.5665266973722939, "tc": -0.37071717716675867, "td": 0.7616044432722996}}, {"target": 0.5854693260064624, "params": {"ta": -0.12500584879159882, "tb": -0.2980417201172486, "tc": -0.2554009085105543, "td": -0.11487117535732039}}, {"target": 0.6724076199094022, "params": {"ta": 0.5369197302674379, "tb": -0.3641378604439133, "tc": -0.14581534260799422, "td": 0.014853032560491197}}, {"target": 0.4459404948976844, "params": {"ta": 0.22609894194148117, "tb": -0.8088672239713454, "tc": -0.3600225513218205, "td": -0.07198489973430533}}, {"target": 0.704820342973586, "params": {"ta": 0.2619316580127564, "tb": -0.1972820366214163, "tc": -0.46840000148441197, "td": 0.5862820619062623}}, {"target": 0.720208348074162, "params": {"ta": 0.27384251671026694, "tb": -0.28797660634328537, "tc": -0.3655430774817888, "td": 0.6401548403788563}}, {"target": 0.764704874295358, "params": {"ta": 0.4716205308287844, "tb": 0.049732331009673336, "tc": -0.46981441968322624, "td": -0.16706044122417363}}, {"target": 0.7178897034999697, "params": {"ta": 0.371349532804931, "tb": -0.45972423845031285, "tc": -0.8513813500992177, "td": 0.24240220452804406}}, {"target": 0.3282069410784076, "params": {"ta": -0.10161237197591022, "tb": -0.8427504849849646, "tc": -0.17471705298559048, "td": -0.02485381860206415}}, {"target": 0.6864322412026775, "params": {"ta": 0.39314107779071295, "tb": -0.12056069569504235, "tc": -0.8547302832623119, "td": 0.33387881835837097}}, {"target": 0.6347592983757412, "params": {"ta": 0.18618383580187192, "tb": -0.42825662291664846, "tc": -0.2646372193982943, "td": -0.14365551607511595}}, {"target": 0.6901204930262492, "params": {"ta": 0.757506999609886, "tb": -0.08776613163209845, "tc": -0.3594427225054144, "td": 0.0004747303815714199}}, {"target": 0.6884571159687746, "params": {"ta": 0.1215536616660321, "tb": -0.8343329827413027, "tc": -0.620072552037174, "td": 0.45685296895002403}}, {"target": 0.6076039973800096, "params": {"ta": 0.7242908671046281, "tb": -0.828611568644554, "tc": -0.7221088394336959, "td": 0.1096905281449857}}, {"target": 0.5788712594501535, "params": {"ta": 0.6510883092157927, "tb": -0.8115135294710561, "tc": -0.47223367737601285, "td": 0.5919364427789521}}, {"target": 0.710083386661556, "params": {"ta": 0.7551580060166404, "tb": -0.32046866836060606, "tc": -0.3626439500419876, "td": 0.0744870138385143}}, {"target": 0.8236146715591581, "params": {"ta": 0.31227434204957205, "tb": -0.14347404575616918, "tc": -0.42516902805645773, "td": 0.043911846892258466}}, {"target": 0.7983249680117659, "params": {"ta": 0.5709998197159274, "tb": -0.33703945632990584, "tc": -0.5256848087992853, "td": -0.1050773893510929}}, {"target": 0.6442604110204369, "params": {"ta": 0.6361007750067114, "tb": -0.7886440700111235, "tc": -0.7312730768395337, "td": 0.12550527848872517}}, {"target": 0.670300763735524, "params": {"ta": 0.21734031521233688, "tb": -0.88148032070091, "tc": -0.2199534505926909, "td": 0.3494255343815401}}, {"target": 0.5332774994901026, "params": {"ta": 0.6446309817684803, "tb": -0.9211957639786449, "tc": -0.5627811543803829, "td": 0.08170931384099944}}, {"target": 0.5931455856559086, "params": {"ta": 0.30634208614081293, "tb": -0.7592128330043892, "tc": -0.7633755630757473, "td": 0.12298747817269917}}, {"target": 0.38991882744449624, "params": {"ta": 0.4903774122281419, "tb": -0.039314825148384136, "tc": 0.066101958750861, "td": 0.4763591766558649}}, {"target": 0.7522904440362923, "params": {"ta": -0.06448051921689191, "tb": -0.23498124042304036, "tc": -0.19627815348809208, "td": 0.06606070627037441}}, {"target": 0.7151535708726267, "params": {"ta": -0.07854361645972074, "tb": -0.7227922353385162, "tc": -0.2089895543716026, "td": 0.35272633696983724}}, {"target": 0.6190617167801715, "params": {"ta": 0.06028722177784629, "tb": -0.8659906626483199, "tc": -0.03242413466437988, "td": 0.3426629407862547}}, {"target": 0.7770663508699027, "params": {"ta": 0.31074247180004366, "tb": -0.01645128115892447, "tc": -0.4135410266432016, "td": -0.12580147554316246}}, {"target": 0.7119580753288912, "params": {"ta": 0.21293790233733256, "tb": -0.8572806165783501, "tc": -0.09290006713318633, "td": 0.46318975652106587}}, {"target": 0.6235367090822767, "params": {"ta": 0.4448905295509584, "tb": -0.3144165872984459, "tc": -0.03887242644027322, "td": -0.09273079228916603}}, {"target": 0.4257333337629088, "params": {"ta": 0.5000693958136662, "tb": -0.887356598723926, "tc": -0.5401883598385393, "td": -0.17658404282089069}}, {"target": 0.5622483426438288, "params": {"ta": 0.1336282014205712, "tb": -0.4511904984672057, "tc": -0.9116658354560213, "td": 0.5773553083697768}}, {"target": 0.6959976697388542, "params": {"ta": 0.5055747452160989, "tb": -0.5918503921090984, "tc": -0.8564692305214044, "td": 0.3572897898702301}}, {"target": 0.6454639569184765, "params": {"ta": 0.023556390503363667, "tb": -0.294299175071711, "tc": -0.17247420397327218, "td": -0.16537064651109745}}, {"target": 0.8089773047627022, "params": {"ta": 0.12340009025589327, "tb": -0.7445429129190269, "tc": -0.47816022947119696, "td": 0.6112431700050711}}, {"target": 0.7258194505064544, "params": {"ta": -0.16686272358288345, "tb": -0.5921622249519763, "tc": -0.4036385478286387, "td": 0.44200811006124296}}, {"target": 0.5896376495717744, "params": {"ta": 0.8163341877757883, "tb": -0.6151750432907331, "tc": -0.575337512430979, "td": 0.4547555796364331}}, {"target": 0.8117141332325752, "params": {"ta": 0.34362609586563286, "tb": -0.5489978620842592, "tc": -0.35880744536016906, "td": 0.5511343946375276}}, {"target": 0.71927229891443, "params": {"ta": 0.14657958048194641, "tb": -0.5431818284170391, "tc": -0.7081671779666231, "td": 0.5653620771614499}}, {"target": 0.7462248586221019, "params": {"ta": 0.6421601590861432, "tb": -0.6311957240640128, "tc": -0.7190168158258967, "td": 0.15288900272699057}}, {"target": 0.8108806504583708, "params": {"ta": 0.051440007445383795, "tb": -0.18602712893869955, "tc": -0.18447689685670432, "td": 0.2834074093163531}}, {"target": 0.7903947474554485, "params": {"ta": 0.6010517612734487, "tb": -0.08291035114315504, "tc": -0.42514222849833694, "td": 0.01782969300360282}}, {"target": 0.7363033608356178, "params": {"ta": -0.07018610476667231, "tb": -0.12052674917715445, "tc": -0.3134774849943266, "td": 0.2203848678622603}}, {"target": 0.7042541568978355, "params": {"ta": 0.2507161905025531, "tb": -0.8588120299856606, "tc": -0.07952353092631481, "td": 0.4733561324689388}}, {"target": 0.3431792417136312, "params": {"ta": 0.5560752843329846, "tb": -0.06497090567247266, "tc": 0.048378034484554355, "td": 0.5320837105849803}}, {"target": 0.6943400758036828, "params": {"ta": 0.32043559811363376, "tb": -0.41741189869835327, "tc": -0.2755516715616475, "td": 0.7393502886945197}}, {"target": 0.43062276168759506, "params": {"ta": 0.7497460298337478, "tb": -0.640602319599578, "tc": -0.27404904964213805, "td": 0.7885171196294941}}, {"target": 0.5836819771410617, "params": {"ta": 0.3918920534945687, "tb": -0.24440768272180557, "tc": -0.16892436628869278, "td": 0.6668989550703057}}, {"target": 0.4702559639364645, "params": {"ta": 0.27693550649235754, "tb": -0.6208873336923496, "tc": -0.8485098409924301, "td": -0.1597082858935288}}, {"target": 0.4575767300377323, "params": {"ta": -0.07861753588285447, "tb": 0.03764579796457257, "tc": -0.08330023373083584, "td": 0.7036069515230998}}, {"target": 0.4404152846359252, "params": {"ta": 0.40036468158321126, "tb": -0.905162207780552, "tc": -0.11742827613569107, "td": 0.08190404529874018}}, {"target": 0.4850207166326981, "params": {"ta": 0.5017882995742792, "tb": -0.6437657688568803, "tc": -0.8879208760326255, "td": 0.7508066216887544}}, {"target": 0.6838599672576418, "params": {"ta": 0.2728462212340679, "tb": -0.7115313180206322, "tc": -0.6747209325376848, "td": 0.23511200999120385}}, {"target": 0.6835526024022452, "params": {"ta": 0.20981445480131977, "tb": -0.30074857689611445, "tc": -0.3835240023687039, "td": -0.17204334393591936}}, {"target": 0.45983777153909244, "params": {"ta": 0.1748691487688061, "tb": -0.06610364552827896, "tc": -0.8289647151530843, "td": 0.6847489013281595}}, {"target": 0.5309647949347802, "params": {"ta": 0.46992505916624083, "tb": -0.8171308687924399, "tc": -0.4480952166888321, "td": -0.05085610664974538}}, {"target": 0.847116328119957, "params": {"ta": -0.001106143500441914, "tb": -0.6082458241338065, "tc": -0.24989419627934373, "td": 0.6791058238463837}}, {"target": 0.7427551393987852, "params": {"ta": 0.24300971825121565, "tb": -0.04114306575851889, "tc": -0.5498569852338223, "td": 0.2376928096784955}}, {"target": 0.5374236583057881, "params": {"ta": -0.07856426322023757, "tb": -0.7555454166118466, "tc": -0.003117275166124922, "td": 0.16654985322726368}}, {"target": 0.7519280678527546, "params": {"ta": 0.1881391364279822, "tb": -0.027078631274726872, "tc": -0.46789029657851566, "td": -0.004439965394158141}}, {"target": 0.794190211158746, "params": {"ta": 0.8070454598194305, "tb": -0.26752699527722046, "tc": -0.8716709174397532, "td": 0.2438808912082958}}, {"target": 0.7904045967581154, "params": {"ta": 0.3819459990671662, "tb": -0.11705532274923092, "tc": -0.6069265346833586, "td": -0.02662391285088095}}, {"target": 0.7885387136943404, "params": {"ta": 0.8222068683218388, "tb": -0.04359244915052425, "tc": -0.9251110418595857, "td": -0.14475055334637021}}, {"target": 0.8114214643968272, "params": {"ta": -0.17779313167816124, "tb": -0.9251110418595857, "tc": -0.14230741197758764, "td": 0.8222068683218388}}, {"target": 0.8524059584566712, "params": {"ta": 0.38442036514238637, "tb": -0.37622237364126304, "tc": -0.4612244185799882, "td": 0.2517187606940568}}, {"target": 0.852722503471719, "params": {"ta": 0.15095124904818494, "tb": -0.48536029683386894, "tc": -0.3057617016742472, "td": 0.42241251985583733}}, {"target": 0.7431969221628296, "params": {"ta": -0.17779313167816124, "tb": -0.714194082418263, "tc": 0.0748889581404143, "td": 0.8222068683218388}}, {"target": 0.8522134321794156, "params": {"ta": 0.6374715204878809, "tb": -0.24526354360905472, "tc": -0.6938982295419022, "td": 0.0926726191603037}}, {"target": 0.8484191625970467, "params": {"ta": 0.03596581673599298, "tb": -0.8267967200817411, "tc": -0.2532498136594729, "td": 0.8222068683218388}}, {"target": 0.8331043790404057, "params": {"ta": -0.14974319643305062, "tb": -0.7761368428569165, "tc": -0.3664778012573456, "td": 0.8222068683218388}}, {"target": 0.8439781086437583, "params": {"ta": 0.8222068683218388, "tb": -0.32363955270270617, "tc": -0.9251110418595857, "td": -0.032645289578455625}}, {"target": 0.8496630219052083, "params": {"ta": 0.8222068683218388, "tb": -0.264722986378615, "tc": -0.7714484749454275, "td": -0.023683906344954767}}, {"target": 0.8493512757023709, "params": {"ta": 0.25377856075985944, "tb": -0.3394151226175098, "tc": -0.31932240827912406, "td": 0.27225865529025567}}, {"target": 0.8498323189510248, "params": {"ta": -0.01851166853055671, "tb": -0.7658820760257853, "tc": -0.2617910983943223, "td": 0.7043024781478003}}, {"target": 0.846593184556105, "params": {"ta": 0.7132884277962023, "tb": -0.24857753739141042, "tc": -0.8322848163222444, "td": 0.011824388706617167}}, {"target": 0.8532816368525404, "params": {"ta": 0.4967519353587239, "tb": -0.2872048052511543, "tc": -0.5446344621800119, "td": 0.134792707684424}}, {"target": 0.8494169483882156, "params": {"ta": 0.1301101897949788, "tb": -0.6171492098723479, "tc": -0.34973711580754707, "td": 0.5585123737084379}}, {"target": 0.8506684433678378, "params": {"ta": 0.2584621778324473, "tb": -0.45849960732210004, "tc": -0.4178378547438521, "td": 0.3839046670917607}}, {"target": 0.8480573705586136, "params": {"ta": -0.05015352627202529, "tb": -0.7349991700679877, "tc": -0.24482366289562518, "td": 0.8222068683218388}}, {"target": 0.8484177334210239, "params": {"ta": 0.726959320443647, "tb": -0.3354808843129108, "tc": -0.7518710339415791, "td": 0.04291166059021698}}, {"target": 0.8495759175604409, "params": {"ta": 0.09766223913750678, "tb": -0.576139416973427, "tc": -0.21652846572151155, "td": 0.5416044699972159}}, {"target": 0.850586267169744, "params": {"ta": 0.07471376545865295, "tb": -0.7016966284118861, "tc": -0.2804576395738916, "td": 0.706537537049834}}, {"target": 0.8481387223957351, "params": {"ta": 0.2695005806562576, "tb": -0.4781374598233623, "tc": -0.32555914211628423, "td": 0.3590543494497298}}, {"target": 0.8497426991021211, "params": {"ta": 0.8222068683218388, "tb": -0.23624590476338386, "tc": -0.8571832305103132, "td": 0.03646080400838318}}, {"target": 0.8443915732061638, "params": {"ta": -0.040669074433254425, "tb": -0.8899156912432291, "tc": -0.3297582693841976, "td": 0.8222068683218388}}, {"target": 0.8502624641130138, "params": {"ta": 0.39825432480114614, "tb": -0.26870121434878524, "tc": -0.4430519169174166, "td": 0.20019095737040915}}, {"target": 0.8517013097784241, "params": {"ta": 0.6113910611821666, "tb": -0.2506470629399854, "tc": -0.6357190622967049, "td": 0.03758198528109876}}, {"target": 0.8497894270845843, "params": {"ta": 0.48145056124517727, "tb": -0.32788602032128705, "tc": -0.5649777014728252, "td": 0.22581647029351096}}, {"target": 0.8495083324570256, "params": {"ta": -0.005266220450307247, "tb": -0.7526087181137132, "tc": -0.32240784392206284, "td": 0.7806013172801978}}, {"target": 0.8523609197181667, "params": {"ta": 0.17161986584786312, "tb": -0.5066731234251007, "tc": -0.3140620852717645, "td": 0.49070658436209236}}, {"target": 0.8522064594550288, "params": {"ta": 0.5751471876428318, "tb": -0.3140536344872667, "tc": -0.6372762043458896, "td": 0.11218741356546828}}, {"target": 0.8530062941742764, "params": {"ta": 0.047370463269509444, "tb": -0.6469429787593791, "tc": -0.2733085972911434, "td": 0.6116695654358294}}, {"target": 0.8523178437555465, "params": {"ta": 0.21417179010087742, "tb": -0.4054519865508257, "tc": -0.3314947077839494, "td": 0.37892231632848783}}, {"target": 0.8525991401529096, "params": {"ta": 0.4023949141303743, "tb": -0.3222326170905528, "tc": -0.5068527684246118, "td": 0.18598922108849575}}, {"target": 0.8531392019028625, "params": {"ta": 0.30437021685599125, "tb": -0.3575590487867287, "tc": -0.4209302319875236, "td": 0.2866594498242125}}, {"target": 0.8527435129421727, "params": {"ta": 0.72763938759843, "tb": -0.24061080919521524, "tc": -0.7351724289335041, "td": 0.029702808031161956}}, {"target": 0.8524261165705527, "params": {"ta": 0.08155256873759989, "tb": -0.5420319921667405, "tc": -0.28464628638670636, "td": 0.5298265280033575}}, {"target": 0.8523976392926446, "params": {"ta": 0.7933959731759259, "tb": -0.28271368940716335, "tc": -0.8165786588364713, "td": 0.015256789976060569}}, {"target": 0.852309152231647, "params": {"ta": 0.5335302953789339, "tb": -0.2472230396383343, "tc": -0.6053458098731103, "td": 0.11994973729095071}}, {"target": 0.8525968075870698, "params": {"ta": 0.017015200605036435, "tb": -0.7084149832123925, "tc": -0.2294599484055044, "td": 0.7067312313242844}}, {"target": 0.8534382693059804, "params": {"ta": -0.04905121793111511, "tb": -0.8193069683003272, "tc": -0.26123290718579256, "td": 0.8222068683218388}}, {"target": 0.8530026247887827, "params": {"ta": 0.25195258572832396, "tb": -0.408880794227707, "tc": -0.37366518172063123, "td": 0.31516183819423854}}, {"target": 0.8531509862187255, "params": {"ta": 0.09461085131127686, "tb": -0.6027869070178555, "tc": -0.27734293583617203, "td": 0.5925339094148535}}, {"target": 0.8529945004293303, "params": {"ta": 0.13513737482789873, "tb": -0.5623570402976156, "tc": -0.29298182771102993, "td": 0.5016469795611845}}, {"target": 0.8524989720663507, "params": {"ta": 0.6003327713406008, "tb": -0.2699054985519778, "tc": -0.616813992010957, "td": 0.10393426988439629}}, {"target": 0.8525498694267641, "params": {"ta": 0.3416742615479915, "tb": -0.33925399865255407, "tc": -0.4187466870316391, "td": 0.21898998241736722}}, {"target": 0.8534503827387161, "params": {"ta": -0.01461542862962374, "tb": -0.7826798540255645, "tc": -0.2546658666075962, "td": 0.7784659528093798}}, {"target": 0.8530881847938834, "params": {"ta": 0.29841521218590455, "tb": -0.39468495513901647, "tc": -0.3872905501857219, "td": 0.3194636224288376}}, {"target": 0.8532344156406808, "params": {"ta": 0.8222068683218388, "tb": -0.25566839942674924, "tc": -0.8474087931726505, "td": -0.041000003693358725}}, {"target": 0.8533411302511299, "params": {"ta": 0.6697138769404438, "tb": -0.27372471106340196, "tc": -0.7069931619281828, "td": 0.04155438483724873}}, {"target": 0.853272320740235, "params": {"ta": 0.20006244397945827, "tb": -0.4817056760330261, "tc": -0.34690279114158096, "td": 0.4211042953440679}}, {"target": 0.853165017849915, "params": {"ta": 0.44417747879201336, "tb": -0.32406783522663246, "tc": -0.5003038203206512, "td": 0.18449033546908558}}, {"target": 0.8532831233351028, "params": {"ta": 0.018574489858316025, "tb": -0.6913043800698623, "tc": -0.27600780166952993, "td": 0.6906655169388003}}, {"target": 0.8532126047134793, "params": {"ta": 0.4541365860689988, "tb": -0.28550692919321474, "tc": -0.5282839311236965, "td": 0.1717610310406844}}, {"target": 0.8532790334828759, "params": {"ta": 0.7685766555268929, "tb": -0.2570584231703883, "tc": -0.791591149215276, "td": -0.01623643124256024}}, {"target": 0.8533823368889242, "params": {"ta": 0.38023550467122685, "tb": -0.328630422881417, "tc": -0.46886254436992414, "td": 0.23379286443747543}}, {"target": 0.8532871837334062, "params": {"ta": 0.49871751310589685, "tb": -0.3066195312165235, "tc": -0.5701549818758218, "td": 0.15201076659626916}}, {"target": 0.8534519899643634, "params": {"ta": 0.7232922449521053, "tb": -0.26632488193560033, "tc": -0.7582708647126544, "td": 0.028141034026804606}}, {"target": 0.853376888679052, "params": {"ta": 0.05015206969587454, "tb": -0.6655322555163155, "tc": -0.25620927341082933, "td": 0.6514728868011692}}, {"target": 0.8533136804075959, "params": {"ta": 0.31785387019463646, "tb": -0.38424803914372124, "tc": -0.42067057449768613, "td": 0.2804803345932139}}, {"target": 0.8535019981048215, "params": {"ta": 0.610109578636685, "tb": -0.27211143255245845, "tc": -0.6592408434596202, "td": 0.07896148381561288}}, {"target": 0.8531173739896499, "params": {"ta": -0.03152549196227219, "tb": -0.8047918201259691, "tc": -0.27738731371915537, "td": 0.8222068683218388}}, {"target": 0.8535108046420619, "params": {"ta": 0.2282915742435083, "tb": -0.4392515425954382, "tc": -0.3515224688457767, "td": 0.3724832902906811}}, {"target": 0.8532005201811362, "params": {"ta": 0.1894723456355981, "tb": -0.47021737170682315, "tc": -0.3102334594545742, "td": 0.4189589337534446}}, {"target": 0.8533822741464296, "params": {"ta": 0.5501679498503981, "tb": -0.27877414532029693, "tc": -0.6004070518676106, "td": 0.10094868936856084}}, {"target": 0.8535032458218446, "params": {"ta": 0.005638830503756091, "tb": -0.7385533529294277, "tc": -0.2637630854230146, "td": 0.7380769120984642}}, {"target": 0.8531977219314882, "params": {"ta": -0.030907209720468013, "tb": -0.8172970382295459, "tc": -0.24229971509948128, "td": 0.8222068683218388}}, {"target": 0.853478287012533, "params": {"ta": 0.0922487091563507, "tb": -0.5894147761160584, "tc": -0.2813598649965945, "td": 0.5558210203312524}}, {"target": 0.853490315983926, "params": {"ta": 0.146458280527236, "tb": -0.5171492336676042, "tc": -0.312035510372928, "td": 0.4730993489663525}}, {"target": 0.8533371073058125, "params": {"ta": 0.8025439208103718, "tb": -0.2454268646726223, "tc": -0.8199385657607469, "td": -0.011433618564822064}}, {"target": 0.853279694574022, "params": {"ta": 0.6582746296187226, "tb": -0.2730910783820142, "tc": -0.6867272044119525, "td": 0.06838729640813669}}, {"target": 0.8534639416960728, "params": {"ta": 0.12024984266643902, "tb": -0.5557377505039562, "tc": -0.29767648418913556, "td": 0.5290176311445632}}, {"target": 0.85331410980196, "params": {"ta": 0.05820025582610887, "tb": -0.6376152128754787, "tc": -0.28268604660058394, "td": 0.6314430141177092}}, {"target": 0.853478215757054, "params": {"ta": 0.34147214517913765, "tb": -0.35123308557946126, "tc": -0.4286768543807927, "td": 0.260497282776677}}, {"target": 0.8534884802450267, "params": {"ta": 0.2560335521665277, "tb": -0.4087914291275791, "tc": -0.3737556537175662, "td": 0.34424589325662364}}, {"target": 0.8532525880817714, "params": {"ta": 0.13128048724794478, "tb": -0.51790967027543, "tc": -0.2848344957354586, "td": 0.4837819760212898}}, {"target": 0.8533263214914254, "params": {"ta": 0.06214081663899472, "tb": -0.6131211394691145, "tc": -0.26360041070876494, "td": 0.5981671838102788}}, {"target": 0.8534932713764685, "params": {"ta": 0.40203321227089234, "tb": -0.3220157112245293, "tc": -0.4762952619349608, "td": 0.20383023246977952}}, {"target": 0.8534136786289003, "params": {"ta": -0.0373007414248593, "tb": -0.7878563493621906, "tc": -0.2605546915196253, "td": 0.7921630010440484}}, {"target": 0.8534172191147869, "params": {"ta": 0.29270003351690704, "tb": -0.37166717616826883, "tc": -0.3908714112055894, "td": 0.28887964834170443}}, {"target": 0.8534327989296417, "params": {"ta": 0.685374085245154, "tb": -0.2530099448112269, "tc": -0.722917494968215, "td": 0.03547436390214343}}, {"target": 0.8534227114861861, "params": {"ta": 0.19119158192033872, "tb": -0.45397533316018174, "tc": -0.3368203595375364, "td": 0.40576662239358985}}, {"target": 0.8534296260693587, "params": {"ta": 0.8222068683218388, "tb": -0.2695139450512075, "tc": -0.8397553095256931, "t