{"all": [{"target": 0.6510079844104495, "params": {"ta": 0.548725959488451, "tb": -1.1425623608037911, "tc": -0.5647346242378964, "td": 0.23321657898828985}}, {"target": 0.7091133944014394, "params": {"ta": 0.75092548133634, "tb": -0.9612271646509688, "tc": -1.077011273008279, "td": -0.013094817321708696}}, {"target": 0.6847376766863271, "params": {"ta": 0.7612209925894862, "tb": -0.24994986490944948, "tc": -1.005670630236795, "td": -0.015960672808854603}}, {"target": 0.5877700011773817, "params": {"ta": 0.2615601413786385, "tb": -0.6386818315111003, "tc": -1.033544121972855, "td": 0.03707095274990391}}, {"target": 0.4267416798273055, "params": {"ta": 0.6305888817194512, "tb": -1.1172493438387323, "tc": -1.1749279355313194, "td": 0.49510615675022374}}, {"target": 0.7550773046773984, "params": {"ta": 0.7877554091306589, "tb": -0.6006315096784217, "tc": -0.48092968690410276, "td": 0.09178011750729886}}, {"target": 0.6668200405349922, "params": {"ta": 0.029823495679271672, "tb": -0.4966473806104743, "tc": -0.8528161982123471, "td": 0.3646153406735798}}, {"target": 0.6923166534804543, "params": {"ta": -0.08467480844543629, "tb": -0.8863093199325855, "tc": -1.010345418403784, "td": 0.5962907008619168}}, {"target": 0.663637340976711, "params": {"ta": 0.02630327184176262, "tb": -0.9690638144188731, "tc": -0.7899380533787462, "td": 0.34097972096114026}}, {"target": 0.2537623989899521, "params": {"ta": 0.8609502327258399, "tb": -0.2847295564416249, "tc": -0.33000715309011297, "td": 0.5986486236320776}}, {"target": 0.6250178113760043, "params": {"ta": 0.029602175739434577, "tb": -0.263487950392152, "tc": -0.7588259017292703, "td": 0.4534425182656595}}, {"target": 0.734783971932635, "params": {"ta": 0.05715662766121232, "tb": -0.37424222928567685, "tc": -0.6382177574945438, "td": 0.5247604777090757}}, {"target": 0.746053399728423, "params": {"ta": 0.0735991990754189, "tb": -0.852514370628781, "tc": -0.35326585009545775, "td": 0.5643549133428947}}, {"target": 0.5613856559298678, "params": {"ta": 0.058887639312454554, "tb": -0.7209374342575121, "tc": -0.8164742306862552, "td": 0.10067656747680398}}, {"target": 0.41683578518949205, "params": {"ta": 0.14073202831299747, "tb": -1.0399169407363407, "tc": -0.5030331747175533, "td": 0.0037759072685517037}}, {"target": 0.7377645562216262, "params": {"ta": 0.5171354124077864, "tb": -1.0013450833122648, "tc": -0.7553277384874857, "td": 0.43197879021168173}}, {"target": 0.5231144227671224, "params": {"ta": 0.02438643889681269, "tb": -1.1797776283218635, "tc": -0.39093347244691756, "td": 0.4361815800279374}}, {"target": 0.5984573420151632, "params": {"ta": 0.552365535439688, "tb": -0.30302654708134946, "tc": -0.6681837772943239, "td": 0.6092690114192234}}, {"target": 0.6474324512869503, "params": {"ta": 0.341243281099063, "tb": -1.1512982994209238, "tc": -0.4631689175371644, "td": 0.41411397803669725}}, {"target": 0.5671002892814683, "params": {"ta": 0.19530440027475793, "tb": -0.38290677924008953, "tc": -1.168598788206272, "td": 0.8430867873493226}}, {"target": 0.5749077296700275, "params": {"ta": 0.5941154922410411, "tb": -0.7062444596246953, "tc": -0.929033620552403, "td": 0.7424440508933837}}, {"target": 0.7942635676457396, "params": {"ta": 0.12912480499749868, "tb": -0.6599477616159458, "tc": -0.6466187665354064, "td": 0.8586121847208618}}, {"target": 0.8090471728637992, "params": {"ta": 0.4148837803161266, "tb": -0.8499324546274262, "tc": -0.5623666214666126, "td": 0.3505532424930301}}, {"target": 0.7406767916170873, "params": {"ta": 0.6611300855043305, "tb": -0.3820270466195609, "tc": -0.5284920215306824, "td": -0.09921090164128954}}, {"target": 0.604378373864471, "params": {"ta": 0.5626477998006376, "tb": -1.155988796929242, "tc": -0.7117416406276962, "td": 0.5584634757465545}}, {"target": 0.48257112534655544, "params": {"ta": -0.061237073702929634, "tb": -1.1637399237721762, "tc": -1.1189089848092926, "td": 0.30319941641534975}}, {"target": 0.568317057235803, "params": {"ta": 0.6704994341663489, "tb": -0.2244650752209062, "tc": -0.8981396183967125, "td": 0.5762572210263983}}, {"target": 0.7584084513290905, "params": {"ta": 0.45566091680369847, "tb": -0.819741234080854, "tc": -1.0063823382760404, "td": 0.23471686511753087}}, {"target": 0.5136591069383927, "params": {"ta": -0.0904248540750946, "tb": -1.0892981193646205, "tc": -0.7332629295774425, "td": 0.29426094239297484}}, {"target": 0.27998362174058034, "params": {"ta": 0.8703998753625655, "tb": -0.68973468400112, "tc": -0.8803871065089356, "td": 0.8583784702962017}}, {"target": 0.7005411215501903, "params": {"ta": 0.565529194566863, "tb": -0.7945888297051694, "tc": -1.132108252769831, "td": 0.03143342097111024}}, {"target": 0.2509344765696834, "params": {"ta": -0.023771609168857566, "tb": -0.8927983292792107, "tc": -0.3416276787075262, "td": -0.10789537669729043}}, {"target": 0.7889307141849924, "params": {"ta": 0.5704264176605438, "tb": -0.8488667822668302, "tc": -0.6983155733474207, "td": 0.029882838799732414}}, {"target": 0.5062281930998092, "params": {"ta": 0.6994173082291856, "tb": -0.7220456313295488, "tc": -1.0018194961209645, "td": 0.7061784000654457}}, {"target": 0.8277221687379877, "params": {"ta": -0.04043362388660099, "tb": -0.6867558752087851, "tc": -0.543523444756402, "td": 0.6945079387877068}}, {"target": 0.58162530499075, "params": {"ta": 0.22971663894274297, "tb": -0.31774803868375756, "tc": -0.5287069613866618, "td": 0.8394417809954647}}, {"target": 0.5989071913517372, "params": {"ta": 0.10796900028033263, "tb": -0.8524037567346199, "tc": -0.33951285790071584, "td": 0.23458275023743969}}, {"target": 0.7694547344830673, "params": {"ta": 0.6220931815902411, "tb": -0.5138164827961084, "tc": -0.664356876588418, "td": 0.38854283162123093}}, {"target": 0.5820702464402052, "params": {"ta": 0.7149491810356463, "tb": -0.7089377625674662, "tc": -0.7128062900277791, "td": 0.6490794267940031}}, {"target": 0.6052396003611865, "params": {"ta": -0.05854936084588458, "tb": -1.1523926485808142, "tc": -1.0781072770397098, "td": 0.6213673518345095}}, {"target": 0.6042866597266987, "params": {"ta": -0.08301184309913112, "tb": -0.4486588717826778, "tc": -0.6313185911720688, "td": 0.2821160303199721}}, {"target": 0.5194659675148303, "params": {"ta": 0.5462335641045359, "tb": -0.31711076572658803, "tc": -1.1500940242749378, "td": 0.781787855861262}}, {"target": 0.4594576645579008, "params": {"ta": 0.17689685404008682, "tb": -0.6485572451700982, "tc": -1.1122161422858294, "td": -0.00856892868675363}}, {"target": 0.5501715617148782, "params": {"ta": 0.23185770758412294, "tb": -1.1587453486367594, "tc": -1.1565664080482487, "td": 0.41128430820608697}}, {"target": 0.7552122505983638, "params": {"ta": 0.38407900521822136, "tb": -0.462114754764511, "tc": -0.6844797054897703, "td": 0.068616907155293}}, {"target": 0.5363453744373432, "params": {"ta": 0.5911099288803745, "tb": -1.1777946595148796, "tc": -0.5349148051409836, "td": 0.7356605563075885}}, {"target": 0.6743066616345785, "params": {"ta": 0.17879210331300144, "tb": -0.5003983789115118, "tc": -1.0781188976092935, "td": 0.5866541290704727}}, {"target": 0.7742101628216832, "params": {"ta": -0.040860652983626844, "tb": -0.5698761203233962, "tc": -0.5638412114265722, "td": 0.5233329076578404}}, {"target": 0.7554479318875432, "params": {"ta": 0.05728286301530139, "tb": -0.7528041601480165, "tc": -0.9897778495619421, "td": 0.7149755219681699}}, {"target": 0.6284381255804485, "params": {"ta": 0.5844223363895584, "tb": -1.1086128986482744, "tc": -0.47117649802138983, "td": 0.1400258097959608}}, {"target": 0.7733339159068746, "params": {"ta": 0.3674661507688689, "tb": -0.5612646377702695, "tc": -0.6845960316902694, "td": 0.6471182116476888}}, {"target": 0.7219429869388221, "params": {"ta": 0.4898507173434201, "tb": -0.30005477343421505, "tc": -0.7275593879473358, "td": 0.3900309189640231}}, {"target": 0.8370298713087854, "params": {"ta": 0.6006470118143881, "tb": -0.5890110589344371, "tc": -0.7835100138696212, "td": 0.06647531977690313}}, {"target": 0.6632026754072309, "params": {"ta": 0.3837282007832631, "tb": -0.9098430788650422, "tc": -0.7585611819600009, "td": 0.8355994288552152}}, {"target": 0.5771949106033927, "params": {"ta": 0.34872952365822096, "tb": -0.3000251605249332, "tc": -0.22885017550469866, "td": 0.4347999601747524}}, {"target": 0.8093201602565341, "params": {"ta": 0.26120856555151306, "tb": -0.7202820575389427, "tc": -0.5504341059326018, "td": 0.3211588681322275}}, {"target": 0.6265013504098412, "params": {"ta": 0.8540459601971983, "tb": -0.6667861814989047, "tc": -0.275125136713405, "td": -0.09150060571083762}}, {"target": 0.1717760522623245, "params": {"ta": 0.7459795710136103, "tb": -1.0787968561158614, "tc": -1.1604500299868548, "td": 0.8696118056119595}}, {"target": 0.43902665121708584, "params": {"ta": 0.6321861071081561, "tb": -1.1329335500584232, "tc": -0.6430486998358419, "td": 0.8483449903070548}}, {"target": 0.6104161868720124, "params": {"ta": 0.08504053955015634, "tb": -1.0435248549722504, "tc": -0.4651132716938501, "td": 0.3443689729939726}}, {"target": 0.6234997674695524, "params": {"ta": 0.2777108974400281, "tb": -0.6520869549472319, "tc": -0.3410158807464304, "td": 0.8874328845973064}}, {"target": 0.5511343318064048, "params": {"ta": 0.8473347343728084, "tb": -0.2573584042738767, "tc": -0.29114872275939196, "td": -0.09622347308207335}}, {"target": 0.6157177739855121, "params": {"ta": -0.0845402225093077, "tb": -0.25314112084682905, "tc": -0.4262739321650968, "td": 0.7708094569562455}}, {"target": 0.694000132004823, "params": {"ta": 0.3321639007685314, "tb": -0.9572421550728824, "tc": -0.5556584252683574, "td": 0.8634333960031166}}, {"target": 0.8486610145345637, "params": {"ta": 0.8880590477064307, "tb": -0.6686681395833659, "tc": -0.8005260278615309, "td": -0.11194095229356926}}, {"target": 0.8481430332909772, "params": {"ta": 0.16329677822313704, "tb": -0.7630496812431371, "tc": -0.6772167481424262, "td": 0.5991446567693122}}, {"target": 0.847018784387188, "params": {"ta": 0.41232802856663753, "tb": -0.6738082606262172, "tc": -0.7504193641632901, "td": 0.35680253262680534}}, {"target": 0.838367186830972, "params": {"ta": -0.09971652423260835, "tb": -0.9176948607078722, "tc": -0.6460839417554678, "td": 0.8724736323076453}}, {"target": 0.8417546105833886, "params": {"ta": -0.11194095229356926, "tb": -0.7405982525059613, "tc": -0.7158010048880504, "td": 0.8880590477064307}}, {"target": 0.8382294552744338, "params": {"ta": 0.8042402876671241, "tb": -0.6967014612830942, "tc": -0.8064833775198214, "td": 0.06909633040714032}}, {"target": 0.8473061604607971, "params": {"ta": -0.0035181674184075924, "tb": -0.8048539680411823, "tc": -0.6852098832101875, "td": 0.7631193319315618}}, {"target": 0.8372067228830304, "params": {"ta": 0.763794568364855, "tb": -0.6510773481726853, "tc": -0.7681743096612244, "td": -0.11194095229356926}}, {"target": 0.8346158142576929, "params": {"ta": 0.8880590477064307, "tb": -0.6331958443947181, "tc": -0.9523089905034043, "td": -0.11194095229356926}}, {"target": 0.8400336694629552, "params": {"ta": -0.11194095229356926, "tb": -0.7972273201119181, "tc": -0.5461790564377189, "td": 0.8880590477064307}}, {"target": 0.8483579439012687, "params": {"ta": 0.5672772872038457, "tb": -0.6831658170669471, "tc": -0.7211362520881671, "td": 0.21107623187365543}}, {"target": 0.8387509326785659, "params": {"ta": 0.8880590477064307, "tb": -0.5470658093787978, "tc": -0.7916028726238297, "td": -0.09202663468330984}}, {"target": 0.8492092428609181, "params": {"ta": 0.2807117740945739, "tb": -0.6983297437175321, "tc": -0.6691410684081162, "td": 0.47838342332948625}}, {"target": 0.8464193575934145, "params": {"ta": 0.08767646306720378, "tb": -0.6970994281686825, "tc": -0.6746362982600884, "td": 0.6556821929142027}}, {"target": 0.8458405867953418, "params": {"ta": -0.11194095229356926, "tb": -0.7947057707330483, "tc": -0.6460623356553915, "td": 0.8183546914509081}}, {"target": 0.8471488982257115, "params": {"ta": 0.44970074194913534, "tb": -0.6456772313275365, "tc": -0.6662970054158617, "td": 0.2962572511842022}}, {"target": 0.8470863440911557, "params": {"ta": 0.6870578311830645, "tb": -0.640520997405305, "tc": -0.7182393321786383, "td": 0.0753154946123768}}, {"target": 0.8460681725844827, "params": {"ta": 0.17557332740720086, "tb": -0.7119706530179768, "tc": -0.601051079535837, "td": 0.5811969964075294}}, {"target": 0.8466157316370955, "params": {"ta": -0.060393744744316656, "tb": -0.8150092260550531, "tc": -0.6524419031408062, "td": 0.8880590477064307}}, {"target": 0.8481530508562332, "params": {"ta": 0.0716613692110376, "tb": -0.7783005508146453, "tc": -0.6225105729236236, "td": 0.703851408347333}}, {"target": 0.8487933550629841, "params": {"ta": 0.8300582776855436, "tb": -0.6375027259798765, "tc": -0.8178358045249221, "td": -0.040910220344779875}}, {"target": 0.8475439781409495, "params": {"ta": 0.5232603076375545, "tb": -0.6262206595090759, "tc": -0.7532673864799962, "td": 0.23778830878361404}}, {"target": 0.8480011845856703, "params": {"ta": 0.36762832406956925, "tb": -0.7235696714671178, "tc": -0.6813393594776542, "td": 0.4025351951303311}}, {"target": 0.8477656299725093, "params": {"ta": 0.4679896710658136, "tb": -0.7003396588104187, "tc": -0.7242202675184388, "td": 0.27122383237962083}}, {"target": 0.8483331150179518, "params": {"ta": 0.6485634975048786, "tb": -0.6669457999131497, "tc": -0.7859729132756781, "td": 0.12384632616339361}}, {"target": 0.8478470606055254, "params": {"ta": 0.34337661363948296, "tb": -0.6504979597398357, "tc": -0.6742595344922899, "td": 0.40385935025220937}}, {"target": 0.8487900316547212, "params": {"ta": -0.017751951136612033, "tb": -0.7588289269856168, "tc": -0.6416411315332535, "td": 0.7879371207422013}}, {"target": 0.8483816475489362, "params": {"ta": 0.2012806664071855, "tb": -0.6955642715848519, "tc": -0.6806111088014116, "td": 0.5452288181196143}}, {"target": 0.8486471795525321, "params": {"ta": 0.5899448248064336, "tb": -0.6433394621332891, "tc": -0.7268316647365559, "td": 0.1537889233180098}}, {"target": 0.8488223044453075, "params": {"ta": 0.8880590477064307, "tb": -0.6416848433530956, "tc": -0.8415453724912254, "td": -0.11194095229356926}}, {"target": 0.8472729833236822, "params": {"ta": 0.8880590477064307, "tb": -0.6537118644664159, "tc": -0.8223423550983487, "td": -0.06558995993157252}}, {"target": 0.847576120326363, "params": {"ta": 0.7277288524921321, "tb": -0.6114732400817298, "tc": -0.7869251913987445, "td": 0.06395398278489381}}, {"target": 0.8484994587059088, "params": {"ta": 0.46739841655939773, "tb": -0.6767427935308997, "tc": -0.7105088259862313, "td": 0.3232957157063305}}, {"target": 0.848663351429575, "params": {"ta": 0.030974446913358235, "tb": -0.7582154330785156, "tc": -0.6544012792388668, "td": 0.7087430121815197}}, {"target": 0.8489832520993408, "params": {"ta": 0.7386504919320428, "tb": -0.6611348456012541, "tc": -0.7884840745540316, "td": 0.01911793563082198}}, {"target": 0.8486758948960246, "params": {"ta": 0.2378754433804524, "tb": -0.7330089249608105, "tc": -0.662155313694179, "td": 0.5442306513661148}}, {"target": 0.8485895647344752, "params": {"ta": 0.0812771626045803, "tb": -0.7574306418161235, "tc": -0.6681792442684361, "td": 0.7073224814548021}}, {"target": 0.8490020266936926, "params": {"ta": -0.11194095229356926, "tb": -0.8188969986178989, "tc": -0.6632958314624957, "td": 0.8880590477064307}}, {"target": 0.8486078211887754, "params": {"ta": 0.7868644413763665, "tb": -0.6385040058891254, "tc": -0.7697507404456121, "td": -0.01084348645164677}}, {"target": 0.8485091607812029, "params": {"ta": 0.3112874981327051, "tb": -0.700835663966022, "tc": -0.709084266731422, "td": 0.4554573842614269}}, {"target": 0.8483685863594471, "params": {"ta": 0.23333817196437923, "tb": -0.7307878758587856, "tc": -0.6665453231486407, "td": 0.5031487200048895}}, {"target": 0.8492076864145535, "params": {"ta": 0.12446209262418527, "tb": -0.7401290984719302, "tc": -0.6476569523361023, "td": 0.6378915060428866}}, {"target": 0.847479373840128, "params": {"ta": 0.8798924643253123, "tb": -0.692709626790961, "tc": -0.8422044878983911, "td": -0.11194095229356926}}, {"target": 0.8492061587732309, "params": {"ta": 0.8497974028595389, "tb": -0.6520854165237461, "tc": -0.8104234594820574, "td": -0.0848068279098626}}, {"target": 0.849178556143731, "params": {"ta": 0.40431352814161553, "tb": -0.6788537577805133, "tc": -0.6963576188125379, "td": 0.34594057197478767}}, {"target": 0.8489033321352919, "params": {"ta": 0.6230010863240181, "tb": -0.6412115165135778, "tc": -0.750566377175701, "td": 0.1578445205953934}}, {"target": 0.8489160393687337, "params": {"ta": 0.5710994420393125, "tb": -0.6648113897079155, "tc": -0.7554968514549031, "td": 0.18829328340924853}}, {"target": 0.8492093981034254, "params": {"ta": 0.5154181018271845, "tb": -0.6589969942261559, "tc": -0.7170205385474562, "td": 0.2444050324335792}}, {"target": 0.8490068885712994, "params": {"ta": 0.0026268644368980017, "tb": -0.7880608289760187, "tc": -0.6367286680126071, "td": 0.7699980784643754}}, {"target": 0.8492510281177416, "params": {"ta": 0.6898807220270073, "tb": -0.6524227949997929, "tc": -0.7682783289090912, "td": 0.07723342509506465}}, {"target": 0.8492172847452842, "params": {"ta": 0.17269848135536248, "tb": -0.7250225135250677, "tc": -0.6591410834033551, "td": 0.594068431864378}}, {"target": 0.8492258406788008, "params": {"ta": -0.05912853672299776, "tb": -0.7962383836071434, "tc": -0.6536415553489564, "td": 0.8307133850725157}}, {"target": 0.8490796830164075, "params": {"ta": 0.4586454692260352, "tb": -0.657631548395713, "tc": -0.7166851510205234, "td": 0.29625732186341086}}, {"target": 0.849149165587604, "params": {"ta": 0.6349418708476712, "tb": -0.66111058695073, "tc": -0.7483188571275791, "td": 0.12729544275264945}}, {"target": 0.8491963585412354, "params": {"ta": 0.32177012690683776, "tb": -0.6961274676272362, "tc": -0.6786997566643191, "td": 0.4304988293804066}}, {"target": 0.8491282092612584, "params": {"ta": 0.3753958637457874, "tb": -0.6810369056220715, "tc": -0.6928228811169231, "td": 0.3957958045365782}}, {"target": 0.8491740946521238, "params": {"ta": 0.7962107037944627, "tb": -0.6568917707905765, "tc": -0.803311505386033, "td": -0.02697651706618902}}, {"target": 0.8491661051433117, "params": {"ta": 0.028724963189215157, "tb": -0.7622863802720483, "tc": -0.6509025600637293, "td": 0.7454704008629226}}, {"target": 0.8490697354456014, "params": {"ta": 0.765294855116799, "tb": -0.636919896547793, "tc": -0.7978948358719927, "td": 0.0005534227344420433}}, {"target": 0.8491563418379614, "params": {"ta": 0.18884563995413464, "tb": -0.7274888216407572, "tc": -0.6558204005441944, "td": 0.5645794750335336}}, {"target": 0.849233901167042, "params": {"ta": 0.08921410871615844, "tb": -0.7509832016730672, "tc": -0.6512519722138178, "td": 0.6699991183495755}}, {"target": 0.8492071164592788, "params": {"ta": 0.5548202746774065, "tb": -0.6517051460383348, "tc": -0.7292189239730269, "td": 0.20794743182264835}}, {"target": 0.8489466316617851, "params": {"ta": -0.11194095229356926, "tb": -0.7920178987591836, "tc": -0.6406549284108883, "td": 0.8880590477064307}}, {"target": 0.8492101531831676, "params": {"ta": 0.6599489963209579, "tb": -0.6428734653807333, "tc": -0.7606241703109007, "td": 0.10503614353891094}}, {"target": 0.8492444156882933, "params": {"ta": 0.7256921912677051, "tb": -0.6469665453331295, "tc": -0.7749902847861877, "td": 0.044440300264018934}}, {"target": 0.8491826829851038, "params": {"ta": 0.24594533679760666, "tb": -0.7027912622216476, "tc": -0.6657729635311049, "td": 0.5153078544545993}}, {"target": 0.8492151497507959, "params": {"ta": -0.025959872736710715, "tb": -0.7829564214062801, "tc": -0.6554186207121276, "td": 0.796206762197279}}, {"target": 0.8491563257825958, "params": {"ta": 0.5108485097117805, "tb": -0.6669612127987559, "tc": -0.7303372007978786, "td": 0.2579456795002291}}, {"target": 0.8491971022695929, "params": {"ta": 0.8796186832766941, "tb": -0.6475636458901212, "tc": -0.8169957389793331, "td": -0.11194095229356926}}, {"target": 0.8491161877235627, "params": {"ta": 0.3145086615084157, "tb": -0.6996490631309287, "tc": -0.6734726469252139, "td": 0.45620297238809737}}, {"target": 0.8491847615140772, "params": {"ta": 0.3562212968606491, "tb": -0.6881960983195456, "tc": -0.6941282106944289, "td": 0.3959675695042349}}, {"target": 0.8491103776122388, "params": {"ta": 0.06810848577725608, "tb": -0.7467812932402611, "tc": -0.6429519571950227, "td": 0.6978819772811251}}, {"target": 0.8492253005231329, "params": {"ta": 0.14334936611300886, "tb": -0.7332452862851825, "tc": -0.6576596272037619, "td": 0.61331874345927}}, {"target": 0.8491920484654558, "params": {"ta": 0.2675943474483975, "tb": -0.710620599557557, "tc": -0.6801489951916618, "td": 0.49675294814281457}}, {"target": 0.8492588821887587, "params": {"ta": 0.4276186629819404, "tb": -0.6744489175395163, "tc": -0.7028272624192775, "td": 0.33223769533359543}}, {"target": 0.8492446853964415, "params": {"ta": 0.4856317565657374, "tb": -0.6654791009472508, "tc": -0.7124900903359715, "td": 0.27543670307072204}}, {"target": 0.8492548762153582, "params": {"ta": -0.09003570052975418, "tb": -0.8024563925564456, "tc": -0.6474747559905977, "td": 0.860795627117277}}, {"target": 0.8491912391828648, "params": {"ta": -0.04473190794575371, "tb": -0.7918628102811659, "tc": -0.6400323900608944, "td": 0.8144548758040137}}, {"target": 0.8492408231983307, "params": {"ta": 0.7024612463073148, "tb": -0.6472878795243988, "tc": -0.7756124236312391, "td": 0.06218114258379127}}, {"target": 0.8492223056275293, "params": {"ta": 0.11911289893397116, "tb": -0.746127765970106, "tc": -0.6577524018194217, "td": 0.6504793864975501}}, {"target": 0.8492428646958682, "params": {"ta": 0.6002639139185126, "tb": -0.6585527511760498, "tc": -0.7447697357844598, "td": 0.16500916179004266}}, {"target": 0.8492498677177105, "params": {"ta": 0.3961200585421592, "tb": -0.6789134191641675, "