{"all": [{"target": 0.7451638512851967, "params": {"ta": -0.013768540133755836, "tb": -0.6436875134868609, "tc": -0.7150610346914726, "td": 0.6056772155524058}}, {"target": 0.559709310612423, "params": {"ta": 0.24613641844177536, "tb": -0.20946335630913282, "tc": -0.6633099574173364, "td": 0.7427516057311297}}, {"target": 0.7085478484090708, "params": {"ta": 0.04344204775593519, "tb": -0.8663234876878082, "tc": -0.6234523209323347, "td": 0.43273406691780003}}, {"target": 0.5812560396952267, "params": {"ta": 0.7724397612152147, "tb": -0.7093473170607788, "tc": -0.5044462469154543, "td": 0.5090373406520632}}, {"target": 0.5746911355342708, "params": {"ta": 0.6420345013697526, "tb": -0.4759724914818012, "tc": -0.5866383621664802, "td": 0.6484431182733402}}, {"target": 0.7185949055336268, "params": {"ta": 0.1915051159911375, "tb": -1.0188579508755966, "tc": -0.6147306643500642, "td": 0.6042458718445995}}, {"target": 0.44869419896046875, "params": {"ta": 0.6667431851760084, "tb": -1.0388269796004894, "tc": -0.8219127139617795, "td": 0.6117851421598915}}, {"target": 0.7304372978375346, "params": {"ta": 0.4702232183778343, "tb": -0.7136560073800209, "tc": -0.5905558835342997, "td": 0.5880367789056246}}, {"target": 0.7213575693753633, "params": {"ta": 0.4102579760670495, "tb": -0.8506301980897604, "tc": -0.43805367561264685, "td": 0.639128553812419}}, {"target": 0.5573693807639204, "params": {"ta": 0.12568914933386455, "tb": -0.35332198986620966, "tc": -0.9920397256102462, "td": 0.568684913421324}}, {"target": 0.37721289285921655, "params": {"ta": 0.6194071805155487, "tb": -0.231890064440037, "tc": -0.5240067765783737, "td": 0.7928061470887661}}, {"target": 0.5589147742525924, "params": {"ta": 0.4432430742500365, "tb": -1.00047830562511, "tc": -0.41549072484243343, "td": 0.09884786606833784}}, {"target": 0.5502867982562134, "params": {"ta": 0.005055285127961051, "tb": -0.7425603809305119, "tc": -0.33659559280306117, "td": 0.14527739181707566}}, {"target": 0.6793764673740494, "params": {"ta": 0.5675814384783656, "tb": -0.18189822589703963, "tc": -0.8740596327932861, "td": 0.016356135036135977}}, {"target": 0.6418180619785664, "params": {"ta": 0.30025158927113904, "tb": -0.43247835852891126, "tc": -0.4413629867144494, "td": 0.7614152182130014}}, {"target": 0.5906484155701839, "params": {"ta": 0.0884564208923847, "tb": -0.5168980224855125, "tc": -0.7999664097944039, "td": 0.17618058239470036}}, {"target": 0.6800016579364099, "params": {"ta": 0.3594087498873352, "tb": -0.9016594082973886, "tc": -0.32945017075385674, "td": 0.3309465316441199}}, {"target": 0.5372890610583505, "params": {"ta": 0.016897100928249587, "tb": -0.5136539634575757, "tc": -0.7687109873091775, "td": 0.14804642098558518}}, {"target": 0.6409653721043569, "params": {"ta": 0.7673004155636091, "tb": -0.9540310282601998, "tc": -0.7430979965879676, "td": 0.14557726460792275}}, {"target": 0.4526507885312804, "params": {"ta": 0.28103545720785195, "tb": -0.8423158668257762, "tc": -0.3678380100162364, "td": -0.1109479214378919}}, {"target": 0.6748662198148871, "params": {"ta": 0.4644525528282578, "tb": -0.8895127600705593, "tc": -0.6780892229483436, "td": 0.6124713546996224}}, {"target": 0.7037984438413772, "params": {"ta": 0.7190338674178912, "tb": -0.2513441789287447, "tc": -0.6240866724783907, "td": 0.24064359301989313}}, {"target": 0.5592910557040753, "params": {"ta": 0.7386910998234059, "tb": -0.67883948947883, "tc": -0.18892647168537746, "td": 0.03954975658519566}}, {"target": 0.6367254915660672, "params": {"ta": 0.3382391584979231, "tb": -0.9123499765057355, "tc": -0.373266432581174, "td": 0.20876641826495357}}, {"target": 0.6014815462105668, "params": {"ta": 0.3307301455184626, "tb": -0.14066100599013087, "tc": -0.2978942844949668, "td": 0.41032444539866}}, {"target": 0.6230125080973331, "params": {"ta": 0.09211248268190741, "tb": -0.2797104976282381, "tc": -0.7403802101080712, "td": 0.6422254825436428}}, {"target": 0.5951572467666, "params": {"ta": 0.32709212942640775, "tb": -0.505589173876048, "tc": -1.0519552316025949, "td": 0.6112264007367507}}, {"target": 0.7246640615328366, "params": {"ta": -0.0552218233895575, "tb": -0.5050225165475715, "tc": -0.29066330836172727, "td": 0.7378303608136827}}, {"target": 0.532135076810802, "params": {"ta": 0.5983609473453788, "tb": -0.7073929285638696, "tc": -0.13286513370188613, "td": 0.5908896960378468}}, {"target": 0.7025039049702151, "params": {"ta": 0.3735895058659403, "tb": -0.7483932365371243, "tc": -0.7691315105172322, "td": 0.10766023483039189}}, {"target": 0.6877021129962299, "params": {"ta": 0.848669540895052, "tb": -0.5633140035756372, "tc": -0.5892092457670517, "td": 0.2593494529792518}}, {"target": 0.7038322411707121, "params": {"ta": 0.49099222726783676, "tb": -0.2466461836205167, "tc": -0.33700707385395223, "td": 0.0385900511664623}}, {"target": 0.4357477672714618, "params": {"ta": 0.688293499078782, "tb": -0.19509485908270185, "tc": -0.56042952388504, "td": 0.6533652739271932}}, {"target": 0.7190194755799262, "params": {"ta": 0.36437452155478467, "tb": -0.8862352806772993, "tc": -0.5412453542919832, "td": 0.6979181849727706}}, {"target": 0.6860171702779849, "params": {"ta": 0.58029242856919, "tb": -0.5951697879545251, "tc": -0.28487133823963606, "td": 0.2893162872373094}}, {"target": 0.6485214130637896, "params": {"ta": 0.2071390598074384, "tb": -0.5988331485657863, "tc": -0.6053089116158531, "td": 0.04212278574476502}}, {"target": 0.4260816588682822, "params": {"ta": 0.8630416383532032, "tb": -0.8437261723986895, "tc": -0.9289932961214834, "td": 0.5342501590412616}}, {"target": 0.43839511394651853, "params": {"ta": 0.6262474155629559, "tb": -0.23709866538186242, "tc": -0.40813954448398126, "td": 0.6450717051927878}}, {"target": 0.7136651594271972, "params": {"ta": 0.25711502006491904, "tb": -0.4327407858929101, "tc": -0.261816163236131, "td": 0.14048431025823682}}, {"target": 0.6939714913730053, "params": {"ta": 0.7363049189367766, "tb": -0.6134215294023972, "tc": -0.39754143039617107, "td": -0.039002312075518186}}, {"target": 0.5756742964215389, "params": {"ta": 0.6028533533324938, "tb": -0.6890112914156618, "tc": -0.12571259071454455, "td": 0.30993667780887835}}, {"target": 0.5977005532308303, "params": {"ta": 0.3261352757565855, "tb": -0.48882451444941577, "tc": -0.094082203841234, "td": 0.01801506949577736}}, {"target": 0.7331410233422198, "params": {"ta": 0.5965524404230954, "tb": -0.3453697806300434, "tc": -0.5306921912699278, "td": 0.3063505067337422}}, {"target": 0.45047180840993584, "params": {"ta": 0.49875190679729664, "tb": -0.29172828835635145, "tc": -0.5955657802518416, "td": 0.8411007442861403}}, {"target": 0.7796149806799889, "params": {"ta": 0.7414228313601409, "tb": -0.6424686555558752, "tc": -0.636100589125632, "td": -0.0038820947790844107}}, {"target": 0.429492488687662, "params": {"ta": -0.015977836386108613, "tb": -0.09785456379171187, "tc": -0.8594986666543204, "td": 0.5901614099169483}}, {"target": 0.7610584988271745, "params": {"ta": 0.7034900822552116, "tb": -0.6619813849665164, "tc": -0.9257431005738764, "td": 0.04529516596983307}}, {"target": 0.538797801323345, "params": {"ta": 0.03137967282365073, "tb": -0.16145846694914812, "tc": -0.6592799307574054, "td": 0.7067851049068754}}, {"target": 0.6157888140191181, "params": {"ta": 0.8244315647224755, "tb": -0.27682237169389423, "tc": -0.9247032717734752, "td": 0.43361837058922537}}, {"target": 0.6987694576515693, "params": {"ta": 0.8202972388059702, "tb": -0.46474558697079504, "tc": -0.4270149814587392, "td": -0.01275238110767607}}, {"target": 0.615651968588625, "params": {"ta": 0.48731343868904287, "tb": -0.6830744989190904, "tc": -0.9913199730827521, "td": -0.11254219785436959}}, {"target": 0.5445351606108212, "params": {"ta": 0.7247802556897686, "tb": -0.5335930608335044, "tc": -0.14553319480440785, "td": -0.02683231924057461}}, {"target": 0.782582922734757, "params": {"ta": 0.35665150039688265, "tb": -0.4832716148546159, "tc": -0.41383406932330435, "td": 0.2505045069218814}}, {"target": 0.5801354183915761, "params": {"ta": 0.6796546376403386, "tb": -0.35962905593611183, "tc": -1.0035090057958511, "td": 0.5662305455315532}}, {"target": 0.5368468993736832, "params": {"ta": 0.5653155725260547, "tb": -1.0383801417289924, "tc": -1.012914101864623, "td": 0.20038139502658237}}, {"target": 0.5883016515916192, "params": {"ta": -0.08917424661910633, "tb": -0.3498894323633279, "tc": -0.6762933007674586, "td": 0.3871217240453839}}, {"target": 0.48611169859501135, "params": {"ta": 0.6954393205991559, "tb": -0.6654621469381122, "tc": -0.8273731800268558, "td": 0.7172168068175135}}, {"target": 0.5763343426800149, "params": {"ta": 0.17416067334113294, "tb": -0.4436909331002944, "tc": -0.18399983922072427, "td": -0.08463664228824097}}, {"target": 0.43135126664718804, "params": {"ta": -0.11985527625062686, "tb": -0.16270254029027809, "tc": -0.7836597994056741, "td": 0.3990929431640672}}, {"target": 0.6290079605559593, "params": {"ta": 0.41636422642609183, "tb": -0.5275291082656824, "tc": -0.3319610116690044, "td": 0.7037420932027978}}, {"target": 0.5242770526727352, "params": {"ta": 0.44614666883667864, "tb": -0.858387043520593, "tc": -0.21322528763277004, "td": 0.031208424613975883}}, {"target": 0.7452650873573291, "params": {"ta": 0.7142049596103346, "tb": -0.7811977145995677, "tc": -0.721368155581391, "td": 0.022332725387843477}}, {"target": 0.4545675069017037, "params": {"ta": 0.7394577197590552, "tb": -0.11066362522629603, "tc": -1.0111065210654409, "td": 0.6868746502634071}}, {"target": 0.4803743596750507, "params": {"ta": 0.16055573575431292, "tb": -0.17929885558235714, "tc": -0.14451074347781256, "td": 0.6847929791764493}}, {"target": 0.7880034754890722, "params": {"ta": -0.1288496539503734, "tb": -0.921788576350433, "tc": -0.3657410974128656, "td": 0.8711503460496266}}, {"target": 0.8086177289685174, "params": {"ta": 0.5389658381270526, "tb": -0.5340815623714698, "tc": -0.6883614114125965, "td": 0.18554115932199572}}, {"target": 0.8058034010124653, "params": {"ta": 0.8711503460496266, "tb": -0.46644544838044066, "tc": -0.8805384928492256, "td": -0.1288496539503734}}, {"target": 0.6310136025290316, "params": {"ta": -0.1288496539503734, "tb": -1.0806447264672978, "tc": -0.0806447264672977, "td": 0.8711503460496266}}, {"target": 0.7982061681772554, "params": {"ta": -0.1288496539503734, "tb": -0.7565017823353287, "tc": -0.5711880775062215, "td": 0.8711503460496266}}, {"target": 0.808302597264192, "params": {"ta": 0.04175812165379997, "tb": -0.7445587726970465, "tc": -0.4553964400354209, "td": 0.6967118768484192}}, {"target": 0.8093400439617617, "params": {"ta": 0.25494535814575686, "tb": -0.6208717284454582, "tc": -0.5538065020961188, "td": 0.4550907520377647}}, {"target": 0.765480501836477, "params": {"ta": -0.1288496539503734, "tb": -1.0485416421185445, "tc": -0.6307370278944402, "td": 0.8711503460496266}}, {"target": 0.789244722336778, "params": {"ta": -0.1288496539503734, "tb": -0.7982440083471829, "tc": -0.46427660489807376, "td": 0.732429783108116}}, {"target": 0.7441082150134999, "params": {"ta": 0.8711503460496266, "tb": -0.36615153320807864, "tc": -1.0806447264672978, "td": -0.1288496539503734}}, {"target": 0.8017038259182221, "params": {"ta": 0.006731782805966314, "tb": -0.8222475806568457, "tc": -0.47841974211566024, "td": 0.8711503460496266}}, {"target": 0.8087605049274238, "params": {"ta": 0.41165680713490477, "tb": -0.5929952381201453, "tc": -0.6132045795998566, "td": 0.31834490844973357}}, {"target": 0.8086319487094908, "params": {"ta": 0.7614410264303089, "tb": -0.46464542362786315, "tc": -0.7908229120681625, "td": 0.006027505278112573}}, {"target": 0.8088263499346051, "params": {"ta": 0.15775220910679166, "tb": -0.6811786501004611, "tc": -0.5267956050477015, "td": 0.6039602917648579}}, {"target": 0.7987020543999472, "params": {"ta": 0.8467103863469359, "tb": -0.6074616868861061, "tc": -0.8228768043903049, "td": -0.11985390439651111}}, {"target": 0.8035615834124629, "params": {"ta": 0.8711503460496266, "tb": -0.5114331901574787, "tc": -0.8454707745066479, "td": -0.010760739386738756}}, {"target": 0.7998750685960365, "params": {"ta": 0.8711503460496266, "tb": -0.4362781616500354, "tc": -0.7444497170297083, "td": -0.1288496539503734}}, {"target": 0.8047761735861205, "params": {"ta": 0.5925347328781846, "tb": -0.4814708446415237, "tc": -0.6386708034856349, "td": 0.07243749682511459}}, {"target": 0.7950153419305932, "params": {"ta": -0.1198533535944435, "tb": -0.7442375907285282, "tc": -0.4166858111731713, "td": 0.8711503460496266}}, {"target": 0.8043491692615894, "params": {"ta": 0.15880304749454138, "tb": -0.6411590970483989, "tc": -0.43904983381946117, "td": 0.5305856946696268}}, {"target": 0.8070061204302258, "params": {"ta": 0.4994209697793774, "tb": -0.5568531385588382, "tc": -0.5867818737035215, "td": 0.20251323515612682}}, {"target": 0.8059398200361887, "params": {"ta": 0.42614671772929447, "tb": -0.48861179588626635, "tc": -0.6204419898167547, "td": 0.25536055413997594}}, {"target": 0.807304026468895, "params": {"ta": 0.7855356942087074, "tb": -0.5085063783411092, "tc": -0.7968718663971571, "td": -0.07522203222985169}}, {"target": 0.8089072120865148, "params": {"ta": 0.6742103727868002, "tb": -0.5267742526399715, "tc": -0.7407779405535398, "td": 0.08226897828697866}}, {"target": 0.8059012943066342, "params": {"ta": 0.25910158300690955, "tb": -0.7033195029307432, "tc": -0.5096039196499594, "td": 0.49064892778852065}}, {"target": 0.808899292393281, "params": {"ta": -0.11562530939659019, "tb": -0.8674075283754358, "tc": -0.5087792643820241, "td": 0.8711503460496266}}, {"target": 0.807999591220848, "params": {"ta": 0.020857008662067317, "tb": -0.7603680581297287, "tc": -0.536557926639783, "td": 0.7497508055411533}}, {"target": 0.8087265105509951, "params": {"ta": 0.3385091286739553, "tb": -0.583361349746598, "tc": -0.529156713746973, "td": 0.38757097513888394}}, {"target": 0.8049292511669691, "params": {"ta": 0.04890367695037528, "tb": -0.6644545844982512, "tc": -0.49952663145060927, "td": 0.6675713398780624}}, {"target": 0.8093825770605342, "params": {"ta": -0.04117170866658382, "tb": -0.8319929832252909, "tc": -0.49000539394660886, "td": 0.8064910444508803}}, {"target": 0.8089295418767548, "params": {"ta": 0.09795352435617921, "tb": -0.7486188695017695, "tc": -0.503139484959814, "td": 0.63538768018746}}, {"target": 0.8090839028163692, "params": {"ta": 0.6064746070062353, "tb": -0.4967102707843895, "tc": -0.6723834884552358, "td": 0.1479497224016363}}, {"target": 0.8080720343374621, "params": {"ta": 0.33770685168725356, "tb": -0.5725932027374642, "tc": -0.6003411238673244, "td": 0.3922957997111362}}, {"target": 0.8082772269463754, "params": {"ta": 0.3272514504088887, "tb": -0.6066348476893517, "tc": -0.5659557565813995, "td": 0.35440130456862656}}, {"target": 0.8094734230299605, "params": {"ta": 0.8711503460496266, "tb": -0.504322408691886, "tc": -0.8120570784451868, "td": -0.09389017779165837}}, {"target": 0.8092267074814498, "params": {"ta": 0.7305042048411134, "tb": -0.4935040613522885, "tc": -0.7273845860726438, "td": 0.01973519103656869}}, {"target": 0.8086436972499842, "params": {"ta": 0.650062012617676, "tb": -0.4732669720635999, "tc": -0.7305639301829077, "td": 0.07805126338036412}}, {"target": 0.8093908166581684, "params": {"ta": 0.17653670378241249, "tb": -0.6621303059062122, "tc": -0.521655664595956, "td": 0.5319698956480708}}, {"target": 0.8094056546768142, "params": {"ta": 0.4924968153145387, "tb": -0.5341167547678252, "tc": -0.6305683988567246, "td": 0.2513917075962072}}, {"target": 0.8095073923760985, "params": {"ta": 0.4035487241396469, "tb": -0.5514306134525816, "tc": -0.5756368971986879, "td": 0.3069625010579169}}, {"target": 0.8089018415765531, "params": {"ta": 0.050162614328129324, "tb": -0.7934362263218637, "tc": -0.49115765181399407, "td": 0.7306230756748825}}, {"target": 0.8091153595319768, "params": {"ta": 0.22847395018484642, "tb": -0.6315362482569236, "tc": -0.5122447513721162, "td": 0.5114773175373559}}, {"target": 0.8091729762256435, "params": {"ta": 0.5275946212747451, "tb": -0.5004955639757792, "tc": -0.6397795311672064, "td": 0.18160029456258442}}, {"target": 0.8090382686630153, "params": {"ta": 0.1290952364560712, "tb": -0.7097398245013835, "tc": -0.4772720380481698, "td": 0.6255450690130492}}, {"target": 0.8092772500970025, "params": {"ta": 0.7681310861077681, "tb": -0.5166132467072333, "tc": -0.7807131116852855, "td": 0.00187417387126515}}, {"target": 0.8093812168113577, "params": {"ta": 0.60883648868875, "tb": -0.5229154178189664, "tc": -0.6867963981911573, "td": 0.11108211377866908}}, {"target": 0.8082973159033955, "params": {"ta": -0.06835223263089725, "tb": -0.8504697849166584, "tc": -0.5343699920442496, "td": 0.8711503460496266}}, {"target": 0.8091819248480296, "params": {"ta": 0.3226657806419224, "tb": -0.626269115715934, "tc": -0.5618093391801622, "td": 0.41877255744728265}}, {"target": 0.8095351900039666, "params": {"ta": 0.08056825583218638, "tb": -0.73589377446188, "tc": -0.5018428813768911, "td": 0.685115379807299}}, {"target": 0.8095537546032946, "params": {"ta": 0.667723845218634, "tb": -0.49839391873243705, "tc": -0.7035768366227361, "td": 0.08092374896163353}}, {"target": 0.8095254447551596, "params": {"ta": -0.08784577388644657, "tb": -0.8309191977680285, "tc": -0.49170179806355463, "td": 0.8711503460496266}}, {"target": 0.8096054363472673, "params": {"ta": -0.009737001122752609, "tb": -0.7811233472876602, "tc": -0.4886564547532085, "td": 0.7760923040858609}}, {"target": 0.8095803619658026, "params": {"ta": 0.8337578869654845, "tb": -0.4801306056975373, "tc": -0.8098151966966188, "td": -0.05883659506128247}}, {"target": 0.8095324305512381, "params": {"ta": 0.27792735119798523, "tb": -0.610579987689947, "tc": -0.5277296386021909, "td": 0.4318806170626271}}, {"target": 0.809548849893802, "params": {"ta": 0.7051529820029355, "tb": -0.5015844512697278, "tc": -0.7498068752395449, "td": 0.0316248788914039}}, {"target": 0.8094948647427516, "params": {"ta": 0.4509804099403832, "tb": -0.5505653580382863, "tc": -0.6181176946459578, "td": 0.25308315578559226}}, {"target": 0.809562759168803, "params": {"ta": 0.5533220880908668, "tb": -0.5347823857444511, "tc": -0.6505170715154202, "td": 0.18020287539954968}}, {"target": 0.8096107412593225, "params": {"ta": 0.027145412387659173, "tb": -0.7659939291635571, "tc": -0.49900162252095837, "td": 0.7155061017476788}}, {"target": 0.809629434492771, "params": {"ta": 0.17432620953749042, "tb": -0.6898812583123578, "tc": -0.5049920293118414, "td": 0.5649073348697455}}, {"target": 0.8096037503749256, "params": {"ta": -0.061237481277556564, "tb": -0.8168579873060506, "tc": -0.5088932429043048, "td": 0.830362587966105}}, {"target": 0.8094720806413804, "params": {"ta": 0.8506669400308611, "tb": -0.5063244596857458, "tc": -0.8358863640380302, "td": -0.08069964244762404}}, {"target": 0.8097561610153834, "params": {"ta": 0.37165799098198077, "tb": -0.58156406414465, "tc": -0.5745020299302503, "td": 0.35219272789801453}}, {"target": 0.8094996521027891, "params": {"ta": 0.7171187905714298, "tb": -0.4922702027657658, "tc": -0.74996229105433, "td": 0.0514868511830424}}, {"target": 0.8096115872921982, "params": {"ta": 0.12572720797326406, "tb": -0.6922522282511167, "tc": -0.5041395466483454, "td": 0.5988253048802732}}, {"target": 0.809721242231379, "params": {"ta": 0.7933623737877611, "tb": -0.49211770305001434, "tc": -0.7795034264203785, "td": -0.029124960581741462}}, {"target": 0.8097066703685942, "params": {"ta": 0.44392748739388044, "tb": -0.55099008801664, "tc": -0.6005448988280968, "td": 0.28341332853039786}}, {"target": 0.8096943660490521, "params": {"ta": 0.22590902466654342, "tb": -0.6555358415918182, "tc": -0.5335154771076929, "td": 0.5056240421900259}}, {"target": 0.8096399384134629, "params": {"ta": -0.010113204727492409, "tb": -0.8034369962349636, "tc": -0.5052445882198643, "td": 0.7781153260093776}}, {"target": 0.809685667327698, "params": {"ta": 0.3097232365286408, "tb": -0.5929544921013591, "tc": -0.5549151995644854, "td": 0.40436183179958907}}, {"target": 0.8096135040456531, "params": {"ta": 0.8711503460496266, "tb": -0.48413755881168263, "tc": -0.8327170134364535, "td": -0.08891559132106439}}, {"target": 0.8094921396292454, "params": {"ta": -0.08201150080482454, "tb": -0.862408988269843, "tc": -0.49303853476028614, "td": 0.8711503460496266}}, {"target": 0.8096117105900524, "params": {"ta": 0.40874363879425035, "tb": -0.5556863262771687, "tc": -0.6035883795064262, "td": 0.30998800427667195}}, {"target": 0.8097339136318026, "params": {"ta": 0.6291003559182156, "tb": -0.5048515694924649, "tc": -0.7049361648229878, "td": 0.11274905486030275}}, {"target": 0.8097658109420965, "params": {"ta": 0.506091801007002, "tb": -0.5336541175478131, "tc": -0.6370464695427925, "td": 0.2144232096823415}}, {"target": 0.8097428490149664, "params": {"ta": 0.5746000066664924, "tb": -0.5119854569383675, "tc": -0.6724206999940532, "td": 0.15023283651183605}}, {"target": 0.809675750325274, "params": {"ta": 0.2354768944122787, "tb": -0.6402892508594437, "tc": -0.5217800862528171, "td": 0.47960448622927165}}, {"target": 0.8094390757447248, "params": {"ta": 0.8711503460496266, "tb": -0.5001810327469026, "tc": -0.829352428964566, "td": -0.11548356962238869}}, {"target": 0.8097206237151047, "params": {"ta": 0.27058526381141507, "tb": -0.6291789937591975, "tc": -0.5381839131986366, "td": 0.46128035025598446}}, {"target": 0.8097765277745078, "params": {"ta": 0.058301743750952574, "tb": -0.750191315715278, "tc": -0.4948351187104869, "td": 0.6925958164296219}}, {"target": 0.8097163383683275, "params": {"ta": 0.026311361408808888, "tb": -0.7673891011957167, "tc": -0.49177922922149936, "td": 0.7385428595151599}}, {"target": 0.809758905801719, "params": {"ta": 0.09774977762278843, "tb": -0.7180717618516294, "tc": -0.5015784725696781, "td": 0.6440145109399865}}, {"target": 0.8097633086545436, "params": {"ta": 0.7514731289249678, "tb": -0.