{"all": [{"target": 0.9301734799501227, "params": {"ta": 0.5109127056608046, "tb": -0.14759731552437572, "tc": -0.6096274165072986, "td": -0.10604124591101982}}, {"target": 0.5410314455800028, "params": {"ta": 0.04063399995012784, "tb": -0.8813012217712763, "tc": -0.2796366627964425, "td": 0.10345279112217765}}, {"target": 0.8934191757456884, "params": {"ta": -0.06550472942743091, "tb": -0.4018668959905738, "tc": -0.38393751249464614, "td": 0.38555635771669394}}, {"target": 0.6951034257494975, "params": {"ta": 0.40177322998022125, "tb": -0.8425190157858152, "tc": 0.06894072567939169, "td": 0.4676149812211168}}, {"target": 0.9068879286456116, "params": {"ta": 0.6204087413905447, "tb": -0.3395209207530827, "tc": -0.461188913856165, "td": -0.13885376892472634}}, {"target": 0.9602204962491373, "params": {"ta": 0.09026947489556458, "tb": -0.7415768734338702, "tc": -0.19829662889054034, "td": 0.5422055376258195}}, {"target": 0.6594311686588401, "params": {"ta": -0.06680152624342128, "tb": 0.022391495227779057, "tc": -0.4811115370398106, "td": 0.3317873275257569}}, {"target": 0.38273456570757364, "params": {"ta": 0.03637719081785551, "tb": -0.6297378824801902, "tc": -0.7424432048651481, "td": -0.15018977171958925}}, {"target": 0.8124850505468935, "params": {"ta": 0.11684193606807192, "tb": -0.10903768263897673, "tc": -0.3549100333868498, "td": -0.15461416406935768}}, {"target": 0.951621768036206, "params": {"ta": 0.1998483316325811, "tb": -0.2774723788540907, "tc": -0.35443343239328406, "td": 0.12015716943884802}}, {"target": 0.7102910728847753, "params": {"ta": -0.09944058450605875, "tb": -0.25911875243934746, "tc": -0.3031871613708248, "td": -0.058734661393263554}}, {"target": 0.9969195263098061, "params": {"ta": 0.8015834530535363, "tb": -0.35040625125169145, "tc": -0.8063561066938857, "td": -0.03324723169534305}}, {"target": 0.9823916183156455, "params": {"ta": 0.5061022423481982, "tb": -0.42604750459204854, "tc": -0.59303003435474, "td": 0.10332364949133555}}, {"target": 0.835771541007412, "params": {"ta": 0.06982737736920608, "tb": -0.32762388085837046, "tc": -0.3999440157810935, "td": 0.7262901578172999}}, {"target": 0.6501328420139281, "params": {"ta": 0.03801441632390368, "tb": -0.29012035303857764, "tc": 0.061414086881221186, "td": 0.8057219916725591}}, {"target": 0.5311615944847575, "params": {"ta": 0.7768355472901223, "tb": -0.34588504287021526, "tc": -0.04534821041428072, "td": 0.24289139245557467}}, {"target": 0.6976592639170689, "params": {"ta": 0.7881582186617788, "tb": -0.41988711766964326, "tc": -0.921183232679757, "td": 0.5389265315782431}}, {"target": 0.5836917715064208, "params": {"ta": -0.023377517304951967, "tb": -0.8843006616999124, "tc": -0.7252071939644519, "td": 0.2893118884921181}}, {"target": 0.7352537303383637, "params": {"ta": 0.4507849095026142, "tb": -0.4318355658680145, "tc": -0.7204329803538485, "td": 0.7343471617057544}}, {"target": 0.7246997366808513, "params": {"ta": 0.4253791827435611, "tb": -0.012517631559824882, "tc": 0.06951341357763108, "td": -0.11825733919136183}}, {"target": 0.7303153116875618, "params": {"ta": 0.19072486771348063, "tb": -0.4997914777386494, "tc": -0.4533181303715863, "td": -0.08531814910509883}}, {"target": 0.8206529815797746, "params": {"ta": 0.7283614291021976, "tb": -0.3020216114069778, "tc": -0.3953836392128194, "td": 0.30937176732900706}}, {"target": 0.9485059293651479, "params": {"ta": 0.07400869082895245, "tb": -0.38173605908449726, "tc": -0.304735171197247, "td": 0.5652541457384974}}, {"target": 0.5685701716755338, "params": {"ta": 0.65930426371341, "tb": -0.49269067393169064, "tc": -0.4156205602184837, "td": 0.8172042187278895}}, {"target": 0.6024824290017269, "params": {"ta": 0.6455351685815257, "tb": -0.5816557858877524, "tc": 0.005354427006738605, "td": 0.24768862747167852}}, {"target": 0.7517753800180866, "params": {"ta": -0.09542816420666178, "tb": -0.16839171170088663, "tc": -0.47377507952923537, "td": 0.33522821635579436}}, {"target": 0.75641799923554, "params": {"ta": 0.5480595874168454, "tb": -0.712743607496456, "tc": -0.7498393702517867, "td": -0.09577881351481043}}, {"target": 0.7432412191886228, "params": {"ta": 0.5232027895533338, "tb": -0.8902435732366624, "tc": -0.5003789492986104, "td": 0.6697512488105617}}, {"target": 0.607961599193498, "params": {"ta": 0.8058900268903195, "tb": -0.40995896787971, "tc": -0.4052806816896358, "td": 0.5859715309092772}}, {"target": 0.46675582399306403, "params": {"ta": 0.22308868385114922, "tb": 0.01199628345274173, "tc": -0.4949678820917708, "td": 0.8114312988959166}}, {"target": 0.7184116693818973, "params": {"ta": 0.6365510446733378, "tb": -0.8969889112227611, "tc": -0.3924762454857774, "td": 0.4246059043794458}}, {"target": 0.40885185169932464, "params": {"ta": 0.043768345913530404, "tb": -0.7739822043120164, "tc": -0.6746759576426686, "td": -0.07393512115147471}}, {"target": 0.7606196346837427, "params": {"ta": 0.08731667572913326, "tb": -0.34555071922268954, "tc": -0.4214385635948994, "td": -0.06407880924918163}}, {"target": 0.45039872894139604, "params": {"ta": 0.7012253474461431, "tb": -0.5471029423178175, "tc": -0.05097085232084564, "td": 0.8130625990404245}}, {"target": 0.6914478858803205, "params": {"ta": 0.7461326202437603, "tb": -0.8472714323310414, "tc": -0.4668021091294132, "td": 0.3688601646657723}}, {"target": 0.3293731105896722, "params": {"ta": 0.7927033362728497, "tb": -0.32090584985596515, "tc": -0.07183087511814867, "td": 0.7165474880887851}}, {"target": 0.8556949787201815, "params": {"ta": 0.7154287553434701, "tb": -0.5320135769565418, "tc": -0.5095111102641138, "td": -0.12725321106769716}}, {"target": 0.9366635146864337, "params": {"ta": 0.10684108593733266, "tb": -0.2600719171128455, "tc": -0.17081754648662473, "td": 0.3928486963498117}}, {"target": 0.3653286699149865, "params": {"ta": 0.0774731183456433, "tb": -0.8844353391015841, "tc": -0.44980741185919815, "td": -0.1007687157653887}}, {"target": 0.4983226780722711, "params": {"ta": 0.008639505768347377, "tb": -0.00734169382047456, "tc": -0.6895347811966804, "td": -0.15268172948323444}}, {"target": 0.7191314864275088, "params": {"ta": 0.2337900372502668, "tb": -0.7636895429276727, "tc": -0.8281769945347733, "td": 0.30458718396810136}}, {"target": 0.5460903700091196, "params": {"ta": 0.8124111566553026, "tb": -0.22291527374588993, "tc": -0.06949483278546897, "td": -0.0623756570067181}}, {"target": 0.9836258980761072, "params": {"ta": 0.11334541211722438, "tb": -0.7840065915592993, "tc": -0.3339441856413977, "td": 0.8016284906213413}}, {"target": 0.7422912884670883, "params": {"ta": 0.4333544823900244, "tb": -0.711783756839238, "tc": -0.7236803301371251, "td": -0.02541190736756771}}, {"target": 0.7555263966907404, "params": {"ta": 0.24225564996535087, "tb": -0.09054408450231555, "tc": -0.6939103109954085, "td": -0.04204903787018599}}, {"target": 0.7653516877886146, "params": {"ta": 0.5230592338507644, "tb": -0.8582690767825764, "tc": -0.4292188524461379, "td": 0.23284468102413824}}, {"target": 0.6115330943407055, "params": {"ta": 0.41246668955389443, "tb": 0.026609350893658346, "tc": -0.7814480065783963, "td": 0.6047183819697938}}, {"target": 0.9287064043855949, "params": {"ta": 0.1462701453247438, "tb": -0.36000183615528025, "tc": -0.14041461452460247, "td": 0.16477481631489865}}, {"target": 0.28699664063364916, "params": {"ta": -0.13749177186273787, "tb": -0.814049075179629, "tc": -0.7988259271726658, "td": 0.0212039028352633}}, {"target": 0.9313860272276032, "params": {"ta": 0.6243401861145069, "tb": -0.326851057753375, "tc": -0.6563175859966713, "td": -0.16780038595115487}}, {"target": 0.7932475067180942, "params": {"ta": 0.6920457610268103, "tb": 0.06548037758337055, "tc": -0.7471359212153402, "td": 0.31008039685122124}}, {"target": 0.7636564174051901, "params": {"ta": 0.6139645143108889, "tb": -0.6622100808139113, "tc": -0.44581792902240913, "td": -0.0943647638082038}}, {"target": 0.6346761573053022, "params": {"ta": 0.6133732614812905, "tb": -0.35345548998665666, "tc": -0.09358696797629795, "td": 0.496169867841037}}, {"target": 0.8947360576428988, "params": {"ta": -0.12047497403656804, "tb": -0.5437691484431385, "tc": -0.4009357912596937, "td": 0.49151979896735387}}, {"target": 0.5095655594003399, "params": {"ta": 0.1609504751091777, "tb": 0.06979866941931834, "tc": -0.21971788384889634, "td": 0.6670951730496553}}, {"target": 0.8866423219878485, "params": {"ta": 0.42899200437377105, "tb": -0.5138608423681379, "tc": -0.7071230139695217, "td": 0.039525284102661984}}, {"target": 0.8667543963182428, "params": {"ta": 0.15252268625588827, "tb": -0.49399377934567756, "tc": -0.03185635484287641, "td": 0.22328592786958512}}, {"target": 0.8699137068547773, "params": {"ta": 0.008662681832134922, "tb": -0.2582339458610642, "tc": -0.3155620395663393, "td": 0.1043015499847012}}, {"target": 0.7146568443552089, "params": {"ta": 0.5210049787509214, "tb": -0.524670081695562, "tc": -0.4338208781641216, "td": 0.790009272068995}}, {"target": 0.6205178685076884, "params": {"ta": 0.2827123256257311, "tb": -0.047943990574052076, "tc": -0.8559090000625763, "td": -0.1183190293369546}}, {"target": 0.8800392825032453, "params": {"ta": 0.7136741987626193, "tb": 0.03657043701586005, "tc": -0.5935093980051716, "td": -0.020783431986522438}}, {"target": 0.7083323984181291, "params": {"ta": 0.6361022469643992, "tb": -0.8864879949198622, "tc": -0.6712225722629389, "td": 0.11102424357543395}}, {"target": 0.8319373593285995, "params": {"ta": 0.47548822965470616, "tb": 0.05342727221619026, "tc": -0.5184197434311794, "td": 0.22804800389903945}}, {"target": 0.5672283858149577, "params": {"ta": 0.502335123140799, "tb": -0.7751022105799291, "tc": 0.0327154238715891, "td": 0.16905432538911547}}, {"target": 0.9314256413001929, "params": {"ta": -0.17779313167816124, "tb": -0.9251110418595857, "tc": -0.14093604608375737, "td": 0.8222068683218388}}, {"target": 0.9988533520416086, "params": {"ta": 0.26703195500879084, "tb": -0.510370064202096, "tc": -0.4004327946597654, "td": 0.4182423535478997}}, {"target": 0.9983565539621752, "params": {"ta": 0.6856584963304111, "tb": -0.2807959509973901, "tc": -0.7047051218837058, "td": 0.0859239572013624}}, {"target": 0.9643254433116404, "params": {"ta": -0.1082383963460865, "tb": -0.873321529779875, "tc": -0.4702361860544175, "td": 0.8222068683218388}}, {"target": 0.9951391609347194, "params": {"ta": 0.12383752064416263, "tb": -0.642905473440797, "tc": -0.3848927922087162, "td": 0.6197842262599453}}, {"target": 0.9744843176332375, "params": {"ta": 0.8222068683218388, "tb": -0.19125368914640453, "tc": -0.9251110418595857, "td": -0.04931812800368213}}, {"target": 0.9846215590497635, "params": {"ta": -0.08236073063181655, "tb": -0.7078491844748799, "tc": -0.3045018446246269, "td": 0.8222068683218388}}, {"target": 0.998016047077789, "params": {"ta": 0.4010567385813224, "tb": -0.34897114526636114, "tc": -0.5005685679001005, "td": 0.2620685211794798}}, {"target": 0.9912386643082894, "params": {"ta": 0.8222068683218388, "tb": -0.2459647771716553, "tc": -0.7395830954521053, "td": -0.022510259459414164}}, {"target": 0.9945537657219196, "params": {"ta": 0.1775115774269248, "tb": -0.5072679292927176, "tc": -0.27435089789920186, "td": 0.44795149509900256}}, {"target": 0.9958036214850208, "params": {"ta": -0.003916501006412813, "tb": -0.7784161900497046, "tc": -0.32138375685778836, "td": 0.7212393092747452}}, {"target": 0.9960196143549281, "params": {"ta": 0.5150001011017877, "tb": -0.2716014061626091, "tc": -0.5546378830696617, "td": 0.11465447727711126}}, {"target": 0.9972303981660461, "params": {"ta": 0.2960129595121245, "tb": -0.3992393493970377, "tc": -0.3654380376111538, "td": 0.3168201397271919}}, {"target": 0.9920937454672264, "params": {"ta": 0.8222068683218388, "tb": -0.3031362777793997, "tc": -0.8444592222202504, "td": 0.0632271711832725}}, {"target": 0.9971216836345745, "params": {"ta": 0.060186359464203275, "tb": -0.6528292082109877, "tc": -0.27051944053843047, "td": 0.6740693809763012}}, {"target": 0.9964973034209965, "params": {"ta": 0.5513969001516336, "tb": -0.3435022927376421, "tc": -0.6311367518318504, "td": 0.18858360651741848}}, {"target": 0.9963396127929163, "params": {"ta": 0.40086735434514637, "tb": -0.452430277867295, "tc": -0.4632961103737514, "td": 0.2908294047207085}}, {"target": 0.9990811175592218, "params": {"ta": -0.014416853382038535, "tb": -0.8454101192630004, "tc": -0.2998421849458964, "td": 0.8222068683218388}}, {"target": 0.9978176159338404, "params": {"ta": 0.7403218683910635, "tb": -0.2884432564732769, "tc": -0.7913898827336876, "td": 0.01232019392079341}}, {"target": 0.9968240952711125, "params": {"ta": 0.7110820518380101, "tb": -0.3560181613282591, "tc": -0.7051585604627706, "td": 0.05437031540597475}}, {"target": 0.9997939848684005, "params": {"ta": 0.1396554150533562, "tb": -0.5728810949979248, "tc": -0.32840673724474, "td": 0.5401843927118631}}, {"target": 0.99729806544312, "params": {"ta": 0.29040132480674713, "tb": -0.4308047295911606, "tc": -0.45487051005705, "td": 0.33938231781645095}}, {"target": 0.9950833638149527, "params": {"ta": -0.005389864766906684, "tb": -0.7827078728694207, "tc": -0.36017011008698835, "td": 0.8222068683218388}}, {"target": 0.9994427634393329, "params": {"ta": 0.6048353298979643, "tb": -0.31050021819419527, "tc": -0.6409643125889748, "td": 0.0807490874683674}}, {"target": 0.9974101830656896, "params": {"ta": 0.013146556428561591, "tb": -0.7763770654709292, "tc": -0.2516706243420247, "td": 0.785081038155595}}, {"target": 0.9979801015399858, "params": {"ta": 0.20892773635409542, "tb": -0.4639829533289978, "tc": -0.36676772319263007, "td": 0.4380182015648404}}, {"target": 0.9971620905798401, "params": {"ta": 0.15549344665309286, "tb": -0.6441140533741958, "tc": -0.3063141038072597, "td": 0.602357170442555}}, {"target": 0.9997301260667212, "params": {"ta": 0.460299014428624, "tb": -0.3585708285241781, "tc": -0.51601733160717, "td": 0.19049241133120354}}, {"target": 0.9979193183805393, "params": {"ta": 0.3245039128857807, "tb": -0.4384215406590637, "tc": -0.4210939170468544, "td": 0.3736329179226767}}, {"target": 0.9995607094596491, "params": {"ta": 0.08324145190217558, "tb": -0.6601473822714236, "tc": -0.31580017296894625, "td": 0.615785545275818}}, {"target": 0.9994275879997313, "params": {"ta": 0.36657522504500173, "tb": -0.3845394289658272, "tc": -0.4481972403221607, "td": 0.2513701802845152}}, {"target": 0.9998906953735888, "params": {"ta": 0.8222068683218388, "tb": -0.2922943710170657, "tc": -0.8208222248852515, "td": -0.02407608112493816}}, {"target": 0.9994036682040067, "params": {"ta": 0.5668307382430349, "tb": -0.3327947018365766, "tc": -0.585430857228657, "td": 0.14006617986512168}}, {"target": 0.9996067897324994, "params": {"ta": 0.2662468202069155, "tb": -0.4668107055702432, "tc": -0.3795170423142781, "td": 0.36557906206402035}}, {"target": 0.9998042116440868, "params": {"ta": 0.06097940014040544, "tb": -0.7197953546064261, "tc": -0.30543467765057514, "td": 0.7024234992096301}}, {"target": 0.9992322152672027, "params": {"ta": 0.5012588092399031, "tb": -0.33070619710411736, "tc": -0.5799757685436614, "td": 0.16023632727994447}}, {"target": 0.9994800790869083, "params": {"ta": 0.7854364737352306, "tb": -0.3079720990414544, "tc": -0.7705441006495197, "td": 0.015423455269108793}}, {"target": 0.999767679625002, "params": {"ta": 0.19495203371668252, "tb": -0.5541772807259302, "tc": -0.3533133169810751, "td": 0.48358470317770724}}, {"target": 0.9990351779493823, "params": {"ta": 0.6296889812761732, "tb": -0.3289354565441295, "tc": -0.6790893760618628, "td": 0.10865716200907917}}, {"target": 0.9995707529533658, "params": {"ta": -0.04056891930706669, "tb": -0.8096925772447103, "tc": -0.29994648888556763, "td": 0.8222068683218388}}, {"target": 0.9992611676197871, "params": {"ta": 0.4183659569995632, "tb": -0.3912757358147513, "tc": -0.5139839583413163, "td": 0.24139455432445875}}, {"target": 0.9997896009774417, "params": {"ta": 0.6941906660227134, "tb": -0.3005153596574984, "tc": -0.7076161004684405, "td": 0.03751101985487679}}, {"target": 0.999984067100089, "params": {"ta": 0.006198812081282806, "tb": -0.7783265867636657, "tc": -0.3018100570386553, "td": 0.7794641299691399}}, {"target": 0.9999918139586579, "params": {"ta": 0.3375284948380955, "tb": -0.4184230289934696, "tc": -0.4345564200924882, "td": 0.3078073351567561}}, {"target": 0.9994801475768593, "params": {"ta": 0.10089560871353909, "tb": -0.6284682229569122, "tc": -0.31956243433051335, "td": 0.6204957658833034}}, {"target": 0.9996456107033925, "params": {"ta": 0.4947204282568624, "tb": -0.35516894603121957, "tc": -0.5474384573193344, "td": 0.1983367391815181}}, {"target": 0.9997166708301806, "params": {"ta": 0.41769847124493525, "tb": -0.376436557839337, "tc": -0.47737417211871896, "td": 0.24603167625295402}}, {"target": 0.9997519801722047, "params": {"ta": 0.13551994287656602, "tb": -0.6144357491885301, "tc": -0.33220134899686643, "td": 0.558278683304254}}, {"target": 0.9996323193003481, "params": {"ta": 0.022021961747053963, "tb": -0.7205356826744929, "tc": -0.2952780119075167, "td": 0.7184356164896899}}, {"target": 0.9996243259069311, "params": {"ta": -0.00696476805134043, "tb": -0.8033072595601574, "tc": -0.29455896716643926, "td": 0.8222068683218388}}, {"target": 0.9996451812055741, "params": {"ta": 0.19398225799212138, "tb": -0.5175391052909125, "tc": -0.35687048098572255, "td": 0.4457724653802368}}, {"target": 0.9997182661649578, "params": {"ta": 0.5814518351296115, "tb": -0.3065187590082608, "tc": -0.6242606394673891, "td": 0.12426310024106524}}, {"target": 0.9996985213662305, "params": {"ta": 0.651615101001755, "tb": -0.3083311000901192, "tc": -0.6584386148250879, "td": 0.08041508413693624}}, {"target": 0.9983957697116606, "params": {"ta": 0.8222068683218388, "tb": -0.3183896178783045, "tc": -0.8516887407486088, "td": -0.020908708476289124}}, {"target": 0.9997366962810669, "params": {"ta": 0.23058932281173614, "tb": -0.5050101763261436, "tc": -0.35532525183787966, "td": 0.43633784320972735}}, {"target": 0.9998962870906305, "params": {"ta": 0.37191212826880216, "tb": -0.39857637248892286, "tc": -0.46465113401579095, "td": 0.2852671226501095}}, {"target": 0.9999605600352411, "params": {"ta": 0.30265547691428474, "tb": -0.44528595054748743, "tc": -0.41161290974759196, "td": 0.3430741925832998}}, {"target": 0.9996417660798417, "params": {"ta": 0.03531221370395514, "tb": -0.7500727889437743, "tc": -0.28716605453222055, "td": 0.7284384121772826}}, {"target": 0.9999910193808645, "params": {"ta": 0.07406133992232773, "tb": -0.6840271663395393, "tc": -0.30737420041090896, "td": 0.6610935002485744}}, {"target": 0.9998203099590064, "params": {"ta": 0.7198833235226415, "tb": -0.3090858373188185, "tc": -0.7394430186280108, "td": 0.045908672968339864}}, {"target": 0.9998730477202535, "params": {"ta": 0.6632010340683563, "tb": -0.3081984888042459, "tc": -0.6954464878911867, "td": 0.06643763819712434}}, {"target": 0.9998259580082856, "params": {"ta": 0.4384084804842912, "tb": -0.348285180226014, "tc": -0.5087385303216464, "td": 0.21009437796137034}}, {"target": 0.9998427011238195, "params": {"ta": 0.18032997418890062, "tb": -0.5375159525797665, "tc": -0.345226390290917, "td": 0.49425953629223945}}, {"target": 0.9999515796904874, "params": {"ta": 0.26046783521997796, "tb": -0.4642611985927048, "tc": -0.38975613497261025, "td": 0.3878860044258006}}, {"target": 0.9998641515834827, "params": {"ta": 0.055064180003328606, "tb": -0.7016175287080139, "tc": -0.2955844541148453, "td": 0.6780313861843542}}, {"target": 0.9998992275943389, "params": {"ta": -0.011339487157640826, "tb": -0.801992303397083, "tc": -0.29866882624466606, "td": 0.7955723913374274}}, {"target": 0.9998448517108632, "params": {"ta": 0.11427451568364547, "tb": -0.6145706954505764, "tc": -0.30806008161841086, "td": 0.5789325442563852}}, {"target": 0.9999006236949151, "params": {"ta": 0.16214801246810467, "tb": -0.5702049944889496, "tc": -0.32809913582349987, "td": 0.5135199699196772}}, {"target": 0.99979307626049, "params": {"ta": 0.1628060933869198, "tb": -0.5806523664475637, "tc": -0.343805135943905, "td": 0.535528415073298}}, {"target": 0.999967296136118, "params": {"ta": 0.5158784643373407, "tb": -0.334463821107481, "tc": -0.5613101909158525, "td": 0.16115438514127461}}, {"target": 0.9999069677097729, "params": {"ta": 0.5665923319418213, "tb": -0.3306731353262289, "tc": -0.611639120045719, "td": 0.12683242902337669}}, {"target": 0.9998626936229352, "params": {"ta": 0.30756219024039355, "tb": -0.41935896434398257, "tc": -0.4165733268882129, "td": 0.3278545414509217}}, {"target": 0.9998476255380381, "params": {"ta": 0.056554650326997066, "tb": -0.6924004866875466, "tc": -0.3134022659881311, "td": 0.6827256135476018}}, {"target": 0.9999337439845221, "params": {"ta": 0.7482103721381709, "tb": -0.30080728199478646, "tc": -0.750159842429305, "td": 0.014290680937809065}}, {"target": 0.9997899961430737, "params": {"ta": 0.8222068683218388, "tb": -0.30947019726572395, "tc": -0.8079534390683554, "td": -0.012847734483772558}}, {"target": 0.9999776597589674, "params": {"ta": 0.2368644743473615, "tb": -0.48818662284395015, "tc": -0.37381411197824976, "td": 0.4103615041331734}}, {"target": 0.9999590921015041, "params": {"ta": 0.7943194585697764, "tb": -0.30023350626490886, "tc": -0.7985473513335279, "td": -0.0077600598061311355}}, {"target": 0.9999439660570532, "params": {"ta": 0.09339258762602796, "tb": -0.6645650935800708, "tc": -0.3103626880465905, "td": 0.6356404752445237}}, {"target": 0.9999408911511272, "params": {"ta": 0.6063827534914514, "tb": -0.3219446473958138, "tc": -0.635692449242472, "td": 0.10937731506121019}}, {"target": 0.9999363516775728, "params": {"ta": 0.021551141199474995, "tb": -0.7500692709139768, "tc": -0.3013189649822169, "td": 0.7517265833956072}}, {"target": 0.9999580287614465, "params": {"ta": 0.39804099468633963, "tb": -0.37880023767288007, "tc": -0.4808025481879436, "td": 0.24562197789165835}}, {"targe