{"all": [{"target": 0.5862489520592271, "params": {"ta": 0.047149509560195535, "tb": -0.5332307458778749, "tc": -0.6376729846708268, "td": -0.01379180464684765}}, {"target": 0.49781568351875716, "params": {"ta": 0.2253926817990875, "tb": -0.818771387204686, "tc": -0.3997810154237853, "td": -0.0821216376118547}}, {"target": 0.8933647187281651, "params": {"ta": 0.12727733557334214, "tb": -0.22181390246671973, "tc": -0.4901455610801826, "td": 0.38895055731405687}}, {"target": 0.9247636652837481, "params": {"ta": 0.10356768160281643, "tb": -0.02125077830821953, "tc": -0.23292742978320213, "td": 0.11866494143743905}}, {"target": 0.7385138994812652, "params": {"ta": 0.2344579116603272, "tb": -0.23253253430125143, "tc": -0.7959422161744245, "td": 0.0566466147840467}}, {"target": 0.5718340844498353, "params": {"ta": 0.21078108415937752, "tb": -0.8179357509437224, "tc": -0.018741876773524124, "td": 0.10475449679590249}}, {"target": 0.8134469384552768, "params": {"ta": 0.4724414100379823, "tb": -0.07246278519105998, "tc": -0.7907042758315123, "td": 0.39085230201118154}}, {"target": 0.740808669283119, "params": {"ta": 0.42450219871069067, "tb": -0.44581303258129246, "tc": -0.05334715920605304, "td": 0.6582292268466525}}, {"target": 0.9689696503507367, "params": {"ta": 0.01891388898554619, "tb": -0.5613055608385048, "tc": -0.2859365235722522, "td": 0.7271319161662086}}, {"target": 0.4869728387095352, "params": {"ta": 0.7832352558729563, "tb": -0.5679910921677574, "tc": -0.06510345688623231, "td": -0.07314257760069437}}, {"target": 0.6900267191281438, "params": {"ta": 0.41449132529590066, "tb": -0.3962925274370992, "tc": -0.1070926811917422, "td": 0.7533689807719235}}, {"target": 0.9221397354987175, "params": {"ta": 0.05063048544200727, "tb": -0.428790293103944, "tc": -0.14309088640701295, "td": 0.19257042118100326}}, {"target": 0.700463599905852, "params": {"ta": 0.16111632198056752, "tb": -0.34892676149402835, "tc": -0.8544555974992649, "td": 0.41569306147418333}}, {"target": 0.6307339260145958, "params": {"ta": 0.5016875487799144, "tb": 0.1149051187455985, "tc": -0.09435898300164658, "td": 0.24961904393777107}}, {"target": 0.865378563194517, "params": {"ta": 0.1796528844372583, "tb": -0.4686093720503367, "tc": -0.011506158103229969, "td": 0.662504579088308}}, {"target": 0.48209066805991374, "params": {"ta": 0.025756305206568963, "tb": -0.01846643196761444, "tc": -0.7983462745316505, "td": -0.014487388249961597}}, {"target": 0.6902172873389608, "params": {"ta": 0.3232190316437287, "tb": -0.8129071351424331, "tc": -0.7729565296003084, "td": 0.7253298303498559}}, {"target": 0.8972448818881432, "params": {"ta": -0.042081071068015896, "tb": -0.4132972346033239, "tc": 0.09547684863315387, "td": 0.34363028019141467}}, {"target": 0.8311172268934736, "params": {"ta": 0.5027392445148995, "tb": -0.22506401519758523, "tc": -0.8536152886347721, "td": -0.1477317760488484}}, {"target": 0.7211831039919344, "params": {"ta": -0.08321614179027742, "tb": -0.6046599735812117, "tc": 0.022924154013914455, "td": 0.13542367291737362}}, {"target": 0.9198327615711969, "params": {"ta": 0.18870780992225106, "tb": -0.8767119715332673, "tc": -0.2944580073747153, "td": 0.5748731219938479}}, {"target": 0.6018754190794509, "params": {"ta": 0.010156416224773646, "tb": -0.09024959466516003, "tc": -0.6870722072620099, "td": 0.04558409094153487}}, {"target": 0.862396227100275, "params": {"ta": 0.39124975102125054, "tb": -0.7735680888514841, "tc": -0.5402195971873099, "td": 0.529282294395427}}, {"target": 0.805759230501288, "params": {"ta": 0.7567112587841187, "tb": -0.4375498761359351, "tc": -0.8118154543646497, "td": 0.42926312213358714}}, {"target": 0.8880074833374839, "params": {"ta": 0.4369620804525047, "tb": -0.6867280472232967, "tc": -0.4679419629216707, "td": 0.2620665342235325}}, {"target": 0.6924006947450786, "params": {"ta": 0.19155928339376044, "tb": -0.2493573961001435, "tc": -0.6011524940145874, "td": 0.7716662126606908}}, {"target": 0.8279306389235965, "params": {"ta": 0.44404009744678513, "tb": -0.18139237286662457, "tc": -0.07385800374512663, "td": -0.009509262954758013}}, {"target": 0.6234003793121836, "params": {"ta": 0.5098661007382728, "tb": -0.3894584131653196, "tc": 0.0879579279647319, "td": 0.055040934356422155}}, {"target": 0.6878138308157388, "params": {"ta": -0.004479322989814738, "tb": 0.038279730317620886, "tc": -0.5313364297150628, "td": 0.01843074464429234}}, {"target": 0.8884871846595348, "params": {"ta": 0.30105300398476115, "tb": -0.2719194590710684, "tc": -0.6588816356736086, "td": 0.4213211607189605}}, {"target": 0.7697039674169658, "params": {"ta": 0.1676581006543581, "tb": -0.3589847651495799, "tc": -0.6679892321153007, "td": 0.6980403780962015}}, {"target": 0.6433532362103164, "params": {"ta": 0.42669777926870217, "tb": -0.18551801379508892, "tc": -0.6953487240925756, "td": 0.7438289140903742}}, {"target": 0.5897626460922555, "params": {"ta": 0.6212636115976753, "tb": 0.019004934138972418, "tc": -0.6763939879150287, "td": 0.656404496328511}}, {"target": 0.9708379331413073, "params": {"ta": 0.6895515623124746, "tb": -0.30088023820765386, "tc": -0.5371112885469952, "td": 0.08463457708262828}}, {"target": 0.7150333991116022, "params": {"ta": 0.45056846887671403, "tb": -0.7927463227198597, "tc": -0.5964951171706228, "td": 0.7853784767946106}}, {"target": 0.4146248031479133, "params": {"ta": -0.1468198026730803, "tb": -0.3838856792965265, "tc": -0.8332011190818339, "td": 0.2066286243286412}}, {"target": 0.6732343700000374, "params": {"ta": 0.35346028736988605, "tb": -0.4751276688982812, "tc": -0.8411329211256627, "td": -0.14082702948488007}}, {"target": 0.8159814360452446, "params": {"ta": 0.7895955107709067, "tb": -0.06394133655022272, "tc": -0.3864783521032832, "td": 0.009094254849396355}}, {"target": 0.7329994965121274, "params": {"ta": 0.4908513110668456, "tb": -0.8819332927344818, "tc": -0.6191096008616735, "td": 0.4854839680948508}}, {"target": 0.4580076363893191, "params": {"ta": 0.07153778618876822, "tb": -0.15501320650492145, "tc": -0.812732163753243, "td": -0.18137553395013933}}, {"target": 0.8075217218421078, "params": {"ta": -0.021470175710720685, "tb": -0.6508747935978364, "tc": -0.2959340928295999, "td": 0.23743930598836133}}, {"target": 0.9437635482640356, "params": {"ta": 0.20584193157684688, "tb": -0.671583027575984, "tc": -0.4880484085307448, "td": 0.46848346701987326}}, {"target": 0.8249153638226148, "params": {"ta": 0.6851111413253825, "tb": -0.6710724796874227, "tc": -0.7566353940817907, "td": -0.01220693896602848}}, {"target": 0.9511111876368434, "params": {"ta": 0.3971744857300485, "tb": -0.39935329612336734, "tc": -0.2759376942472037, "td": 0.4010617192295863}}, {"target": 0.765184400127367, "params": {"ta": 0.12211286560748408, "tb": 0.0018067421837857367, "tc": -0.581860548146822, "td": 0.1186554574880932}}, {"target": 0.7181943065992981, "params": {"ta": 0.7150415324222275, "tb": -0.4994977054041373, "tc": -0.4335560578279607, "td": 0.5738166473628621}}, {"target": 0.8100857071495468, "params": {"ta": 0.38208294610582355, "tb": -0.7489498810221935, "tc": 0.009145286393095642, "td": 0.6979671315411045}}, {"target": 0.5453448787221659, "params": {"ta": -0.0994570054792277, "tb": -0.5442287023187805, "tc": -0.06667301307926954, "td": -0.12755917427976887}}, {"target": 0.8233011124530065, "params": {"ta": -0.0014093640443657018, "tb": -0.3972351236790831, "tc": -0.2994987467263296, "td": 0.06533358224010072}}, {"target": 0.4458523119971219, "params": {"ta": 0.2281159899698551, "tb": -0.007551592290880982, "tc": 0.08162641342250121, "td": 0.6912231476731996}}, {"target": 0.7076095399162182, "params": {"ta": 0.45593922348805555, "tb": -0.8525283959604509, "tc": -0.7508798103230389, "td": 0.4204677793641532}}, {"target": 0.7961118077420098, "params": {"ta": -0.15535686218651507, "tb": -0.33367887221312265, "tc": 0.11592900771318726, "td": -0.0025146426101328445}}, {"target": 0.7954614874557575, "params": {"ta": 0.046654058593130154, "tb": -0.5112112821760442, "tc": -0.4294602458322475, "td": 0.11621463685321837}}, {"target": 0.699985467783011, "params": {"ta": 0.4333547625768002, "tb": -0.5198211108006355, "tc": -0.1375040432023329, "td": -0.0896431985211304}}, {"target": 0.725980902594267, "params": {"ta": 0.45439320735559424, "tb": -0.6945588793290493, "tc": -0.2490652233497469, "td": 0.050361077261462495}}, {"target": 0.5810274014642934, "params": {"ta": -0.033294480278819816, "tb": -0.37994913655738827, "tc": -0.4385047777134504, "td": -0.15192126054019822}}, {"target": 0.6962491624022782, "params": {"ta": 0.6721026648743504, "tb": -0.7985623613892268, "tc": -0.3594824051196416, "td": 0.16523561146382387}}, {"target": 0.3095421921879646, "params": {"ta": 0.15353755172886735, "tb": -0.8623702413105123, "tc": -0.1555803822409343, "td": -0.1732824261390868}}, {"target": 0.52481588395953, "params": {"ta": -0.07118691956065232, "tb": -0.5047166621470033, "tc": -0.7239640130361817, "td": 0.11928581326305249}}, {"target": 0.8435024115249767, "params": {"ta": -0.06214581507787015, "tb": -0.017357544367262112, "tc": -0.2394219507578106, "td": -0.062166463432405894}}, {"target": 0.6156607168909771, "params": {"ta": 0.5451356218575154, "tb": 0.034270223458176874, "tc": 0.006320396190090727, "td": 0.16052449073259417}}, {"target": 0.5642375681042501, "params": {"ta": 0.7085584524557476, "tb": -0.4758437185668699, "tc": -0.7315968866941266, "td": 0.7563594726927405}}, {"target": 0.9405514079947443, "params": {"ta": 0.36115505615558324, "tb": -0.569077792917582, "tc": -0.48221999079633593, "td": 0.22421096684155556}}, {"target": 0.7416448536374342, "params": {"ta": 0.3081074377829753, "tb": -0.8123091749186543, "tc": -0.31883536180366845, "td": 0.1790614911318013}}, {"target": 0.8927852399833257, "params": {"ta": -0.19719457113149402, "tb": -0.8589462070469916, "tc": 0.004008299075638624, "td": 0.802805428868506}}, {"target": 0.9953425413585997, "params": {"ta": 0.40346921076833536, "tb": -0.25110324248615956, "tc": -0.4399348360093162, "td": 0.13742648747353053}}, {"target": 0.9920560666598829, "params": {"ta": 0.802805428868506, "tb": -0.21617985363675854, "tc": -0.8781057570518378, "td": 0.024213001678723586}}, {"target": 0.9989739563973221, "params": {"ta": 0.14566629564223496, "tb": -0.5554921445508871, "tc": -0.2568369990073801, "td": 0.5051255764949254}}, {"target": 0.9940932057747888, "params": {"ta": 0.6403140687579505, "tb": -0.26779320398489825, "tc": -0.7223548540107638, "td": 0.11481252128131961}}, {"target": 0.8207240128565245, "params": {"ta": 0.802805428868506, "tb": 0.11759105432798445, "tc": -0.8824089456720156, "td": -0.19719457113149402}}, {"target": 0.9904753163306684, "params": {"ta": 0.802805428868506, "tb": -0.3000943413405818, "tc": -0.748774181884637, "td": -0.07342882952323738}}, {"target": 0.9959781419913157, "params": {"ta": 0.2561166521387923, "tb": -0.3461623390197476, "tc": -0.32931765939723484, "td": 0.25734369762495646}}, {"target": 0.9217098881668448, "params": {"ta": -0.19719457113149402, "tb": -0.513669580865893, "tc": -0.12728780717601207, "td": 0.6095920222336778}}, {"target": 0.9964486653943375, "params": {"ta": 0.04344508342313776, "tb": -0.6962722191561435, "tc": -0.20017403314772778, "td": 0.659757782019964}}, {"target": 0.9912173357923372, "params": {"ta": -0.0696807069699318, "tb": -0.8141790071050604, "tc": -0.3226776157733501, "td": 0.802805428868506}}, {"target": 0.994280073436517, "params": {"ta": 0.0650380722432709, "tb": -0.7823414628485954, "tc": -0.24595893521115042, "td": 0.802805428868506}}, {"target": 0.9788426922537069, "params": {"ta": 0.802805428868506, "tb": -0.3661981266325096, "tc": -0.8824089456720156, "td": 0.015490297376109846}}, {"target": 0.9970762237536696, "params": {"ta": 0.46908328855834264, "tb": -0.3452081986904292, "tc": -0.5244706445942067, "td": 0.22656790533199345}}, {"target": 0.9912674022907472, "params": {"ta": 0.802805428868506, "tb": -0.26277262842032373, "tc": -0.747979059681942, "td": 0.06826997018144523}}, {"target": 0.9973883210814354, "params": {"ta": 0.2686040384683181, "tb": -0.47874766606535485, "tc": -0.3765800731680085, "td": 0.40060059496163253}}, {"target": 0.9942049805739507, "params": {"ta": 0.07760139489248669, "tb": -0.7087412350418398, "tc": -0.32843865751746093, "td": 0.6880400659638496}}, {"target": 0.997004851411234, "params": {"ta": 0.546015502801485, "tb": -0.26452993802187075, "tc": -0.5836068997412079, "td": 0.06403622491552488}}, {"target": 0.9355757924544186, "params": {"ta": -0.19719457113149402, "tb": 0.11759105432798445, "tc": 0.11759105432798445, "td": 0.009748101007124001}}, {"target": 0.9355241277563375, "params": {"ta": 0.01002030557661373, "tb": 0.11759105432798445, "tc": 0.11759105432798445, "td": -0.19719457113149402}}, {"target": 0.9984984799883723, "params": {"ta": 0.7107475549627248, "tb": -0.22829833441452077, "tc": -0.719585855626539, "td": 0.0022960453864753257}}, {"target": 0.9919022962848186, "params": {"ta": -0.056075139199400756, "tb": -0.725121192426088, "tc": -0.23601691594451557, "td": 0.802805428868506}}, {"target": 0.9957445220206407, "params": {"ta": 0.14503405637992234, "tb": -0.429356232570074, "tc": -0.26000701536555026, "td": 0.4014520570612021}}, {"target": 0.9997822905442638, "params": {"ta": 0.35960638822585617, "tb": -0.3646231860038983, "tc": -0.4278515900239198, "td": 0.2586859698688524}}, {"target": 0.9949600004420364, "params": {"ta": 0.6837782415267122, "tb": -0.3201780620928027, "tc": -0.7038183925102203, "td": 0.0322803655699928}}, {"target": 0.9948155002975518, "params": {"ta": 0.22957239638401425, "tb": -0.48899976409033574, "tc": -0.2817081936129616, "td": 0.3772120466051311}}, {"target": 0.9973747865374262, "params": {"ta": -0.008049625507882461, "tb": -0.7899222749253002, "tc": -0.25121405903918764, "td": 0.7422209935027445}}, {"target": 0.9978944481821265, "params": {"ta": 0.5189222614884657, "tb": -0.24639885484997315, "tc": -0.5572344567236146, "td": 0.15406973719372696}}, {"target": 0.9975575209433241, "params": {"ta": 0.054247270977469154, "tb": -0.6059130990621974, "tc": -0.26869036372897365, "td": 0.5784432802348699}}, {"target": 0.9982759679501302, "params": {"ta": 0.47713196525931767, "tb": -0.3168041936584051, "tc": -0.5004314091114367, "td": 0.14317041319955878}}, {"target": 0.9980516641260503, "params": {"ta": 0.1330961639928194, "tb": -0.6309633507237499, "tc": -0.2721492409384445, "td": 0.6094873846826938}}, {"target": 0.9991538259023206, "params": {"ta": 0.16948527082676074, "tb": -0.518026302500014, "tc": -0.3254447571229721, "td": 0.4820646673866839}}, {"target": 0.9994220970630999, "params": {"ta": 0.802805428868506, "tb": -0.24390614150993076, "tc": -0.8106689947868952, "td": -0.029059879867147545}}, {"target": 0.9978846732396517, "params": {"ta": 0.40315177548256353, "tb": -0.3022809603355262, "tc": -0.5007737694587153, "td": 0.19557886487161194}}, {"target": 0.9998680446159143, "params": {"ta": 0.632812316104546, "tb": -0.2537645454882267, "tc": -0.6435436168268216, "td": 0.07811255415015589}}, {"target": 0.9996440857595807, "params": {"ta": 0.027379574289339636, "tb": -0.7178243939141735, "tc": -0.2603881005203604, "td": 0.7272319829497201}}, {"target": 0.9989160817730501, "params": {"ta": 0.5576878351542365, "tb": -0.3038584204635083, "tc": -0.6024983809640273, "td": 0.1333953400303916}}, {"target": 0.9991827820440305, "params": {"ta": 0.7551313086044686, "tb": -0.26400682269206854, "tc": -0.783960120880927, "td": 0.015947838229813695}}, {"target": 0.9998974901309778, "params": {"ta": 0.263328775038787, "tb": -0.40174195995106216, "tc": -0.35870903787067676, "td": 0.3411534535556887}}, {"target": 0.9989862504139135, "params": {"ta": 0.4083516138075972, "tb": -0.3052241881765821, "tc": -0.4401799376281979, "td": 0.21936856045802222}}, {"target": 0.9995289570392578, "params": {"ta": 0.21272715628224514, "tb": -0.45879374243590015, "tc": -0.31371324669871037, "td": 0.42415460302305213}}, {"target": 0.9999168063553373, "params": {"ta": 0.06437486475577432, "tb": -0.673096627287189, "tc": -0.26176017982268474, "td": 0.6483259188834384}}, {"target": 0.9992724189006666, "params": {"ta": -0.0016510597115237796, "tb": -0.7968545475191974, "tc": -0.2758013133584091, "td": 0.802805428868506}}, {"target": 0.9990689316114877, "params": {"ta": 0.1972200558269315, "tb": -0.45829888545309133, "tc": -0.33205586033029083, "td": 0.3909338346366794}}, {"target": 0.9991960407716255, "params": {"ta": 0.31393983311844836, "tb": -0.4008782212895772, "tc": -0.3717695682531638, "td": 0.29978116787663156}}, {"target": 0.9993504498737256, "params": {"ta": 0.3192834981031878, "tb": -0.34397171382628566, "tc": -0.3982927660026992, "td": 0.284098785764337}}, {"target": 0.9991935147774526, "params": {"ta": -0.015466018932582787, "tb": -0.8233178493001861, "tc": -0.23490224453167244, "td": 0.802805428868506}}, {"target": 0.9994145609567634, "params": {"ta": 0.13172592904519984, "tb": -0.5901774503030802, "tc": -0.29711318393604885, "td": 0.5435170250873421}}, {"target": 0.9993591387795182, "params": {"ta": 0.11461435486792486, "tb": -0.5539527790764683, "tc": -0.2703515686608718, "td": 0.547361876315821}}, {"target": 0.9991831674012199, "params": {"ta": 0.35368629021507053, "tb": -0.3272389039788135, "tc": -0.4110129280885987, "td": 0.21906291817164517}}, {"target": 0.9999191543824408, "params": {"ta": 0.6995603389356537, "tb": -0.2572996249055881, "tc": -0.7043601043375074, "td": 0.047620033512511685}}, {"target": 0.9995100922000809, "params": {"ta": 0.6465290047754956, "tb": -0.25805956979210887, "tc": -0.6781143207760736, "td": 0.050901355627852723}}, {"target": 0.9992843715404599, "params": {"ta": 0.802805428868506, "tb": -0.23804412618300957, "tc": -0.7768493779795153, "td": -0.006775553540132717}}, {"target": 0.9999429064681066, "params": {"ta": 0.49102864522607775, "tb": -0.2884753103320286, "tc": -0.5381914058028814, "td": 0.15345988968977753}}, {"target": 0.9998115464861034, "params": {"ta": 0.5603931737166652, "tb": -0.27174517624865646, "tc": -0.5758677972835333, "td": 0.11312917856804074}}, {"target": 0.9997550717830722, "params": {"ta": 0.1593969128614056, "tb": -0.5034022124444415, "tc": -0.28815470582191854, "td": 0.45679059487482165}}, {"target": 0.9997275285916648, "params": {"ta": 0.08847845115032303, "tb": -0.6182033545952302, "tc": -0.24853492522553702, "td": 0.5991005623534809}}, {"target": 0.99971266762142, "params": {"ta": 0.5788600979222189, "tb": -0.260653289923757, "tc": -0.620387886136709, "td": 0.10221111314101944}}, {"target": 0.9997196702950005, "params": {"ta": 0.802805428868506, "tb": -0.2653668761731208, "tc": -0.8034728004137792, "td": -0.0024887042352205683}}, {"target": 0.999549960275001, "params": {"ta": 0.05996489860253907, "tb": -0.7194025388506635, "tc": -0.2503675341867578, "td": 0.6997973243232889}}, {"target": 0.9998623312475042, "params": {"ta": 0.24086634377110588, "tb": -0.4287461328059596, "tc": -0.3285801116934853, "td": 0.36666303045214604}}, {"target": 0.9998875888426042, "params": {"ta": 0.418483571293682, "tb": -0.32753698968026457, "tc": -0.46834755593370625, "td": 0.20442575322045728}}, {"target": 0.9998961047898706, "params": {"ta": 0.45665420610886276, "tb": -0.294487860931566, "tc": -0.49723726157841786, "td": 0.17925958030273892}}, {"target": 0.9997412285707337, "params": {"ta": 0.004430606411613715, "tb": -0.7737412504913497, "tc": -0.23666842773626198, "td": 0.7818168770350774}}, {"target": 0.9996308342714149, "params": {"ta": 0.05621357583699243, "tb": -0.6686872251020426, "tc": -0.2483913006970745, "td": 0.6723619409727415}}, {"target": 0.9994996889542436, "params": {"ta": 0.31142194940296086, "tb": -0.39472180950373964, "tc": -0.4045700016280494, "td": 0.31589304973340765}}, {"target": 0.9996911387425752, "params": {"ta": 0.7472535907424335, "tb": -0.25839374450940406, "tc": -0.7396528260637494, "td": 0.00903100238149168}}, {"target": 0.9997558126817997, "params": {"ta": 0.6135774670624894, "tb": -0.27869272986026344, "tc": -0.6329159687452968, "td": 0.08642524154719933}}, {"target": 0.9996584357543837, "params": {"ta": 0.1936793323305889, "tb": -0.5137631589665995, "tc": -0.30663817239101265, "td": 0.45951418391368865}}, {"target": 0.9999554779176503, "params": {"ta": 0.15231162731112985, "tb": -0.5401579852130783, "tc": -0.290102496219875, "td": 0.5058522634904956}}, {"target": 0.9998182616734578, "params": {"ta": 0.7259725750834098, "tb": -0.24145291046486164, "tc": -0.7404656684820351, "td": 0.03311790512296612}}, {"target": 0.9998365311876257, "params": {"ta": -0.019365994311143327, "tb": -0.7941830675020802, "tc": -0.25023075960674546, "td": 0.802805428868506}}, {"target": 0.9998240858925125, "params": {"ta": 0.09083180443480234, "tb": -0.6255980839937745, "tc": -0.27711836669462664, "td": 0.6069361903273467}}, {"target": 0.9999051963183391, "params": {"ta": 0.38170608659010447, "tb": -0.3347499812803894, "tc": -0.4486758848578561, "td": 0.23956430267986412}}, {"target": 0.9999613604837645, "params": {"ta": 0.5253037031286667, "tb": -0.27961873399039405, "tc": -0.5635822651440308, "td": 0.1287167558423826}}, {"target": 0.999780679833755, "params": {"ta": 0.29726808496092055, "tb": -0.3777627696288639, "tc": -0.3862621307133211, "td": 0.29108216494480926}}, {"target": 0.9997921599242598, "params": {"ta": 0.12759399112508799, "tb": -0.5509971175876406, "tc": -0.2816764225375603, "td": 0.51076821763273}}, {"target": 0.9999728326483077, "params": {"ta": 0.11035846745001766, "tb": -0.5961617611181332, "tc": -0.2676474095943769, "td": 0.5641061031425988}}, {"target": 0.9998863980488365, "params": {"ta": 0.037389797949370716, "tb": -0.7027196471718221, "tc": -0.2558539446963046, "td": 0.6878668764732891}}, {"target": 0.9999800047508494, "params": {"ta": 0.022999606264790324, "tb": -0.7526298325298997, "tc": -0.25116221859776827, "td": 0.7461406983484241}}, {"target": 0.9999198650148187, "params": {"ta": 0.2619737579370226, "tb": -0.42711961174281277, "tc": -0.3560990440738656,