{"all": [{"target": 0.521102683189447, "params": {"ta": 0.061321905559140744, "tb": -0.45885164002652945, "tc": -0.8711835154857649, "td": 0.18666000451299858}}, {"target": 0.8388558514621758, "params": {"ta": 0.6646474881538634, "tb": -0.2970505430506184, "tc": -0.8257506928171275, "td": -0.05604291731294875}}, {"target": 0.32504756957973313, "params": {"ta": 0.6256703357778677, "tb": -0.0194134561518865, "tc": -0.22221538527241702, "td": 0.6916098834369535}}, {"target": 0.49665948678217575, "params": {"ta": 0.18035463644735994, "tb": -0.13560412427132496, "tc": -0.8726938122417551, "td": 0.7095560248367078}}, {"target": 0.6071213820721564, "params": {"ta": 0.2472597665090177, "tb": -0.8652773587665082, "tc": -0.8389968372323369, "td": 0.6889698396133459}}, {"target": 0.7853088717739027, "params": {"ta": 0.28174718900110585, "tb": -0.655207149851702, "tc": -0.23201290299258015, "td": 0.3163650462086923}}, {"target": 0.8011908550857103, "params": {"ta": -0.10932691247871529, "tb": -0.4687087001879945, "tc": -0.3130074044186676, "td": 0.7102086941390545}}, {"target": 0.6480205978235523, "params": {"ta": 0.5112309060986187, "tb": -0.6581787457962102, "tc": -0.3794760838162625, "td": -0.05724268630581286}}, {"target": 0.6900276025376819, "params": {"ta": 0.6245721280507985, "tb": -0.697519045374936, "tc": -0.9311809331103099, "td": -0.024687060264005023}}, {"target": 0.6510382268867357, "params": {"ta": 0.30276806291533054, "tb": -0.007703927237431185, "tc": -0.733105768149044, "td": -0.046917749149803845}}, {"target": 0.515252952452451, "params": {"ta": 0.23107434582930242, "tb": -0.21532691859474817, "tc": -0.8867184499141181, "td": 0.7674679306870331}}, {"target": 0.6134606979617281, "params": {"ta": -0.017498866046433137, "tb": -0.08629459073840684, "tc": -0.5475023742922602, "td": 0.09377720483826346}}, {"target": 0.585090518279971, "params": {"ta": 0.48594725032967445, "tb": -0.448833978131685, "tc": -0.5691475050546908, "td": 0.8355802952596908}}, {"target": 0.5233708355813697, "params": {"ta": 0.7132773282710223, "tb": -0.6801137068121, "tc": -0.48076945811137006, "td": 0.7286503213588388}}, {"target": 0.556144659461629, "params": {"ta": -0.1539089415054684, "tb": -0.6956718079558171, "tc": -0.044912473604041714, "td": 0.1841130935898616}}, {"target": 0.3715103666543528, "params": {"ta": 0.4250540789214384, "tb": -0.9374319063882054, "tc": -0.43129738015742813, "td": -0.15792471410807074}}, {"target": 0.7539442679259954, "params": {"ta": 0.15866530785330335, "tb": -0.8038583809275468, "tc": -0.2202798190342945, "td": 0.40720519225213936}}, {"target": 0.5818169253115716, "params": {"ta": 0.5162475834099977, "tb": -0.41772094783191516, "tc": -0.042598138251635054, "td": 0.5368091270431428}}, {"target": 0.38759306417202066, "params": {"ta": 0.08300088396123761, "tb": -0.019883897194156286, "tc": 0.006282594708236777, "td": 0.7916919281574042}}, {"target": 0.75151175787355, "params": {"ta": 0.49745547698388715, "tb": -0.4626585756764211, "tc": -0.20765810773004567, "td": 0.2457738728865574}}, {"target": 0.5862455685193659, "params": {"ta": 0.5049932740373069, "tb": -0.21636760575533842, "tc": -0.21941663800757527, "td": 0.5764704396246858}}, {"target": 0.5244332938850103, "params": {"ta": -0.11951563074314309, "tb": -0.9080309247907086, "tc": -0.47420942708452785, "td": 0.2961916042637376}}, {"target": 0.6659969467833313, "params": {"ta": 0.4838943405945505, "tb": -0.1370023873620836, "tc": -0.1457271342636427, "td": 0.282648758669229}}, {"target": 0.4964949333714818, "params": {"ta": 0.7688160979559154, "tb": -0.30422841093367514, "tc": -0.44313356246383917, "td": 0.6508364299957764}}, {"target": 0.4268133290417627, "params": {"ta": 0.8231352994033174, "tb": -0.8486419343643756, "tc": -0.29812613819543254, "td": 0.6960577406526074}}, {"target": 0.7045717944513712, "params": {"ta": 0.40754380479163066, "tb": -0.029540236355637295, "tc": -0.10231516735701729, "td": 0.07010535743474955}}, {"target": 0.6894334660089259, "params": {"ta": 0.03023476336916564, "tb": -0.2028311914365546, "tc": -0.42065704976916585, "td": -0.004661220107599839}}, {"target": 0.7038675555443171, "params": {"ta": 0.4624049369810601, "tb": -0.1525830823130926, "tc": -0.18607930975080722, "td": 0.2927694633848509}}, {"target": 0.6541435787939711, "params": {"ta": -0.1264504153595506, "tb": -0.04943785639666021, "tc": -0.35122160164694805, "td": 0.0881716626854212}}, {"target": 0.698863372925177, "params": {"ta": 0.7794773384297612, "tb": -0.4846109486034773, "tc": -0.5892148014876667, "td": 0.41435563198284553}}, {"target": 0.6307041073984125, "params": {"ta": 0.41260094500675015, "tb": -0.033235134785937426, "tc": -0.2395916893567508, "td": 0.41945446235568296}}, {"target": 0.7286288130451517, "params": {"ta": -0.07702142600147133, "tb": -0.3346607452623307, "tc": -0.2145918707519594, "td": 0.74368225101132}}, {"target": 0.3638640654760501, "params": {"ta": 0.8297539191251092, "tb": -0.5570322291207415, "tc": -0.0022489113748330736, "td": 0.48408194764002954}}, {"target": 0.6164457045084133, "params": {"ta": 0.06946682454353814, "tb": -0.8364255001271071, "tc": -0.8568574152985976, "td": 0.6182531061735042}}, {"target": 0.6450464477625864, "params": {"ta": 0.013118627797940374, "tb": -0.18793546473910283, "tc": -0.6226938548933163, "td": 0.2529347053433154}}, {"target": 0.6816009236046254, "params": {"ta": 0.6165011351105965, "tb": -0.4400706231431626, "tc": -0.5951316655397084, "td": 0.6057272173244663}}, {"target": 0.6578128407081907, "params": {"ta": 0.04784230548076629, "tb": -0.8633742599793562, "tc": 0.016112570906009593, "td": 0.460580869715733}}, {"target": 0.5498389483663536, "params": {"ta": 0.6781746093463938, "tb": -0.7819391257380711, "tc": -0.46603645648984804, "td": 0.7067881624181789}}, {"target": 0.8318804224595776, "params": {"ta": 0.09043664915763117, "tb": -0.4912864560104674, "tc": -0.4887322485761163, "td": 0.45706726562755573}}, {"target": 0.6531465363636304, "params": {"ta": 0.19763916967240358, "tb": -0.29375111616465477, "tc": 0.014981218265839868, "td": 0.5989787900286919}}, {"target": 0.8334360217555807, "params": {"ta": 0.22370107827816, "tb": -0.3615777423910804, "tc": -0.3029682814050896, "td": 0.1701121045799936}}, {"target": 0.8302625540066519, "params": {"ta": 0.26072037205789256, "tb": -0.7524649732706491, "tc": -0.3468196810644022, "td": 0.5905226040732204}}, {"target": 0.7586401829459399, "params": {"ta": 0.8283912702825744, "tb": -0.6074728332027045, "tc": -0.6344957685786505, "td": -0.0352670436058663}}, {"target": 0.6808942601667817, "params": {"ta": -0.10649985855404054, "tb": -0.1847706606347872, "tc": -0.31655334197767915, "td": 0.6114685150697168}}, {"target": 0.6559396355259743, "params": {"ta": 0.012668185243523311, "tb": -0.6205213424918952, "tc": -0.7947672611416298, "td": 0.5315539431108991}}, {"target": 0.5093395398468017, "params": {"ta": -0.12088216361157655, "tb": -0.4196825955815725, "tc": -0.8662935939953162, "td": 0.6200332319980082}}, {"target": 0.7949600766418246, "params": {"ta": -0.07069717062144387, "tb": -0.4449037086790508, "tc": -0.40721291128014514, "td": 0.48799879343391406}}, {"target": 0.8249517272141349, "params": {"ta": 0.029978189390471477, "tb": -0.8141248259701023, "tc": -0.3825964967969304, "td": 0.5945510016284635}}, {"target": 0.7917837329230631, "params": {"ta": 0.28821606506235775, "tb": -0.05624912007520222, "tc": -0.2916481214777622, "td": -0.0511842193418417}}, {"target": 0.6976817045954423, "params": {"ta": 0.3553378358678766, "tb": -0.6480701408779899, "tc": -0.015071852501331806, "td": 0.5984626330751057}}, {"target": 0.5396221285104957, "params": {"ta": 0.7268420429779688, "tb": -0.9048271435400022, "tc": -0.3723811254236946, "td": 0.1483726847195923}}, {"target": 0.8017377393077754, "params": {"ta": 0.23206369981998665, "tb": -0.31416180080463274, "tc": -0.5928909899129101, "td": 0.19736941858586654}}, {"target": 0.7093794166121794, "params": {"ta": 0.30693043632784744, "tb": -0.8837372634958263, "tc": -0.6063425524528125, "td": 0.4545275304826413}}, {"target": 0.5046078940158947, "params": {"ta": 0.10101009627807134, "tb": -0.778522655800988, "tc": -0.8996274676720636, "td": 0.2512170019761216}}, {"target": 0.7455176305612645, "params": {"ta": 0.3739067061586293, "tb": -0.7369702293082062, "tc": -0.4757153199612447, "td": 0.748125993887575}}, {"target": 0.5556149287308096, "params": {"ta": 0.6207156397438756, "tb": -0.8404024090467762, "tc": -0.07401153288847206, "td": 0.4587485373362655}}, {"target": 0.814297019928345, "params": {"ta": 0.12232771930532604, "tb": -0.4101200267390508, "tc": -0.28966942549494745, "td": 0.6364669131562215}}, {"target": 0.4568801266631653, "params": {"ta": 0.787623336150676, "tb": -0.6799897194342573, "tc": -0.06331566657270837, "td": 0.30998206763041325}}, {"target": 0.7801148299356991, "params": {"ta": 0.6855354563002779, "tb": -0.6176719289843486, "tc": -0.707138598987458, "td": 0.0034567005304448895}}, {"target": 0.5448759041344541, "params": {"ta": 0.7925459264255055, "tb": -0.927258215072139, "tc": -0.8130433841003252, "td": 0.20284297536183638}}, {"target": 0.7043323847171568, "params": {"ta": 0.5348592965929616, "tb": -0.48416776626158164, "tc": -0.6559358439938721, "td": 0.6272843418858471}}, {"target": 0.7566968475324968, "params": {"ta": 0.5459262165716481, "tb": -0.2977591447541037, "tc": -0.3487407832451207, "td": -0.12521107929442155}}, {"target": 0.5461584311160497, "params": {"ta": 0.22979815846986706, "tb": -0.8718109719177722, "tc": -0.49313124262543817, "td": 0.09304115697023607}}, {"target": 0.47856385968174064, "params": {"ta": -0.06406104036367366, "tb": -0.7835344168840479, "tc": -0.2556798436161887, "td": 0.09343426869875615}}, {"target": 0.8656603000276697, "params": {"ta": 0.5316206120578364, "tb": -0.35003640808465214, "tc": -0.5838562483714609, "td": 0.18582478175653458}}, {"target": 0.8649771606704184, "params": {"ta": 0.3563110371231516, "tb": -0.4393987099127857, "tc": -0.4601352034855825, "td": 0.3414525671414452}}, {"target": 0.8413524432163881, "params": {"ta": 0.8381717971300484, "tb": -0.2607798768249731, "tc": -0.9658471716741649, "td": 0.10049988989037276}}, {"target": 0.7251054928422584, "params": {"ta": 0.8381717971300484, "tb": 0.034152828325835105, "tc": -0.9658471716741649, "td": -0.1618282028699516}}, {"target": 0.8630516930195451, "params": {"ta": -0.048978477292301974, "tb": -0.8366947611952743, "tc": -0.25232982463346565, "td": 0.8381717971300484}}, {"target": 0.8553536798871602, "params": {"ta": 0.8381717971300484, "tb": -0.2945857309910917, "tc": -0.7468701472555983, "td": 0.027515828399178377}}, {"target": 0.8452486033844682, "params": {"ta": 0.8381717971300484, "tb": -0.38891755922192855, "tc": -0.9547381798732902, "td": -0.12693766985075303}}, {"target": 0.8565555284688762, "params": {"ta": 0.014390657631809299, "tb": -0.7454155430040371, "tc": -0.37081965540331785, "td": 0.8381717971300484}}, {"target": 0.833170797418266, "params": {"ta": -0.1618282028699516, "tb": -0.9658471716741649, "tc": -0.3757263902386037, "td": 0.8381717971300484}}, {"target": 0.8540827034802854, "params": {"ta": 0.716650832344732, "tb": -0.39139900792583143, "tc": -0.8042175651205243, "td": 0.11367423061921653}}, {"target": 0.8654011052107762, "params": {"ta": 0.06490249471333646, "tb": -0.6445866228906141, "tc": -0.28763354780228184, "td": 0.6455266389062957}}, {"target": 0.8500257731436851, "params": {"ta": -0.1618282028699516, "tb": -0.7589402278221239, "tc": -0.26768513464977245, "td": 0.8381717971300484}}, {"target": 0.8640775537995837, "params": {"ta": 0.19897513295989058, "tb": -0.4637816843334348, "tc": -0.33026013023436807, "td": 0.4261472886521851}}, {"target": 0.8617719662367722, "params": {"ta": 0.39663865059650494, "tb": -0.30876853564309115, "tc": -0.46018098969818627, "td": 0.19355875087035507}}, {"target": 0.8651824352178439, "params": {"ta": 0.1589236503467431, "tb": -0.5896455589325658, "tc": -0.37793461878846274, "td": 0.5511337111882789}}, {"target": 0.8614325471528853, "params": {"ta": 0.4471143289972831, "tb": -0.4305262391024823, "tc": -0.5555120770498051, "td": 0.21515986619227506}}, {"target": 0.8629892725597329, "params": {"ta": 0.6400459410119121, "tb": -0.34631777818749265, "tc": -0.6490256077952948, "td": 0.05737648977105493}}, {"target": 0.8618509436120223, "params": {"ta": 0.2765657061866315, "tb": -0.3548983943018989, "tc": -0.40633279172438136, "td": 0.325414732961904}}, {"target": 0.8662061809170026, "params": {"ta": 0.0012928611348546038, "tb": -0.7487316789411798, "tc": -0.29865884377986707, "td": 0.7516306431189116}}, {"target": 0.8617459290090438, "params": {"ta": 0.6334119206007637, "tb": -0.28081776331193264, "tc": -0.7177471572958942, "td": 0.14149235901731738}}, {"target": 0.8627829565416006, "params": {"ta": 0.4194027887001237, "tb": -0.3516790179240275, "tc": -0.5515186071533734, "td": 0.28065702992211483}}, {"target": 0.8643412143640157, "params": {"ta": 0.07629338519054765, "tb": -0.6744410055527803, "tc": -0.3604403081029496, "td": 0.6818179440839098}}, {"target": 0.8646808508099868, "params": {"ta": 0.8381717971300484, "tb": -0.3522233193696538, "tc": -0.8555106924789645, "td": -0.015855079063198767}}, {"target": 0.8652707711757059, "params": {"ta": 0.25413865436853095, "tb": -0.5079368369632022, "tc": -0.41911921681159187, "td": 0.43093673701863255}}, {"target": 0.8638238486349952, "params": {"ta": 0.5356681433207593, "tb": -0.3317335883954219, "tc": -0.6474526307178698, "td": 0.12682627241634797}}, {"target": 0.8537092778573241, "params": {"ta": 0.061045452555423596, "tb": -0.8774346282214321, "tc": -0.28301726707529073, "td": 0.8295564375994542}}, {"target": 0.8571228301964042, "params": {"ta": 0.8381717971300484, "tb": -0.33322701727199516, "tc": -0.7949605230468938, "td": -0.11296103753314884}}, {"target": 0.8648207306094011, "params": {"ta": 0.28436437353560046, "tb": -0.44624837740910217, "tc": -0.4172356334179978, "td": 0.32213875308583667}}, {"target": 0.8631156726460323, "params": {"ta": 0.5692555363386916, "tb": -0.2674740886510303, "tc": -0.6025015870625862, "td": 0.11161143478521378}}, {"target": 0.865549023876397, "params": {"ta": -0.04979908016797615, "tb": -0.8308066738824905, "tc": -0.33290399021679806, "td": 0.8381717971300484}}, {"target": 0.865416800173653, "params": {"ta": 0.11947111865099891, "tb": -0.5565366215941694, "tc": -0.3153492489417772, "td": 0.5284455743113367}}, {"target": 0.8661065294436066, "params": {"ta": 0.7479075452007495, "tb": -0.3239156349714495, "tc": -0.7704991366985303, "td": 0.02084640471596348}}, {"target": 0.8662020128195873, "params": {"ta": 0.3728065107514655, "tb": -0.38664494751484474, "tc": -0.4742514227381726, "td": 0.26366102851198336}}, {"target": 0.865686305295223, "params": {"ta": 0.8381717971300484, "tb": -0.2880830915496293, "tc": -0.8608393236471652, "td": -0.03071355165662102}}, {"target": 0.8649082094772368, "params": {"ta": -0.022957147156117665, "tb": -0.7813243795981797, "tc": -0.288918758527281, "td": 0.8381717971300484}}, {"target": 0.8658212294878163, "params": {"ta": 0.6086695834193785, "tb": -0.33531735284223335, "tc": -0.6551513784146745, "td": 0.13429358396220512}}, {"target": 0.8661659778653281, "params": {"ta": 0.19049381650843017, "tb": -0.533015733152246, "tc": -0.35477442326840736, "td": 0.4883654965580781}}, {"target": 0.866286160772181, "params": {"ta": 0.6767941701288709, "tb": -0.3017079118726173, "tc": -0.7156254302974766, "td": 0.0650367991338949}}, {"target": 0.8660616897156075, "params": {"ta": 0.4624490797949527, "tb": -0.33976043155788677, "tc": -0.5464926194209484, "td": 0.18750474429477768}}, {"target": 0.8656600633755945, "params": {"ta": 0.7849977914044073, "tb": -0.29597704774929096, "tc": -0.8233737627228197, "td": 0.02380673779671539}}, {"target": 0.8658195020971349, "params": {"ta": 0.1239324614867353, "tb": -0.6187965931579591, "tc": -0.3206104562575549, "td": 0.5967630348965614}}, {"target": 0.8655358501522646, "params": {"ta": 0.06882672148691268, "tb": -0.6212762497095309, "tc": -0.3375788789541047, "td": 0.6107591184913586}}, {"target": 0.8659807170522009, "params": {"ta": 0.263254677101892, "tb": -0.44463934368620783, "tc": -0.4132479129951652, "td": 0.3928973784033927}}, {"target": 0.8653431344021741, "params": {"ta": 0.32256644520824423, "tb": -0.42098858498159347, "tc": -0.4793411055144303, "td": 0.3249859834102417}}, {"target": 0.865933769075468, "params": {"ta": 0.0549287354869532, "tb": -0.7150162949651896, "tc": -0.31078632040869425, "td": 0.6974767617220078}}, {"target": 0.865816583463111, "params": {"ta": -0.005044448018210333, "tb": -0.7980561019747808, "tc": -0.31662929196230544, "td": 0.7939853056295156}}, {"target": 0.8658466781438945, "params": {"ta": 0.016101965489038614, "tb": -0.6943445813095417, "tc": -0.32133171569704944, "td": 0.7104421306660011}}, {"target": 0.8659720080291666, "params": {"ta": 0.19451901926979537, "tb": -0.5012377933460094, "tc": -0.3797566961142812, "td": 0.4404355575478831}}, {"target": 0.8661591418829102, "params": {"ta": 0.43858606026080843, "tb": -0.37020274487526267, "tc": -0.5143401101834841, "td": 0.23646981852452276}}, {"target": 0.8660261400374916, "params": {"ta": 0.5453407272086482, "tb": -0.332526386145998, "tc": -0.595877836408831, "td": 0.13620407419057295}}, {"target": 0.8659410471454484, "params": {"ta": 0.6683199927408026, "tb": -0.3319299010029743, "tc": -0.7192151423072685, "td": 0.0796448000501987}}, {"target": 0.8660988438547426, "params": {"ta": 0.24813373446203651, "tb": -0.480801045480727, "tc": -0.38252883949613875, "td": 0.40280806177153033}}, {"target": 0.8661813242793461, "params": {"ta": 0.3271024756058271, "tb": -0.40738059325257653, "tc": -0.43507160534320305, "td": 0.31833809357243187}}, {"target": 0.8658159845146165, "params": {"ta": 0.13271904477343868, "tb": -0.5587918654855538, "tc": -0.34659884642993394, "td": 0.5534768978314014}}, {"target": 0.866278855553827, "params": {"ta": 0.6190339585269528, "tb": -0.3087858053964625, "tc": -0.6704594328595245, "td": 0.09672726081289214}}, {"target": 0.8661433707301974, "params": {"ta": 0.8047254943679292, "tb": -0.3139796334898892, "tc": -0.8216909202357717, "td": -0.02053851921188027}}, {"target": 0.8660203947699145, "params": {"ta": 0.5341779796185296, "tb": -0.3182931986525413, "tc": -0.6080437688792147, "td": 0.16430821418600594}}, {"target": 0.8660351827436068, "params": {"ta": -0.04166494167170206, "tb": -0.7824391791908571, "tc": -0.3121209412521179, "td": 0.8053326637041966}}, {"target": 0.8662200413953189, "params": {"ta": 0.4109129272771638, "tb": -0.3668101416964925, "tc": -0.5166717333009465, "td": 0.2370505467952306}}, {"target": 0.8662570954950544, "params": {"ta": 0.07248616599864029, "tb": -0.6667728759834305, "tc": -0.32300341725736736, "td": 0.6442380218122957}}, {"target": 0.8661926822709599, "params": {"ta": 0.15271050927590327, "tb": -0.5674815602074564, "tc": -0.3503977503252174, "td": 0.5151588476632509}}, {"target": 0.8662244388739347, "params": {"ta": 0.014479161088549252, "tb": -0.7398751200478402, "tc": -0.32116317615434675, "td": 0.7526196479424635}}, {"target": 0.8661184006649187, "params": {"ta": 0.057853335612565, "tb": -0.6709512240882134, "tc": -0.3134563505449735, "td": 0.6822799478480442}}, {"target": 0.8662357019962833, "params": {"ta": 0.4748619090959987, "tb": -0.35797759750351543, "tc": -0.5644650482287633, "td": 0.20750848988256224}}, {"target": 0.8662306974298295, "params": {"ta": 0.7204742535752553, "tb": -0.3080743827030906, "tc": -0.7517859701054458, "td": 0.056946088120964765}}, {"target": 0.866239015675458, "params": {"ta": 0.8381717971300484, "tb": -0.3095600397606665, "tc": -0.8414589223333733, "td": -0.012490161161665415}}, {"target": 0.8663335438389737, "params": {"ta": 0.11792003566145212, "tb": -0.5994883786926374, "tc": -0.3360278743219944, "td": 0.5668714148761965}}, {"target": 0.8663314723020703, "params": {"ta": 0.2931867711938101, "tb": -0.44760435030387397, "tc": -0.4256553551817681, "td": 0.36214118556423064}}, {"target": 0.8663612740454963, "params": {"ta": 0.5797591978435629, "tb": -0.3203832666846391, "tc": -0.6348358826465769, "td": 0.12788348272082772}}, {"target": 0.8663331710076849, "params": {"ta": -0.040810252613174815, "tb": -0.8189784179104165, "tc": -0.3049910879501349, "td": 0.8381717971300484}}, {"target": 0.8661289029839814, "params": {"ta": 0.6636774501384796, "tb": -0.3117830303274933, "tc": -0.6913144227259324, "td": 0.08806009885957157}}, {"target": 0.8661081611245753, "params": {"ta": 0.7482941264721, "tb": -0.2934339957617746, "tc": -0.7695490665142559, "td": 0.018384146105483095}}, {"target": 0.8662622702714001, "params": {"ta": 0.38772259247846713, "tb": -0.39507119908789545, "tc": -0.4940630044021381, "td": 0.2789775241860656}}, {"target": 0.8662578387699298, "params": {"ta": 0.21909920130143776, "tb": -0.49236061133128173, "tc": -0.38109184109329897, "td": 0.4459471619648413}}, {"target": 0.8661139014117829, "params": {"ta": 0.8381717971300484, "tb": -0.31575257450324024, "tc": -0.862854916522734, "td": -0.028250339743851303}}, {"target": 0.8662552845277488, "params": {"ta": 0.16776506470258534, "tb": -0.5290236231895546, "tc": -0.3615253339458808, "td": 0.49269689427009306}}, {"target": 0.8663575671283775, "params": {"ta": 0.504733349846314, "tb": -0.34139170169880995, "tc": -0.5787321953921913, "td": 0.17312521498145914}}, {"target": 0.8662860325848047, "params": {"ta": 0.7067165020599097, "tb": -0.31175931145622604, "tc": -0.7332392588405657, "td": 0.04418359184282537}}, {"target": 0.8663002023875503, "params": {"ta": 0.35709267561535096, "tb": -0.3904566282920108, "tc": -0.46831155450217704, "td": 0.29307302350937686}}, {"target": 0.8663102675025987, "params": {"ta": 0.24100476308564203, "tb": -0.4698081460023693, "tc": -0.3994665250698887, "td": 0.4012901552380746}}, {"target": 0.8662770924520083, "params": {"ta": 0.5496824828007131, "tb": -0.34091093165833924, "tc": -0.6172873711043995, "td": 0.15296929700565