{"all": [{"target": 0.9233229858833508, "params": {"ta": 0.10262098355225979, "tb": -0.5029951961302322, "tc": -0.2978039201069328, "td": 0.6201358577354245}}, {"target": 0.95228449579488, "params": {"ta": 0.40173868299161364, "tb": -0.4098126460990309, "tc": -0.7369160647955101, "td": 0.36716448676250335}}, {"target": 0.9951211385313488, "params": {"ta": 0.6552224708700745, "tb": -0.46372194534407873, "tc": -0.7644674357458195, "td": 0.1304058773425787}}, {"target": 0.8091626083625187, "params": {"ta": -0.044737024247835766, "tb": -0.971206337317293, "tc": -0.27812990429862494, "td": 0.5710876760270488}}, {"target": 0.7998665754711332, "params": {"ta": 0.39643097414436346, "tb": -0.8273877615202555, "tc": -0.49599840850359866, "td": 0.865918488478261}}, {"target": 0.5783560633812865, "params": {"ta": 0.125171001293796, "tb": -0.7337357073243268, "tc": -0.1802415960007404, "td": 0.02308301166033}}, {"target": 0.6528378469071239, "params": {"ta": 0.05874712267938886, "tb": -0.6255234790823382, "tc": -0.7808231267908378, "td": 0.11738592849471641}}, {"target": 0.615242367263617, "params": {"ta": 0.7880301419659709, "tb": -1.0636061622282802, "tc": -0.3782241338876081, "td": 0.042364710806832795}}, {"target": 0.6315556009912271, "params": {"ta": -0.07019103396288728, "tb": -0.24348586890683488, "tc": -0.33860841526545427, "td": -0.04298614618516694}}, {"target": 0.7785818431323239, "params": {"ta": 0.34790780494277107, "tb": -1.0754756929359512, "tc": -0.7002485979433147, "td": 0.43814513856006454}}, {"target": 0.9236527396860713, "params": {"ta": 0.11405762197916092, "tb": -0.5517596155848128, "tc": -0.6952568437190482, "td": 0.7379598820493751}}, {"target": 0.6842745248662125, "params": {"ta": 0.23162323823209163, "tb": -0.08882569666569684, "tc": -0.7038645263987595, "td": 0.06090354026841993}}, {"target": 0.8541604030135321, "params": {"ta": 0.14945195592997995, "tb": -0.868959845760774, "tc": -0.8668954712549967, "td": 0.6633364715713684}}, {"target": 0.8565522314899028, "params": {"ta": 0.3485368853821029, "tb": -0.7551677150059188, "tc": -0.3028859145791236, "td": 0.24813939959484577}}, {"target": 0.9254157053153999, "params": {"ta": 0.1646356221427715, "tb": -0.4760005196615399, "tc": -0.7148421058726117, "td": 0.516762402022664}}, {"target": 0.9617956968725104, "params": {"ta": 0.4321142072295068, "tb": -0.618423207849547, "tc": -0.4888493496913585, "td": 0.19016413739867422}}, {"target": 0.8572379462106775, "params": {"ta": 0.5321297348806938, "tb": -0.7769041514150974, "tc": -0.5862289884677564, "td": -0.004493702394314569}}, {"target": 0.7646763227482313, "params": {"ta": 0.3226685335102266, "tb": -0.7296772425549155, "tc": -0.462367952174349, "td": 0.0016866238176341808}}, {"target": 0.8797322011607688, "params": {"ta": 0.6384922217513267, "tb": -0.22238076292537257, "tc": -0.8782704777648485, "td": 0.25050095235287506}}, {"target": 0.7959753635051185, "params": {"ta": 0.35609740863752215, "tb": -0.7333501515109515, "tc": -0.17615284678236254, "td": 0.7404624317093165}}, {"target": 0.6686911831174014, "params": {"ta": 0.7841416300749874, "tb": -0.9220611141704527, "tc": -0.5540799843394408, "td": 0.5204053970828957}}, {"target": 0.7803229863042792, "params": {"ta": 0.38420013492681004, "tb": -1.07186044042532, "tc": -0.2773063543338825, "td": 0.5638580083872853}}, {"target": 0.8678776082417776, "params": {"ta": 0.23973632832005864, "tb": -1.0286512029792296, "tc": -0.6154437471446533, "td": 0.579780143052426}}, {"target": 0.2304235681248974, "params": {"ta": 0.04401625657060093, "tb": -1.0156492839964917, "tc": -0.22455525498744944, "td": -0.10487459390887988}}, {"target": 0.8057867676855897, "params": {"ta": 0.006364349505184386, "tb": -0.4478013967383321, "tc": -0.828259897645196, "td": 0.7135563496727602}}, {"target": 0.8316624020426062, "params": {"ta": -0.11156514343952473, "tb": -0.7516750867049177, "tc": -0.14467306572526328, "td": 0.6138744508743577}}, {"target": 0.9719685834216931, "params": {"ta": 0.7350669275111885, "tb": -0.33547504250485116, "tc": -0.7259971438697564, "td": 0.03302038790609452}}, {"target": 0.5660715893821884, "params": {"ta": -0.06161499154312289, "tb": -0.36264079410797123, "tc": -0.9733460265620089, "td": 0.46291057257550594}}, {"target": 0.6854369970447067, "params": {"ta": 0.5241166557575196, "tb": -0.9370074989904867, "tc": -0.46267394110892124, "td": -0.033887970779040044}}, {"target": 0.8993251740779408, "params": {"ta": 0.22070275665712535, "tb": -0.7729449677412722, "tc": -0.2926665878488932, "td": 0.41141150823357686}}, {"target": 0.3298683442281887, "params": {"ta": 0.854346369728815, "tb": -0.08412349561874943, "tc": -0.6106724982409778, "td": 0.7538697294965722}}, {"target": 0.8745786637527412, "params": {"ta": 0.10393558917414014, "tb": -0.42819625462581057, "tc": -0.3567847288945595, "td": 0.7184995061410381}}, {"target": 0.9442253999228108, "params": {"ta": 0.48633974259654633, "tb": -0.6920059443351788, "tc": -0.8166687163285209, "td": 0.2629038574922026}}, {"target": 0.652856188072194, "params": {"ta": 0.23308758437226518, "tb": -0.5339438186494672, "tc": -0.1442574540653161, "td": -0.08315390585541305}}, {"target": 0.8748783712437652, "params": {"ta": 0.3837798959740585, "tb": -0.5605415589711359, "tc": -0.3015051631983976, "td": 0.5748809030693328}}, {"target": 0.6456223194097283, "params": {"ta": 0.6669139725591069, "tb": -1.0564425788584517, "tc": -0.4592159396451959, "td": 0.6584878915777059}}, {"target": 0.8683562647496538, "params": {"ta": 0.2655705265605286, "tb": -0.5205842750752403, "tc": -0.27617854500665995, "td": 0.6545868149566915}}, {"target": 0.8160103722010807, "params": {"ta": 0.13676122931899037, "tb": -1.079239156830462, "tc": -0.7684098067553203, "td": 0.7955795372661544}}, {"target": 0.4846163862478214, "params": {"ta": 0.10308986509183926, "tb": -0.5009058406939159, "tc": -0.971921565752579, "td": -0.00652878292027248}}, {"target": 0.8342980694149578, "params": {"ta": 0.007316760815564649, "tb": -0.8438054399476533, "tc": -0.24063134965753297, "td": 0.49417028749593717}}, {"target": 0.6503533214733379, "params": {"ta": 0.6282311952965485, "tb": -1.03523817705948, "tc": -0.2572334015332598, "td": 0.7389556413441646}}, {"target": 0.7826478315460346, "params": {"ta": 0.2923595145398994, "tb": -0.5029273337251642, "tc": -1.00000661760743, "td": 0.2938985279439701}}, {"target": 0.43888250293567505, "params": {"ta": 0.7434022715957551, "tb": -0.6174487061745845, "tc": -0.08529220068406795, "td": 0.6858224428645107}}, {"target": 0.7674924355128231, "params": {"ta": 0.8354136693747385, "tb": -0.9532901444658649, "tc": -1.0452272916543075, "td": -0.04901271728901635}}, {"target": 0.8680501010985036, "params": {"ta": -0.07595963109569026, "tb": -0.5528933719088883, "tc": -0.5423866303150522, "td": 0.44947570950209115}}, {"target": 0.868348887418584, "params": {"ta": 0.39275344994227546, "tb": -0.869125524646013, "tc": -0.8161118378572177, "td": 0.3508877987896718}}, {"target": 0.6064816389868194, "params": {"ta": 0.36970464364987954, "tb": -1.0219769656985942, "tc": -0.6997035105463151, "td": -0.02878965270915501}}, {"target": 0.5708131991829031, "params": {"ta": 0.7188329411205453, "tb": -0.561810247977131, "tc": -0.12937318134015197, "td": 0.4820303551516931}}, {"target": 0.573390240121441, "params": {"ta": 0.694193916794597, "tb": -0.42590189394964506, "tc": -1.039535330252978, "td": 0.7442380662826169}}, {"target": 0.8657231890522484, "params": {"ta": 0.45075044761493677, "tb": -0.4900912918123378, "tc": -0.5789635752313236, "td": -0.09854064247676031}}, {"target": 0.6547862772866251, "params": {"ta": 0.5779444014181384, "tb": -0.9264905248310028, "tc": -0.4596946268089247, "td": -0.11903007553939127}}, {"target": 0.5272847698370402, "params": {"ta": 0.05081367879734244, "tb": -0.7525928189223376, "tc": -0.5645188384910349, "td": -0.03104621661570639}}, {"target": 0.9773620010773327, "params": {"ta": 0.18588541401342784, "tb": -0.8190557056857554, "tc": -0.5702578731304297, "td": 0.6939069626341352}}, {"target": 0.5509269681383577, "params": {"ta": 0.2657866833376731, "tb": -0.9428707755223424, "tc": -1.0243446102841296, "td": -0.012028383196599934}}, {"target": 0.9426807805787232, "params": {"ta": 0.5465919876938137, "tb": -0.5551304826630521, "tc": -0.7155142759252902, "td": 0.4447152758726485}}, {"target": 0.6580832621642045, "params": {"ta": 0.09223936097925023, "tb": -0.49031715583357305, "tc": -0.7827164379266593, "td": 0.08182185329527059}}, {"target": 0.9213651370311289, "params": {"ta": -0.05261545569540704, "tb": -0.7848774443348163, "tc": -0.7838886052845574, "td": 0.8505630654779054}}, {"target": 0.6739954034317689, "params": {"ta": 0.8059654835129002, "tb": -0.5779258807214126, "tc": -0.3800017924080661, "td": 0.46652098121213936}}, {"target": 0.9047706460382269, "params": {"ta": 0.6439374215775717, "tb": -0.787835312411772, "tc": -0.5547631816589117, "td": 0.27687903015432624}}, {"target": 0.5548774871665046, "params": {"ta": 0.7759067305175442, "tb": -0.7714635107270493, "tc": -0.19305519817453987, "td": 0.614597004893767}}, {"target": 0.5448235020888592, "params": {"ta": 0.6175860546274874, "tb": -0.43246291401106207, "tc": -0.6591956598914093, "td": 0.8618731742718482}}, {"target": 0.4919213184592008, "params": {"ta": 0.7880373368804705, "tb": -0.7331047954335108, "tc": -0.1082778536770691, "td": 0.6147640857110706}}, {"target": 0.5157176011599789, "params": {"ta": 0.8048764635630257, "tb": -0.9468075285986308, "tc": -0.37145184937843023, "td": 0.7308461596827202}}, {"target": 0.7784865368593366, "params": {"ta": 0.035749708766018684, "tb": -0.0918972952992404, "tc": -0.26664129039310225, "td": 0.15800860433540675}}, {"target": 0.9381801265000047, "params": {"ta": 0.8430064753874541, "tb": -0.437822247951263, "tc": -1.0405771539024133, "td": -0.12719411094686417}}, {"target": 0.9991352975400984, "params": {"ta": 0.28960276539211616, "tb": -0.6437515217437276, "tc": -0.5648489987549093, "td": 0.4590257609299765}}, {"target": 0.9962421714331405, "params": {"ta": 0.8711503460496266, "tb": -0.5090102376379216, "tc": -0.7804341766355903, "td": -0.03917942787133021}}, {"target": 0.9956229445398176, "params": {"ta": -0.10851970839872749, "tb": -0.778749560953953, "tc": -0.48775099036884145, "td": 0.8711503460496266}}, {"target": 0.998209299471588, "params": {"ta": 0.02100221621340103, "tb": -0.7302952350357851, "tc": -0.4969195224337317, "td": 0.7142156274488465}}, {"target": 0.9743763681495331, "params": {"ta": 0.8711503460496266, "tb": -0.45915636606429033, "tc": -0.8949134282301281, "td": 0.07581858276998106}}, {"target": 0.9709967005383953, "params": {"ta": 0.8711503460496266, "tb": -0.34853028664775765, "tc": -0.7978003703367301, "td": -0.1288496539503734}}, {"target": 0.9998500709960942, "params": {"ta": 0.5336030048563398, "tb": -0.5276735664691024, "tc": -0.643049689893234, "td": 0.2228266307285549}}, {"target": 0.9945331566545232, "params": {"ta": 0.0014273687716717315, "tb": -0.8358637923572954, "tc": -0.48820993698047715, "td": 0.8711503460496266}}, {"target": 0.994806398682329, "params": {"ta": 0.7270570044441869, "tb": -0.5342043079601674, "tc": -0.6906494598732046, "td": 0.06555863367613697}}, {"target": 0.9966912329842008, "params": {"ta": 0.7606499658794093, "tb": -0.49923141303084956, "tc": -0.8141980174818336, "td": -0.018322067846466974}}, {"target": 0.9978210569075254, "params": {"ta": 0.35982508044394956, "tb": -0.5372731624965812, "tc": -0.5610468618078405, "td": 0.35468608947742286}}, {"target": 0.9995734283937385, "params": {"ta": 0.16072205149955962, "tb": -0.6693223974978442, "tc": -0.5033006158495112, "td": 0.580096369183687}}, {"target": 0.998004228432391, "params": {"ta": 0.4236121925683237, "tb": -0.5964695733366696, "tc": -0.6317247954177556, "td": 0.32571810389770117}}, {"target": 0.9881502955533285, "params": {"ta": -0.02674061268511337, "tb": -0.7358301834250914, "tc": -0.5291607091381989, "td": 0.8711503460496266}}, {"target": 0.9922359012284686, "params": {"ta": -0.1288496539503734, "tb": -0.8884557728925734, "tc": -0.549648721994835, "td": 0.8711503460496266}}, {"target": 0.997069621636241, "params": {"ta": -0.03543938817507021, "tb": -0.8164639408858669, "tc": -0.5377174554221952, "td": 0.7927382455876089}}, {"target": 0.9961130175638201, "params": {"ta": 0.10892155409151803, "tb": -0.7234827620747375, "tc": -0.5589978455936794, "td": 0.6254200008403665}}, {"target": 0.9968494164544114, "params": {"ta": 0.23978403946305663, "tb": -0.5861154878315443, "tc": -0.5101102331364603, "td": 0.4657900552361008}}, {"target": 0.998876151300555, "params": {"ta": 0.6025192524501424, "tb": -0.5385499620095203, "tc": -0.697940984877537, "td": 0.13761490464186135}}, {"target": 0.9981260506843891, "params": {"ta": 0.10089629796468692, "tb": -0.7568858756203515, "tc": -0.47554447184062015, "td": 0.6789633271279321}}, {"target": 0.9984091791277696, "params": {"ta": 0.2386384425138565, "tb": -0.6391693628774491, "tc": -0.5579329597254187, "td": 0.5411978218684037}}, {"target": 0.9968083591937602, "params": {"ta": 0.8238037160641821, "tb": -0.4692017047269218, "tc": -0.7683164874800371, "td": -0.004369945885670745}}, {"target": 0.9959959720290426, "params": {"ta": 0.7636468320453212, "tb": -0.547026879448527, "tc": -0.7915396839881517, "td": 0.057292715010505264}}, {"target": 0.9987855487666727, "params": {"ta": 0.36355023103707346, "tb": -0.5961844933281306, "tc": -0.5591543615649557, "td": 0.4113173054609178}}, {"target": 0.9982434789647496, "params": {"ta": 0.3246627897059173, "tb": -0.5833380435319134, "tc": -0.6012818106449622, "td": 0.4186626136682488}}, {"target": 0.9982374935585588, "params": {"ta": 0.5991482762412961, "tb": -0.48189253403638693, "tc": -0.6617010795650947, "td": 0.1441134096240349}}, {"target": 0.9984606696045115, "params": {"ta": -0.08389685872919365, "tb": -0.8527841429778958, "tc": -0.4736894547258266, "td": 0.8711503460496266}}, {"target": 0.9994741407877328, "params": {"ta": 0.6981015702785185, "tb": -0.49606387101173127, "tc": -0.7417888167181257, "td": 0.051555811690315874}}, {"target": 0.9994544049448975, "params": {"ta": -0.0022195917441711075, "tb": -0.7867060870708877, "tc": -0.47671590376024364, "td": 0.7898111908024211}}, {"target": 0.9996084571987326, "params": {"ta": 0.45532915657508777, "tb": -0.5351271419139904, "tc": -0.6061436820876107, "td": 0.29232415151926666}}, {"target": 0.9997131791559686, "params": {"ta": 0.8711503460496266, "tb": -0.5016874298464165, "tc": -0.8483195213883953, "td": -0.07406527551818952}}, {"target": 0.9994407396919827, "params": {"ta": 0.05651809455925012, "tb": -0.7589663086821947, "tc": -0.5182227899211461, "td": 0.7385711177919214}}, {"target": 0.9990434395955714, "params": {"ta": 0.21707939671020265, "tb": -0.6831402675259883, "tc": -0.5163523187141519, "td": 0.5369279954725525}}, {"target": 0.9965450102725986, "params": {"ta": 0.8711503460496266, "tb": -0.5193300870338728, "tc": -0.8190244904852685, "td": -0.1288496539503734}}, {"target": 0.9990306137460653, "params": {"ta": 0.6502754154797025, "tb": -0.5140402544780017, "tc": -0.7025592513458311, "td": 0.14417343116778011}}, {"target": 0.9991400887427131, "params": {"ta": 0.5531118310338886, "tb": -0.5116353870537449, "tc": -0.6885610901979337, "td": 0.2036003105622589}}, {"target": 0.9996997081867174, "params": {"ta": 0.12346359443724134, "tb": -0.7039393051328415, "tc": -0.5105921484207675, "td": 0.6550049462338702}}, {"target": 0.9997848507680573, "params": {"ta": 0.8292164711753988, "tb": -0.5108530224645558, "tc": -0.8088028424879812, "td": -0.0481267965194929}}, {"target": 0.9993584652230427, "params": {"ta": 0.47728026844527965, "tb": -0.5387223506440676, "tc": -0.6385783750171015, "td": 0.24538184190319223}}, {"target": 0.9995753217217248, "params": {"ta": 0.358855761945983, "tb": -0.593627774743219, "tc": -0.570976682369495, "td": 0.36813619890801585}}, {"target": 0.9995079623700035, "params": {"ta": 0.494823017970787, "tb": -0.5600451891152428, "tc": -0.6362470748197067, "td": 0.2681375033837297}}, {"target": 0.9997552940015713, "params": {"ta": -0.07245369489956015, "tb": -0.8281052658196183, "tc": -0.5186124695116608, "td": 0.8711503460496266}}, {"target": 0.9998454997464864, "params": {"ta": 0.7527821614360122, "tb": -0.49303437404557376, "tc": -0.768204110128355, "td": 0.03714275615761731}}, {"target": 0.9998791635930876, "params": {"ta": 0.29873150684089583, "tb": -0.6071893057684616, "tc": -0.543834375226873, "td": 0.4443392216457062}}, {"target": 0.99997566555292, "params": {"ta": 0.40520705946157576, "tb": -0.564927958349955, "tc": -0.5946150819482877, "td": 0.34069454553285317}}, {"target": 0.9997185614144185, "params": {"ta": 0.16737047257627455, "tb": -0.6996752059632774, "tc": -0.5220143432952568, "td": 0.602553864458214}}, {"target": 0.999934617254686, "params": {"ta": -0.049062722620006306, "tb": -0.8108001125726996, "tc": -0.49710855773081075, "td": 0.8358793210766511}}, {"target": 0.99999799794861, "params": {"ta": 0.670864838758095, "tb": -0.5057365318226253, "tc": -0.7225312856087747, "td": 0.09657708879572714}}, {"target": 0.999662840701399, "params": {"ta": 0.21641191269695065, "tb": -0.6465282262104259, "tc": -0.5402205535925739, "td": 0.517696042468534}}, {"target": 0.999875538611452, "params": {"ta": 0.25647136623062605, "tb": -0.6345830863711279, "tc": -0.530238889223383, "td": 0.4958540235783568}}, {"target": 0.9999216524491864, "params": {"ta": 0.08247323370625662, "tb": -0.7344962540593861, "tc": -0.5072489324407073, "td": 0.6803604117759677}}, {"target": 0.9997955397001358, "params": {"ta": 0.023086804870168162, "tb": -0.7813960590871255, "tc": -0.5002583579795757, "td": 0.7527777924484181}}, {"target": 0.9995704844919969, "params": {"ta": 0.8589087278563485, "tb": -0.4846147502493432, "tc": -0.8211429155195172, "td": -0.07054013411446669}}, {"target": 0.9998695644857669, "params": {"ta": 0.5698134956009377, "tb": -0.5301151748138562, "tc": -0.6647448430897654, "td": 0.1832115936785932}}, {"target": 0.999739665693493, "params": {"ta": 0.8248705685806731, "tb": -0.4980840583658793, "tc": -0.8168391093350003, "td": -0.020813128341173426}}, {"target": 0.9998697116437099, "params": {"ta": 0.7769930559162901, "tb": -0.5059849784055405, "tc": -0.7734534609609067, "td": 0.0008419777136756549}}, {"target": 0.9999241793741741, "params": {"ta": 0.7091274190718736, "tb": -0.5082547285977373, "tc": -0.7467969354746851, "td": 0.07096557385760106}}, {"target": 0.999885635732316, "params": {"ta": -0.005128513379886196, "tb": -0.781206840012632, "tc": -0.5077743880693544, "td": 0.7912577676379269}}, {"target": 0.9997323322727216, "params": {"ta": 0.4355983923850336, "tb": -0.5654813394489208, "tc": -0.5962099121664645, "td": 0.30253909276945634}}, {"target": 0.99979722275426, "params": {"ta": 0.12354684448828845, "tb": -0.7077110994628779, "tc": -0.5014704947327148, "td": 0.62825453996342}}, {"target": 0.9998531999785878, "params": {"ta": 0.05610524692073959, "tb": -0.746337335980828, "tc": -0.49170436564850856, "td": 0.7228853022499964}}, {"target": 0.9999645992874733, "params": {"ta": 0.19640876541009886, "tb": -0.6599279215961866, "tc": -0.5238947497646986, "td": 0.5582449065489072}}, {"target": 0.9999573869319924, "params": {"ta": 0.6116797863807419, "tb": -0.5080131260301637, "tc": -0.6959848381131658, "td": 0.14620726888583963}}, {"target": 0.9998325971200865, "params": {"ta": 0.4420593930288846, "tb": -0.5504593073839097, "tc": -0.6225249589908128, "td": 0.3030917113354022}}, {"target": 0.9999652396852686, "params": {"ta": 0.32407405582697146, "tb": -0.5992702020485182, "tc": -0.5601704199315358, "td": 0.4132854915352366}}, {"target": 0.9999225813584208, "params": {"ta": 0.2709536907431244, "tb": -0.6186135241436043, "tc": -0.5510087149643398, "td": 0.47276983323190064}}, {"target": 0.9999766837827747, "params": {"ta": 0.37827885854260335, "tb": -0.5771245542057526, "tc": -0.5868012240825694, "td": 0.36722811033593616}}, {"target": 0.9999233741916367, "params": {"ta": -0.02014428787386634, "tb": -0.8086105967899158, "tc": -0.50123028899998, "td": 0.8140674393573131}}, {"target": 0.9999349950303423, "params": {"ta": 0.6457844576313058, "tb": -0.504681983301827, "tc": -0.7061447564933875, "td": 0.11250890994876903}}, {"target": 0.9998842067823194, "params": {"ta": 0.1708781165248629, "tb": -0.6763487079993039, "tc": -0.5286756488374449, "td": 0.5824028679223}}, {"target": 0.9998913230948396, "params": {"ta": -0.06973852712625372, "tb": -0.8244210255373764, "tc": -0.4960025148780133, "td": 0.8711503460496266}}, {"target": 0.9997928456223234, "params": {"ta": 0.6990105185505175, "tb": -0.49273896250091187, "tc": -0.7309031126962954, "td": 0.07739066225297354}}, {"target": 0.9999127712310596, "params": {"ta": 0.5008981392422028, "tb": -0.5303230790062161, "tc": -0.6393615783086019, "td": 0.25092267836017734}}, {"target": 0.999927971375413, "params": {"ta": 0.5306145751477089, "tb": -0.5367389527849411, "tc": -0.6557128216374934, "td": 0.21756910024472612}}, {"target": 0.9998967610684485, "params": {"ta": 0.8711503460496266, "tb": -0.5127299315356529, "tc": -0.8313207721208444, "td": -0.06923580466231767}}, {"target": 0.9999538518556803, "params": {"ta": 0.7379992034181834, "tb": -0.5063711369320316, "tc": -0.7567429063530482, "td": 0.037349857740181444}}, {"target": 0.9999839707777693, "params": {"ta": 0.09191017407581387, "tb": -0.7225213568697325, "tc": -0.5043197182642181, "td": 0.6750842166714701}}, {"target": 0.9999539078535595, "params": {"ta": 0.06292064498521728, "tb": -0.7497006405951769, "tc": -0.5052975392857373, "td": 0.7083020042207238}}, {"target": 0.9999884103033132, "params": {"ta": 0.5902049792346671, "tb": -0.5170419823799253, "tc": -0.6808714080085917, "td": 0.16981474771899377}}, {"target": 0.9999812577843135, "params": {"ta": 0.021236321520746924, "tb": -0.7673173689549713, "tc": -0.49988366316146404, "td": 0.7598921147758786}}, {"target": 0.9999935049668633, "params": {"ta": 0.7948303095194216, "tb": -0