{"all": [{"target": 0.47494363699005526, "params": {"ta": 0.6352611489428274, "tb": -0.7640571619530774, "tc": -1.1941796275659804, "td": 0.8295759954704074}}, {"target": 0.9551285899852645, "params": {"ta": 0.5778199069227269, "tb": -0.7110458873772867, "tc": -0.6358432602271682, "td": 0.38562284911888156}}, {"target": 0.9716131754991224, "params": {"ta": 0.17014427873440363, "tb": -0.7550703065493913, "tc": -0.783285721917329, "td": 0.7630226522494838}}, {"target": 0.6029507678952919, "params": {"ta": 0.3459541788969662, "tb": -0.4146527703073556, "tc": -0.40131393831076034, "td": 0.8407668538982433}}, {"target": 0.6546110640737399, "params": {"ta": 0.41746623248234127, "tb": -1.0785299104702888, "tc": -0.9628033554000595, "td": 0.7987650840447007}}, {"target": 0.8878294879059575, "params": {"ta": 0.25754098278617454, "tb": -0.7116607785330988, "tc": -1.0255484436024398, "td": 0.39800080198121957}}, {"target": 0.7493010279987542, "params": {"ta": 0.49185345181165663, "tb": -0.4392108195969108, "tc": -1.1854360828491963, "td": 0.2688549433730276}}, {"target": 0.8939414898109583, "params": {"ta": 0.2056341867808842, "tb": -0.9374101038457641, "tc": -0.7499819757009014, "td": 0.32492208551219837}}, {"target": 0.8877251921711562, "params": {"ta": 0.4504433330813621, "tb": -0.48158704023688714, "tc": -0.5860517721517475, "td": 0.48135889763381057}}, {"target": 0.8402690788552253, "params": {"ta": 0.2761636032293411, "tb": -0.8355552995482425, "tc": -0.7723771287143233, "td": 0.11770589989082225}}, {"target": 0.9741681812008168, "params": {"ta": 0.5769443590804176, "tb": -0.8247900116368014, "tc": -0.8001965965535129, "td": 0.3074419853858964}}, {"target": 0.9465020628391674, "params": {"ta": 0.48208369487018377, "tb": -0.920049706349876, "tc": -0.6586794898786318, "td": 0.24772000022016682}}, {"target": 0.9536398796035054, "params": {"ta": 0.17781372727881495, "tb": -0.8802986864042566, "tc": -0.8826873106895079, "td": 0.6183234618751671}}, {"target": 0.8110386131258666, "params": {"ta": 0.5460555123352548, "tb": -0.7950366320844351, "tc": -1.150089577827289, "td": 0.019352913323043563}}, {"target": 0.7649496026086903, "params": {"ta": -0.0911623274248331, "tb": -0.4425301814835788, "tc": -0.8902945105955662, "td": 0.5711024979386308}}, {"target": 0.6725928547265105, "params": {"ta": 0.8896675809407625, "tb": -0.8776660590472596, "tc": -0.2714577753517382, "td": 0.2728505689814309}}, {"target": 0.9743771439861407, "params": {"ta": 0.4682063207334134, "tb": -0.6643179181871651, "tc": -0.7366160455042543, "td": 0.15629242490435336}}, {"target": 0.868306446545137, "params": {"ta": -0.017385081296559135, "tb": -1.0326894494454881, "tc": -0.9793098737638982, "td": 0.8268719724530831}}, {"target": 0.7278986584554304, "params": {"ta": 0.11421382567946481, "tb": -0.8613566044949528, "tc": -0.6812802760676618, "td": 0.14625605445047207}}, {"target": 0.6682919794372418, "params": {"ta": 0.20918343517881088, "tb": -0.6196748882484172, "tc": -1.1865089992012712, "td": 0.2389905511257603}}, {"target": 0.9179782707424452, "params": {"ta": 0.33265445678667893, "tb": -0.9798604581326117, "tc": -0.7522953633218057, "td": 0.6263982187723575}}, {"target": 0.7807620174118437, "params": {"ta": 0.7341991920677824, "tb": -1.1423615126456594, "tc": -1.0102524343690795, "td": -0.08894065555214836}}, {"target": 0.8352384789504993, "params": {"ta": 0.3470190487045801, "tb": -0.7303983410215398, "tc": -0.8230902489754279, "td": 0.8405297593920014}}, {"target": 0.907739407276193, "params": {"ta": -0.07235887275357344, "tb": -0.9203048850879101, "tc": -0.9843857648863287, "td": 0.8215428281828255}}, {"target": 0.6676809168306513, "params": {"ta": -0.05228661232751064, "tb": -0.862415667020763, "tc": -0.9848028132421883, "td": 0.2817196122105723}}, {"target": 0.7513437106541326, "params": {"ta": 0.4480011171714643, "tb": -0.512914237745948, "tc": -0.35994530654291623, "td": -0.10046140442601392}}, {"target": 0.9030357963210706, "params": {"ta": 0.5019724707767607, "tb": -0.6734860953844649, "tc": -0.514141141415314, "td": 0.48847431680486797}}, {"target": 0.4657215580339286, "params": {"ta": 0.08875321357555888, "tb": -1.0422021729051933, "tc": -0.3229013163612606, "td": 0.13244475506454445}}, {"target": 0.7012165556357678, "params": {"ta": 0.7432637417383182, "tb": -0.5197636918644648, "tc": -1.1865002840667598, "td": 0.5081194043234195}}, {"target": 0.6940813419385569, "params": {"ta": 0.1633378974583728, "tb": -0.3544965908899429, "tc": -0.4023874269850758, "td": 0.04703513644715396}}, {"target": 0.8965488332032961, "params": {"ta": 0.8373391794747626, "tb": -0.7421018625640043, "tc": -0.8433512653408812, "td": 0.2673240691765444}}, {"target": 0.6025589345047836, "params": {"ta": 0.2729512613706345, "tb": -0.9503114871984801, "tc": -0.4075900242046092, "td": 0.010906552078413956}}, {"target": 0.8861055017250177, "params": {"ta": 0.21807629135306084, "tb": -0.9982253557710781, "tc": -0.49598346792179204, "td": 0.8040275399312068}}, {"target": 0.6090606978978839, "params": {"ta": 0.04804696427973276, "tb": -1.1122443197130476, "tc": -0.27206440096536777, "td": 0.47133278112023436}}, {"target": 0.5504496562372732, "params": {"ta": -0.017159427078247802, "tb": -0.5375770303385498, "tc": -0.7635336808754862, "td": 0.07891969286547085}}, {"target": 0.8071331050174084, "params": {"ta": 0.26438120504046336, "tb": -1.0169384303772817, "tc": -0.7906192384625206, "td": 0.1780166425899551}}, {"target": 0.8875045311316261, "params": {"ta": 0.8601340786582412, "tb": -0.686287154212725, "tc": -0.9497969456923039, "td": 0.23634221371634423}}, {"target": 0.6273496546731192, "params": {"ta": 0.2415272625013295, "tb": -1.0107553445837516, "tc": -0.3956048970518745, "td": 0.12510924934287515}}, {"target": 0.6826238980452185, "params": {"ta": 0.3618354957057397, "tb": -0.39933021315582984, "tc": -0.4980078096175593, "td": 0.7757257800635}}, {"target": 0.9800911975062797, "params": {"ta": -0.021465557298976923, "tb": -0.7764525554250417, "tc": -0.5593754143976649, "td": 0.7931816408957733}}, {"target": 0.6872432017418072, "params": {"ta": 0.38767854832188275, "tb": -1.162966198756293, "tc": -1.0810452175539487, "td": 0.033436535558735936}}, {"target": 0.74199194499561, "params": {"ta": 0.0702538520932916, "tb": -0.2794295051458867, "tc": -0.874822890224821, "td": 0.6009061417276863}}, {"target": 0.6541575878707336, "params": {"ta": 0.4004323008598789, "tb": -1.019345747950585, "tc": -1.1624522551266876, "td": -0.10568110695194655}}, {"target": 0.7853723048796311, "params": {"ta": 0.18003959928896074, "tb": -0.3530645895643124, "tc": -0.8554694739964395, "td": 0.8277148953653221}}, {"target": 0.9746521386813893, "params": {"ta": -0.10751081706438581, "tb": -0.9005840434961347, "tc": -0.7350178885857102, "td": 0.7835981696938312}}, {"target": 0.7585307784292883, "params": {"ta": 0.2049517140109124, "tb": -0.3161719885220744, "tc": -0.341230430529349, "td": 0.39573018449011366}}, {"target": 0.7374846717480731, "params": {"ta": 0.3469217210112411, "tb": -1.167734603672256, "tc": -0.9875414167346892, "td": 0.17281193805572126}}, {"target": 0.5646577068905473, "params": {"ta": 0.6423894301369878, "tb": -0.9233045703469287, "tc": -0.7450257207280464, "td": 0.8473648036542102}}, {"target": 0.34624135814666945, "params": {"ta": -0.01506202333413642, "tb": -0.6472431501758388, "tc": -1.1400844989464778, "td": -0.012549695784359827}}, {"target": 0.7335392679219591, "params": {"ta": 0.17116584853964523, "tb": -0.3179330546160821, "tc": -0.6131302161398602, "td": 0.15687429915528317}}, {"target": 0.6921910884110397, "params": {"ta": 0.08723075772736455, "tb": -1.147835880746923, "tc": -1.173408574252969, "td": 0.6530087913533599}}, {"target": 0.8324755783329127, "params": {"ta": 0.49158807237512436, "tb": -0.8043857155927066, "tc": -0.8785458586577102, "td": 0.6754233662951538}}, {"target": 0.6403974867951938, "params": {"ta": 0.5414720201202521, "tb": -0.31169437129598354, "tc": -1.0666495549912935, "td": -0.08149315422210612}}, {"target": 0.8663776746075341, "params": {"ta": 0.6793717090284639, "tb": -0.3286448767398984, "tc": -0.7950846199038579, "td": 0.10602695756216085}}, {"target": 0.6827676927180855, "params": {"ta": 0.6546570682560403, "tb": -0.914178546062937, "tc": -1.0427575894201917, "td": 0.5760735275456327}}, {"target": 0.8042765868813789, "params": {"ta": 0.3490756575079059, "tb": -0.5411921559906294, "tc": -0.6613637038399647, "td": -0.020952533225550796}}, {"target": 0.7655268294098277, "params": {"ta": 0.01753366869232642, "tb": -0.4859205982961603, "tc": -0.8468684785940457, "td": 0.369882499346312}}, {"target": 0.7305231550626031, "params": {"ta": 0.20168236636815218, "tb": -0.2964119333792429, "tc": -1.030323728826268, "td": 0.6601338538616046}}, {"target": 0.8224262325581916, "params": {"ta": 0.5936288105502493, "tb": -0.8182695961869813, "tc": -1.1442902528893513, "td": 0.3161997410057291}}, {"target": 0.8498756936951323, "params": {"ta": 0.365726014333859, "tb": -0.5922330904104591, "tc": -0.6574733248899342, "td": 0.7606766578370309}}, {"target": 0.2942696616638934, "params": {"ta": -0.10475120006131233, "tb": -0.637678603279998, "tc": -1.0477823262557857, "td": -0.023486975233650398}}, {"target": 0.8239696131742793, "params": {"ta": 0.4356544930961812, "tb": -1.1509100663281333, "tc": -0.7262723662410491, "td": 0.33200612029410015}}, {"target": 0.5321378330606982, "params": {"ta": -0.004900896902650276, "tb": -0.3261857762561503, "tc": -0.3147691967686288, "td": -0.048026410732653235}}, {"target": 0.5443438831686033, "params": {"ta": 0.7109348296523498, "tb": -1.1258952253092283, "tc": -0.7172847220179611, "td": 0.7356548288274596}}, {"target": 0.9998747762542348, "params": {"ta": 0.29735174902306855, "tb": -0.7282002186935537, "tc": -0.710226634408008, "td": 0.4783499721421162}}, {"target": 0.9989906278313003, "params": {"ta": -0.10913304731905393, "tb": -0.7721883075277126, "tc": -0.6972215956891378, "td": 0.8908669526809461}}, {"target": 0.9735396271499177, "params": {"ta": -0.10913304731905393, "tb": -0.915429358953591, "tc": -0.5837334341667111, "td": 0.8908669526809461}}, {"target": 0.9988882853334515, "params": {"ta": 0.42391484542709407, "tb": -0.7215962510443235, "tc": -0.762209267005275, "td": 0.354351959860537}}, {"target": 0.994539626515897, "params": {"ta": 0.8908669526809461, "tb": -0.6583312656975663, "tc": -0.7435100193651767, "td": -0.10913304731905393}}, {"target": 0.9980828018208571, "params": {"ta": 0.7270311542373417, "tb": -0.7017888255997932, "tc": -0.744871823430715, "td": 0.026294695994228425}}, {"target": 0.9123681226714111, "params": {"ta": 0.8908669526809461, "tb": -0.49230144790205876, "tc": -0.5853128548841472, "td": -0.10913304731905393}}, {"target": 0.9896130169664609, "params": {"ta": 0.8908669526809461, "tb": -0.7185594516505178, "tc": -0.9039034579649915, "td": -0.10913304731905393}}, {"target": 0.9838260346833428, "params": {"ta": 0.8908669526809461, "tb": -0.8189442766528341, "tc": -0.752995313276392, "td": -0.10913304731905393}}, {"target": 0.9980442637347712, "params": {"ta": 0.13235089278722498, "tb": -0.7942739028096603, "tc": -0.6803468631852446, "td": 0.6348828428525447}}, {"target": 0.9926693388550762, "params": {"ta": -0.0033503428878192488, "tb": -0.834421233419472, "tc": -0.6943463540191773, "td": 0.8683435188768975}}, {"target": 0.992634235132119, "params": {"ta": 0.8908669526809461, "tb": -0.7054684748902501, "tc": -0.7961851091868736, "td": -0.018513476978366326}}, {"target": 0.9936497241187469, "params": {"ta": 0.7986923166146245, "tb": -0.7215588575222065, "tc": -0.8100633863539408, "td": -0.0871679272714552}}, {"target": 0.9995011815213818, "params": {"ta": 0.6219527054086208, "tb": -0.694487667801118, "tc": -0.775993415264144, "td": 0.16979045929922673}}, {"target": 0.9980026822223013, "params": {"ta": -0.0008566778402664627, "tb": -0.7539696843022937, "tc": -0.7163197490002206, "td": 0.7538518488447868}}, {"target": 0.9972784473061207, "params": {"ta": 0.2326246261381197, "tb": -0.7551859531555996, "tc": -0.7594006296081173, "td": 0.5620589923787038}}, {"target": 0.9967742145661567, "params": {"ta": 0.590819387388749, "tb": -0.7255874996780944, "tc": -0.7013499452693609, "td": 0.180831514781447}}, {"target": 0.996128565363346, "params": {"ta": 0.3618399664410456, "tb": -0.7885849037130606, "tc": -0.7217071868977716, "td": 0.4457329064659538}}, {"target": 0.9958484932641679, "params": {"ta": 0.6636002401048363, "tb": -0.757615276055763, "tc": -0.7858298321692293, "td": 0.09510652213608246}}, {"target": 0.9980730509679799, "params": {"ta": 0.2423918466091469, "tb": -0.7666496062163782, "tc": -0.673260036445502, "td": 0.5559744517537607}}, {"target": 0.9998821546916014, "params": {"ta": 0.5151797910803272, "tb": -0.7221767185348943, "tc": -0.7439287766544455, "td": 0.2648089648447468}}, {"target": 0.997524651814778, "params": {"ta": 0.40558951704963025, "tb": -0.7178902166992444, "tc": -0.6818909158903559, "td": 0.3543444522287553}}, {"target": 0.998470192254583, "params": {"ta": 0.05346896829944447, "tb": -0.8139758602842346, "tc": -0.6900354467828114, "td": 0.7442317550541981}}, {"target": 0.9990360748431969, "params": {"ta": -0.06640232946456469, "tb": -0.7929365549887698, "tc": -0.6813736335971766, "td": 0.8280834535392378}}, {"target": 0.9997272896670371, "params": {"ta": 0.8908669526809461, "tb": -0.7176531800436445, "tc": -0.804846236948378, "td": -0.10913304731905393}}, {"target": 0.9986049589779605, "params": {"ta": 0.1304901450224552, "tb": -0.7277795544148375, "tc": -0.6914624644131071, "td": 0.6540162500160962}}, {"target": 0.9984188180568196, "params": {"ta": -0.10913304731905393, "tb": -0.8236954417792077, "tc": -0.7358429960307038, "td": 0.8908669526809461}}, {"target": 0.9988663106840187, "params": {"ta": 0.7333114069996809, "tb": -0.675222401175218, "tc": -0.7984774381914256, "td": 0.05559529889470106}}, {"target": 0.9992511839785007, "params": {"ta": 0.6657014869449059, "tb": -0.6814345639155168, "tc": -0.7514967000303643, "td": 0.1058295668689762}}, {"target": 0.9991321744426694, "params": {"ta": 0.09749890826865884, "tb": -0.7711894327903785, "tc": -0.7291649905998586, "td": 0.6766448794591277}}, {"target": 0.9964251303474841, "params": {"ta": 0.8908669526809461, "tb": -0.6484317278575473, "tc": -0.8289856777961023, "td": -0.10913304731905393}}, {"target": 0.9990147502193844, "params": {"ta": 0.37393818182117755, "tb": -0.708821278581707, "tc": -0.7264437932417649, "td": 0.43103890298612774}}, {"target": 0.9991859625479553, "params": {"ta": 0.07211571286928263, "tb": -0.7608266152089918, "tc": -0.6821357481355712, "td": 0.7278264386817149}}, {"target": 0.9992845263062282, "params": {"ta": 0.7246688237501782, "tb": -0.7107894540800905, "tc": -0.7651682703898046, "td": 0.08282847881038746}}, {"target": 0.9993012043957793, "params": {"ta": 0.19550024580661093, "tb": -0.737026874192469, "tc": -0.7030034904093069, "td": 0.5635645234922517}}, {"target": 0.9986443958808287, "params": {"ta": -0.057532777039203266, "tb": -0.7776540560444556, "tc": -0.7316284605878972, "td": 0.8506275672874146}}, {"target": 0.9993224488145311, "params": {"ta": 0.34785196086229553, "tb": -0.7313043597229841, "tc": -0.7311569226800599, "td": 0.41055842010764404}}, {"target": 0.9990420767559347, "params": {"ta": 0.5530079824686545, "tb": -0.6802800809970491, "tc": -0.7385101440351466, "td": 0.235267227659621}}, {"target": 0.9997982683240828, "params": {"ta": 0.8151925653352986, "tb": -0.6877361811496686, "tc": -0.783566337971411, "td": -0.028913514657462967}}, {"target": 0.999659592982264, "params": {"ta": 0.1759606921794494, "tb": -0.7635297932204801, "tc": -0.7085589301520961, "td": 0.6247073674622065}}, {"target": 0.9997157112711165, "params": {"ta": 0.7725133717394652, "tb": -0.7143681537535188, "tc": -0.7920783152797679, "td": 0.012566895182143305}}, {"target": 0.9997311898322997, "params": {"ta": 0.5700433011954088, "tb": -0.7195811925891958, "tc": -0.7569707235750446, "td": 0.20455615501737945}}, {"target": 0.9998825597148199, "params": {"ta": 0.4666814377832014, "tb": -0.7093558264842097, "tc": -0.7270762540334935, "td": 0.317246081923315}}, {"target": 0.9997000131994634, "params": {"ta": -0.09100036607766, "tb": -0.8068807884801983, "tc": -0.6904723309566957, "td": 0.8908669526809461}}, {"target": 0.9999115089550306, "params": {"ta": -0.00021136280526111122, "tb": -0.783349051582131, "tc": -0.6952412900777922, "td": 0.7930989896199494}}, {"target": 0.9998888751103956, "params": {"ta": 0.639772173647077, "tb": -0.7122895305698101, "tc": -0.7554289171749227, "td": 0.1460416718343864}}, {"target": 0.9995031318732307, "params": {"ta": 0.4362498778293164, "tb": -0.741511319515823, "tc": -0.7265908515762012, "td": 0.351466099658566}}, {"target": 0.9998056595122882, "params": {"ta": 0.2650519314797538, "tb": -0.7537934244339005, "tc": -0.7176165633617406, "td": 0.5141096265299036}}, {"target": 0.9998563709454834, "params": {"ta": 0.692156631240992, "tb": -0.7035276894772637, "tc": -0.7789392035891809, "td": 0.0846920537428425}}, {"target": 0.9995615071477651, "params": {"ta": 0.25434284917285016, "tb": -0.7273973273164347, "tc": -0.7108019656781429, "td": 0.5391403296645424}}, {"target": 0.9997732190398305, "params": {"ta": 0.7702850598373169, "tb": -0.6893106824242099, "tc": -0.7741758143741061, "td": 0.020816031998059356}}, {"target": 0.9994908031330073, "params": {"ta": 0.31857582863073436, "tb": -0.7353272767697395, "tc": -0.7380891397954372, "td": 0.47105734872361027}}, {"target": 0.9999966253591062, "params": {"ta": 0.8618534285828955, "tb": -0.699441771963532, "tc": -0.7979564166939216, "td": -0.07625199279613479}}, {"target": 0.9996644162612806, "params": {"ta": 0.04347367508019418, "tb": -0.7783112856600172, "tc": -0.692185254680218, "td": 0.7249496443985256}}, {"target": 0.9997696981521694, "params": {"ta": 0.03563455248302464, "tb": -0.7823789402667882, "tc": -0.7142053219821172, "td": 0.754744954539111}}, {"target": 0.9999062324929594, "params": {"ta": 0.11278061085668233, "tb": -0.7708090623738112, "tc": -0.6966337402791387, "td": 0.6782638331172564}}, {"target": 0.9998739690313578, "params": {"ta": 0.6016007117945377, "tb": -0.6982770294493443, "tc": -0.7484118253149198, "td": 0.17526581973292096}}, {"target": 0.9997050611435973, "params": {"ta": -0.10913304731905393, "tb": -0.803807551877567, "tc": -0.699355411495693, "td": 0.8790868636720279}}, {"target": 0.9998593094756902, "params": {"ta": 0.33792963691445366, "tb": -0.735280227365896, "tc": -0.7077434006749587, "td": 0.44624059628120305}}, {"target": 0.9999892769454862, "params": {"ta": 0.4034060035953756, "tb": -0.7211403061437534, "tc": -0.7253866899873908, "td": 0.3801349602164347}}, {"target": 0.9996078046047147, "params": {"ta": 0.8235469059702863, "tb": -0.7119544304907247, "tc": -0.776025545888731, "td": -0.039531130621351884}}, {"target": 0.9999264798801396, "params": {"ta": 0.1443534169818444, "tb": -0.7580506310161806, "tc": -0.7085977824822703, "td": 0.6322243630978245}}, {"target": 0.9996627787626519, "params": {"ta": 0.5003441624126875, "tb": -0.7075843252662147, "tc": -0.7549624495446067, "td": 0.2893365260012306}}, {"target": 0.9998502221657084, "params": {"ta": -0.02325547359762149, "tb": -0.7967117866540128, "tc": -0.7078067311652478, "td": 0.8039889324942507}}, {"target": 0.9998580769047041, "params": {"ta": 0.47347052702301073, "tb": -0.7211524522792996, "tc": -0.7363498382570757, "td": 0.2983206910157456}}, {"target": 0.9999787722431495, "params": {"ta": 0.7335876174856982, "tb": -0.7027379367985604, "tc": -0.7784045889523835, "td": 0.04752578513859683}}, {"target": 0.9999559021603429, "params": {"ta": 0.2125975671500494, "tb": -0.7562647534531219, "tc": -0.7088427030867022, "td": 0.572739686673495}}, {"target": 0.9998487078472936, "params": {"ta": 0.5821065136848013, "tb": -0.7103971906190429, "tc": -0.7485851510612799, "td": 0.2122345709254779}}, {"target": 0.9999951485601476, "params": {"ta": -0.07601879821780155, "tb": -0.7987060264173057, "tc": -0.7030153142309781, "td": 0.8634044547502697}}, {"target": 0.9999684321073179, "params": {"ta": 0.6678639390115976, "tb": -0.702513160693186, "tc": -0.7695512927417912, "td": 0.11988103229985304}}, {"target": 0.9998926190419973, "params": {"ta": 0.8201519348280244, "tb": -0.7000406378456299, "tc": -0.8015101026210966, "td": -0.032478720988538275}}, {"target": 0.999933065962423, "params": {"ta": 0.8908669526809461, "tb": -0.6975038302728129, "tc": -0.7987217180861358, "td": -0.10913304731905393}}, {"target": 0.9998716995682565, "params": {"ta": 0.5110302365408533, "tb": -0.7110977961047521, "tc": -0.7297537922935475, "td": 0.2711520394719695}}, {"target": 0.9998834439104907, "params": {"ta": 0.8908669526809461, "tb": -0.698005006317957, "tc": -0.8035974128448437, "td": -0.09376114265781663}}, {"target": 0.9999534568888018, "params": {"ta": 0.381334832411657, "tb": -0.73243124279298, "tc": -0.7233181238067313, "td": 0.4037967742260931}}, {"target": 0.9999489408193921, "params": {"ta": 0.4317627239797166, "tb": -0.7133546924880497, "tc": -0.7295274097611653, "td": 0.3471944883176252}}, {"target": 0.9999960538711311, "params": {"ta": 0.07796483440159163, "tb": -0.7725693656524697, "tc": -0.7029540736776699, "td": 0.7063889528223974}}, {"target": 0.9999939067582306, "params": {"ta": 0.5428356405192536, "tb": -0.7109171524714728, "tc": -0.7472673122114701, "td": 0.23815226718197152}}, {"target": 0.9999445975214738, "params": {"ta": 0.17927115670838248, "tb": -0.751789406806563, "tc": -0.6988650944395033, "td": 0.6038701272919061}}, {"target": 0.9999173906827816, "params": {"ta": -0.03606899155887527, "tb": -0.7847072340944484, "tc": -0.6967937280895099, "td": 0.8257607799741056}}, {"target": 0.9999189859634736, "params": {"ta": 0.2933215396674626, "tb": -0.742201317452903, "tc": -0.7105915368251097, "td": 0.49623368689231484}}, {"target": 0.9999698656779733, "params": {"ta": 0.7857473904488157, "tb": -0.6976089109849591, "tc": -0.7864778889