{"all": [{"target": 0.9095729560950865, "params": {"ta": 0.5001769859701484, "tb": -0.6568076915323388, "tc": -1.0515034987128904, "td": 0.25359215735486895}}, {"target": 0.7773668478150361, "params": {"ta": 0.8462841934261167, "tb": -0.6890670731098877, "tc": -1.0762718175997144, "td": 0.3586796824327959}}, {"target": 0.8210089549471931, "params": {"ta": 0.387836721874283, "tb": -0.8152702638240537, "tc": -1.1414198315007158, "td": 0.1651617286023529}}, {"target": 0.7902634288067619, "params": {"ta": 0.6460304926893795, "tb": -0.4834040093968752, "tc": -0.49909406426740965, "td": 0.35717398605691963}}, {"target": 0.8489110432025128, "params": {"ta": 0.5565612545186012, "tb": -0.7420989305308084, "tc": -0.47592243328235506, "td": -0.04956426180407014}}, {"target": 0.8724612077597691, "params": {"ta": -0.04386165694033628, "tb": -0.9191750581000249, "tc": -0.6447925074132538, "td": 0.5257239430306642}}, {"target": 0.801827087665055, "params": {"ta": 0.057466390602628925, "tb": -0.8066325524292859, "tc": -0.39278355160481615, "td": 0.4416316745721637}}, {"target": 0.6895141362345304, "params": {"ta": 0.4446647514929557, "tb": -0.6134029862184078, "tc": -1.0911678473882451, "td": -0.10000281802856414}}, {"target": 0.8363663456866823, "params": {"ta": 0.3150919530598536, "tb": -0.7205775381085714, "tc": -1.0539530326020494, "td": 0.7738759971315514}}, {"target": 0.9161296971776305, "params": {"ta": 0.592901068723582, "tb": -0.7447538513199486, "tc": -0.8600001145548005, "td": -0.0880755197613804}}, {"target": 0.8102103010595538, "params": {"ta": 0.025738011263609084, "tb": -0.7170366163834568, "tc": -1.1627615973320404, "td": 0.6077400828247803}}, {"target": 0.681599882765221, "params": {"ta": 0.4860379158445354, "tb": -0.4471464208879731, "tc": -0.3016747529077669, "td": 0.4295641414638629}}, {"target": 0.8328508091443093, "params": {"ta": 0.3916992139235931, "tb": -1.086562456447065, "tc": -0.7333648219434487, "td": 0.14782495298390896}}, {"target": 0.9143236349650512, "params": {"ta": 0.3956441607182303, "tb": -1.0031601093923994, "tc": -0.6143470085240073, "td": 0.3336374056657243}}, {"target": 0.7859638045240883, "params": {"ta": 0.597569867001571, "tb": -0.41801185238541394, "tc": -0.8818455789367934, "td": 0.5534019257008927}}, {"target": 0.7580084424415959, "params": {"ta": 0.2750959773069708, "tb": -1.239623457257672, "tc": -0.6889909131581793, "td": 0.36420696329368907}}, {"target": 0.6706093898591128, "params": {"ta": 0.7337571743666639, "tb": -0.96431895670037, "tc": -0.3205648605046504, "td": 0.5364496778516561}}, {"target": 0.7437141782512532, "params": {"ta": 0.402362746041414, "tb": -0.5536386405999559, "tc": -0.8219431168237942, "td": -0.1042894911860911}}, {"target": 0.5354423217254486, "params": {"ta": -0.09406327732209396, "tb": -0.6386362261459287, "tc": -0.6007360182955694, "td": 0.12051299995498499}}, {"target": 0.7002579603592352, "params": {"ta": 0.611269486751399, "tb": -0.8646750358058674, "tc": -0.29568162072980064, "td": 0.5634492317364288}}, {"target": 0.7318574214591111, "params": {"ta": 0.084052188315909, "tb": -1.2218586652132462, "tc": -1.090502696895832, "td": 0.469658279506182}}, {"target": 0.9662443555275305, "params": {"ta": 0.5395478541557001, "tb": -0.7373868330863662, "tc": -0.5915064431901598, "td": 0.1917010786135941}}, {"target": 0.8763239377812186, "params": {"ta": 0.34048840616041753, "tb": -0.9401660469634626, "tc": -0.7379843763352322, "td": 0.771722508745741}}, {"target": 0.8542916125744037, "params": {"ta": 0.7141740297237292, "tb": -0.9401408215632162, "tc": -0.4611554929978656, "td": -0.011126336326574338}}, {"target": 0.6391508263131779, "params": {"ta": 0.21451925015574325, "tb": -0.4588636443974351, "tc": -0.34482943519703024, "td": -0.030504869283175085}}, {"target": 0.7990999294541441, "params": {"ta": 0.5437385302532779, "tb": -1.045657843037418, "tc": -0.7009021884197767, "td": -0.09090494351144496}}, {"target": 0.8762952298018655, "params": {"ta": 0.17414966874442384, "tb": -1.0170879695410182, "tc": -0.8344210549639416, "td": 0.8609811971400206}}, {"target": 0.5415373042234969, "params": {"ta": 0.6251371694219552, "tb": -1.2307681566721538, "tc": -1.0724605736218693, "td": 0.5521050942575126}}, {"target": 0.6767352148874444, "params": {"ta": 0.8283701417897157, "tb": -0.3881293749042072, "tc": -1.061577012625925, "td": 0.49694097446719687}}, {"target": 0.4365551293522767, "params": {"ta": 0.6997434536683483, "tb": -0.5992974887972804, "tc": -0.4709355378640169, "td": 0.8297140965135017}}, {"target": 0.9405808962467757, "params": {"ta": 0.11054286112267953, "tb": -0.8184244953621818, "tc": -0.9405590563697399, "td": 0.5168635299739383}}, {"target": 0.7881732335265567, "params": {"ta": 0.49475579551650484, "tb": -1.0976245581360806, "tc": -0.43820155392369675, "td": 0.5891637748132241}}, {"target": 0.5704512564894245, "params": {"ta": 0.6361163232283487, "tb": -1.0156470549287069, "tc": -1.0824378341204843, "td": 0.6812901668546083}}, {"target": 0.5629194341423293, "params": {"ta": 0.767504511196383, "tb": -0.378637639943187, "tc": -0.43082913131998857, "td": 0.4302941709828667}}, {"target": 0.749063560899829, "params": {"ta": 0.832281686572206, "tb": -0.4750026737868057, "tc": -0.6138273428753082, "td": 0.3274533526449368}}, {"target": 0.9246710369929295, "params": {"ta": 0.17219855424743924, "tb": -1.044842237755077, "tc": -0.7618945702256782, "td": 0.5663104413448645}}, {"target": 0.6946428044239141, "params": {"ta": 0.21870425813299443, "tb": -0.691604040921838, "tc": -0.5071641637355832, "td": 0.009311577834394957}}, {"target": 0.7455762581836556, "params": {"ta": 0.2904961350292101, "tb": -1.140502496518427, "tc": -0.35441288113035085, "td": 0.5419736937869019}}, {"target": 0.5283676369467414, "params": {"ta": 0.31806069716322105, "tb": -1.0566764322057314, "tc": -0.2880542989602518, "td": 0.05909585329003708}}, {"target": 0.892703341582498, "params": {"ta": 0.7293931837462981, "tb": -1.0383196791402314, "tc": -0.8222159594259425, "td": 0.21234323210880834}}, {"target": 0.5303476013299983, "params": {"ta": -0.03003233283578033, "tb": -0.4088971892606884, "tc": -1.0319219638466115, "td": 0.2804281743841833}}, {"target": 0.5784688007849155, "params": {"ta": 0.7710920992972673, "tb": -0.8465748980100124, "tc": -0.3005926486656785, "td": 0.5967741265454916}}, {"target": 0.7723219150611997, "params": {"ta": 0.7115222610763186, "tb": -0.8996312447681681, "tc": -1.203797598955931, "td": 0.2416207024998731}}, {"target": 0.6261917746684204, "params": {"ta": 0.003881967680519738, "tb": -0.5367720716816695, "tc": -1.1063974134207102, "td": 0.339146899809739}}, {"target": 0.6992041461830534, "params": {"ta": 0.23584337008718026, "tb": -1.1473972268137551, "tc": -1.0553716032615665, "td": 0.8058870302853002}}, {"target": 0.8545961247286389, "params": {"ta": 0.0004480597892230209, "tb": -0.8160099736782627, "tc": -0.3933250505228718, "td": 0.6365040013441259}}, {"target": 0.553276603773547, "params": {"ta": 0.09172929984426281, "tb": -0.6652249700028346, "tc": -0.6388362209997865, "td": -0.04516652127724863}}, {"target": 0.8276577898569125, "params": {"ta": 0.5286041897200473, "tb": -0.4324365490852471, "tc": -0.490087554415905, "td": 0.2786498770650606}}, {"target": 0.7409069376336124, "params": {"ta": 0.09570399501623206, "tb": -0.5918126403170695, "tc": -0.2669572620215579, "td": 0.39498521385280627}}, {"target": 0.7182631034638144, "params": {"ta": 0.3440794631320573, "tb": -0.6003623888175489, "tc": -0.27331901074290477, "td": 0.08537032680788292}}, {"target": 0.7791171732812755, "params": {"ta": 0.2754334608210126, "tb": -0.28277935698919465, "tc": -0.720446074532001, "td": 0.37714858585335465}}, {"target": 0.8473188072676655, "params": {"ta": 0.6534334198159197, "tb": -0.713797966911859, "tc": -1.1406257499035048, "td": -0.02343146984691502}}, {"target": 0.7284942279310782, "params": {"ta": 0.81373702890599, "tb": -1.1906855532990428, "tc": -1.0866034172521477, "td": 0.040430811457041305}}, {"target": 0.4836624325901592, "params": {"ta": 0.08344081701111505, "tb": -0.9774214517933782, "tc": -0.8347606070105178, "td": -0.07985714373508834}}, {"target": 0.9042593946378721, "params": {"ta": 0.15837628859957908, "tb": -0.46563008755520596, "tc": -0.7741042280940644, "td": 0.6712984106390846}}, {"target": 0.852065279522332, "params": {"ta": 0.42785170663089145, "tb": -0.622975420465677, "tc": -0.4194882652727826, "td": 0.14477106111924032}}, {"target": 0.8243528447671041, "params": {"ta": 0.4816072197301021, "tb": -0.36369422845624133, "tc": -0.631423581283107, "td": 0.3794730931093624}}, {"target": 0.8500128106581095, "params": {"ta": 0.5794506559471883, "tb": -0.9653433739667749, "tc": -0.42890511920999796, "td": 0.22229713444275745}}, {"target": 0.52111258729445, "params": {"ta": 0.6869603854943236, "tb": -1.0609728304181738, "tc": -1.1177276163436374, "td": 0.6347596608966938}}, {"target": 0.450500926322193, "params": {"ta": 0.10004328384765149, "tb": -1.022778930482807, "tc": -0.580166841054521, "td": -0.049278905181155075}}, {"target": 0.7375819314882114, "params": {"ta": 0.5511585635660492, "tb": -0.4436982154426793, "tc": -1.0491181907880405, "td": -0.0467073282862972}}, {"target": 0.7674180394986637, "params": {"ta": 0.539502418769702, "tb": -0.2777329207138012, "tc": -0.5894531038695155, "td": 0.043264592340508945}}, {"target": 0.7890818508698504, "params": {"ta": 0.30322695233215413, "tb": -0.9221701090287485, "tc": -0.2964887412649061, "td": 0.5484073783576082}}, {"target": 0.7713599186301623, "params": {"ta": 0.7959297251581616, "tb": -1.110139174516008, "tc": -0.532356156205931, "td": 0.35169286870009264}}, {"target": 0.9994230374630555, "params": {"ta": 0.3585439549039426, "tb": -0.7427954950859191, "tc": -0.7638157489506656, "td": 0.4386772992299172}}, {"target": 0.9992734442017608, "params": {"ta": 0.8923855622569539, "tb": -0.7297181544228746, "tc": -0.7761334871992357, "td": -0.10761443774304613}}, {"target": 0.9949335177511922, "params": {"ta": -0.10761443774304613, "tb": -0.721819410162842, "tc": -0.7462150162404163, "td": 0.8923855622569539}}, {"target": 0.998108861227932, "params": {"ta": 0.7549249550993555, "tb": -0.7454433615475166, "tc": -0.7855656158870455, "td": 0.07358040348806298}}, {"target": 0.9970393046614139, "params": {"ta": 0.05025176514643437, "tb": -0.7714879661648539, "tc": -0.7787015447947413, "td": 0.6893792039047956}}, {"target": 0.9970197617238994, "params": {"ta": 0.5284822702873164, "tb": -0.7891004556023614, "tc": -0.8079368772587529, "td": 0.27022937205424197}}, {"target": 0.9721414026318486, "params": {"ta": 0.02412021769741514, "tb": -0.7392697550148518, "tc": -0.6652291743393557, "td": 0.8923855622569539}}, {"target": 0.9876243881032957, "params": {"ta": 0.8923855622569539, "tb": -0.8557395382414256, "tc": -0.8307238752501105, "td": -0.10761443774304613}}, {"target": 0.9872172195313103, "params": {"ta": -0.10761443774304613, "tb": -0.904388319634709, "tc": -0.7306472250797187, "td": 0.8923855622569539}}, {"target": 0.9995679607263441, "params": {"ta": 0.21161858979035852, "tb": -0.7830171413231929, "tc": -0.736933697590062, "td": 0.5790385942963835}}, {"target": 0.9826751873727368, "params": {"ta": -0.10761443774304613, "tb": -0.8047244857115444, "tc": -0.8823055038005677, "td": 0.8923855622569539}}, {"target": 0.9863736528726094, "params": {"ta": 0.8923855622569539, "tb": -0.7951911617318784, "tc": -0.6976181773945475, "td": -0.05150917097031655}}, {"target": 0.9988281456942081, "params": {"ta": -0.048961590871111196, "tb": -0.8082505074326831, "tc": -0.7627964484700511, "td": 0.8103348441725798}}, {"target": 0.9921783391196545, "params": {"ta": 0.3345062853024158, "tb": -0.8359319758478017, "tc": -0.808264430979325, "td": 0.45575010975470076}}, {"target": 0.9984468018479693, "params": {"ta": 0.8025908337020973, "tb": -0.7706526024012961, "tc": -0.7866601995155539, "td": -0.05079384136335662}}, {"target": 0.9973653585291955, "params": {"ta": 0.6011244653647606, "tb": -0.7015758966709317, "tc": -0.778582667295657, "td": 0.17807926626480844}}, {"target": 0.9907494761504148, "params": {"ta": 0.8923855622569539, "tb": -0.7368978353083541, "tc": -0.8550834637202535, "td": -0.03334390767808073}}, {"target": 0.9970114205034813, "params": {"ta": 0.6387422596127227, "tb": -0.8037513470636651, "tc": -0.7747050027054139, "td": 0.13117605502409704}}, {"target": 0.9982727534102487, "params": {"ta": 0.4309062843704023, "tb": -0.74669229708161, "tc": -0.7418111904335534, "td": 0.318923203999698}}, {"target": 0.996127063685634, "params": {"ta": 0.1623278012454705, "tb": -0.7895107063158465, "tc": -0.8007903773364364, "td": 0.6582775626397398}}, {"target": 0.9951200512227542, "params": {"ta": 0.44020909415743065, "tb": -0.7800697455162011, "tc": -0.7129833593424874, "td": 0.3905122447078871}}, {"target": 0.9976284996706308, "params": {"ta": 0.30171522334349277, "tb": -0.781720335700038, "tc": -0.7195926831193956, "td": 0.45705376445545876}}, {"target": 0.9981646866078417, "params": {"ta": 0.2407817013931661, "tb": -0.7437679473673735, "tc": -0.7877098402341106, "td": 0.5351647338798963}}, {"target": 0.997008189331066, "params": {"ta": -0.05780161511168851, "tb": -0.7903642530566638, "tc": -0.7745953844801371, "td": 0.8923855622569539}}, {"target": 0.997937227903833, "params": {"ta": 0.5239628495974556, "tb": -0.7205249910052959, "tc": -0.7570802457372399, "td": 0.2873294579012777}}, {"target": 0.9984574627476444, "params": {"ta": 0.07713874336982626, "tb": -0.8120378100073457, "tc": -0.7289187761064115, "td": 0.7187547362749299}}, {"target": 0.9995464434345572, "params": {"ta": -0.10761443774304613, "tb": -0.799986538704968, "tc": -0.7307555953399716, "td": 0.8923855622569539}}, {"target": 0.9974229073013805, "params": {"ta": 0.7111534375540309, "tb": -0.7259230029969039, "tc": -0.7397869570413083, "td": 0.05404261394776963}}, {"target": 0.998591103913199, "params": {"ta": 0.13046303202972281, "tb": -0.7445326415461304, "tc": -0.7337766470593662, "td": 0.6622657927620135}}, {"target": 0.9983253304089534, "params": {"ta": 0.6260777402316696, "tb": -0.7592403940352553, "tc": -0.7486604130566231, "td": 0.19032066353523572}}, {"target": 0.9990505529036983, "params": {"ta": 0.037221210652064574, "tb": -0.7609601297908365, "tc": -0.7593476170040793, "td": 0.7665152455583835}}, {"target": 0.9993557019918202, "params": {"ta": 0.5396386788311064, "tb": -0.76435623879324, "tc": -0.7563556312860769, "td": 0.22598861052212738}}, {"target": 0.9991245836085414, "params": {"ta": 0.2916057853606954, "tb": -0.7647440180133052, "tc": -0.7482764405544258, "td": 0.5217214417475251}}, {"target": 0.9995087326281118, "params": {"ta": 0.8923855622569539, "tb": -0.7632865501308145, "tc": -0.8112260034355385, "td": -0.10761443774304613}}, {"target": 0.999278914087041, "params": {"ta": 0.6839479242056067, "tb": -0.7420726231881548, "tc": -0.8029764371145155, "td": 0.09528699708877138}}, {"target": 0.999482933175707, "params": {"ta": 0.4280760616247798, "tb": -0.7661229904839232, "tc": -0.7836311479464347, "td": 0.35844140772509203}}, {"target": 0.9990130551979877, "params": {"ta": 0.8100501933148512, "tb": -0.7186357258927223, "tc": -0.7863210064546758, "td": -0.024948499567174032}}, {"target": 0.9989426112234213, "params": {"ta": -0.10761443774304613, "tb": -0.7930412885634753, "tc": -0.7718019622250586, "td": 0.8684279774822551}}, {"target": 0.9996438658662932, "params": {"ta": 0.8648036565550995, "tb": -0.757640566620319, "tc": -0.7848198677153836, "td": -0.06292713244919683}}, {"target": 0.9996127204887961, "params": {"ta": 0.13977211684165072, "tb": -0.789457648157413, "tc": -0.7537087927416818, "td": 0.6323767520146052}}, {"target": 0.9990497291794594, "params": {"ta": -0.010588375385172804, "tb": -0.773881582706012, "tc": -0.7258517389232949, "td": 0.7800851668869951}}, {"target": 0.999515088371979, "params": {"ta": 0.5957741977954913, "tb": -0.7568291862492618, "tc": -0.7938649036431414, "td": 0.1903872239284357}}, {"target": 0.9993294891021486, "params": {"ta": 0.2526401410354214, "tb": -0.7900022719768055, "tc": -0.7661975228660135, "td": 0.5255801816083611}}, {"target": 0.9998263046221147, "params": {"ta": 0.7536756586165181, "tb": -0.7582189188839913, "tc": -0.7903167206012679, "td": 0.024135448515878094}}, {"target": 0.9997028383042754, "params": {"ta": 0.3754248635951543, "tb": -0.7748755300636432, "tc": -0.755304130320999, "td": 0.40043533094331485}}, {"target": 0.9996938363667242, "params": {"ta": 0.4825395144557368, "tb": -0.7714397183243872, "tc": -0.7564882981538237, "td": 0.3033701860589152}}, {"target": 0.9999136144553993, "params": {"ta": 0.649694453086399, "tb": -0.7477842186052365, "tc": -0.7684267141290767, "td": 0.1310435707033152}}, {"target": 0.9998373084831635, "params": {"ta": -0.0652790036922386, "tb": -0.7835641104245924, "tc": -0.7396891090355902, "td": 0.8473618487706005}}, {"target": 0.9999532808948718, "params": {"ta": 0.09500371927590702, "tb": -0.778393133136127, "tc": -0.7541725027538556, "td": 0.69598358108152}}, {"target": 0.9998121513102658, "params": {"ta": 0.023489079387805756, "tb": -0.7971251339050799, "tc": -0.7527125426807066, "td": 0.7642424461316858}}, {"target": 0.9998094612567491, "params": {"ta": 0.18562618397937397, "tb": -0.7629990250461255, "tc": -0.7622871222681791, "td": 0.6003617190729167}}, {"target": 0.9998631301899104, "params": {"ta": 0.3077348965883288, "tb": -0.76302478141047, "tc": -0.7658887359223849, "td": 0.47026048152730837}}, {"target": 0.9994748376472681, "params": {"ta": 0.2495227575089256, "tb": -0.7518984339774489, "tc": -0.7404882113856743, "td": 0.5262192142770323}}, {"target": 0.9993468439457477, "params": {"ta": 0.8923855622569539, "tb": -0.768832752270081, "tc": -0.7748135958574851, "td": -0.10761443774304613}}, {"target": 0.9995166552684323, "params": {"ta": 0.8589274284381845, "tb": -0.7445855582716798, "tc": -0.794721839040009, "td": -0.09406517482943917}}, {"target": 0.9996254650384183, "params": {"ta": 0.4938647262101541, "tb": -0.7474360328575025, "tc": -0.7799557086113225, "td": 0.28039851764232687}}, {"target": 0.9998960510654482, "params": {"ta": 0.05197120522131237, "tb": -0.7771053119852988, "tc": -0.7427892017203226, "td": 0.7276470875688825}}, {"target": 0.9998450908791431, "params": {"ta": 0.7041531504675259, "tb": -0.7615961572680287, "tc": -0.7741328110657956, "td": 0.081796581369404}}, {"target": 0.9997467961872424, "params": {"ta": 0.7913571737776963, "tb": -0.752725711650861, "tc": -0.7707443765073844, "td": -0.0015985663829361932}}, {"target": 0.9997985645257915, "params": {"ta": 0.41225249067286446, "tb": -0.7463045887984462, "tc": -0.7564590359903561, "td": 0.37438991467481975}}, {"target": 0.9999522081446632, "params": {"ta": 0.5570153700865539, "tb": -0.7495360613449, "tc": -0.7723531608398775, "td": 0.2327299345626069}}, {"target": 0.9997880369838476, "params": {"ta": 0.8088199469661381, "tb": -0.7543508004559588, "tc": -0.8000182119394782, "td": -0.01840052603848443}}, {"target": 0.9998491103661964, "params": {"ta": -0.023543870643014726, "tb": -0.7778295691894236, "tc": -0.7580818043735464, "td": 0.8073182924403685}}, {"target": 0.9998952235767185, "params": {"ta": 0.5967196138793774, "tb": -0.7516817990683413, "tc": -0.7657728914052326, "td": 0.18043289399207316}}, {"target": 0.9998093446543631, "params": {"ta": -0.021326804600990748, "tb": -0.7959201319175276, "tc": -0.7418886163228672, "td": 0.8140972034552099}}, {"target": 0.9999629664346583, "params": {"ta": 0.4582495050365152, "tb": -0.7525179282460605, "tc": -0.7646249493925233, "td": 0.3300420871444705}}, {"target": 0.9998357011690007, "params": {"ta": 0.15864984118068098, "tb": -0.776940189420746, "tc": -0.7478462358419719, "td": 0.6384849813296235}}, {"target": 0.9999073753312255, "params": {"ta": 0.7311160241562857, "tb": -0.7415036370444475, "tc": -0.7832004204435555, "td": 0.05032669236646053}}, {"target": 0.9999547455172061, "params": {"ta": 0.2274809677237233, "tb": -0.768727006765595, "tc": -0.7575305605811805, "td": 0.5627097431326961}}, {"target": 0.9999185045357847, "params": {"ta": 0.3396896517495624, "tb": -0.7693188023573038, "tc": -0.7537069889478828, "td": 0.4505670282865383}}, {"target": 0.9999245977480595, "params": {"ta": 0.6423303409286869, "tb": -0.7523652928762802, "tc": -0.7817226049592892, "td": 0.1486362858157892}}, {"target": 0.9999721690466766, "params": {"ta": 0.12069353785689274, "tb": -0.7748403566396737, "tc": -0.7558747797844767, "td": 0.6641386489373451}}, {"target": 0.999976478419168, "params": {"ta": -0.10761443774304613, "tb": -0.7928242275925894, "tc": -0.7555853110723749, "td": 0.8923855622569539}}, {"target": 0.9999812165108147, "params": {"ta": 0.5212451322389889, "tb": -0.7572124788125834, "tc": -0.7642103962450343, "td": 0.26503323519639693}}, {"target": 0.9999202558349171, "params": {"ta": 0.06312960298650289, "tb": -0.7862985840346092, "tc": -0.7572095990348825, "td": 0.7242083761832526}}, {"target": 0.9999648576629405, "params": {"ta": 0.6819264434481673, "tb": -0.7473298831645703, "tc": -0.7752665019136192, "td": 0.10706233045610991}}, {"target": 0.9999134974104925, "params": {"ta": 0.42960866095332634, "tb": -0.766328877762943, "tc": -0.7576721469670585, "td": 0.353300607333193}}, {"target": 0.9999925301444215, "params": {"ta": 0.2884612717332747, "tb": -0.7637865253734946, "tc": -0.7549887096569656, "td": 0.4949127338229027}}, {"target": 0.9997620901701976, "params": {"ta": 0.32835399848035307, "tb": -0.7524001763268914, "tc": -0.7471640328302749, "td": 0.4534126361735013}}, {"target": 0.9999217882559571, "params": {"ta": 0.3638674969291749, "tb": -0.7599502110779511, "tc": -0.7658273924188499, "td": 0.41555283312583025}}, {"target": 0.9999723546270546, "params": {"ta": 0.8299567659612223, "tb": -0.747975737133113, "tc": -0.7837579447061493, "td": -0.044635318525453445}}, {"target": 0.9999794016649554, "params": {"ta": 0.00577507583484205, "tb": -0.7843310498414553, "tc": -0.7518286247399574, "td": 0.77546047