{"all": [{"target": 0.6846637668004715, "params": {"ta": 0.7914060696585574, "tb": -0.8937673100091146, "tc": -1.1460905033821334, "td": 0.14111037968069262}}, {"target": 0.25437712623344305, "params": {"ta": -0.0810751792753085, "tb": -0.6970322005966448, "tc": -1.0920630762273629, "td": -0.06916609494044035}}, {"target": 0.5918004813174376, "params": {"ta": 0.6584468134255754, "tb": -0.533081327726312, "tc": -1.1740750228218262, "td": 0.5830881530894032}}, {"target": 0.7452225826617997, "params": {"ta": 0.08093912726344321, "tb": -0.9772921548123478, "tc": -0.9518849945312697, "td": 0.5169197236530564}}, {"target": 0.6962923757275277, "params": {"ta": 0.12151610918815359, "tb": -0.8621437176589946, "tc": -0.7715222408648394, "td": 0.23237718751772107}}, {"target": 0.6929352033211805, "params": {"ta": 0.3937865782735879, "tb": -0.8443810728357377, "tc": -1.0971840400923032, "td": 0.5652064462499409}}, {"target": 0.7139441679641889, "params": {"ta": 0.3372521297690516, "tb": -1.1116008667258561, "tc": -0.8642953962147373, "td": 0.4424509009025207}}, {"target": 0.3778747221200954, "params": {"ta": 0.7687113182322959, "tb": -0.5175101666046792, "tc": -0.7537404011771132, "td": 0.8167262891914497}}, {"target": 0.7134711235106801, "params": {"ta": 0.31303153585094945, "tb": -0.9396814004786964, "tc": -1.0292125929802831, "td": 0.21849931580161674}}, {"target": 0.6593797181455656, "params": {"ta": 0.4727526535614158, "tb": -0.6834024050220382, "tc": -0.6348983949539706, "td": 0.7614676201491616}}, {"target": 0.6002234662267013, "params": {"ta": 0.2805318725771808, "tb": -0.23729270042117467, "tc": -0.6133108979728221, "td": 0.05674151854137488}}, {"target": 0.5636046584583705, "params": {"ta": 0.5680769148077975, "tb": -0.9673493665090218, "tc": -0.22794719566114408, "td": 0.10338319235305937}}, {"target": 0.6960798592641244, "params": {"ta": 0.30821005273848834, "tb": -1.1669003001617644, "tc": -0.6403528545794628, "td": 0.5328337206877529}}, {"target": 0.6448138421695813, "params": {"ta": 0.4470212989036393, "tb": -0.38919039304528313, "tc": -1.0775835653043577, "td": 0.6438361348455585}}, {"target": 0.5473461085801452, "params": {"ta": 0.020693968007610253, "tb": -1.1033380722089212, "tc": -0.2792614172853116, "td": 0.5324256695707812}}, {"target": 0.5778400137536311, "params": {"ta": 0.3920131745181804, "tb": -0.5409490553196593, "tc": -0.3470629456793234, "td": 0.7216017671979132}}, {"target": 0.36993590588805125, "params": {"ta": 0.8470517282404499, "tb": -0.8410193464156825, "tc": -0.4854773945475419, "td": 0.7538991345893201}}, {"target": 0.575501572322149, "params": {"ta": -0.10226364451821268, "tb": -0.3562399162380784, "tc": -1.0438806630497988, "td": 0.6696606427789176}}, {"target": 0.5942821197219017, "params": {"ta": 0.24760590517251302, "tb": -1.1628170381769682, "tc": -0.24825959721163793, "td": 0.6675780556478532}}, {"target": 0.6743555315245393, "params": {"ta": 0.5685970650536134, "tb": -0.575068884170277, "tc": -1.160293548283259, "td": 0.024196875989651034}}, {"target": 0.6069728546695495, "params": {"ta": 0.31252498607465495, "tb": -1.1700324781155111, "tc": -1.105225693452573, "td": 0.25803632472354243}}, {"target": 0.7204830390588891, "params": {"ta": -0.010220346525617985, "tb": -1.036285155536842, "tc": -1.0086225588318918, "td": 0.7018062559538728}}, {"target": 0.7139975045744223, "params": {"ta": 0.1489606806276783, "tb": -0.40933004820457786, "tc": -0.4517434513906734, "td": 0.4119606167260269}}, {"target": 0.6556151075028981, "params": {"ta": 0.7523714804194469, "tb": -0.9377613238725255, "tc": -1.1999785819145936, "td": 0.10838675812521292}}, {"target": 0.7969135319964813, "params": {"ta": 0.48748971235294514, "tb": -0.8656777878120643, "tc": -0.6477651318280022, "td": 0.4671482769203761}}, {"target": 0.6883635694950612, "params": {"ta": 0.5821901034580838, "tb": -0.30372921518570073, "tc": -0.956864139196951, "td": 0.17167401993923237}}, {"target": 0.8144601977649752, "params": {"ta": 0.43233654246102793, "tb": -0.7869033789248798, "tc": -0.6312778917092973, "td": 0.19731913786575783}}, {"target": 0.7680241495329762, "params": {"ta": 0.5460483516598637, "tb": -0.4701160859391337, "tc": -0.8995288171155928, "td": 0.09835236970183425}}, {"target": 0.3583128013346729, "params": {"ta": -0.07117566966073519, "tb": -0.45298159732010335, "tc": -0.41930371078660955, "td": -0.10253001916340498}}, {"target": 0.4421928658122321, "params": {"ta": 0.062311856558555756, "tb": -0.22738244038177402, "tc": -0.25244173099141776, "td": 0.8432546988644958}}, {"target": 0.6972649887986638, "params": {"ta": 0.8514249263751659, "tb": -0.8697186005568183, "tc": -0.6304466972283188, "td": 0.3044626156980822}}, {"target": 0.5903238408485936, "params": {"ta": 0.2962407283243591, "tb": -1.1229904420184307, "tc": -0.9747691353054198, "td": 0.7866543192719273}}, {"target": 0.4498037288863005, "params": {"ta": 0.15827976600425375, "tb": -0.7467749354386133, "tc": -0.27279197840197267, "td": -0.03250660434347896}}, {"target": 0.7053659217178042, "params": {"ta": 0.6097679926227144, "tb": -0.9750663073813749, "tc": -1.0555737532679759, "td": 0.2592416966355058}}, {"target": 0.7360922044093725, "params": {"ta": 0.314953856798619, "tb": -0.6336134885797461, "tc": -0.4732580782535074, "td": 0.6685203684920371}}, {"target": 0.48711267739838904, "params": {"ta": 0.595659558750884, "tb": -0.9214744118023488, "tc": -0.6146232814548065, "td": 0.8803951431315135}}, {"target": 0.5700087953141482, "params": {"ta": 0.3003003950617211, "tb": -1.1690104391996265, "tc": -0.25340304803047187, "td": 0.5273473018819533}}, {"target": 0.8300966749936287, "params": {"ta": 0.3004816676278227, "tb": -0.7247563140765911, "tc": -0.59671076189007, "td": 0.4084254474686798}}, {"target": 0.668727075720575, "params": {"ta": 0.1983850385798097, "tb": -1.0438566844996042, "tc": -1.0444424404476622, "td": 0.3052456573753153}}, {"target": 0.7277774353304467, "params": {"ta": 0.41333618854175946, "tb": -1.005246001064008, "tc": -0.9881237901359888, "td": 0.21068876343094955}}, {"target": 0.7083560197953882, "params": {"ta": 0.1317169122768428, "tb": -0.9716452129954729, "tc": -1.0221858281001355, "td": 0.41007387007455287}}, {"target": 0.8263569157295787, "params": {"ta": 0.7487103413299414, "tb": -0.5959012955821482, "tc": -0.8670142097515863, "td": -0.05179497864582716}}, {"target": 0.5450005546015881, "params": {"ta": 0.10660008391179276, "tb": -1.1186143923178904, "tc": -0.5546217639931363, "td": 0.23988968941267785}}, {"target": 0.6195605300804797, "params": {"ta": 0.7476403707323653, "tb": -0.22736149755424973, "tc": -1.0354571359107057, "td": -0.027280747697414065}}, {"target": 0.5147018492370474, "params": {"ta": 0.8107486914917835, "tb": -0.6945734398270555, "tc": -1.0757178669275334, "td": 0.5864444302033653}}, {"target": 0.6905945893075406, "params": {"ta": 0.09216110825377355, "tb": -0.6447429543043411, "tc": -0.45995245504227644, "td": 0.2677504575348457}}, {"target": 0.8160520292371822, "params": {"ta": 0.18049081037095738, "tb": -0.9179972647057413, "tc": -0.7887674365916106, "td": 0.635736586441191}}, {"target": 0.5307013358879658, "params": {"ta": 0.20546398577926273, "tb": -0.6799880623956696, "tc": -1.1714058467589041, "td": 0.08828924904445001}}, {"target": 0.6184222423775622, "params": {"ta": 0.4815385271322423, "tb": -0.44304279834559634, "tc": -0.6104931731001609, "td": 0.6878063672971817}}, {"target": 0.663205379067193, "params": {"ta": 0.6991358101833297, "tb": -0.7122625096573612, "tc": -1.1096620395211294, "td": 0.42724173359691797}}, {"target": 0.6571346464183371, "params": {"ta": 0.7383443325996396, "tb": -1.058269102144177, "tc": -0.4780242402514361, "td": 0.34604988238471535}}, {"target": 0.6710821218696925, "params": {"ta": 0.21661282195718778, "tb": -0.6940859537178087, "tc": -0.9711459460890162, "td": 0.15008609571940168}}, {"target": 0.7332169117152705, "params": {"ta": 0.26781232828915424, "tb": -1.057988809678442, "tc": -0.9021435994736737, "td": 0.5510830870980565}}, {"target": 0.5981954878935019, "params": {"ta": 0.1418054265687474, "tb": -0.6157889424204828, "tc": -0.24358446415637147, "td": 0.8602921765044051}}, {"target": 0.6305470492940713, "params": {"ta": 0.33111487400596373, "tb": -1.1398359428303109, "tc": -0.3167247058171365, "td": 0.6381471868580793}}, {"target": 0.4768975074469006, "params": {"ta": 0.7834250318189436, "tb": -0.4291836612907547, "tc": -0.5033249102266436, "td": 0.5283690450005226}}, {"target": 0.559385464599108, "params": {"ta": 0.012160556979202042, "tb": -0.41094446623725467, "tc": -1.1811323498530415, "td": 0.6304696118048878}}, {"target": 0.6806099297864574, "params": {"ta": -0.1065798705667671, "tb": -1.1075895340271098, "tc": -1.0489223116161306, "td": 0.7916782624628884}}, {"target": 0.5486880837032407, "params": {"ta": 0.20317045547622226, "tb": -0.4750970379721112, "tc": -0.683924834916813, "td": -0.07181345181264087}}, {"target": 0.6204655668685346, "params": {"ta": 0.10377631863538095, "tb": -0.9340650337936505, "tc": -0.7767003807533224, "td": 0.16115566191610609}}, {"target": 0.45294864350463554, "params": {"ta": 0.8484636498120127, "tb": -0.3712064045757498, "tc": -1.0599595137834528, "td": 0.6738828019614487}}, {"target": 0.7671958428268923, "params": {"ta": 0.5346556928820033, "tb": -0.567470816519119, "tc": -0.9000972973542838, "td": 0.479395171921457}}, {"target": 0.6043958664272548, "params": {"ta": 0.7869136010228207, "tb": -0.527680340901058, "tc": -0.44572145465161883, "td": 0.34114161336050464}}, {"target": 0.658863986307544, "params": {"ta": 0.02395555938857996, "tb": -0.6288816274494453, "tc": -0.23067687882513777, "td": 0.5763877108822159}}, {"target": 0.8264298783700195, "params": {"ta": 0.8908669526809461, "tb": -0.8264583488631152, "tc": -0.7119856048197628, "td": -0.10913304731905393}}, {"target": 0.8436066605104349, "params": {"ta": 0.6636911677226061, "tb": -0.7530491681791426, "tc": -0.7760948426201132, "td": 0.07100079802972074}}, {"target": 0.8420921967860802, "params": {"ta": 0.22335118318226294, "tb": -0.6797912704943585, "tc": -0.7540963827744863, "td": 0.5359703845430688}}, {"target": 0.8443910261941767, "params": {"ta": 0.4411693098121579, "tb": -0.7180693041763982, "tc": -0.7903463286735889, "td": 0.3137072273299628}}, {"target": 0.812988282987936, "params": {"ta": 0.8908669526809461, "tb": -0.5926174057889784, "tc": -0.6513667607852822, "td": -0.10913304731905393}}, {"target": 0.8440149752707435, "params": {"ta": -0.007877435145555622, "tb": -0.7711767537036335, "tc": -0.6718207854691535, "td": 0.7319280538237637}}, {"target": 0.8427601539016907, "params": {"ta": -0.10913304731905393, "tb": -0.8558209214039443, "tc": -0.6877450332122218, "td": 0.8908669526809461}}, {"target": 0.8379403652255375, "params": {"ta": -0.10913304731905393, "tb": -0.7450696541882481, "tc": -0.7912265833865709, "td": 0.8908669526809461}}, {"target": 0.8447117483973972, "params": {"ta": 0.8908669526809461, "tb": -0.7118319970353489, "tc": -0.853573424878412, "td": -0.10913304731905393}}, {"target": 0.8321414610347297, "params": {"ta": 0.01936339361826474, "tb": -0.7876969945511952, "tc": -0.7185972815393185, "td": 0.8758564143408379}}, {"target": 0.8404836693442024, "params": {"ta": 0.8448856936519398, "tb": -0.6929034468870183, "tc": -0.7904389111620661, "td": 0.003221342212347996}}, {"target": 0.8378646625587665, "params": {"ta": 0.778296520405812, "tb": -0.7245477305169112, "tc": -0.7781358639925389, "td": -0.10913304731905393}}, {"target": 0.8372812945165559, "params": {"ta": -0.09226189100948534, "tb": -0.8357768017123354, "tc": -0.7701868778823969, "td": 0.7961804100846337}}, {"target": 0.8406092797769982, "params": {"ta": -0.10913304731905393, "tb": -0.7314324191444138, "tc": -0.6483316580368369, "td": 0.860513196605615}}, {"target": 0.8440047311514116, "params": {"ta": 0.18314239704149074, "tb": -0.7700547525425372, "tc": -0.6677381548278115, "td": 0.5816636437993987}}, {"target": 0.8451029323159809, "params": {"ta": 0.574777537997708, "tb": -0.675018202668015, "tc": -0.7448639553630615, "td": 0.19274406295072427}}, {"target": 0.8452567723614343, "params": {"ta": 0.3165823867586404, "tb": -0.7589609262516412, "tc": -0.7447893312337661, "td": 0.458647070860926}}, {"target": 0.843475700777319, "params": {"ta": 0.5638516284645291, "tb": -0.7427551591728208, "tc": -0.8076382126730469, "td": 0.19313082743067575}}, {"target": 0.8418937684320685, "params": {"ta": 0.36693062056846165, "tb": -0.6523027794607261, "tc": -0.7195109342091833, "td": 0.38448962067055165}}, {"target": 0.8456058249265699, "params": {"ta": 0.05758037375269176, "tb": -0.7589445314211714, "tc": -0.7357889413902439, "td": 0.7030499868043392}}, {"target": 0.8451030917175397, "params": {"ta": 0.6794256914002388, "tb": -0.6742202207803625, "tc": -0.7999629480732395, "td": 0.0926945679283287}}, {"target": 0.844928242019235, "params": {"ta": 0.8908669526809461, "tb": -0.6786278862394252, "tc": -0.7894943382506578, "td": -0.10913304731905393}}, {"target": 0.8433638477836349, "params": {"ta": 0.1059360956584196, "tb": -0.7044943351598357, "tc": -0.6827719847992175, "td": 0.6457049493471672}}, {"target": 0.8452836677996801, "params": {"ta": 0.4808446619587766, "tb": -0.730876733944713, "tc": -0.720311326965784, "td": 0.2956729073014981}}, {"target": 0.846125765247508, "params": {"ta": -0.10913304731905393, "tb": -0.7855876825709969, "tc": -0.7084193826744932, "td": 0.8606910269849803}}, {"target": 0.8438947511309728, "params": {"ta": 0.6985008709882583, "tb": -0.67943879565004, "tc": -0.7409241665304587, "td": 0.042445184526462294}}, {"target": 0.8453622975946684, "params": {"ta": 0.14548931730099054, "tb": -0.7598743411657541, "tc": -0.7371436635724904, "td": 0.597167768199333}}, {"target": 0.845301612506909, "params": {"ta": 0.10103010502192672, "tb": -0.7818462451573843, "tc": -0.6915856805827186, "td": 0.685745521612054}}, {"target": 0.8447866732610778, "params": {"ta": 0.4925422866682857, "tb": -0.6956172096201119, "tc": -0.7530580680293286, "td": 0.23029487770769316}}, {"target": 0.8457478776889851, "params": {"ta": 0.38493903243885774, "tb": -0.7432434899860548, "tc": -0.7272608590863442, "td": 0.36678077087438965}}, {"target": 0.8450107257250481, "params": {"ta": 0.2204987177150466, "tb": -0.7430658730321582, "tc": -0.7219549519066658, "td": 0.5814652796928363}}, {"target": 0.8460645630508763, "params": {"ta": 0.7602002590877298, "tb": -0.7107755499251449, "tc": -0.8068977653580223, "td": -0.0017002403343792465}}, {"target": 0.8457480592809807, "params": {"ta": 0.256797887504963, "tb": -0.7211121313554832, "tc": -0.7027116425036555, "td": 0.49330182074536044}}, {"target": 0.8455775754157803, "params": {"ta": 0.6058813810117553, "tb": -0.7030985170729901, "tc": -0.7638487224311078, "td": 0.1287776471507151}}, {"target": 0.8461224675496849, "params": {"ta": 0.8496734970867377, "tb": -0.7220395436629455, "tc": -0.808105658167996, "td": -0.07789393701198502}}, {"target": 0.8453812620148201, "params": {"ta": 0.5666785878168197, "tb": -0.7357942980750299, "tc": -0.7423595700289339, "td": 0.2031947443165036}}, {"target": 0.8462578684181972, "params": {"ta": -0.03766821327242163, "tb": -0.7726017289079191, "tc": -0.7083638260598731, "td": 0.8031781701813987}}, {"target": 0.8458427962102549, "params": {"ta": 0.6668366549831207, "tb": -0.71402417885081, "tc": -0.7668928466312217, "td": 0.1180490511934645}}, {"target": 0.8458313903524575, "params": {"ta": 0.3457283817982051, "tb": -0.7174839265222716, "tc": -0.7242782149540744, "td": 0.43713008736873205}}, {"target": 0.8459684706964089, "params": {"ta": 0.5278861909361034, "tb": -0.7049669699553889, "tc": -0.768282497628519, "td": 0.2500942989704847}}, {"target": 0.8460554026387181, "params": {"ta": -0.10913304731905393, "tb": -0.786703763484734, "tc": -0.7018386938800633, "td": 0.8908669526809461}}, {"target": 0.8458969989774794, "params": {"ta": 0.012951684076606842, "tb": -0.7946606277622971, "tc": -0.7113505885724045, "td": 0.7556374954128776}}, {"target": 0.8459202586254937, "params": {"ta": 0.02587325783475676, "tb": -0.7534419687672929, "tc": -0.7007542335942752, "td": 0.7483983520881914}}, {"target": 0.8463036032097095, "params": {"ta": 0.7195329927168636, "tb": -0.7078960547685629, "tc": -0.7842874188043254, "td": 0.049715540316070055}}, {"target": 0.8459568658301723, "params": {"ta": 0.8251820725208591, "tb": -0.6871804979171923, "tc": -0.8083800668123314, "td": -0.06151133140863009}}, {"target": 0.8457891790335519, "params": {"ta": 0.8908669526809461, "tb": -0.7294534437976726, "tc": -0.8092972319158985, "td": -0.10913304731905393}}, {"target": 0.845825144532489, "params": {"ta": 0.32000608329597985, "tb": -0.7196970403874445, "tc": -0.7411884864594782, "td": 0.4231262877432914}}, {"target": 0.8461414710384039, "params": {"ta": 0.22434163099491908, "tb": -0.7496587531276685, "tc": -0.7267132206644655, "td": 0.5308782388966667}}, {"target": 0.8462080557159988, "params": {"ta": 0.4290459595624529, "tb": -0.7071400416711978, "tc": -0.7381199140842426, "td": 0.3356900477815838}}, {"target": 0.8460666057756804, "params": {"ta": 0.18468528585893007, "tb": -0.7322612896500698, "tc": -0.7065950777348854, "td": 0.5697768699364124}}, {"target": 0.8462997842189295, "params": {"ta": 0.1293337100548107, "tb": -0.7545149430402653, "tc": -0.7107648964866323, "td": 0.639197609203928}}, {"target": 0.8460977006682704, "params": {"ta": 0.7823217320819219, "tb": -0.7079316881223153, "tc": -0.7794777920863379, "td": -0.018314976458734495}}, {"target": 0.8462031448642406, "params": {"ta": 0.5993547084739693, "tb": -0.7042667242069683, "tc": -0.7756047197208891, "td": 0.17160092150139858}}, {"target": 0.8460282038267011, "params": {"ta": 0.3843534714381415, "tb": -0.7213455289126913, "tc": -0.7516368710630367, "td": 0.3875790909207609}}, {"target": 0.8462289686593076, "params": {"ta": 0.6747826931933588, "tb": -0.7039508022875571, "tc": -0.7810403858305166, "td": 0.07996697591022442}}, {"target": 0.8461552391839942, "params": {"ta": 0.8643334073774745, "tb": -0.7047529725355757, "tc": -0.8144546257540888, "td": -0.10913304731905393}}, {"target": 0.8459691726755195, "params": {"ta": -0.07121594460468016, "tb": -0.7954152597606093, "tc": -0.6866908273106102, "td": 0.8404732521565725}}, {"target": 0.8461745746719791, "params": {"ta": 0.27950840528793836, "tb": -0.7285977270204806, "tc": -0.7339852219775858, "td": 0.4886144506189975}}, {"target": 0.8461595579143601, "params": {"ta": 0.07138980564133507, "tb": -0.7651144665336129, "tc": -0.7046463775804825, "td": 0.6792527640262116}}, {"target": 0.8461816057024342, "params": {"ta": 0.4785936729296132, "tb": -0.7253973903388616, "tc": -0.7525103559919588, "td": 0.28049985243152564}}, {"target": 0.8461226343482017, "params": {"ta": 0.7480771249835335, "tb": -0.6901150166875717, "tc": -0.788461949573948, "td": 0.01452166537464128}}, {"target": 0.84628454080742, "params": {"ta": 0.5532235577038336, "tb": -0.7081248982090715, "tc": -0.763482651428675, "td": 0.20495099255303742}}, {"target": 0.8461991879943287, "params": {"ta": 0.2996650908791552, "tb": -0.7382553034549675, "tc": -0.7160501158751208, "td": 0.46060224428382784}}, {"target": 0.8461829914262383, "params": {"ta": 0.47523804774740663, "tb": -0.7015208313561762, "tc": -0.746809369179308, "td": 0.28899412618159254}}, {"target": 0.8462938453524891, "params": {"ta": 0.6377737828015402, "tb": -0.7056980879313549, "tc": -0.778359473271296, "td": 0.12725118700764113}}, {"target": 0.8463184438858636, "params": {"ta": 0.046273834432788916, "tb": -0.7695006338268822, "tc": -0.705746242231548, "td": 0.7180983358343991}}, {"target": 0.8462055159494677, "params": {"ta": -0.07983681088341577, "tb": -0.7892092311428712, "tc": -0.7147693065433293, "td": 0.8522453636626528}}, {"target": 0.8462704507421897, "params": {"ta": 0.09742591319116747, "tb": -0.7563212912451143, "tc": -0.7138118731841506, "td": 0.6714622771170986}}, {"target": 0.8462847151180322, "params": {"ta": 0.3615340257446662, "tb": -0.723686257223824, "tc": -0.7264253666026108, "td": 0.3983718913512477}}, {"target": 0.8463062183615803, "params": {"ta": 0.1617797861432795, "tb": -0.752146344314847, "tc": -0.7109280932409044, "td": 0.6046101325083594}}, {"target": 0.8462550470875179, "params": {"ta": 0.2506302881526443, "tb": -0.741748191388514, "tc": -0.7151589233817632, "td": 0.5180956531641764}}, {"target": 0.8461409911570912, "params": {"ta": -0.00408687817917687, "tb": -0.769154246958589, "tc": -0.715559959412052, "td": 0.7588890381977241}}, {"target": 0.8462810286196987, "params": {"ta": 0.8035990421915038, "tb": -0.7106102108568232, "tc": -0.8043567744209892, "td": -0.036592992597432344}}, {"target": 0.8462875314742466, "params": {"ta": 0.5184604735458693, "tb": -0.7138515888836915, "tc": -0.7481842161135446, "td": 0.24377861926058095}}, {"target": 0.8462004822635798, "params": {"ta": 0.8677577035375401, "tb": -0.7042864698247011, "tc": -0.8121352788253138, "td": -0.08936158444444159}}, {"target": 0.8462860206622941, "params": {"ta": 0.4377656640505809, "tb": -0.7237432926690992, "tc": -0.7429112831696106, "td": 0.32391610132020227}}, {"target": 0.846235240198177, "params": {"ta": 0.7447913874458835, "tb": -0.7134856415742344, "tc": -0.7836841155937859, "td": 0.02102747999538455}}, {"target": 0.846212557820733, "params": {"ta": -0.07123169576922495, "tb": -0.7753698545212852, "tc": -0.7047685007929931, "td": 0.8308462409112343}}, {"target": 0.8461301217598388, "params": {"ta": -0.10913304731905393, "tb": -0.7964575514613391, "tc": -0.6917569934930115, "td": 0.870360534188881}}, {"target": 0.846286722225003, "params": {"ta": -0.02216614376781946, "tb": -0.7811125065810658, "tc": -0.6993109911344739, "td": 0.788151266684898}}, {"target": 0.846296809873924, "params": {"ta": 0.39966398229058847, "tb": -0.7167536996174486, "tc": -0.7353444317576563, "td": 0.3588621911476864}}, {"target": 0.8462312922311195, "params": {"ta": 0.6545426418884812, "tb": -0.6978013540103728, "tc": -0.768279