{"all": [{"target": 0.42250860669801216, "params": {"ta": 0.635681580441826, "tb": -0.8174967409572343, "tc": -0.21720598991550677, "td": -0.17503644328660628}}, {"target": 0.7377742890366348, "params": {"ta": 0.12459314678999733, "tb": -0.05587784895937464, "tc": -0.6019388139266338, "td": 0.4029737415852451}}, {"target": 0.7054233219397693, "params": {"ta": 0.21270675416139562, "tb": -0.22924732217113064, "tc": -0.21831433480468332, "td": 0.7657568490618311}}, {"target": 0.8082322677714978, "params": {"ta": 0.1277638322028446, "tb": 0.02870049674414643, "tc": 0.12476203636402872, "td": 0.23177365015633855}}, {"target": 0.5062837191679106, "params": {"ta": 0.11284324212024055, "tb": -0.6124428442684644, "tc": -0.02854055927237198, "td": -0.16752908347064566}}, {"target": 0.7221064023607723, "params": {"ta": -0.012523399732015217, "tb": -0.0059364352909137, "tc": -0.30047238234089513, "td": 0.5001101184891761}}, {"target": 0.20589835349944294, "params": {"ta": 0.7757982729967685, "tb": 0.043267050101311155, "tc": -0.07846802930412755, "td": 0.7026432856348418}}, {"target": 0.7582185071475623, "params": {"ta": 0.5078662966069556, "tb": -0.08882293133707986, "tc": -0.6688143419886521, "td": 0.5452252926801704}}, {"target": 0.9920094704361033, "params": {"ta": 0.10037875752341086, "tb": -0.7208023074303298, "tc": -0.3033030159584509, "td": 0.6807041268517581}}, {"target": 0.5679259299371113, "params": {"ta": -0.09109795965561962, "tb": -0.10770261493193767, "tc": -0.6711449055979514, "td": 0.3325290205310997}}, {"target": 0.8326028312564394, "params": {"ta": 0.49674175705505175, "tb": -0.43285420494308813, "tc": -0.6047118704449417, "td": -0.17505817942564694}}, {"target": 0.908782783348398, "params": {"ta": 0.5818217991429367, "tb": -0.40223309785049144, "tc": -0.5514977785416494, "td": -0.10783170585325663}}, {"target": 0.9171982084047428, "params": {"ta": 0.04879333446290657, "tb": -0.7553947583485332, "tc": -0.3511999314580926, "td": 0.4697298530387315}}, {"target": 0.6068067499624149, "params": {"ta": 0.7827861274442138, "tb": -0.5445420219955714, "tc": -0.3925437300764557, "td": 0.6350488549039871}}, {"target": 0.5002989997100525, "params": {"ta": -0.015177589571248928, "tb": -0.7983886747988084, "tc": -0.4903655233988511, "td": 0.05769288849826426}}, {"target": 0.8904880399332238, "params": {"ta": 0.058662678458772044, "tb": 0.12286031988102697, "tc": -0.2273041601065865, "td": 0.026187567351430685}}, {"target": 0.3446718352394544, "params": {"ta": -0.11763602846655241, "tb": -0.09992829344169563, "tc": -0.7928700577432041, "td": -0.07900820693294652}}, {"target": 0.7911016964831012, "params": {"ta": 0.12194652269084327, "tb": -0.06902830250418002, "tc": -0.5581868071038594, "td": -0.010824954870078063}}, {"target": 0.4663649764512387, "params": {"ta": 0.6532403037009418, "tb": -0.13150918861994, "tc": -0.16286105388903427, "td": 0.654908076729384}}, {"target": 0.9499293684189252, "params": {"ta": 0.501312355239922, "tb": -0.10612952286664601, "tc": -0.4125449920478693, "td": 0.19033653034052667}}, {"target": 0.7896375134311697, "params": {"ta": 0.4451351011180139, "tb": -0.7499064688436173, "tc": -0.6795026442758376, "td": 0.46122191953048874}}, {"target": 0.9183584858650584, "params": {"ta": 0.36482057505318344, "tb": -0.5446725023812984, "tc": -0.17477195273161317, "td": 0.531674377882519}}, {"target": 0.6981859712507249, "params": {"ta": 0.5980966466982124, "tb": -0.012735645263802775, "tc": -0.4639210085316037, "td": 0.5059437922822441}}, {"target": 0.8666700556662955, "params": {"ta": -0.001733995485976969, "tb": -0.8021650954457541, "tc": 0.06286738421905869, "td": 0.5611077733986232}}, {"target": 0.6765108527754359, "params": {"ta": 0.29384638118569095, "tb": -0.8378536770939837, "tc": -0.27851612810270254, "td": 0.14641028710437587}}, {"target": 0.6620434185447432, "params": {"ta": -0.16835885289514907, "tb": -0.7646289589108793, "tc": -0.1660680336567366, "td": 0.232039553159472}}, {"target": 0.961569331024377, "params": {"ta": 0.3018358085992554, "tb": -0.3046386570916486, "tc": -0.3323639556122767, "td": 0.4364306953539119}}, {"target": 0.7277175596048122, "params": {"ta": 0.11303585836317498, "tb": -0.15508911894516442, "tc": -0.7069891058759062, "td": 0.22578223489141336}}, {"target": 0.7331769252614472, "params": {"ta": 0.2686770955202281, "tb": -0.44091513914585323, "tc": 0.11314950925867207, "td": 0.0772366290809331}}, {"target": 0.4006331039215177, "params": {"ta": 0.006167586059245722, "tb": -0.38889590724276546, "tc": -0.7828015771557484, "td": -0.15397622045467474}}, {"target": 0.3338893679296566, "params": {"ta": 0.5739143587305554, "tb": 0.06176001520174734, "tc": -0.13191768422164718, "td": 0.6956629646323059}}, {"target": 0.8592452025531396, "params": {"ta": -0.0672427408553351, "tb": -0.3591295665573493, "tc": -0.3929501460181526, "td": 0.629342102343663}}, {"target": 0.9311791435449019, "params": {"ta": 0.6596750258199604, "tb": -0.4911618420652363, "tc": -0.6605855865782263, "td": 0.20051297598580298}}, {"target": 0.8935530107157953, "params": {"ta": -0.16638152483241997, "tb": -0.6950853607554911, "tc": 0.07330228499625335, "td": 0.7227335803945865}}, {"target": 0.6400555188479052, "params": {"ta": 0.5885120566182265, "tb": 0.13847758491504802, "tc": -0.1211499095185119, "td": 0.15683544653469184}}, {"target": 0.8060647885766242, "params": {"ta": -0.18884120394471282, "tb": -0.2929519068474532, "tc": -0.060885810871828316, "td": 0.7043983010051567}}, {"target": 0.7965234682378705, "params": {"ta": 0.11085421809497098, "tb": -0.11540752116642738, "tc": 0.07243719694660289, "td": 0.4411309990660649}}, {"target": 0.4655414441547486, "params": {"ta": 0.37782531928641394, "tb": 0.131404400669349, "tc": -0.00015172163008403405, "td": 0.5008804250740913}}, {"target": 0.8300999019327833, "params": {"ta": 0.19098499788461532, "tb": -0.21463809765506392, "tc": -0.6729379723365126, "td": 0.27075991343988415}}, {"target": 0.9149132796849089, "params": {"ta": 0.6286656535952778, "tb": -0.46728220327826986, "tc": -0.815269002048879, "td": 0.1735041767237001}}, {"target": 0.2661335607530157, "params": {"ta": -0.057119479106662374, "tb": -0.5207343444935384, "tc": -0.8202554424537344, "td": -0.18324066774222836}}, {"target": 0.6938796156292065, "params": {"ta": -0.029943090206605683, "tb": -0.7387482858043499, "tc": -0.7757241076542218, "td": 0.5844377619129458}}, {"target": 0.9795832221089017, "params": {"ta": 0.6488618442862428, "tb": -0.25961588409600567, "tc": -0.6280410929577954, "td": 0.2048082762954896}}, {"target": 0.6206639149359738, "params": {"ta": 0.43159217315440024, "tb": -0.7852412608700869, "tc": -0.4377947710734176, "td": -0.04745684476887524}}, {"target": 0.8769186128756506, "params": {"ta": 0.2611659029627932, "tb": -0.11126405852554966, "tc": -0.4059045798996431, "td": -0.18288507161191792}}, {"target": 0.8676979319556879, "params": {"ta": 0.5735468607059824, "tb": -0.633609196431667, "tc": -0.6480540081209648, "td": 0.20803603785818037}}, {"target": 0.9206385457259626, "params": {"ta": -0.04886234469053974, "tb": -0.4960438764231019, "tc": -0.003549008894357386, "td": 0.3335137243100468}}, {"target": 0.7490512640867002, "params": {"ta": 0.30061529887304084, "tb": -0.04663908907600489, "tc": -0.7605343147850738, "td": 0.3713658232974405}}, {"target": 0.711879501897324, "params": {"ta": 0.13668109247093674, "tb": 0.0479298563737538, "tc": -0.6490894583783706, "td": 0.04742266172342513}}, {"target": 0.9465884558000003, "params": {"ta": -0.0982652616471833, "tb": -0.5045628050569351, "tc": -0.19173666429322955, "td": 0.687324167849402}}, {"target": 0.8811415054336412, "params": {"ta": 0.3778676691546239, "tb": 0.014017760856235517, "tc": -0.4681762874136741, "td": 0.25995669660883847}}, {"target": 0.8868707321832384, "params": {"ta": 0.4146246936318495, "tb": -0.7501089500393302, "tc": -0.31372294338555184, "td": 0.5555443530578209}}, {"target": 0.8755986928463563, "params": {"ta": 0.3000672865585554, "tb": -0.5013518052950827, "tc": -0.025473936393367924, "td": 0.5432751353811478}}, {"target": 0.9519569881837616, "params": {"ta": -0.020496727668313897, "tb": -0.3099398367335613, "tc": -0.17945176297239995, "td": 0.25646335356899863}}, {"target": 0.8102952284962422, "params": {"ta": 0.031823325926852, "tb": -0.42087770350142395, "tc": 0.09722516416476157, "td": 0.7313933204163912}}, {"target": 0.9022736648119823, "params": {"ta": 0.040629338540759674, "tb": -0.45993723988557256, "tc": -0.3016963283611662, "td": 0.19638583010496657}}, {"target": 0.22894960269956094, "params": {"ta": 0.6280127042414249, "tb": -0.07254150911221136, "tc": 0.09605314964117928, "td": 0.7525476138100214}}, {"target": 0.7785169247979076, "params": {"ta": 0.5317771894990334, "tb": -0.0755027171872461, "tc": -0.18581798644749625, "td": 0.28567131743637486}}, {"target": 0.8706723260896321, "params": {"ta": 0.23971551704422878, "tb": -0.2875436396826345, "tc": -0.5525034029712723, "td": -0.0051939077583027515}}, {"target": 0.8463624342931252, "params": {"ta": 0.2868659132956689, "tb": -0.7350911331676305, "tc": 0.04357377131009732, "td": 0.5739776283785537}}, {"target": 0.865760620998254, "params": {"ta": 0.17029518233557284, "tb": -0.8447974868656573, "tc": 0.06785347879154757, "td": 0.6409154692735994}}, {"target": 0.7766452180684913, "params": {"ta": 0.6389732955189856, "tb": -0.017629967595006013, "tc": -0.19423563924208942, "td": -0.20672770464403178}}, {"target": 0.7625789132566447, "params": {"ta": 0.37538926893506175, "tb": -0.7476563253177197, "tc": 0.09772373761127018, "td": 0.559608307674362}}, {"target": 0.8262962385671084, "params": {"ta": 0.0475001956404143, "tb": -0.2613888136834367, "tc": -0.002908607313227951, "td": 0.6188846396161362}}, {"target": 0.9105135108252274, "params": {"ta": 0.7915189995184264, "tb": -0.026805700789777894, "tc": -0.8600894562588481, "td": -0.2084810004815736}}, {"target": 0.9997244847604706, "params": {"ta": 0.12449036054278674, "tb": -0.5221378232371213, "tc": -0.24751429934279545, "td": 0.4902322273349912}}, {"target": 0.9878051035392251, "params": {"ta": -0.08493548595829792, "tb": -0.8600894562588481, "tc": -0.25897634922438706, "td": 0.7915189995184264}}, {"target": 0.9522877556328467, "params": {"ta": -0.2084810004815736, "tb": 0.13991054374115186, "tc": 0.13991054374115186, "td": -0.2084810004815736}}, {"target": 0.9986767892221375, "params": {"ta": 0.3836616255087471, "tb": -0.33827256812689216, "tc": -0.41342935926040625, "td": 0.2176355260458247}}, {"target": 0.9964423380064175, "params": {"ta": 0.7915189995184264, "tb": -0.24922085026940766, "tc": -0.7363601673463989, "td": -0.0030223503244188685}}, {"target": 0.9954873171058604, "params": {"ta": 0.624487304277632, "tb": -0.18818145267749672, "tc": -0.6481557328508465, "td": 0.00981117189035652}}, {"target": 0.9933760359193294, "params": {"ta": 0.2317184337612498, "tb": -0.2876953406036723, "tc": -0.27779834852404606, "td": 0.23852315465036783}}, {"target": 0.9879741006638789, "params": {"ta": 0.08305107576058639, "tb": -0.8600894562588481, "tc": -0.21907126876728478, "td": 0.7915189995184264}}, {"target": 0.9426587091018045, "params": {"ta": -0.2084810004815736, "tb": -0.027059562714410648, "tc": 0.13991054374115186, "td": 0.045250243856275366}}, {"target": 0.9848322451115568, "params": {"ta": 0.7915189995184264, "tb": -0.16456807503818513, "tc": -0.8600894562588481, "td": 0.0849870155353218}}, {"target": 0.9990806260027406, "params": {"ta": 0.24229555707182635, "tb": -0.4405844340242448, "tc": -0.333842820383114, "td": 0.35962055717554803}}, {"target": 0.997115941990474, "params": {"ta": -0.013695652351866643, "tb": -0.7422488952869782, "tc": -0.20465317881594366, "td": 0.7915189995184264}}, {"target": 0.9997181810709358, "params": {"ta": 0.507544856548568, "tb": -0.26221459064776337, "tc": -0.5458741209047063, "td": 0.11923097004120378}}, {"target": 0.9801995638932669, "params": {"ta": 0.7915189995184264, "tb": -0.12914708791168658, "tc": -0.6953237796522477, "td": 0.030528949825285978}}, {"target": 0.9982397517356995, "params": {"ta": 0.04135551914973801, "tb": -0.6890834431769877, "tc": -0.19870905865045493, "td": 0.6514945519920574}}, {"target": 0.9988742062021827, "params": {"ta": 0.6864526391057734, "tb": -0.2526002790145457, "tc": -0.7167438207929097, "td": 0.06004646251441143}}, {"target": 0.9962317872708638, "params": {"ta": 0.15896662496305494, "tb": -0.41537292310036983, "tc": -0.2265308783008765, "td": 0.37767273640738924}}, {"target": 0.9968460563881263, "params": {"ta": 0.358625928688765, "tb": -0.2420189481295011, "tc": -0.4216112937909626, "td": 0.17947180466749502}}, {"target": 0.9959892380023807, "params": {"ta": 0.6380860583270694, "tb": -0.25229116034248084, "tc": -0.5925434669284921, "td": 0.06541545674349605}}, {"target": 0.9990486142340503, "params": {"ta": 0.2844029193903212, "tb": -0.3386076407616882, "tc": -0.37863761143295765, "td": 0.2862903080246957}}, {"target": 0.999467330331571, "params": {"ta": 0.11059558278584938, "tb": -0.6121751080958974, "tc": -0.2439216274531401, "td": 0.5942473888051668}}, {"target": 0.9939500585994488, "params": {"ta": 0.7915189995184264, "tb": -0.25647147659070585, "tc": -0.8600894562588481, "td": -0.02237452376628194}}, {"target": 0.9978882678918856, "params": {"ta": 0.44091239773240415, "tb": -0.301347778009194, "tc": -0.4978420214504493, "td": 0.22277857925000263}}, {"target": 0.9952599211872676, "params": {"ta": -0.0024430628416008014, "tb": -0.7772836113704095, "tc": -0.2925589597241272, "td": 0.7915189995184264}}, {"target": 0.9988448845944672, "params": {"ta": 0.005369422690732442, "tb": -0.7681342590151687, "tc": -0.23220923090372778, "td": 0.7344146360725422}}, {"target": 0.9940702754191318, "params": {"ta": 0.7915189995184264, "tb": -0.2707326530466367, "tc": -0.8015577389885947, "td": 0.05751617039666866}}, {"target": 0.9982156633873767, "params": {"ta": 0.2886192742649813, "tb": -0.376923325772088, "tc": -0.3166579705299325, "td": 0.30601858362434864}}, {"target": 0.9986836811056392, "params": {"ta": 0.19373228143739737, "tb": -0.5190876981107246, "tc": -0.2873778629809952, "td": 0.46277414462160316}}, {"target": 0.998769974820723, "params": {"ta": 0.7435868772181292, "tb": -0.20670763945874004, "tc": -0.7739351125248878, "td": 0.003647188530675161}}, {"target": 0.9984490583499501, "params": {"ta": 0.033496846141786524, "tb": -0.655511936491016, "tc": -0.25409917423665607, "td": 0.6609577989709637}}, {"target": 0.99923559568445, "params": {"ta": 0.5812902810203836, "tb": -0.2327645893076451, "tc": -0.6266126282937907, "td": 0.10028421656877425}}, {"target": 0.9992914458148476, "params": {"ta": 0.17998519566026652, "tb": -0.4376744856595803, "tc": -0.29993011766140804, "td": 0.41318742629433736}}, {"target": 0.99956045920681, "params": {"ta": 0.4522524130646417, "tb": -0.26982990972447485, "tc": -0.46999968956634514, "td": 0.15897573746440358}}, {"target": 0.9990370900808476, "params": {"ta": 0.0736446133140768, "tb": -0.6011061730048151, "tc": -0.23039654403011445, "td": 0.5624901024749613}}, {"target": 0.9994523156955641, "params": {"ta": 0.22187436813143532, "tb": -0.38210437905081696, "tc": -0.31008369854455636, "td": 0.335417966503196}}, {"target": 0.9991684933605814, "params": {"ta": 0.36156159791390186, "tb": -0.30290953272335114, "tc": -0.4017356104983781, "td": 0.24452172073111653}}, {"target": 0.9987373684033085, "params": {"ta": 0.5282561310650609, "tb": -0.2141593950942561, "tc": -0.5497010299081245, "td": 0.10444386555208778}}, {"target": 0.9992075918780823, "params": {"ta": 0.0528531268354125, "tb": -0.716631423088099, "tc": -0.22695798301981257, "td": 0.7225728131474379}}, {"target": 0.9994539167587848, "params": {"ta": 0.1952226636730286, "tb": -0.4645628705350598, "tc": -0.27205367907920225, "td": 0.41086796011118903}}, {"target": 0.9998187336404221, "params": {"ta": -0.0003449517739802876, "tb": -0.8033248796238985, "tc": -0.22029427275548905, "td": 0.7915189995184264}}, {"target": 0.9986108948018679, "params": {"ta": 0.3321050817809001, "tb": -0.37754516614015315, "tc": -0.3991195298295623, "td": 0.30263581003856077}}, {"target": 0.9995513902157426, "params": {"ta": 0.6855307044824511, "tb": -0.21058579791523774, "tc": -0.690254379666089, "td": 0.050237643921789844}}, {"target": 0.9993846892162955, "params": {"ta": 0.5239455498764852, "tb": -0.26430003501654503, "tc": -0.542520143283583, "td": 0.14845803841664001}}, {"target": 0.9995472528493431, "params": {"ta": 0.12119178435721856, "tb": -0.5661026688048484, "tc": -0.2740154255666314, "td": 0.5349455485339586}}, {"target": 0.9997700677207763, "params": {"ta": 0.3949885509613972, "tb": -0.2964078022974107, "tc": -0.4568598996819018, "td": 0.19872929579663368}}, {"target": 0.9995212304422908, "params": {"ta": 0.7094543113227216, "tb": -0.234201702778836, "tc": -0.7122694253264357, "td": 0.01399688485218855}}, {"target": 0.9998577643622041, "params": {"ta": 0.7915189995184264, "tb": -0.21444127678883845, "tc": -0.7955505474272806, "td": 0.0004924967626791313}}, {"target": 0.9994503834774947, "params": {"ta": 0.07691965214038407, "tb": -0.6709293127590135, "tc": -0.23998437387456334, "td": 0.6341621618427338}}, {"target": 0.999529294563242, "params": {"ta": 0.111397356742101, "tb": -0.5525341554791892, "tc": -0.23711687119898628, "td": 0.544787330827925}}, {"target": 0.9995542493080459, "params": {"ta": 0.4653693126217307, "tb": -0.25414190798329006, "tc": -0.5151912731556167, "td": 0.15491076335383955}}, {"target": 0.9998794659240109, "params": {"ta": 0.639148839954225, "tb": -0.23951847225398987, "tc": -0.6590768884331496, "td": 0.058694774784339473}}, {"target": 0.9993422839110263, "params": {"ta": 0.13104077425955085, "tb": -0.5736733569382511, "tc": -0.2436006644565874, "td": 0.526100181645805}}, {"target": 0.999646639105674, "params": {"ta": 0.23727253487839428, "tb": -0.4180048770882631, "tc": -0.31719034148596503, "td": 0.37758281989094344}}, {"target": 0.9998001950097383, "params": {"ta": 0.32031945568511333, "tb": -0.332795968916957, "tc": -0.3801388711908191, "td": 0.24584717582262097}}, {"target": 0.9999504156355153, "params": {"ta": 0.2681873402174434, "tb": -0.3843345594463527, "tc": -0.34884205366293514, "td": 0.3207509788570796}}, {"target": 0.9999208351459411, "params": {"ta": 0.5650756183291998, "tb": -0.25054042742126675, "tc": -0.5869524775352362, "td": 0.09586252619031035}}, {"target": 0.9998655470936826, "params": {"ta": 0.7470317636810392, "tb": -0.22566698369925797, "tc": -0.749430073187006, "td": 0.02822804433466904}}, {"target": 0.9997643531501216, "params": {"ta": 0.06597768093449312, "tb": -0.6353441859927196, "tc": -0.22390957468860379, "td": 0.6309305725440318}}, {"target": 0.9999576889829366, "params": {"ta": 0.15852886793244939, "tb": -0.48995923347546955, "tc": -0.27213588708024455, "td": 0.45927460307672513}}, {"target": 0.9997194957098653, "params": {"ta": 0.01051915255691165, "tb": -0.7840119821504036, "tc": -0.2326549772547913, "td": 0.7915189995184264}}, {"target": 0.9997004553961548, "params": {"ta": 0.46100405855229926, "tb": -0.29199360269242264, "tc": -0.5008571785190606, "td": 0.16524839571399688}}, {"target": 0.9999714668090006, "params": {"ta": 0.03577014803258055, "tb": -0.7037373065027522, "tc": -0.2311864235298091, "td": 0.6947534579443081}}, {"target": 0.9998291661352833, "params": {"ta": 0.353529240921619, "tb": -0.3266808180823061, "tc": -0.42035790792520605, "td": 0.24110059254459057}}, {"target": 0.9997722415888343, "params": {"ta": 0.1695487510852432, "tb": -0.4816276266077988, "tc": -0.28591736351001457, "td": 0.4299058501300905}}, {"target": 0.9999106478834746, "params": {"ta": 0.6098831238578757, "tb": -0.22829242489937263, "tc": -0.6246195355200997, "td": 0.07539214357868912}}, {"target": 0.9999302477640947, "params": {"ta": 0.2087497961684098, "tb": -0.42915989111175856, "tc": -0.29966491691855895, "td": 0.3750036173236509}}, {"target": 0.9999863870247983, "params": {"ta": 0.30133444735797815, "tb": -0.35511333254048866, "tc": -0.36427394325467766, "td": 0.2825854562574935}}, {"target": 0.9998805047152025, "params": {"ta": 0.7710006483407548, "tb": -0.2337514846411323, "tc": -0.7790569853521621, "td": 0.005727244238957658}}, {"target": 0.9999579084639353, "params": {"ta": 0.4206668946763305, "tb": -0.2865792682131473, "tc": -0.459991811744669, "td": 0.19025645726061627}}, {"target": 0.9999505279055573, "params": {"ta": 0.14434914592002188, "tb": -0.526381135031733, "tc": -0.2674401412625735, "td": 0.49740674974726856}}, {"target": 0.9999356573099281, "params": {"ta": 0.08404361705336337, "tb": -0.6112092988073876, "tc": -0.24636346854891014, "td": 0.5934632471959372}}, {"target": 0.9998883283097655, "params": {"ta": 0.49229739187742466, "tb": -0.25963918852934315, "tc": -0.5154954855053977, "td": 0.13453416671279722}}, {"target": 0.9999878711555684, "params": {"ta": 0.01766195350565236, "tb": -0.7531711512818118, "tc": -0.22333814157157253, "td": 0.7505452613066831}}, {"target": 0.9999803484750482, "params": {"ta": 0.6702815890042969, "tb": -0.23154179815499973, "tc": -0.6797544401132556, "td": 0.04739493362286277}}, {"target": 0.9998582601467444, "params": {"ta": 0.20266525661689683, "tb": -0.45944553798515875, "tc": -0.30361119065544806, "td": 0.4146400844253791}}, {"target": 0.9999360339090143, "params": {"ta": 0.3752607049465862, "tb": -0.30095657189705505, "tc": -0.4224868062450404, "td": 0.20868373988166367}}, {"target": 0.9999717328190535, "params": {"ta": 0.055468388715776196, "tb": -0.6778954976957983, "tc": -0.22949389228069342, "td": 0.6691054218866628}}, {"target": 0.9997878224637874, "params": {"ta": -0.01623953165251682, "tb": -0.7878591087325343, "tc": -0.22943146184038818, "td": 0.7915189995184264}}, {"target": 0.999988431770202, "params": {"ta": 0.5452938470785015, "tb": -0.24915542865657309, "tc": -0.5719319265864474, "td": 0.11454600936960374}}, {"target": 0.9999965904009734, "params": {"ta": 0.2502720249265873, "tb": -0.3962054399759919, "tc": -0.3307